ARM GAS  /tmp/ccQ51RGq.s 			page 1


   1              		.syntax unified
   2              		.cpu cortex-m4
   3              		.fpu softvfp
   4              		.eabi_attribute 20, 1
   5              		.eabi_attribute 21, 1
   6              		.eabi_attribute 23, 3
   7              		.eabi_attribute 24, 1
   8              		.eabi_attribute 25, 1
   9              		.eabi_attribute 26, 1
  10              		.eabi_attribute 30, 2
  11              		.eabi_attribute 34, 1
  12              		.eabi_attribute 18, 4
  13              		.thumb
  14              		.file	"board.c"
  15              		.text
  16              	.Ltext0:
  17              		.cfi_sections	.debug_frame
  18              		.section	.text.__early_init,"ax",%progbits
  19              		.align	2
  20              		.p2align 4,,15
  21              		.global	__early_init
  22              		.thumb
  23              		.thumb_func
  24              		.type	__early_init, %function
  25              	__early_init:
  26              	.LFB118:
  27              		.file 1 "../../boards/ST_STM32F4_DISCOVERY/board.c"
  28              		.loc 1 54 0
  29              		.cfi_startproc
  30              		@ args = 0, pretend = 0, frame = 0
  31              		@ frame_needed = 0, uses_anonymous_args = 0
  32              		@ link register save eliminated.
  33              		.loc 1 57 0
  34              		.loc 1 56 0
  35 0000 FFF7FEBF 		b	stm32_clock_init
  36              		.cfi_endproc
  37              	.LFE118:
  38              		.size	__early_init, .-__early_init
  39 0004 AFF30080 		.section	.text.boardInit,"ax",%progbits
  39      AFF30080 
  39      AFF30080 
  40              		.align	2
  41              		.p2align 4,,15
  42              		.global	boardInit
  43              		.thumb
  44              		.thumb_func
  45              		.type	boardInit, %function
  46              	boardInit:
  47              	.LFB119:
  48              		.loc 1 107 0
  49              		.cfi_startproc
  50              		@ args = 0, pretend = 0, frame = 0
  51              		@ frame_needed = 0, uses_anonymous_args = 0
  52              		@ link register save eliminated.
  53              		.loc 1 108 0
  54 0000 7047     		bx	lr
  55              		.cfi_endproc
ARM GAS  /tmp/ccQ51RGq.s 			page 2


  56              	.LFE119:
  57              		.size	boardInit, .-boardInit
  58              		.global	pal_default_config
  59 0002 00BFAFF3 		.section	.rodata.pal_default_config,"a",%progbits
  59      0080AFF3 
  59      0080AFF3 
  59      0080
  60              		.align	2
  61              		.type	pal_default_config, %object
  62              		.size	pal_default_config, 252
  63              	pal_default_config:
  64 0000 00AAA02A 		.word	715172352
  65 0004 00000000 		.word	0
  66 0008 FFABFFFF 		.word	-21505
  67 000c 54000140 		.word	1073807444
  68 0010 FFFF0000 		.word	65535
  69 0014 00005655 		.word	1431699456
  70 0018 00AA0A00 		.word	698880
  71 001c 80200800 		.word	532608
  72 0020 40020000 		.word	576
  73 0024 FFFFFFFF 		.word	-1
  74 0028 15455155 		.word	1431389461
  75 002c FFFF0000 		.word	65535
  76 0030 00000004 		.word	67108864
  77 0034 40000000 		.word	64
  78 0038 01802002 		.word	35684353
  79 003c 00000000 		.word	0
  80 0040 FFFFFFFF 		.word	-1
  81 0044 54154554 		.word	1413813588
  82 0048 FFFF0000 		.word	65535
  83 004c 00000060 		.word	1610612736
  84 0050 00060600 		.word	394752
  85 0054 00010055 		.word	1426063616
  86 0058 00000000 		.word	0
  87 005c FFFFFFFF 		.word	-1
  88 0060 55505500 		.word	5591125
  89 0064 FF0F0000 		.word	4095
  90 0068 00000000 		.word	0
  91 006c 00000000 		.word	0
  92 0070 40000000 		.word	64
  93 0074 00000000 		.word	0
  94 0078 FFFFFFFF 		.word	-1
  95 007c 00000000 		.word	0
  96 0080 FFFF0000 		.word	65535
  97 0084 00000000 		.word	0
  98 0088 00000000 		.word	0
  99 008c 00000000 		.word	0
 100 0090 00000000 		.word	0
 101 0094 FFFFFFFF 		.word	-1
 102 0098 00000000 		.word	0
 103 009c FFFF0000 		.word	65535
 104 00a0 00000000 		.word	0
 105 00a4 00000000 		.word	0
 106 00a8 00000000 		.word	0
 107 00ac 00000000 		.word	0
 108 00b0 FFFFFFFF 		.word	-1
 109 00b4 00000000 		.word	0
ARM GAS  /tmp/ccQ51RGq.s 			page 3


 110 00b8 FFFF0000 		.word	65535
 111 00bc 00000000 		.word	0
 112 00c0 00000000 		.word	0
 113 00c4 00000000 		.word	0
 114 00c8 00000000 		.word	0
 115 00cc FFFFFFFF 		.word	-1
 116 00d0 00000000 		.word	0
 117 00d4 FFFF0000 		.word	65535
 118 00d8 00000000 		.word	0
 119 00dc 00000000 		.word	0
 120 00e0 00000000 		.word	0
 121 00e4 00000000 		.word	0
 122 00e8 FFFFFFFF 		.word	-1
 123 00ec 00000000 		.word	0
 124 00f0 FFFF0000 		.word	65535
 125 00f4 00000000 		.word	0
 126 00f8 00000000 		.word	0
 127              		.text
 128              	.Letext0:
 129              		.file 2 "/home/lithium/Documents/arm-2011q3/bin/../lib/gcc/arm-none-eabi/4.6.1/../../../../arm-non
 130              		.file 3 "../../os/hal/platforms/STM32/GPIOv2/pal_lld.h"
 131              		.file 4 "../../os/ports/common/ARMCMx/CMSIS/include/core_cm4.h"
 132              		.section	.debug_info,"",%progbits
 133              	.Ldebug_info0:
 134 0000 FC010000 		.4byte	0x1fc
 135 0004 0200     		.2byte	0x2
 136 0006 00000000 		.4byte	.Ldebug_abbrev0
 137 000a 04       		.byte	0x4
 138 000b 01       		.uleb128 0x1
 139 000c 84010000 		.4byte	.LASF34
 140 0010 01       		.byte	0x1
 141 0011 1C000000 		.4byte	.LASF35
 142 0015 CC000000 		.4byte	.LASF36
 143 0019 00000000 		.4byte	0
 144 001d 00000000 		.4byte	0
 145 0021 00000000 		.4byte	.Ldebug_ranges0+0
 146 0025 00000000 		.4byte	.Ldebug_line0
 147 0029 02       		.uleb128 0x2
 148 002a 04       		.byte	0x4
 149 002b 05       		.byte	0x5
 150 002c 696E7400 		.ascii	"int\000"
 151 0030 03       		.uleb128 0x3
 152 0031 04       		.byte	0x4
 153 0032 07       		.byte	0x7
 154 0033 59000000 		.4byte	.LASF0
 155 0037 03       		.uleb128 0x3
 156 0038 01       		.byte	0x1
 157 0039 06       		.byte	0x6
 158 003a C0010000 		.4byte	.LASF1
 159 003e 03       		.uleb128 0x3
 160 003f 01       		.byte	0x1
 161 0040 08       		.byte	0x8
 162 0041 92000000 		.4byte	.LASF2
 163 0045 03       		.uleb128 0x3
 164 0046 02       		.byte	0x2
 165 0047 05       		.byte	0x5
 166 0048 97010000 		.4byte	.LASF3
ARM GAS  /tmp/ccQ51RGq.s 			page 4


 167 004c 03       		.uleb128 0x3
 168 004d 02       		.byte	0x2
 169 004e 07       		.byte	0x7
 170 004f 46000000 		.4byte	.LASF4
 171 0053 04       		.uleb128 0x4
 172 0054 74010000 		.4byte	.LASF6
 173 0058 02       		.byte	0x2
 174 0059 4F       		.byte	0x4f
 175 005a 5E000000 		.4byte	0x5e
 176 005e 03       		.uleb128 0x3
 177 005f 04       		.byte	0x4
 178 0060 05       		.byte	0x5
 179 0061 B1010000 		.4byte	.LASF5
 180 0065 04       		.uleb128 0x4
 181 0066 A8010000 		.4byte	.LASF7
 182 006a 02       		.byte	0x2
 183 006b 50       		.byte	0x50
 184 006c 70000000 		.4byte	0x70
 185 0070 03       		.uleb128 0x3
 186 0071 04       		.byte	0x4
 187 0072 07       		.byte	0x7
 188 0073 BA000000 		.4byte	.LASF8
 189 0077 03       		.uleb128 0x3
 190 0078 08       		.byte	0x8
 191 0079 05       		.byte	0x5
 192 007a 00000000 		.4byte	.LASF9
 193 007e 03       		.uleb128 0x3
 194 007f 08       		.byte	0x8
 195 0080 07       		.byte	0x7
 196 0081 74000000 		.4byte	.LASF10
 197 0085 03       		.uleb128 0x3
 198 0086 01       		.byte	0x1
 199 0087 02       		.byte	0x2
 200 0088 CC010000 		.4byte	.LASF11
 201 008c 03       		.uleb128 0x3
 202 008d 01       		.byte	0x1
 203 008e 08       		.byte	0x8
 204 008f 58010000 		.4byte	.LASF12
 205 0093 05       		.uleb128 0x5
 206 0094 53000000 		.4byte	0x53
 207 0098 06       		.uleb128 0x6
 208 0099 1C       		.byte	0x1c
 209 009a 03       		.byte	0x3
 210 009b A3       		.byte	0xa3
 211 009c 03010000 		.4byte	0x103
 212 00a0 07       		.uleb128 0x7
 213 00a1 BA010000 		.4byte	.LASF13
 214 00a5 03       		.byte	0x3
 215 00a6 A5       		.byte	0xa5
 216 00a7 65000000 		.4byte	0x65
 217 00ab 02       		.byte	0x2
 218 00ac 23       		.byte	0x23
 219 00ad 00       		.uleb128 0
 220 00ae 07       		.uleb128 0x7
 221 00af 66000000 		.4byte	.LASF14
 222 00b3 03       		.byte	0x3
 223 00b4 A7       		.byte	0xa7
ARM GAS  /tmp/ccQ51RGq.s 			page 5


 224 00b5 65000000 		.4byte	0x65
 225 00b9 02       		.byte	0x2
 226 00ba 23       		.byte	0x23
 227 00bb 04       		.uleb128 0x4
 228 00bc 07       		.uleb128 0x7
 229 00bd 7C010000 		.4byte	.LASF15
 230 00c1 03       		.byte	0x3
 231 00c2 A9       		.byte	0xa9
 232 00c3 65000000 		.4byte	0x65
 233 00c7 02       		.byte	0x2
 234 00c8 23       		.byte	0x23
 235 00c9 08       		.uleb128 0x8
 236 00ca 07       		.uleb128 0x7
 237 00cb 44010000 		.4byte	.LASF16
 238 00cf 03       		.byte	0x3
 239 00d0 AB       		.byte	0xab
 240 00d1 65000000 		.4byte	0x65
 241 00d5 02       		.byte	0x2
 242 00d6 23       		.byte	0x23
 243 00d7 0C       		.uleb128 0xc
 244 00d8 08       		.uleb128 0x8
 245 00d9 6F647200 		.ascii	"odr\000"
 246 00dd 03       		.byte	0x3
 247 00de AD       		.byte	0xad
 248 00df 65000000 		.4byte	0x65
 249 00e3 02       		.byte	0x2
 250 00e4 23       		.byte	0x23
 251 00e5 10       		.uleb128 0x10
 252 00e6 07       		.uleb128 0x7
 253 00e7 15010000 		.4byte	.LASF17
 254 00eb 03       		.byte	0x3
 255 00ec AF       		.byte	0xaf
 256 00ed 65000000 		.4byte	0x65
 257 00f1 02       		.byte	0x2
 258 00f2 23       		.byte	0x23
 259 00f3 14       		.uleb128 0x14
 260 00f4 07       		.uleb128 0x7
 261 00f5 10010000 		.4byte	.LASF18
 262 00f9 03       		.byte	0x3
 263 00fa B1       		.byte	0xb1
 264 00fb 65000000 		.4byte	0x65
 265 00ff 02       		.byte	0x2
 266 0100 23       		.byte	0x23
 267 0101 18       		.uleb128 0x18
 268 0102 00       		.byte	0
 269 0103 04       		.uleb128 0x4
 270 0104 A0000000 		.4byte	.LASF19
 271 0108 03       		.byte	0x3
 272 0109 B2       		.byte	0xb2
 273 010a 98000000 		.4byte	0x98
 274 010e 06       		.uleb128 0x6
 275 010f FC       		.byte	0xfc
 276 0110 03       		.byte	0x3
 277 0111 BB       		.byte	0xbb
 278 0112 99010000 		.4byte	0x199
 279 0116 07       		.uleb128 0x7
 280 0117 B3000000 		.4byte	.LASF20
ARM GAS  /tmp/ccQ51RGq.s 			page 6


 281 011b 03       		.byte	0x3
 282 011c BE       		.byte	0xbe
 283 011d 03010000 		.4byte	0x103
 284 0121 02       		.byte	0x2
 285 0122 23       		.byte	0x23
 286 0123 00       		.uleb128 0
 287 0124 07       		.uleb128 0x7
 288 0125 51010000 		.4byte	.LASF21
 289 0129 03       		.byte	0x3
 290 012a C2       		.byte	0xc2
 291 012b 03010000 		.4byte	0x103
 292 012f 02       		.byte	0x2
 293 0130 23       		.byte	0x23
 294 0131 1C       		.uleb128 0x1c
 295 0132 07       		.uleb128 0x7
 296 0133 A1010000 		.4byte	.LASF22
 297 0137 03       		.byte	0x3
 298 0138 C6       		.byte	0xc6
 299 0139 03010000 		.4byte	0x103
 300 013d 02       		.byte	0x2
 301 013e 23       		.byte	0x23
 302 013f 38       		.uleb128 0x38
 303 0140 07       		.uleb128 0x7
 304 0141 15000000 		.4byte	.LASF23
 305 0145 03       		.byte	0x3
 306 0146 CA       		.byte	0xca
 307 0147 03010000 		.4byte	0x103
 308 014b 02       		.byte	0x2
 309 014c 23       		.byte	0x23
 310 014d 54       		.uleb128 0x54
 311 014e 07       		.uleb128 0x7
 312 014f 8B000000 		.4byte	.LASF24
 313 0153 03       		.byte	0x3
 314 0154 CE       		.byte	0xce
 315 0155 03010000 		.4byte	0x103
 316 0159 02       		.byte	0x2
 317 015a 23       		.byte	0x23
 318 015b 70       		.uleb128 0x70
 319 015c 07       		.uleb128 0x7
 320 015d 4A010000 		.4byte	.LASF25
 321 0161 03       		.byte	0x3
 322 0162 D2       		.byte	0xd2
 323 0163 03010000 		.4byte	0x103
 324 0167 03       		.byte	0x3
 325 0168 23       		.byte	0x23
 326 0169 8C01     		.uleb128 0x8c
 327 016b 07       		.uleb128 0x7
 328 016c 90010000 		.4byte	.LASF26
 329 0170 03       		.byte	0x3
 330 0171 D6       		.byte	0xd6
 331 0172 03010000 		.4byte	0x103
 332 0176 03       		.byte	0x3
 333 0177 23       		.byte	0x23
 334 0178 A801     		.uleb128 0xa8
 335 017a 07       		.uleb128 0x7
 336 017b 0E000000 		.4byte	.LASF27
 337 017f 03       		.byte	0x3
ARM GAS  /tmp/ccQ51RGq.s 			page 7


 338 0180 DA       		.byte	0xda
 339 0181 03010000 		.4byte	0x103
 340 0185 03       		.byte	0x3
 341 0186 23       		.byte	0x23
 342 0187 C401     		.uleb128 0xc4
 343 0189 07       		.uleb128 0x7
 344 018a 6D000000 		.4byte	.LASF28
 345 018e 03       		.byte	0x3
 346 018f DE       		.byte	0xde
 347 0190 03010000 		.4byte	0x103
 348 0194 03       		.byte	0x3
 349 0195 23       		.byte	0x23
 350 0196 E001     		.uleb128 0xe0
 351 0198 00       		.byte	0
 352 0199 04       		.uleb128 0x4
 353 019a 27010000 		.4byte	.LASF29
 354 019e 03       		.byte	0x3
 355 019f E0       		.byte	0xe0
 356 01a0 0E010000 		.4byte	0x10e
 357 01a4 09       		.uleb128 0x9
 358 01a5 01       		.byte	0x1
 359 01a6 67010000 		.4byte	.LASF30
 360 01aa 01       		.byte	0x1
 361 01ab 36       		.byte	0x36
 362 01ac 01       		.byte	0x1
 363 01ad 00000000 		.4byte	.LFB118
 364 01b1 04000000 		.4byte	.LFE118
 365 01b5 02       		.byte	0x2
 366 01b6 7D       		.byte	0x7d
 367 01b7 00       		.sleb128 0
 368 01b8 09       		.uleb128 0x9
 369 01b9 01       		.byte	0x1
 370 01ba 5D010000 		.4byte	.LASF31
 371 01be 01       		.byte	0x1
 372 01bf 6B       		.byte	0x6b
 373 01c0 01       		.byte	0x1
 374 01c1 00000000 		.4byte	.LFB119
 375 01c5 02000000 		.4byte	.LFE119
 376 01c9 02       		.byte	0x2
 377 01ca 7D       		.byte	0x7d
 378 01cb 00       		.sleb128 0
 379 01cc 0A       		.uleb128 0xa
 380 01cd 1A010000 		.4byte	.LASF32
 381 01d1 04       		.byte	0x4
 382 01d2 9806     		.2byte	0x698
 383 01d4 93000000 		.4byte	0x93
 384 01d8 01       		.byte	0x1
 385 01d9 01       		.byte	0x1
 386 01da 0A       		.uleb128 0xa
 387 01db 1A010000 		.4byte	.LASF32
 388 01df 04       		.byte	0x4
 389 01e0 9806     		.2byte	0x698
 390 01e2 93000000 		.4byte	0x93
 391 01e6 01       		.byte	0x1
 392 01e7 01       		.byte	0x1
 393 01e8 0B       		.uleb128 0xb
 394 01e9 31010000 		.4byte	.LASF33
ARM GAS  /tmp/ccQ51RGq.s 			page 8


 395 01ed 01       		.byte	0x1
 396 01ee 1A       		.byte	0x1a
 397 01ef FA010000 		.4byte	0x1fa
 398 01f3 01       		.byte	0x1
 399 01f4 05       		.byte	0x5
 400 01f5 03       		.byte	0x3
 401 01f6 00000000 		.4byte	pal_default_config
 402 01fa 0C       		.uleb128 0xc
 403 01fb 99010000 		.4byte	0x199
 404 01ff 00       		.byte	0
 405              		.section	.debug_abbrev,"",%progbits
 406              	.Ldebug_abbrev0:
 407 0000 01       		.uleb128 0x1
 408 0001 11       		.uleb128 0x11
 409 0002 01       		.byte	0x1
 410 0003 25       		.uleb128 0x25
 411 0004 0E       		.uleb128 0xe
 412 0005 13       		.uleb128 0x13
 413 0006 0B       		.uleb128 0xb
 414 0007 03       		.uleb128 0x3
 415 0008 0E       		.uleb128 0xe
 416 0009 1B       		.uleb128 0x1b
 417 000a 0E       		.uleb128 0xe
 418 000b 11       		.uleb128 0x11
 419 000c 01       		.uleb128 0x1
 420 000d 52       		.uleb128 0x52
 421 000e 01       		.uleb128 0x1
 422 000f 55       		.uleb128 0x55
 423 0010 06       		.uleb128 0x6
 424 0011 10       		.uleb128 0x10
 425 0012 06       		.uleb128 0x6
 426 0013 00       		.byte	0
 427 0014 00       		.byte	0
 428 0015 02       		.uleb128 0x2
 429 0016 24       		.uleb128 0x24
 430 0017 00       		.byte	0
 431 0018 0B       		.uleb128 0xb
 432 0019 0B       		.uleb128 0xb
 433 001a 3E       		.uleb128 0x3e
 434 001b 0B       		.uleb128 0xb
 435 001c 03       		.uleb128 0x3
 436 001d 08       		.uleb128 0x8
 437 001e 00       		.byte	0
 438 001f 00       		.byte	0
 439 0020 03       		.uleb128 0x3
 440 0021 24       		.uleb128 0x24
 441 0022 00       		.byte	0
 442 0023 0B       		.uleb128 0xb
 443 0024 0B       		.uleb128 0xb
 444 0025 3E       		.uleb128 0x3e
 445 0026 0B       		.uleb128 0xb
 446 0027 03       		.uleb128 0x3
 447 0028 0E       		.uleb128 0xe
 448 0029 00       		.byte	0
 449 002a 00       		.byte	0
 450 002b 04       		.uleb128 0x4
 451 002c 16       		.uleb128 0x16
ARM GAS  /tmp/ccQ51RGq.s 			page 9


 452 002d 00       		.byte	0
 453 002e 03       		.uleb128 0x3
 454 002f 0E       		.uleb128 0xe
 455 0030 3A       		.uleb128 0x3a
 456 0031 0B       		.uleb128 0xb
 457 0032 3B       		.uleb128 0x3b
 458 0033 0B       		.uleb128 0xb
 459 0034 49       		.uleb128 0x49
 460 0035 13       		.uleb128 0x13
 461 0036 00       		.byte	0
 462 0037 00       		.byte	0
 463 0038 05       		.uleb128 0x5
 464 0039 35       		.uleb128 0x35
 465 003a 00       		.byte	0
 466 003b 49       		.uleb128 0x49
 467 003c 13       		.uleb128 0x13
 468 003d 00       		.byte	0
 469 003e 00       		.byte	0
 470 003f 06       		.uleb128 0x6
 471 0040 13       		.uleb128 0x13
 472 0041 01       		.byte	0x1
 473 0042 0B       		.uleb128 0xb
 474 0043 0B       		.uleb128 0xb
 475 0044 3A       		.uleb128 0x3a
 476 0045 0B       		.uleb128 0xb
 477 0046 3B       		.uleb128 0x3b
 478 0047 0B       		.uleb128 0xb
 479 0048 01       		.uleb128 0x1
 480 0049 13       		.uleb128 0x13
 481 004a 00       		.byte	0
 482 004b 00       		.byte	0
 483 004c 07       		.uleb128 0x7
 484 004d 0D       		.uleb128 0xd
 485 004e 00       		.byte	0
 486 004f 03       		.uleb128 0x3
 487 0050 0E       		.uleb128 0xe
 488 0051 3A       		.uleb128 0x3a
 489 0052 0B       		.uleb128 0xb
 490 0053 3B       		.uleb128 0x3b
 491 0054 0B       		.uleb128 0xb
 492 0055 49       		.uleb128 0x49
 493 0056 13       		.uleb128 0x13
 494 0057 38       		.uleb128 0x38
 495 0058 0A       		.uleb128 0xa
 496 0059 00       		.byte	0
 497 005a 00       		.byte	0
 498 005b 08       		.uleb128 0x8
 499 005c 0D       		.uleb128 0xd
 500 005d 00       		.byte	0
 501 005e 03       		.uleb128 0x3
 502 005f 08       		.uleb128 0x8
 503 0060 3A       		.uleb128 0x3a
 504 0061 0B       		.uleb128 0xb
 505 0062 3B       		.uleb128 0x3b
 506 0063 0B       		.uleb128 0xb
 507 0064 49       		.uleb128 0x49
 508 0065 13       		.uleb128 0x13
ARM GAS  /tmp/ccQ51RGq.s 			page 10


 509 0066 38       		.uleb128 0x38
 510 0067 0A       		.uleb128 0xa
 511 0068 00       		.byte	0
 512 0069 00       		.byte	0
 513 006a 09       		.uleb128 0x9
 514 006b 2E       		.uleb128 0x2e
 515 006c 00       		.byte	0
 516 006d 3F       		.uleb128 0x3f
 517 006e 0C       		.uleb128 0xc
 518 006f 03       		.uleb128 0x3
 519 0070 0E       		.uleb128 0xe
 520 0071 3A       		.uleb128 0x3a
 521 0072 0B       		.uleb128 0xb
 522 0073 3B       		.uleb128 0x3b
 523 0074 0B       		.uleb128 0xb
 524 0075 27       		.uleb128 0x27
 525 0076 0C       		.uleb128 0xc
 526 0077 11       		.uleb128 0x11
 527 0078 01       		.uleb128 0x1
 528 0079 12       		.uleb128 0x12
 529 007a 01       		.uleb128 0x1
 530 007b 40       		.uleb128 0x40
 531 007c 0A       		.uleb128 0xa
 532 007d 00       		.byte	0
 533 007e 00       		.byte	0
 534 007f 0A       		.uleb128 0xa
 535 0080 34       		.uleb128 0x34
 536 0081 00       		.byte	0
 537 0082 03       		.uleb128 0x3
 538 0083 0E       		.uleb128 0xe
 539 0084 3A       		.uleb128 0x3a
 540 0085 0B       		.uleb128 0xb
 541 0086 3B       		.uleb128 0x3b
 542 0087 05       		.uleb128 0x5
 543 0088 49       		.uleb128 0x49
 544 0089 13       		.uleb128 0x13
 545 008a 3F       		.uleb128 0x3f
 546 008b 0C       		.uleb128 0xc
 547 008c 3C       		.uleb128 0x3c
 548 008d 0C       		.uleb128 0xc
 549 008e 00       		.byte	0
 550 008f 00       		.byte	0
 551 0090 0B       		.uleb128 0xb
 552 0091 34       		.uleb128 0x34
 553 0092 00       		.byte	0
 554 0093 03       		.uleb128 0x3
 555 0094 0E       		.uleb128 0xe
 556 0095 3A       		.uleb128 0x3a
 557 0096 0B       		.uleb128 0xb
 558 0097 3B       		.uleb128 0x3b
 559 0098 0B       		.uleb128 0xb
 560 0099 49       		.uleb128 0x49
 561 009a 13       		.uleb128 0x13
 562 009b 3F       		.uleb128 0x3f
 563 009c 0C       		.uleb128 0xc
 564 009d 02       		.uleb128 0x2
 565 009e 0A       		.uleb128 0xa
ARM GAS  /tmp/ccQ51RGq.s 			page 11


 566 009f 00       		.byte	0
 567 00a0 00       		.byte	0
 568 00a1 0C       		.uleb128 0xc
 569 00a2 26       		.uleb128 0x26
 570 00a3 00       		.byte	0
 571 00a4 49       		.uleb128 0x49
 572 00a5 13       		.uleb128 0x13
 573 00a6 00       		.byte	0
 574 00a7 00       		.byte	0
 575 00a8 00       		.byte	0
 576              		.section	.debug_aranges,"",%progbits
 577 0000 24000000 		.4byte	0x24
 578 0004 0200     		.2byte	0x2
 579 0006 00000000 		.4byte	.Ldebug_info0
 580 000a 04       		.byte	0x4
 581 000b 00       		.byte	0
 582 000c 0000     		.2byte	0
 583 000e 0000     		.2byte	0
 584 0010 00000000 		.4byte	.LFB118
 585 0014 04000000 		.4byte	.LFE118-.LFB118
 586 0018 00000000 		.4byte	.LFB119
 587 001c 02000000 		.4byte	.LFE119-.LFB119
 588 0020 00000000 		.4byte	0
 589 0024 00000000 		.4byte	0
 590              		.section	.debug_ranges,"",%progbits
 591              	.Ldebug_ranges0:
 592 0000 00000000 		.4byte	.LFB118
 593 0004 04000000 		.4byte	.LFE118
 594 0008 00000000 		.4byte	.LFB119
 595 000c 02000000 		.4byte	.LFE119
 596 0010 00000000 		.4byte	0
 597 0014 00000000 		.4byte	0
 598              		.section	.debug_line,"",%progbits
 599              	.Ldebug_line0:
 600 0000 46010000 		.section	.debug_str,"MS",%progbits,1
 600      02001E01 
 600      00000201 
 600      FB0E0D00 
 600      01010101 
 601              	.LASF9:
 602 0000 6C6F6E67 		.ascii	"long long int\000"
 602      206C6F6E 
 602      6720696E 
 602      7400
 603              	.LASF27:
 604 000e 50484461 		.ascii	"PHData\000"
 604      746100
 605              	.LASF23:
 606 0015 50444461 		.ascii	"PDData\000"
 606      746100
 607              	.LASF35:
 608 001c 2E2E2F2E 		.ascii	"../../boards/ST_STM32F4_DISCOVERY/board.c\000"
 608      2E2F626F 
 608      61726473 
 608      2F53545F 
 608      53544D33 
 609              	.LASF4:
ARM GAS  /tmp/ccQ51RGq.s 			page 12


 610 0046 73686F72 		.ascii	"short unsigned int\000"
 610      7420756E 
 610      7369676E 
 610      65642069 
 610      6E7400
 611              	.LASF0:
 612 0059 756E7369 		.ascii	"unsigned int\000"
 612      676E6564 
 612      20696E74 
 612      00
 613              	.LASF14:
 614 0066 6F747970 		.ascii	"otyper\000"
 614      657200
 615              	.LASF28:
 616 006d 50494461 		.ascii	"PIData\000"
 616      746100
 617              	.LASF10:
 618 0074 6C6F6E67 		.ascii	"long long unsigned int\000"
 618      206C6F6E 
 618      6720756E 
 618      7369676E 
 618      65642069 
 619              	.LASF24:
 620 008b 50454461 		.ascii	"PEData\000"
 620      746100
 621              	.LASF2:
 622 0092 756E7369 		.ascii	"unsigned char\000"
 622      676E6564 
 622      20636861 
 622      7200
 623              	.LASF19:
 624 00a0 73746D33 		.ascii	"stm32_gpio_setup_t\000"
 624      325F6770 
 624      696F5F73 
 624      65747570 
 624      5F7400
 625              	.LASF20:
 626 00b3 50414461 		.ascii	"PAData\000"
 626      746100
 627              	.LASF8:
 628 00ba 6C6F6E67 		.ascii	"long unsigned int\000"
 628      20756E73 
 628      69676E65 
 628      6420696E 
 628      7400
 629              	.LASF36:
 630 00cc 2F686F6D 		.ascii	"/home/lithium/Downloads/ChibiOS_2.6.8_PodioVirtual/"
 630      652F6C69 
 630      74686975 
 630      6D2F446F 
 630      776E6C6F 
 631 00ff 506F6469 		.ascii	"PodioVirtual/src\000"
 631      6F566972 
 631      7475616C 
 631      2F737263 
 631      00
 632              	.LASF18:
ARM GAS  /tmp/ccQ51RGq.s 			page 13


 633 0110 61667268 		.ascii	"afrh\000"
 633      00
 634              	.LASF17:
 635 0115 6166726C 		.ascii	"afrl\000"
 635      00
 636              	.LASF32:
 637 011a 49544D5F 		.ascii	"ITM_RxBuffer\000"
 637      52784275 
 637      66666572 
 637      00
 638              	.LASF29:
 639 0127 50414C43 		.ascii	"PALConfig\000"
 639      6F6E6669 
 639      6700
 640              	.LASF33:
 641 0131 70616C5F 		.ascii	"pal_default_config\000"
 641      64656661 
 641      756C745F 
 641      636F6E66 
 641      696700
 642              	.LASF16:
 643 0144 70757064 		.ascii	"pupdr\000"
 643      7200
 644              	.LASF25:
 645 014a 50464461 		.ascii	"PFData\000"
 645      746100
 646              	.LASF21:
 647 0151 50424461 		.ascii	"PBData\000"
 647      746100
 648              	.LASF12:
 649 0158 63686172 		.ascii	"char\000"
 649      00
 650              	.LASF31:
 651 015d 626F6172 		.ascii	"boardInit\000"
 651      64496E69 
 651      7400
 652              	.LASF30:
 653 0167 5F5F6561 		.ascii	"__early_init\000"
 653      726C795F 
 653      696E6974 
 653      00
 654              	.LASF6:
 655 0174 696E7433 		.ascii	"int32_t\000"
 655      325F7400 
 656              	.LASF15:
 657 017c 6F737065 		.ascii	"ospeedr\000"
 657      65647200 
 658              	.LASF34:
 659 0184 474E5520 		.ascii	"GNU C 4.6.1\000"
 659      4320342E 
 659      362E3100 
 660              	.LASF26:
 661 0190 50474461 		.ascii	"PGData\000"
 661      746100
 662              	.LASF3:
 663 0197 73686F72 		.ascii	"short int\000"
 663      7420696E 
ARM GAS  /tmp/ccQ51RGq.s 			page 14


 663      7400
 664              	.LASF22:
 665 01a1 50434461 		.ascii	"PCData\000"
 665      746100
 666              	.LASF7:
 667 01a8 75696E74 		.ascii	"uint32_t\000"
 667      33325F74 
 667      00
 668              	.LASF5:
 669 01b1 6C6F6E67 		.ascii	"long int\000"
 669      20696E74 
 669      00
 670              	.LASF13:
 671 01ba 6D6F6465 		.ascii	"moder\000"
 671      7200
 672              	.LASF1:
 673 01c0 7369676E 		.ascii	"signed char\000"
 673      65642063 
 673      68617200 
 674              	.LASF11:
 675 01cc 5F426F6F 		.ascii	"_Bool\000"
 675      6C00
 676              		.ident	"GCC: (Sourcery CodeBench Lite 2011.09-69) 4.6.1"
ARM GAS  /tmp/ccQ51RGq.s 			page 15


DEFINED SYMBOLS
                            *ABS*:00000000 board.c
     /tmp/ccQ51RGq.s:19     .text.__early_init:00000000 $t
     /tmp/ccQ51RGq.s:25     .text.__early_init:00000000 __early_init
     /tmp/ccQ51RGq.s:40     .text.boardInit:00000000 $t
     /tmp/ccQ51RGq.s:46     .text.boardInit:00000000 boardInit
     /tmp/ccQ51RGq.s:63     .rodata.pal_default_config:00000000 pal_default_config
     /tmp/ccQ51RGq.s:60     .rodata.pal_default_config:00000000 $d
                     .debug_frame:00000010 $d

UNDEFINED SYMBOLS
stm32_clock_init
