ARM GAS  /tmp/cczcMdm0.s 			page 1


   1              		.syntax unified
   2              		.cpu cortex-m4
   3              		.fpu softvfp
   4              		.eabi_attribute 20, 1
   5              		.eabi_attribute 21, 1
   6              		.eabi_attribute 23, 3
   7              		.eabi_attribute 24, 1
   8              		.eabi_attribute 25, 1
   9              		.eabi_attribute 26, 1
  10              		.eabi_attribute 30, 2
  11              		.eabi_attribute 34, 1
  12              		.eabi_attribute 18, 4
  13              		.thumb
  14              		.file	"chdebug.c"
  15              		.text
  16              	.Ltext0:
  17              		.cfi_sections	.debug_frame
  18              	.Letext0:
  19              		.section	.debug_info,"",%progbits
  20              	.Ldebug_info0:
  21 0000 76000000 		.4byte	0x76
  22 0004 0200     		.2byte	0x2
  23 0006 00000000 		.4byte	.Ldebug_abbrev0
  24 000a 04       		.byte	0x4
  25 000b 01       		.uleb128 0x1
  26 000c B1000000 		.4byte	.LASF11
  27 0010 01       		.byte	0x1
  28 0011 CC000000 		.4byte	.LASF12
  29 0015 1F000000 		.4byte	.LASF13
  30 0019 00000000 		.4byte	.Ltext0
  31 001d 00000000 		.4byte	.Letext0
  32 0021 00000000 		.4byte	.Ldebug_line0
  33 0025 02       		.uleb128 0x2
  34 0026 04       		.byte	0x4
  35 0027 05       		.byte	0x5
  36 0028 696E7400 		.ascii	"int\000"
  37 002c 03       		.uleb128 0x3
  38 002d 04       		.byte	0x4
  39 002e 07       		.byte	0x7
  40 002f 00000000 		.4byte	.LASF0
  41 0033 03       		.uleb128 0x3
  42 0034 01       		.byte	0x1
  43 0035 06       		.byte	0x6
  44 0036 71000000 		.4byte	.LASF1
  45 003a 03       		.uleb128 0x3
  46 003b 01       		.byte	0x1
  47 003c 08       		.byte	0x8
  48 003d 63000000 		.4byte	.LASF2
  49 0041 03       		.uleb128 0x3
  50 0042 02       		.byte	0x2
  51 0043 05       		.byte	0x5
  52 0044 90000000 		.4byte	.LASF3
  53 0048 03       		.uleb128 0x3
  54 0049 02       		.byte	0x2
  55 004a 07       		.byte	0x7
  56 004b 7D000000 		.4byte	.LASF4
  57 004f 03       		.uleb128 0x3
ARM GAS  /tmp/cczcMdm0.s 			page 2


  58 0050 04       		.byte	0x4
  59 0051 05       		.byte	0x5
  60 0052 C3000000 		.4byte	.LASF5
  61 0056 03       		.uleb128 0x3
  62 0057 04       		.byte	0x4
  63 0058 07       		.byte	0x7
  64 0059 0D000000 		.4byte	.LASF6
  65 005d 03       		.uleb128 0x3
  66 005e 08       		.byte	0x8
  67 005f 05       		.byte	0x5
  68 0060 EF000000 		.4byte	.LASF7
  69 0064 03       		.uleb128 0x3
  70 0065 08       		.byte	0x8
  71 0066 07       		.byte	0x7
  72 0067 9A000000 		.4byte	.LASF8
  73 006b 03       		.uleb128 0x3
  74 006c 01       		.byte	0x1
  75 006d 02       		.byte	0x2
  76 006e BD000000 		.4byte	.LASF9
  77 0072 03       		.uleb128 0x3
  78 0073 01       		.byte	0x1
  79 0074 08       		.byte	0x8
  80 0075 EA000000 		.4byte	.LASF10
  81 0079 00       		.byte	0
  82              		.section	.debug_abbrev,"",%progbits
  83              	.Ldebug_abbrev0:
  84 0000 01       		.uleb128 0x1
  85 0001 11       		.uleb128 0x11
  86 0002 01       		.byte	0x1
  87 0003 25       		.uleb128 0x25
  88 0004 0E       		.uleb128 0xe
  89 0005 13       		.uleb128 0x13
  90 0006 0B       		.uleb128 0xb
  91 0007 03       		.uleb128 0x3
  92 0008 0E       		.uleb128 0xe
  93 0009 1B       		.uleb128 0x1b
  94 000a 0E       		.uleb128 0xe
  95 000b 11       		.uleb128 0x11
  96 000c 01       		.uleb128 0x1
  97 000d 12       		.uleb128 0x12
  98 000e 01       		.uleb128 0x1
  99 000f 10       		.uleb128 0x10
 100 0010 06       		.uleb128 0x6
 101 0011 00       		.byte	0
 102 0012 00       		.byte	0
 103 0013 02       		.uleb128 0x2
 104 0014 24       		.uleb128 0x24
 105 0015 00       		.byte	0
 106 0016 0B       		.uleb128 0xb
 107 0017 0B       		.uleb128 0xb
 108 0018 3E       		.uleb128 0x3e
 109 0019 0B       		.uleb128 0xb
 110 001a 03       		.uleb128 0x3
 111 001b 08       		.uleb128 0x8
 112 001c 00       		.byte	0
 113 001d 00       		.byte	0
 114 001e 03       		.uleb128 0x3
ARM GAS  /tmp/cczcMdm0.s 			page 3


 115 001f 24       		.uleb128 0x24
 116 0020 00       		.byte	0
 117 0021 0B       		.uleb128 0xb
 118 0022 0B       		.uleb128 0xb
 119 0023 3E       		.uleb128 0x3e
 120 0024 0B       		.uleb128 0xb
 121 0025 03       		.uleb128 0x3
 122 0026 0E       		.uleb128 0xe
 123 0027 00       		.byte	0
 124 0028 00       		.byte	0
 125 0029 00       		.byte	0
 126              		.section	.debug_line,"",%progbits
 127              	.Ldebug_line0:
 128 0000 19000000 		.section	.debug_str,"MS",%progbits,1
 128      02001300 
 128      00000201 
 128      FB0E0D00 
 128      01010101 
 129              	.LASF0:
 130 0000 756E7369 		.ascii	"unsigned int\000"
 130      676E6564 
 130      20696E74 
 130      00
 131              	.LASF6:
 132 000d 6C6F6E67 		.ascii	"long unsigned int\000"
 132      20756E73 
 132      69676E65 
 132      6420696E 
 132      7400
 133              	.LASF13:
 134 001f 2F686F6D 		.ascii	"/home/lithium/Downloads/ChibiOS_2.6.8_PodioVirtual/"
 134      652F6C69 
 134      74686975 
 134      6D2F446F 
 134      776E6C6F 
 135 0052 506F6469 		.ascii	"PodioVirtual/src\000"
 135      6F566972 
 135      7475616C 
 135      2F737263 
 135      00
 136              	.LASF2:
 137 0063 756E7369 		.ascii	"unsigned char\000"
 137      676E6564 
 137      20636861 
 137      7200
 138              	.LASF1:
 139 0071 7369676E 		.ascii	"signed char\000"
 139      65642063 
 139      68617200 
 140              	.LASF4:
 141 007d 73686F72 		.ascii	"short unsigned int\000"
 141      7420756E 
 141      7369676E 
 141      65642069 
 141      6E7400
 142              	.LASF3:
 143 0090 73686F72 		.ascii	"short int\000"
ARM GAS  /tmp/cczcMdm0.s 			page 4


 143      7420696E 
 143      7400
 144              	.LASF8:
 145 009a 6C6F6E67 		.ascii	"long long unsigned int\000"
 145      206C6F6E 
 145      6720756E 
 145      7369676E 
 145      65642069 
 146              	.LASF11:
 147 00b1 474E5520 		.ascii	"GNU C 4.6.1\000"
 147      4320342E 
 147      362E3100 
 148              	.LASF9:
 149 00bd 5F426F6F 		.ascii	"_Bool\000"
 149      6C00
 150              	.LASF5:
 151 00c3 6C6F6E67 		.ascii	"long int\000"
 151      20696E74 
 151      00
 152              	.LASF12:
 153 00cc 2E2E2F2E 		.ascii	"../../os/kernel/src/chdebug.c\000"
 153      2E2F6F73 
 153      2F6B6572 
 153      6E656C2F 
 153      7372632F 
 154              	.LASF10:
 155 00ea 63686172 		.ascii	"char\000"
 155      00
 156              	.LASF7:
 157 00ef 6C6F6E67 		.ascii	"long long int\000"
 157      206C6F6E 
 157      6720696E 
 157      7400
 158              		.ident	"GCC: (Sourcery CodeBench Lite 2011.09-69) 4.6.1"
ARM GAS  /tmp/cczcMdm0.s 			page 5


DEFINED SYMBOLS
                            *ABS*:00000000 chdebug.c

NO UNDEFINED SYMBOLS
