ARM GAS  /tmp/ccAHQDFe.s 			page 1


   1              		.syntax unified
   2              		.cpu cortex-m4
   3              		.fpu softvfp
   4              		.eabi_attribute 20, 1
   5              		.eabi_attribute 21, 1
   6              		.eabi_attribute 23, 3
   7              		.eabi_attribute 24, 1
   8              		.eabi_attribute 25, 1
   9              		.eabi_attribute 26, 1
  10              		.eabi_attribute 30, 2
  11              		.eabi_attribute 34, 1
  12              		.eabi_attribute 18, 4
  13              		.thumb
  14              		.file	"chdynamic.c"
  15              		.text
  16              	.Ltext0:
  17              		.cfi_sections	.debug_frame
  18              		.section	.text.chThdAddRef,"ax",%progbits
  19              		.align	2
  20              		.p2align 4,,15
  21              		.global	chThdAddRef
  22              		.thumb
  23              		.thumb_func
  24              		.type	chThdAddRef, %function
  25              	chThdAddRef:
  26              	.LFB7:
  27              		.file 1 "../../os/kernel/src/chdynamic.c"
  28              		.loc 1 52 0
  29              		.cfi_startproc
  30              		@ args = 0, pretend = 0, frame = 0
  31              		@ frame_needed = 0, uses_anonymous_args = 0
  32              		@ link register save eliminated.
  33              	.LVL0:
  34              	.LBB2:
  35              		.loc 1 54 0
  36 0000 2023     		movs	r3, #32
  37              	.LVL1:
  38              	@ 54 "../../os/kernel/src/chdynamic.c" 1
  39 0002 83F31188 		msr     BASEPRI, r3
  40              	@ 0 "" 2
  41              	.LVL2:
  42              		.thumb
  43              	.LBE2:
  44              		.loc 1 56 0
  45 0006 817F     		ldrb	r1, [r0, #30]	@ zero_extendqisi2
  46 0008 4B1C     		adds	r3, r1, #1
  47              	.LVL3:
  48 000a 8377     		strb	r3, [r0, #30]
  49              	.LBB3:
  50              		.loc 1 57 0
  51 000c 0023     		movs	r3, #0
  52              	.LVL4:
  53              	@ 57 "../../os/kernel/src/chdynamic.c" 1
  54 000e 83F31188 		msr     BASEPRI, r3
  55              	@ 0 "" 2
  56              	.LVL5:
  57              		.thumb
ARM GAS  /tmp/ccAHQDFe.s 			page 2


  58              	.LBE3:
  59              		.loc 1 59 0
  60 0012 7047     		bx	lr
  61              		.cfi_endproc
  62              	.LFE7:
  63              		.size	chThdAddRef, .-chThdAddRef
  64 0014 AFF30080 		.section	.text.chThdRelease,"ax",%progbits
  64      AFF30080 
  64      AFF30080 
  65              		.align	2
  66              		.p2align 4,,15
  67              		.global	chThdRelease
  68              		.thumb
  69              		.thumb_func
  70              		.type	chThdRelease, %function
  71              	chThdRelease:
  72              	.LFB8:
  73              		.loc 1 74 0
  74              		.cfi_startproc
  75              		@ args = 0, pretend = 0, frame = 0
  76              		@ frame_needed = 0, uses_anonymous_args = 0
  77              		@ link register save eliminated.
  78              	.LVL6:
  79              		.loc 1 74 0
  80 0000 0146     		mov	r1, r0
  81              	.LBB4:
  82              		.loc 1 77 0
  83 0002 2023     		movs	r3, #32
  84              	.LVL7:
  85              	@ 77 "../../os/kernel/src/chdynamic.c" 1
  86 0004 83F31188 		msr     BASEPRI, r3
  87              	@ 0 "" 2
  88              	.LVL8:
  89              		.thumb
  90              	.LBE4:
  91              		.loc 1 79 0
  92 0008 827F     		ldrb	r2, [r0, #30]	@ zero_extendqisi2
  93 000a 531E     		subs	r3, r2, #1
  94              	.LVL9:
  95 000c DAB2     		uxtb	r2, r3
  96 000e 8277     		strb	r2, [r0, #30]
  97              	.LVL10:
  98              	.LBB5:
  99              		.loc 1 80 0
 100 0010 0023     		movs	r3, #0
 101              	.LVL11:
 102              	@ 80 "../../os/kernel/src/chdynamic.c" 1
 103 0012 83F31188 		msr     BASEPRI, r3
 104              	@ 0 "" 2
 105              	.LVL12:
 106              		.thumb
 107              	.LBE5:
 108              		.loc 1 85 0
 109 0016 22B9     		cbnz	r2, .L2
 110              		.loc 1 85 0 is_stmt 0 discriminator 1
 111 0018 90F81CC0 		ldrb	ip, [r0, #28]	@ zero_extendqisi2
 112 001c BCF10E0F 		cmp	ip, #14
ARM GAS  /tmp/ccAHQDFe.s 			page 3


 113 0020 00D0     		beq	.L7
 114              	.L2:
 115 0022 7047     		bx	lr
 116              	.L7:
 117              		.loc 1 86 0 is_stmt 1
 118 0024 437F     		ldrb	r3, [r0, #29]	@ zero_extendqisi2
 119              	.LVL13:
 120 0026 03F00303 		and	r3, r3, #3
 121 002a 012B     		cmp	r3, #1
 122 002c 09D0     		beq	.L4
 123 002e 022B     		cmp	r3, #2
 124 0030 F7D1     		bne	.L2
 125              		.loc 1 98 0
 126 0032 4369     		ldr	r3, [r0, #20]
 127 0034 0269     		ldr	r2, [r0, #16]
 128              	.LVL14:
 129              		.loc 1 100 0
 130 0036 406C     		ldr	r0, [r0, #68]
 131              	.LVL15:
 132              		.loc 1 98 0
 133 0038 1A61     		str	r2, [r3, #16]
 134 003a 0A69     		ldr	r2, [r1, #16]
 135 003c 5361     		str	r3, [r2, #20]
 136              		.loc 1 105 0
 137              		.loc 1 100 0
 138 003e FFF7FEBF 		b	chPoolFree
 139              	.LVL16:
 140              	.L4:
 141              		.loc 1 90 0
 142 0042 4369     		ldr	r3, [r0, #20]
 143 0044 0269     		ldr	r2, [r0, #16]
 144              	.LVL17:
 145 0046 1A61     		str	r2, [r3, #16]
 146 0048 0169     		ldr	r1, [r0, #16]
 147 004a 4B61     		str	r3, [r1, #20]
 148              		.loc 1 105 0
 149              		.loc 1 92 0
 150 004c FFF7FEBF 		b	chHeapFree
 151              	.LVL18:
 152              		.cfi_endproc
 153              	.LFE8:
 154              		.size	chThdRelease, .-chThdRelease
 155              		.section	.text.chThdCreateFromHeap,"ax",%progbits
 156              		.align	2
 157              		.p2align 4,,15
 158              		.global	chThdCreateFromHeap
 159              		.thumb
 160              		.thumb_func
 161              		.type	chThdCreateFromHeap, %function
 162              	chThdCreateFromHeap:
 163              	.LFB9:
 164              		.loc 1 131 0
 165              		.cfi_startproc
 166              		@ args = 4, pretend = 0, frame = 0
 167              		@ frame_needed = 0, uses_anonymous_args = 0
 168              	.LVL19:
 169 0000 70B5     		push	{r4, r5, r6, lr}
ARM GAS  /tmp/ccAHQDFe.s 			page 4


 170              	.LCFI0:
 171              		.cfi_def_cfa_offset 16
 172              		.cfi_offset 14, -4
 173              		.cfi_offset 6, -8
 174              		.cfi_offset 5, -12
 175              		.cfi_offset 4, -16
 176 0002 82B0     		sub	sp, sp, #8
 177              	.LCFI1:
 178              		.cfi_def_cfa_offset 24
 179              		.loc 1 131 0
 180 0004 0C46     		mov	r4, r1
 181 0006 1546     		mov	r5, r2
 182 0008 1E46     		mov	r6, r3
 183              		.loc 1 135 0
 184 000a FFF7FEFF 		bl	chHeapAlloc
 185              	.LVL20:
 186              		.loc 1 136 0
 187 000e A8B1     		cbz	r0, .L10
 188              	.LBB6:
 189              		.loc 1 148 0
 190 0010 2023     		movs	r3, #32
 191              	.LVL21:
 192              	@ 148 "../../os/kernel/src/chdynamic.c" 1
 193 0012 83F31188 		msr     BASEPRI, r3
 194              	@ 0 "" 2
 195              	.LVL22:
 196              		.thumb
 197              	.LBE6:
 198              		.loc 1 149 0
 199 0016 2146     		mov	r1, r4
 200 0018 069C     		ldr	r4, [sp, #24]
 201              	.LVL23:
 202 001a 3346     		mov	r3, r6
 203              	.LVL24:
 204 001c 2A46     		mov	r2, r5
 205 001e 0094     		str	r4, [sp, #0]
 206 0020 FFF7FEFF 		bl	chThdCreateI
 207              	.LVL25:
 208              		.loc 1 150 0
 209 0024 0123     		movs	r3, #1
 210 0026 4377     		strb	r3, [r0, #29]
 211              		.loc 1 151 0
 212 0028 0021     		movs	r1, #0
 213              		.loc 1 149 0
 214 002a 0446     		mov	r4, r0
 215              	.LVL26:
 216              		.loc 1 151 0
 217 002c FFF7FEFF 		bl	chSchWakeupS
 218              	.LVL27:
 219              	.LBB7:
 220              		.loc 1 152 0
 221 0030 0023     		movs	r3, #0
 222              	.LVL28:
 223              	@ 152 "../../os/kernel/src/chdynamic.c" 1
 224 0032 83F31188 		msr     BASEPRI, r3
 225              	@ 0 "" 2
 226              	.LVL29:
ARM GAS  /tmp/ccAHQDFe.s 			page 5


 227              		.thumb
 228              	.L9:
 229              	.LBE7:
 230              		.loc 1 154 0
 231 0036 2046     		mov	r0, r4
 232 0038 02B0     		add	sp, sp, #8
 233 003a 70BD     		pop	{r4, r5, r6, pc}
 234              	.LVL30:
 235              	.L10:
 236              		.loc 1 137 0
 237 003c 0446     		mov	r4, r0
 238              	.LVL31:
 239 003e FAE7     		b	.L9
 240              		.cfi_endproc
 241              	.LFE9:
 242              		.size	chThdCreateFromHeap, .-chThdCreateFromHeap
 243              		.section	.text.chThdCreateFromMemoryPool,"ax",%progbits
 244              		.align	2
 245              		.p2align 4,,15
 246              		.global	chThdCreateFromMemoryPool
 247              		.thumb
 248              		.thumb_func
 249              		.type	chThdCreateFromMemoryPool, %function
 250              	chThdCreateFromMemoryPool:
 251              	.LFB10:
 252              		.loc 1 180 0
 253              		.cfi_startproc
 254              		@ args = 0, pretend = 0, frame = 0
 255              		@ frame_needed = 0, uses_anonymous_args = 0
 256              	.LVL32:
 257 0000 F0B5     		push	{r4, r5, r6, r7, lr}
 258              	.LCFI2:
 259              		.cfi_def_cfa_offset 20
 260              		.cfi_offset 14, -4
 261              		.cfi_offset 7, -8
 262              		.cfi_offset 6, -12
 263              		.cfi_offset 5, -16
 264              		.cfi_offset 4, -20
 265 0002 83B0     		sub	sp, sp, #12
 266              	.LCFI3:
 267              		.cfi_def_cfa_offset 32
 268              		.loc 1 180 0
 269 0004 0446     		mov	r4, r0
 270 0006 0D46     		mov	r5, r1
 271 0008 1646     		mov	r6, r2
 272 000a 1F46     		mov	r7, r3
 273              		.loc 1 186 0
 274 000c FFF7FEFF 		bl	chPoolAlloc
 275              	.LVL33:
 276              		.loc 1 187 0
 277 0010 A8B1     		cbz	r0, .L13
 278              	.LBB8:
 279              		.loc 1 199 0
 280 0012 2023     		movs	r3, #32
 281              	.LVL34:
 282              	@ 199 "../../os/kernel/src/chdynamic.c" 1
 283 0014 83F31188 		msr     BASEPRI, r3
ARM GAS  /tmp/ccAHQDFe.s 			page 6


 284              	@ 0 "" 2
 285              	.LVL35:
 286              		.thumb
 287              	.LBE8:
 288              		.loc 1 200 0
 289 0018 6168     		ldr	r1, [r4, #4]
 290 001a 0097     		str	r7, [sp, #0]
 291 001c 2A46     		mov	r2, r5
 292 001e 3346     		mov	r3, r6
 293              	.LVL36:
 294 0020 FFF7FEFF 		bl	chThdCreateI
 295              	.LVL37:
 296              		.loc 1 201 0
 297 0024 0223     		movs	r3, #2
 298 0026 4377     		strb	r3, [r0, #29]
 299              		.loc 1 202 0
 300 0028 4464     		str	r4, [r0, #68]
 301              		.loc 1 203 0
 302 002a 0021     		movs	r1, #0
 303              		.loc 1 200 0
 304 002c 0546     		mov	r5, r0
 305              	.LVL38:
 306              		.loc 1 203 0
 307 002e FFF7FEFF 		bl	chSchWakeupS
 308              	.LVL39:
 309              	.LBB9:
 310              		.loc 1 204 0
 311 0032 0023     		movs	r3, #0
 312              	.LVL40:
 313              	@ 204 "../../os/kernel/src/chdynamic.c" 1
 314 0034 83F31188 		msr     BASEPRI, r3
 315              	@ 0 "" 2
 316              	.LVL41:
 317              		.thumb
 318              	.L12:
 319              	.LBE9:
 320              		.loc 1 206 0
 321 0038 2846     		mov	r0, r5
 322 003a 03B0     		add	sp, sp, #12
 323 003c F0BD     		pop	{r4, r5, r6, r7, pc}
 324              	.LVL42:
 325              	.L13:
 326              		.loc 1 188 0
 327 003e 0546     		mov	r5, r0
 328              	.LVL43:
 329 0040 FAE7     		b	.L12
 330              		.cfi_endproc
 331              	.LFE10:
 332              		.size	chThdCreateFromMemoryPool, .-chThdCreateFromMemoryPool
 333 0042 00BFAFF3 		.text
 333      0080AFF3 
 333      0080AFF3 
 333      0080
 334              	.Letext0:
 335              		.file 2 "/home/lithium/Documents/arm-2011q3/bin/../lib/gcc/arm-none-eabi/4.6.1/include/stddef.h"
 336              		.file 3 "/home/lithium/Documents/arm-2011q3/bin/../lib/gcc/arm-none-eabi/4.6.1/../../../../arm-non
 337              		.file 4 "../../os/ports/GCC/ARMCMx/chtypes.h"
ARM GAS  /tmp/ccAHQDFe.s 			page 7


 338              		.file 5 "../../os/kernel/include/chlists.h"
 339              		.file 6 "../../os/kernel/include/chthreads.h"
 340              		.file 7 "../../os/ports/GCC/ARMCMx/chcore_v7m.h"
 341              		.file 8 "../../os/kernel/include/chmtx.h"
 342              		.file 9 "../../os/kernel/include/chmemcore.h"
 343              		.file 10 "../../os/kernel/include/chheap.h"
 344              		.file 11 "../../os/kernel/include/chmempools.h"
 345              		.section	.debug_info,"",%progbits
 346              	.Ldebug_info0:
 347 0000 75070000 		.4byte	0x775
 348 0004 0200     		.2byte	0x2
 349 0006 00000000 		.4byte	.Ldebug_abbrev0
 350 000a 04       		.byte	0x4
 351 000b 01       		.uleb128 0x1
 352 000c F0020000 		.4byte	.LASF81
 353 0010 01       		.byte	0x1
 354 0011 0E000000 		.4byte	.LASF82
 355 0015 06010000 		.4byte	.LASF83
 356 0019 00000000 		.4byte	0
 357 001d 00000000 		.4byte	0
 358 0021 00000000 		.4byte	.Ldebug_ranges0+0
 359 0025 00000000 		.4byte	.Ldebug_line0
 360 0029 02       		.uleb128 0x2
 361 002a 04       		.byte	0x4
 362 002b 05       		.byte	0x5
 363 002c 696E7400 		.ascii	"int\000"
 364 0030 03       		.uleb128 0x3
 365 0031 2E000000 		.4byte	.LASF2
 366 0035 02       		.byte	0x2
 367 0036 D4       		.byte	0xd4
 368 0037 3B000000 		.4byte	0x3b
 369 003b 04       		.uleb128 0x4
 370 003c 04       		.byte	0x4
 371 003d 07       		.byte	0x7
 372 003e 7F010000 		.4byte	.LASF0
 373 0042 04       		.uleb128 0x4
 374 0043 01       		.byte	0x1
 375 0044 06       		.byte	0x6
 376 0045 A4000000 		.4byte	.LASF1
 377 0049 03       		.uleb128 0x3
 378 004a 4E030000 		.4byte	.LASF3
 379 004e 03       		.byte	0x3
 380 004f 2A       		.byte	0x2a
 381 0050 54000000 		.4byte	0x54
 382 0054 04       		.uleb128 0x4
 383 0055 01       		.byte	0x1
 384 0056 08       		.byte	0x8
 385 0057 67020000 		.4byte	.LASF4
 386 005b 04       		.uleb128 0x4
 387 005c 02       		.byte	0x2
 388 005d 05       		.byte	0x5
 389 005e 8A020000 		.4byte	.LASF5
 390 0062 04       		.uleb128 0x4
 391 0063 02       		.byte	0x2
 392 0064 07       		.byte	0x7
 393 0065 AB010000 		.4byte	.LASF6
 394 0069 03       		.uleb128 0x3
ARM GAS  /tmp/ccAHQDFe.s 			page 8


 395 006a 5F020000 		.4byte	.LASF7
 396 006e 03       		.byte	0x3
 397 006f 4F       		.byte	0x4f
 398 0070 74000000 		.4byte	0x74
 399 0074 04       		.uleb128 0x4
 400 0075 04       		.byte	0x4
 401 0076 05       		.byte	0x5
 402 0077 D0000000 		.4byte	.LASF8
 403 007b 03       		.uleb128 0x3
 404 007c E7020000 		.4byte	.LASF9
 405 0080 03       		.byte	0x3
 406 0081 50       		.byte	0x50
 407 0082 86000000 		.4byte	0x86
 408 0086 04       		.uleb128 0x4
 409 0087 04       		.byte	0x4
 410 0088 07       		.byte	0x7
 411 0089 8C010000 		.4byte	.LASF10
 412 008d 04       		.uleb128 0x4
 413 008e 08       		.byte	0x8
 414 008f 05       		.byte	0x5
 415 0090 96000000 		.4byte	.LASF11
 416 0094 03       		.uleb128 0x3
 417 0095 3C000000 		.4byte	.LASF12
 418 0099 03       		.byte	0x3
 419 009a 78       		.byte	0x78
 420 009b 9F000000 		.4byte	0x9f
 421 009f 04       		.uleb128 0x4
 422 00a0 08       		.byte	0x8
 423 00a1 07       		.byte	0x7
 424 00a2 5D000000 		.4byte	.LASF13
 425 00a6 04       		.uleb128 0x4
 426 00a7 01       		.byte	0x1
 427 00a8 02       		.byte	0x2
 428 00a9 59020000 		.4byte	.LASF14
 429 00ad 03       		.uleb128 0x3
 430 00ae C4010000 		.4byte	.LASF15
 431 00b2 04       		.byte	0x4
 432 00b3 2C       		.byte	0x2c
 433 00b4 49000000 		.4byte	0x49
 434 00b8 03       		.uleb128 0x3
 435 00b9 ED000000 		.4byte	.LASF16
 436 00bd 04       		.byte	0x4
 437 00be 2D       		.byte	0x2d
 438 00bf 49000000 		.4byte	0x49
 439 00c3 03       		.uleb128 0x3
 440 00c4 3D020000 		.4byte	.LASF17
 441 00c8 04       		.byte	0x4
 442 00c9 2E       		.byte	0x2e
 443 00ca 49000000 		.4byte	0x49
 444 00ce 03       		.uleb128 0x3
 445 00cf C6000000 		.4byte	.LASF18
 446 00d3 04       		.byte	0x4
 447 00d4 2F       		.byte	0x2f
 448 00d5 49000000 		.4byte	0x49
 449 00d9 03       		.uleb128 0x3
 450 00da 51020000 		.4byte	.LASF19
 451 00de 04       		.byte	0x4
ARM GAS  /tmp/ccAHQDFe.s 			page 9


 452 00df 30       		.byte	0x30
 453 00e0 7B000000 		.4byte	0x7b
 454 00e4 03       		.uleb128 0x3
 455 00e5 BE010000 		.4byte	.LASF20
 456 00e9 04       		.byte	0x4
 457 00ea 31       		.byte	0x31
 458 00eb 69000000 		.4byte	0x69
 459 00ef 03       		.uleb128 0x3
 460 00f0 D8010000 		.4byte	.LASF21
 461 00f4 04       		.byte	0x4
 462 00f5 33       		.byte	0x33
 463 00f6 7B000000 		.4byte	0x7b
 464 00fa 03       		.uleb128 0x3
 465 00fb 0D030000 		.4byte	.LASF22
 466 00ff 04       		.byte	0x4
 467 0100 35       		.byte	0x35
 468 0101 7B000000 		.4byte	0x7b
 469 0105 03       		.uleb128 0x3
 470 0106 D5020000 		.4byte	.LASF23
 471 010a 05       		.byte	0x5
 472 010b 2A       		.byte	0x2a
 473 010c 10010000 		.4byte	0x110
 474 0110 05       		.uleb128 0x5
 475 0111 D5020000 		.4byte	.LASF23
 476 0115 48       		.byte	0x48
 477 0116 06       		.byte	0x6
 478 0117 5E       		.byte	0x5e
 479 0118 35020000 		.4byte	0x235
 480 011c 06       		.uleb128 0x6
 481 011d B9020000 		.4byte	.LASF24
 482 0121 06       		.byte	0x6
 483 0122 5F       		.byte	0x5f
 484 0123 5A020000 		.4byte	0x25a
 485 0127 02       		.byte	0x2
 486 0128 23       		.byte	0x23
 487 0129 00       		.uleb128 0
 488 012a 06       		.uleb128 0x6
 489 012b 4A020000 		.4byte	.LASF25
 490 012f 06       		.byte	0x6
 491 0130 61       		.byte	0x61
 492 0131 5A020000 		.4byte	0x25a
 493 0135 02       		.byte	0x2
 494 0136 23       		.byte	0x23
 495 0137 04       		.uleb128 0x4
 496 0138 06       		.uleb128 0x6
 497 0139 8F000000 		.4byte	.LASF26
 498 013d 06       		.byte	0x6
 499 013e 63       		.byte	0x63
 500 013f D9000000 		.4byte	0xd9
 501 0143 02       		.byte	0x2
 502 0144 23       		.byte	0x23
 503 0145 08       		.uleb128 0x8
 504 0146 06       		.uleb128 0x6
 505 0147 6C030000 		.4byte	.LASF27
 506 014b 06       		.byte	0x6
 507 014c 64       		.byte	0x64
 508 014d 33030000 		.4byte	0x333
ARM GAS  /tmp/ccAHQDFe.s 			page 10


 509 0151 02       		.byte	0x2
 510 0152 23       		.byte	0x23
 511 0153 0C       		.uleb128 0xc
 512 0154 06       		.uleb128 0x6
 513 0155 FE000000 		.4byte	.LASF28
 514 0159 06       		.byte	0x6
 515 015a 66       		.byte	0x66
 516 015b 5A020000 		.4byte	0x25a
 517 015f 02       		.byte	0x2
 518 0160 23       		.byte	0x23
 519 0161 10       		.uleb128 0x10
 520 0162 06       		.uleb128 0x6
 521 0163 01020000 		.4byte	.LASF29
 522 0167 06       		.byte	0x6
 523 0168 67       		.byte	0x67
 524 0169 5A020000 		.4byte	0x25a
 525 016d 02       		.byte	0x2
 526 016e 23       		.byte	0x23
 527 016f 14       		.uleb128 0x14
 528 0170 06       		.uleb128 0x6
 529 0171 5D030000 		.4byte	.LASF30
 530 0175 06       		.byte	0x6
 531 0176 6E       		.byte	0x6e
 532 0177 09050000 		.4byte	0x509
 533 017b 02       		.byte	0x2
 534 017c 23       		.byte	0x23
 535 017d 18       		.uleb128 0x18
 536 017e 06       		.uleb128 0x6
 537 017f 94020000 		.4byte	.LASF31
 538 0183 06       		.byte	0x6
 539 0184 79       		.byte	0x79
 540 0185 B8000000 		.4byte	0xb8
 541 0189 02       		.byte	0x2
 542 018a 23       		.byte	0x23
 543 018b 1C       		.uleb128 0x1c
 544 018c 06       		.uleb128 0x6
 545 018d C0020000 		.4byte	.LASF32
 546 0191 06       		.byte	0x6
 547 0192 7D       		.byte	0x7d
 548 0193 AD000000 		.4byte	0xad
 549 0197 02       		.byte	0x2
 550 0198 23       		.byte	0x23
 551 0199 1D       		.uleb128 0x1d
 552 019a 06       		.uleb128 0x6
 553 019b 47030000 		.4byte	.LASF33
 554 019f 06       		.byte	0x6
 555 01a0 82       		.byte	0x82
 556 01a1 C3000000 		.4byte	0xc3
 557 01a5 02       		.byte	0x2
 558 01a6 23       		.byte	0x23
 559 01a7 1E       		.uleb128 0x1e
 560 01a8 06       		.uleb128 0x6
 561 01a9 9C020000 		.4byte	.LASF34
 562 01ad 06       		.byte	0x6
 563 01ae 88       		.byte	0x88
 564 01af CE000000 		.4byte	0xce
 565 01b3 02       		.byte	0x2
ARM GAS  /tmp/ccAHQDFe.s 			page 11


 566 01b4 23       		.byte	0x23
 567 01b5 1F       		.uleb128 0x1f
 568 01b6 06       		.uleb128 0x6
 569 01b7 22030000 		.4byte	.LASF35
 570 01bb 06       		.byte	0x6
 571 01bc 8F       		.byte	0x8f
 572 01bd 56030000 		.4byte	0x356
 573 01c1 02       		.byte	0x2
 574 01c2 23       		.byte	0x23
 575 01c3 20       		.uleb128 0x20
 576 01c4 07       		.uleb128 0x7
 577 01c5 705F7500 		.ascii	"p_u\000"
 578 01c9 06       		.byte	0x6
 579 01ca B4       		.byte	0xb4
 580 01cb D4040000 		.4byte	0x4d4
 581 01cf 02       		.byte	0x2
 582 01d0 23       		.byte	0x23
 583 01d1 24       		.uleb128 0x24
 584 01d2 06       		.uleb128 0x6
 585 01d3 72030000 		.4byte	.LASF36
 586 01d7 06       		.byte	0x6
 587 01d8 B9       		.byte	0xb9
 588 01d9 82020000 		.4byte	0x282
 589 01dd 02       		.byte	0x2
 590 01de 23       		.byte	0x23
 591 01df 28       		.uleb128 0x28
 592 01e0 06       		.uleb128 0x6
 593 01e1 30030000 		.4byte	.LASF37
 594 01e5 06       		.byte	0x6
 595 01e6 BF       		.byte	0xbf
 596 01e7 60020000 		.4byte	0x260
 597 01eb 02       		.byte	0x2
 598 01ec 23       		.byte	0x23
 599 01ed 2C       		.uleb128 0x2c
 600 01ee 06       		.uleb128 0x6
 601 01ef 08000000 		.4byte	.LASF38
 602 01f3 06       		.byte	0x6
 603 01f4 C3       		.byte	0xc3
 604 01f5 E4000000 		.4byte	0xe4
 605 01f9 02       		.byte	0x2
 606 01fa 23       		.byte	0x23
 607 01fb 34       		.uleb128 0x34
 608 01fc 06       		.uleb128 0x6
 609 01fd DC020000 		.4byte	.LASF39
 610 0201 06       		.byte	0x6
 611 0202 C9       		.byte	0xc9
 612 0203 EF000000 		.4byte	0xef
 613 0207 02       		.byte	0x2
 614 0208 23       		.byte	0x23
 615 0209 38       		.uleb128 0x38
 616 020a 06       		.uleb128 0x6
 617 020b 80020000 		.4byte	.LASF40
 618 020f 06       		.byte	0x6
 619 0210 D0       		.byte	0xd0
 620 0211 1B050000 		.4byte	0x51b
 621 0215 02       		.byte	0x2
 622 0216 23       		.byte	0x23
ARM GAS  /tmp/ccAHQDFe.s 			page 12


 623 0217 3C       		.uleb128 0x3c
 624 0218 06       		.uleb128 0x6
 625 0219 17030000 		.4byte	.LASF41
 626 021d 06       		.byte	0x6
 627 021e D4       		.byte	0xd4
 628 021f D9000000 		.4byte	0xd9
 629 0223 02       		.byte	0x2
 630 0224 23       		.byte	0x23
 631 0225 40       		.uleb128 0x40
 632 0226 06       		.uleb128 0x6
 633 0227 B6000000 		.4byte	.LASF42
 634 022b 06       		.byte	0x6
 635 022c DA       		.byte	0xda
 636 022d 98020000 		.4byte	0x298
 637 0231 02       		.byte	0x2
 638 0232 23       		.byte	0x23
 639 0233 44       		.uleb128 0x44
 640 0234 00       		.byte	0
 641 0235 08       		.uleb128 0x8
 642 0236 08       		.byte	0x8
 643 0237 05       		.byte	0x5
 644 0238 61       		.byte	0x61
 645 0239 5A020000 		.4byte	0x25a
 646 023d 06       		.uleb128 0x6
 647 023e B9020000 		.4byte	.LASF24
 648 0242 05       		.byte	0x5
 649 0243 62       		.byte	0x62
 650 0244 5A020000 		.4byte	0x25a
 651 0248 02       		.byte	0x2
 652 0249 23       		.byte	0x23
 653 024a 00       		.uleb128 0
 654 024b 06       		.uleb128 0x6
 655 024c 4A020000 		.4byte	.LASF25
 656 0250 05       		.byte	0x5
 657 0251 64       		.byte	0x64
 658 0252 5A020000 		.4byte	0x25a
 659 0256 02       		.byte	0x2
 660 0257 23       		.byte	0x23
 661 0258 04       		.uleb128 0x4
 662 0259 00       		.byte	0
 663 025a 09       		.uleb128 0x9
 664 025b 04       		.byte	0x4
 665 025c 05010000 		.4byte	0x105
 666 0260 03       		.uleb128 0x3
 667 0261 09020000 		.4byte	.LASF43
 668 0265 05       		.byte	0x5
 669 0266 66       		.byte	0x66
 670 0267 35020000 		.4byte	0x235
 671 026b 08       		.uleb128 0x8
 672 026c 04       		.byte	0x4
 673 026d 05       		.byte	0x5
 674 026e 6B       		.byte	0x6b
 675 026f 82020000 		.4byte	0x282
 676 0273 06       		.uleb128 0x6
 677 0274 B9020000 		.4byte	.LASF24
 678 0278 05       		.byte	0x5
 679 0279 6D       		.byte	0x6d
ARM GAS  /tmp/ccAHQDFe.s 			page 13


 680 027a 5A020000 		.4byte	0x25a
 681 027e 02       		.byte	0x2
 682 027f 23       		.byte	0x23
 683 0280 00       		.uleb128 0
 684 0281 00       		.byte	0
 685 0282 03       		.uleb128 0x3
 686 0283 CC010000 		.4byte	.LASF44
 687 0287 05       		.byte	0x5
 688 0288 70       		.byte	0x70
 689 0289 6B020000 		.4byte	0x26b
 690 028d 03       		.uleb128 0x3
 691 028e 70010000 		.4byte	.LASF45
 692 0292 07       		.byte	0x7
 693 0293 E5       		.byte	0xe5
 694 0294 98020000 		.4byte	0x298
 695 0298 0A       		.uleb128 0xa
 696 0299 04       		.byte	0x4
 697 029a 03       		.uleb128 0x3
 698 029b F6010000 		.4byte	.LASF46
 699 029f 07       		.byte	0x7
 700 02a0 EB       		.byte	0xeb
 701 02a1 94000000 		.4byte	0x94
 702 02a5 0B       		.uleb128 0xb
 703 02a6 29030000 		.4byte	.LASF47
 704 02aa 24       		.byte	0x24
 705 02ab 07       		.byte	0x7
 706 02ac 0C01     		.2byte	0x10c
 707 02ae 33030000 		.4byte	0x333
 708 02b2 0C       		.uleb128 0xc
 709 02b3 723400   		.ascii	"r4\000"
 710 02b6 07       		.byte	0x7
 711 02b7 1F01     		.2byte	0x11f
 712 02b9 8D020000 		.4byte	0x28d
 713 02bd 02       		.byte	0x2
 714 02be 23       		.byte	0x23
 715 02bf 00       		.uleb128 0
 716 02c0 0C       		.uleb128 0xc
 717 02c1 723500   		.ascii	"r5\000"
 718 02c4 07       		.byte	0x7
 719 02c5 2001     		.2byte	0x120
 720 02c7 8D020000 		.4byte	0x28d
 721 02cb 02       		.byte	0x2
 722 02cc 23       		.byte	0x23
 723 02cd 04       		.uleb128 0x4
 724 02ce 0C       		.uleb128 0xc
 725 02cf 723600   		.ascii	"r6\000"
 726 02d2 07       		.byte	0x7
 727 02d3 2101     		.2byte	0x121
 728 02d5 8D020000 		.4byte	0x28d
 729 02d9 02       		.byte	0x2
 730 02da 23       		.byte	0x23
 731 02db 08       		.uleb128 0x8
 732 02dc 0C       		.uleb128 0xc
 733 02dd 723700   		.ascii	"r7\000"
 734 02e0 07       		.byte	0x7
 735 02e1 2201     		.2byte	0x122
 736 02e3 8D020000 		.4byte	0x28d
ARM GAS  /tmp/ccAHQDFe.s 			page 14


 737 02e7 02       		.byte	0x2
 738 02e8 23       		.byte	0x23
 739 02e9 0C       		.uleb128 0xc
 740 02ea 0C       		.uleb128 0xc
 741 02eb 723800   		.ascii	"r8\000"
 742 02ee 07       		.byte	0x7
 743 02ef 2301     		.2byte	0x123
 744 02f1 8D020000 		.4byte	0x28d
 745 02f5 02       		.byte	0x2
 746 02f6 23       		.byte	0x23
 747 02f7 10       		.uleb128 0x10
 748 02f8 0C       		.uleb128 0xc
 749 02f9 723900   		.ascii	"r9\000"
 750 02fc 07       		.byte	0x7
 751 02fd 2401     		.2byte	0x124
 752 02ff 8D020000 		.4byte	0x28d
 753 0303 02       		.byte	0x2
 754 0304 23       		.byte	0x23
 755 0305 14       		.uleb128 0x14
 756 0306 0C       		.uleb128 0xc
 757 0307 72313000 		.ascii	"r10\000"
 758 030b 07       		.byte	0x7
 759 030c 2501     		.2byte	0x125
 760 030e 8D020000 		.4byte	0x28d
 761 0312 02       		.byte	0x2
 762 0313 23       		.byte	0x23
 763 0314 18       		.uleb128 0x18
 764 0315 0C       		.uleb128 0xc
 765 0316 72313100 		.ascii	"r11\000"
 766 031a 07       		.byte	0x7
 767 031b 2601     		.2byte	0x126
 768 031d 8D020000 		.4byte	0x28d
 769 0321 02       		.byte	0x2
 770 0322 23       		.byte	0x23
 771 0323 1C       		.uleb128 0x1c
 772 0324 0C       		.uleb128 0xc
 773 0325 6C7200   		.ascii	"lr\000"
 774 0328 07       		.byte	0x7
 775 0329 2701     		.2byte	0x127
 776 032b 8D020000 		.4byte	0x28d
 777 032f 02       		.byte	0x2
 778 0330 23       		.byte	0x23
 779 0331 20       		.uleb128 0x20
 780 0332 00       		.byte	0
 781 0333 0B       		.uleb128 0xb
 782 0334 9E010000 		.4byte	.LASF48
 783 0338 04       		.byte	0x4
 784 0339 07       		.byte	0x7
 785 033a 3101     		.2byte	0x131
 786 033c 50030000 		.4byte	0x350
 787 0340 0C       		.uleb128 0xc
 788 0341 72313300 		.ascii	"r13\000"
 789 0345 07       		.byte	0x7
 790 0346 3201     		.2byte	0x132
 791 0348 50030000 		.4byte	0x350
 792 034c 02       		.byte	0x2
 793 034d 23       		.byte	0x23
ARM GAS  /tmp/ccAHQDFe.s 			page 15


 794 034e 00       		.uleb128 0
 795 034f 00       		.byte	0
 796 0350 09       		.uleb128 0x9
 797 0351 04       		.byte	0x4
 798 0352 A5020000 		.4byte	0x2a5
 799 0356 0D       		.uleb128 0xd
 800 0357 FA000000 		.4byte	0xfa
 801 035b 05       		.uleb128 0x5
 802 035c E4010000 		.4byte	.LASF49
 803 0360 10       		.byte	0x10
 804 0361 08       		.byte	0x8
 805 0362 2C       		.byte	0x2c
 806 0363 92030000 		.4byte	0x392
 807 0367 06       		.uleb128 0x6
 808 0368 BE000000 		.4byte	.LASF50
 809 036c 08       		.byte	0x8
 810 036d 2D       		.byte	0x2d
 811 036e 60020000 		.4byte	0x260
 812 0372 02       		.byte	0x2
 813 0373 23       		.byte	0x23
 814 0374 00       		.uleb128 0
 815 0375 06       		.uleb128 0x6
 816 0376 64030000 		.4byte	.LASF51
 817 037a 08       		.byte	0x8
 818 037b 2F       		.byte	0x2f
 819 037c 5A020000 		.4byte	0x25a
 820 0380 02       		.byte	0x2
 821 0381 23       		.byte	0x23
 822 0382 08       		.uleb128 0x8
 823 0383 06       		.uleb128 0x6
 824 0384 06030000 		.4byte	.LASF52
 825 0388 08       		.byte	0x8
 826 0389 31       		.byte	0x31
 827 038a 92030000 		.4byte	0x392
 828 038e 02       		.byte	0x2
 829 038f 23       		.byte	0x23
 830 0390 0C       		.uleb128 0xc
 831 0391 00       		.byte	0
 832 0392 09       		.uleb128 0x9
 833 0393 04       		.byte	0x4
 834 0394 5B030000 		.4byte	0x35b
 835 0398 03       		.uleb128 0x3
 836 0399 E4010000 		.4byte	.LASF49
 837 039d 08       		.byte	0x8
 838 039e 33       		.byte	0x33
 839 039f 5B030000 		.4byte	0x35b
 840 03a3 03       		.uleb128 0x3
 841 03a4 50000000 		.4byte	.LASF53
 842 03a8 09       		.byte	0x9
 843 03a9 2C       		.byte	0x2c
 844 03aa AE030000 		.4byte	0x3ae
 845 03ae 09       		.uleb128 0x9
 846 03af 04       		.byte	0x4
 847 03b0 B4030000 		.4byte	0x3b4
 848 03b4 0E       		.uleb128 0xe
 849 03b5 01       		.byte	0x1
 850 03b6 98020000 		.4byte	0x298
ARM GAS  /tmp/ccAHQDFe.s 			page 16


 851 03ba C4030000 		.4byte	0x3c4
 852 03be 0F       		.uleb128 0xf
 853 03bf 30000000 		.4byte	0x30
 854 03c3 00       		.byte	0
 855 03c4 03       		.uleb128 0x3
 856 03c5 2A020000 		.4byte	.LASF54
 857 03c9 0A       		.byte	0xa
 858 03ca 34       		.byte	0x34
 859 03cb CF030000 		.4byte	0x3cf
 860 03cf 05       		.uleb128 0x5
 861 03d0 7C030000 		.4byte	.LASF55
 862 03d4 20       		.byte	0x20
 863 03d5 0A       		.byte	0xa
 864 03d6 47       		.byte	0x47
 865 03d7 06040000 		.4byte	0x406
 866 03db 06       		.uleb128 0x6
 867 03dc 75020000 		.4byte	.LASF56
 868 03e0 0A       		.byte	0xa
 869 03e1 48       		.byte	0x48
 870 03e2 A3030000 		.4byte	0x3a3
 871 03e6 02       		.byte	0x2
 872 03e7 23       		.byte	0x23
 873 03e8 00       		.uleb128 0
 874 03e9 06       		.uleb128 0x6
 875 03ea 7D000000 		.4byte	.LASF57
 876 03ee 0A       		.byte	0xa
 877 03ef 4A       		.byte	0x4a
 878 03f0 25040000 		.4byte	0x425
 879 03f4 02       		.byte	0x2
 880 03f5 23       		.byte	0x23
 881 03f6 08       		.uleb128 0x8
 882 03f7 06       		.uleb128 0x6
 883 03f8 B0000000 		.4byte	.LASF58
 884 03fc 0A       		.byte	0xa
 885 03fd 4C       		.byte	0x4c
 886 03fe 98030000 		.4byte	0x398
 887 0402 02       		.byte	0x2
 888 0403 23       		.byte	0x23
 889 0404 10       		.uleb128 0x10
 890 0405 00       		.byte	0
 891 0406 10       		.uleb128 0x10
 892 0407 04       		.byte	0x4
 893 0408 0A       		.byte	0xa
 894 0409 3C       		.byte	0x3c
 895 040a 25040000 		.4byte	0x425
 896 040e 11       		.uleb128 0x11
 897 040f 8A000000 		.4byte	.LASF59
 898 0413 0A       		.byte	0xa
 899 0414 3D       		.byte	0x3d
 900 0415 46040000 		.4byte	0x446
 901 0419 11       		.uleb128 0x11
 902 041a FC020000 		.4byte	.LASF60
 903 041e 0A       		.byte	0xa
 904 041f 3E       		.byte	0x3e
 905 0420 4C040000 		.4byte	0x44c
 906 0424 00       		.byte	0
 907 0425 12       		.uleb128 0x12
ARM GAS  /tmp/ccAHQDFe.s 			page 17


 908 0426 A6020000 		.4byte	.LASF84
 909 042a 08       		.byte	0x8
 910 042b 0A       		.byte	0xa
 911 042c 39       		.byte	0x39
 912 042d 46040000 		.4byte	0x446
 913 0431 11       		.uleb128 0x11
 914 0432 79010000 		.4byte	.LASF61
 915 0436 0A       		.byte	0xa
 916 0437 3A       		.byte	0x3a
 917 0438 9A020000 		.4byte	0x29a
 918 043c 13       		.uleb128 0x13
 919 043d 6800     		.ascii	"h\000"
 920 043f 0A       		.byte	0xa
 921 0440 41       		.byte	0x41
 922 0441 52040000 		.4byte	0x452
 923 0445 00       		.byte	0
 924 0446 09       		.uleb128 0x9
 925 0447 04       		.byte	0x4
 926 0448 25040000 		.4byte	0x425
 927 044c 09       		.uleb128 0x9
 928 044d 04       		.byte	0x4
 929 044e C4030000 		.4byte	0x3c4
 930 0452 08       		.uleb128 0x8
 931 0453 08       		.byte	0x8
 932 0454 0A       		.byte	0xa
 933 0455 3B       		.byte	0x3b
 934 0456 75040000 		.4byte	0x475
 935 045a 07       		.uleb128 0x7
 936 045b 7500     		.ascii	"u\000"
 937 045d 0A       		.byte	0xa
 938 045e 3F       		.byte	0x3f
 939 045f 06040000 		.4byte	0x406
 940 0463 02       		.byte	0x2
 941 0464 23       		.byte	0x23
 942 0465 00       		.uleb128 0
 943 0466 06       		.uleb128 0x6
 944 0467 A6010000 		.4byte	.LASF62
 945 046b 0A       		.byte	0xa
 946 046c 40       		.byte	0x40
 947 046d 30000000 		.4byte	0x30
 948 0471 02       		.byte	0x2
 949 0472 23       		.byte	0x23
 950 0473 04       		.uleb128 0x4
 951 0474 00       		.byte	0
 952 0475 05       		.uleb128 0x5
 953 0476 3B030000 		.4byte	.LASF63
 954 047a 04       		.byte	0x4
 955 047b 0B       		.byte	0xb
 956 047c 2C       		.byte	0x2c
 957 047d 90040000 		.4byte	0x490
 958 0481 06       		.uleb128 0x6
 959 0482 35020000 		.4byte	.LASF64
 960 0486 0B       		.byte	0xb
 961 0487 2D       		.byte	0x2d
 962 0488 90040000 		.4byte	0x490
 963 048c 02       		.byte	0x2
 964 048d 23       		.byte	0x23
ARM GAS  /tmp/ccAHQDFe.s 			page 18


 965 048e 00       		.uleb128 0
 966 048f 00       		.byte	0
 967 0490 09       		.uleb128 0x9
 968 0491 04       		.byte	0x4
 969 0492 75040000 		.4byte	0x475
 970 0496 08       		.uleb128 0x8
 971 0497 0C       		.byte	0xc
 972 0498 0B       		.byte	0xb
 973 0499 34       		.byte	0x34
 974 049a C9040000 		.4byte	0x4c9
 975 049e 06       		.uleb128 0x6
 976 049f F6000000 		.4byte	.LASF65
 977 04a3 0B       		.byte	0xb
 978 04a4 35       		.byte	0x35
 979 04a5 90040000 		.4byte	0x490
 980 04a9 02       		.byte	0x2
 981 04aa 23       		.byte	0x23
 982 04ab 00       		.uleb128 0
 983 04ac 06       		.uleb128 0x6
 984 04ad 16020000 		.4byte	.LASF66
 985 04b1 0B       		.byte	0xb
 986 04b2 36       		.byte	0x36
 987 04b3 30000000 		.4byte	0x30
 988 04b7 02       		.byte	0x2
 989 04b8 23       		.byte	0x23
 990 04b9 04       		.uleb128 0x4
 991 04ba 06       		.uleb128 0x6
 992 04bb 64010000 		.4byte	.LASF67
 993 04bf 0B       		.byte	0xb
 994 04c0 38       		.byte	0x38
 995 04c1 A3030000 		.4byte	0x3a3
 996 04c5 02       		.byte	0x2
 997 04c6 23       		.byte	0x23
 998 04c7 08       		.uleb128 0x8
 999 04c8 00       		.byte	0
 1000 04c9 03       		.uleb128 0x3
 1001 04ca 45000000 		.4byte	.LASF68
 1002 04ce 0B       		.byte	0xb
 1003 04cf 3A       		.byte	0x3a
 1004 04d0 96040000 		.4byte	0x496
 1005 04d4 10       		.uleb128 0x10
 1006 04d5 04       		.byte	0x4
 1007 04d6 06       		.byte	0x6
 1008 04d7 96       		.byte	0x96
 1009 04d8 09050000 		.4byte	0x509
 1010 04dc 11       		.uleb128 0x11
 1011 04dd 35000000 		.4byte	.LASF69
 1012 04e1 06       		.byte	0x6
 1013 04e2 9D       		.byte	0x9d
 1014 04e3 E4000000 		.4byte	0xe4
 1015 04e7 11       		.uleb128 0x11
 1016 04e8 74000000 		.4byte	.LASF70
 1017 04ec 06       		.byte	0x6
 1018 04ed A4       		.byte	0xa4
 1019 04ee E4000000 		.4byte	0xe4
 1020 04f2 11       		.uleb128 0x11
 1021 04f3 56030000 		.4byte	.LASF71
ARM GAS  /tmp/ccAHQDFe.s 			page 19


 1022 04f7 06       		.byte	0x6
 1023 04f8 AB       		.byte	0xab
 1024 04f9 98020000 		.4byte	0x298
 1025 04fd 11       		.uleb128 0x11
 1026 04fe B2020000 		.4byte	.LASF72
 1027 0502 06       		.byte	0x6
 1028 0503 B2       		.byte	0xb2
 1029 0504 EF000000 		.4byte	0xef
 1030 0508 00       		.byte	0
 1031 0509 09       		.uleb128 0x9
 1032 050a 04       		.byte	0x4
 1033 050b 0F050000 		.4byte	0x50f
 1034 050f 14       		.uleb128 0x14
 1035 0510 14050000 		.4byte	0x514
 1036 0514 04       		.uleb128 0x4
 1037 0515 01       		.byte	0x1
 1038 0516 08       		.byte	0x8
 1039 0517 01030000 		.4byte	.LASF73
 1040 051b 09       		.uleb128 0x9
 1041 051c 04       		.byte	0x4
 1042 051d 98030000 		.4byte	0x398
 1043 0521 03       		.uleb128 0x3
 1044 0522 00000000 		.4byte	.LASF74
 1045 0526 06       		.byte	0x6
 1046 0527 E5       		.byte	0xe5
 1047 0528 2C050000 		.4byte	0x52c
 1048 052c 09       		.uleb128 0x9
 1049 052d 04       		.byte	0x4
 1050 052e 32050000 		.4byte	0x532
 1051 0532 0E       		.uleb128 0xe
 1052 0533 01       		.byte	0x1
 1053 0534 E4000000 		.4byte	0xe4
 1054 0538 42050000 		.4byte	0x542
 1055 053c 0F       		.uleb128 0xf
 1056 053d 98020000 		.4byte	0x298
 1057 0541 00       		.byte	0
 1058 0542 15       		.uleb128 0x15
 1059 0543 01       		.byte	0x1
 1060 0544 EA010000 		.4byte	.LASF76
 1061 0548 01       		.byte	0x1
 1062 0549 34       		.byte	0x34
 1063 054a 01       		.byte	0x1
 1064 054b 5A020000 		.4byte	0x25a
 1065 054f 00000000 		.4byte	.LFB7
 1066 0553 14000000 		.4byte	.LFE7
 1067 0557 02       		.byte	0x2
 1068 0558 7D       		.byte	0x7d
 1069 0559 00       		.sleb128 0
 1070 055a A1050000 		.4byte	0x5a1
 1071 055e 16       		.uleb128 0x16
 1072 055f 747000   		.ascii	"tp\000"
 1073 0562 01       		.byte	0x1
 1074 0563 34       		.byte	0x34
 1075 0564 5A020000 		.4byte	0x25a
 1076 0568 01       		.byte	0x1
 1077 0569 50       		.byte	0x50
 1078 056a 17       		.uleb128 0x17
ARM GAS  /tmp/ccAHQDFe.s 			page 20


 1079 056b 00000000 		.4byte	.LBB2
 1080 056f 06000000 		.4byte	.LBE2
 1081 0573 87050000 		.4byte	0x587
 1082 0577 18       		.uleb128 0x18
 1083 0578 746D7000 		.ascii	"tmp\000"
 1084 057c 01       		.byte	0x1
 1085 057d 36       		.byte	0x36
 1086 057e 7B000000 		.4byte	0x7b
 1087 0582 00000000 		.4byte	.LLST0
 1088 0586 00       		.byte	0
 1089 0587 19       		.uleb128 0x19
 1090 0588 0C000000 		.4byte	.LBB3
 1091 058c 12000000 		.4byte	.LBE3
 1092 0590 18       		.uleb128 0x18
 1093 0591 746D7000 		.ascii	"tmp\000"
 1094 0595 01       		.byte	0x1
 1095 0596 39       		.byte	0x39
 1096 0597 7B000000 		.4byte	0x7b
 1097 059b 13000000 		.4byte	.LLST1
 1098 059f 00       		.byte	0
 1099 05a0 00       		.byte	0
 1100 05a1 1A       		.uleb128 0x1a
 1101 05a2 01       		.byte	0x1
 1102 05a3 C8020000 		.4byte	.LASF85
 1103 05a7 01       		.byte	0x1
 1104 05a8 4A       		.byte	0x4a
 1105 05a9 01       		.byte	0x1
 1106 05aa 00000000 		.4byte	.LFB8
 1107 05ae 50000000 		.4byte	.LFE8
 1108 05b2 02       		.byte	0x2
 1109 05b3 7D       		.byte	0x7d
 1110 05b4 00       		.sleb128 0
 1111 05b5 0D060000 		.4byte	0x60d
 1112 05b9 1B       		.uleb128 0x1b
 1113 05ba 747000   		.ascii	"tp\000"
 1114 05bd 01       		.byte	0x1
 1115 05be 4A       		.byte	0x4a
 1116 05bf 5A020000 		.4byte	0x25a
 1117 05c3 26000000 		.4byte	.LLST2
 1118 05c7 1C       		.uleb128 0x1c
 1119 05c8 45020000 		.4byte	.LASF75
 1120 05cc 01       		.byte	0x1
 1121 05cd 4B       		.byte	0x4b
 1122 05ce C3000000 		.4byte	0xc3
 1123 05d2 4F000000 		.4byte	.LLST3
 1124 05d6 17       		.uleb128 0x17
 1125 05d7 02000000 		.4byte	.LBB4
 1126 05db 08000000 		.4byte	.LBE4
 1127 05df F3050000 		.4byte	0x5f3
 1128 05e3 18       		.uleb128 0x18
 1129 05e4 746D7000 		.ascii	"tmp\000"
 1130 05e8 01       		.byte	0x1
 1131 05e9 4D       		.byte	0x4d
 1132 05ea 7B000000 		.4byte	0x7b
 1133 05ee 6D000000 		.4byte	.LLST4
 1134 05f2 00       		.byte	0
 1135 05f3 19       		.uleb128 0x19
ARM GAS  /tmp/ccAHQDFe.s 			page 21


 1136 05f4 10000000 		.4byte	.LBB5
 1137 05f8 16000000 		.4byte	.LBE5
 1138 05fc 18       		.uleb128 0x18
 1139 05fd 746D7000 		.ascii	"tmp\000"
 1140 0601 01       		.byte	0x1
 1141 0602 50       		.byte	0x50
 1142 0603 7B000000 		.4byte	0x7b
 1143 0607 80000000 		.4byte	.LLST5
 1144 060b 00       		.byte	0
 1145 060c 00       		.byte	0
 1146 060d 1D       		.uleb128 0x1d
 1147 060e 01       		.byte	0x1
 1148 060f D9000000 		.4byte	.LASF77
 1149 0613 01       		.byte	0x1
 1150 0614 82       		.byte	0x82
 1151 0615 01       		.byte	0x1
 1152 0616 5A020000 		.4byte	0x25a
 1153 061a 00000000 		.4byte	.LFB9
 1154 061e 40000000 		.4byte	.LFE9
 1155 0622 93000000 		.4byte	.LLST6
 1156 0626 C7060000 		.4byte	0x6c7
 1157 062a 1E       		.uleb128 0x1e
 1158 062b 84000000 		.4byte	.LASF78
 1159 062f 01       		.byte	0x1
 1160 0630 82       		.byte	0x82
 1161 0631 4C040000 		.4byte	0x44c
 1162 0635 BF000000 		.4byte	.LLST7
 1163 0639 1E       		.uleb128 0x1e
 1164 063a A6010000 		.4byte	.LASF62
 1165 063e 01       		.byte	0x1
 1166 063f 82       		.byte	0x82
 1167 0640 30000000 		.4byte	0x30
 1168 0644 D2000000 		.4byte	.LLST8
 1169 0648 1E       		.uleb128 0x1e
 1170 0649 25020000 		.4byte	.LASF79
 1171 064d 01       		.byte	0x1
 1172 064e 83       		.byte	0x83
 1173 064f D9000000 		.4byte	0xd9
 1174 0653 06010000 		.4byte	.LLST9
 1175 0657 1B       		.uleb128 0x1b
 1176 0658 706600   		.ascii	"pf\000"
 1177 065b 01       		.byte	0x1
 1178 065c 83       		.byte	0x83
 1179 065d 21050000 		.4byte	0x521
 1180 0661 24010000 		.4byte	.LLST10
 1181 0665 16       		.uleb128 0x16
 1182 0666 61726700 		.ascii	"arg\000"
 1183 066a 01       		.byte	0x1
 1184 066b 83       		.byte	0x83
 1185 066c 98020000 		.4byte	0x298
 1186 0670 02       		.byte	0x2
 1187 0671 91       		.byte	0x91
 1188 0672 00       		.sleb128 0
 1189 0673 18       		.uleb128 0x18
 1190 0674 77737000 		.ascii	"wsp\000"
 1191 0678 01       		.byte	0x1
 1192 0679 84       		.byte	0x84
ARM GAS  /tmp/ccAHQDFe.s 			page 22


 1193 067a 98020000 		.4byte	0x298
 1194 067e 42010000 		.4byte	.LLST11
 1195 0682 18       		.uleb128 0x18
 1196 0683 747000   		.ascii	"tp\000"
 1197 0686 01       		.byte	0x1
 1198 0687 85       		.byte	0x85
 1199 0688 5A020000 		.4byte	0x25a
 1200 068c 60010000 		.4byte	.LLST12
 1201 0690 17       		.uleb128 0x17
 1202 0691 10000000 		.4byte	.LBB6
 1203 0695 16000000 		.4byte	.LBE6
 1204 0699 AD060000 		.4byte	0x6ad
 1205 069d 18       		.uleb128 0x18
 1206 069e 746D7000 		.ascii	"tmp\000"
 1207 06a2 01       		.byte	0x1
 1208 06a3 94       		.byte	0x94
 1209 06a4 7B000000 		.4byte	0x7b
 1210 06a8 7E010000 		.4byte	.LLST13
 1211 06ac 00       		.byte	0
 1212 06ad 19       		.uleb128 0x19
 1213 06ae 30000000 		.4byte	.LBB7
 1214 06b2 36000000 		.4byte	.LBE7
 1215 06b6 18       		.uleb128 0x18
 1216 06b7 746D7000 		.ascii	"tmp\000"
 1217 06bb 01       		.byte	0x1
 1218 06bc 98       		.byte	0x98
 1219 06bd 7B000000 		.4byte	0x7b
 1220 06c1 91010000 		.4byte	.LLST14
 1221 06c5 00       		.byte	0
 1222 06c6 00       		.byte	0
 1223 06c7 1D       		.uleb128 0x1d
 1224 06c8 01       		.byte	0x1
 1225 06c9 4A010000 		.4byte	.LASF80
 1226 06cd 01       		.byte	0x1
 1227 06ce B3       		.byte	0xb3
 1228 06cf 01       		.byte	0x1
 1229 06d0 5A020000 		.4byte	0x25a
 1230 06d4 00000000 		.4byte	.LFB10
 1231 06d8 42000000 		.4byte	.LFE10
 1232 06dc A4010000 		.4byte	.LLST15
 1233 06e0 72070000 		.4byte	0x772
 1234 06e4 1B       		.uleb128 0x1b
 1235 06e5 6D7000   		.ascii	"mp\000"
 1236 06e8 01       		.byte	0x1
 1237 06e9 B3       		.byte	0xb3
 1238 06ea 72070000 		.4byte	0x772
 1239 06ee D0010000 		.4byte	.LLST16
 1240 06f2 1E       		.uleb128 0x1e
 1241 06f3 25020000 		.4byte	.LASF79
 1242 06f7 01       		.byte	0x1
 1243 06f8 B3       		.byte	0xb3
 1244 06f9 D9000000 		.4byte	0xd9
 1245 06fd EE010000 		.4byte	.LLST17
 1246 0701 1B       		.uleb128 0x1b
 1247 0702 706600   		.ascii	"pf\000"
 1248 0705 01       		.byte	0x1
 1249 0706 B4       		.byte	0xb4
ARM GAS  /tmp/ccAHQDFe.s 			page 23


 1250 0707 21050000 		.4byte	0x521
 1251 070b 17020000 		.4byte	.LLST18
 1252 070f 1B       		.uleb128 0x1b
 1253 0710 61726700 		.ascii	"arg\000"
 1254 0714 01       		.byte	0x1
 1255 0715 B4       		.byte	0xb4
 1256 0716 98020000 		.4byte	0x298
 1257 071a 35020000 		.4byte	.LLST19
 1258 071e 18       		.uleb128 0x18
 1259 071f 77737000 		.ascii	"wsp\000"
 1260 0723 01       		.byte	0x1
 1261 0724 B5       		.byte	0xb5
 1262 0725 98020000 		.4byte	0x298
 1263 0729 53020000 		.4byte	.LLST20
 1264 072d 18       		.uleb128 0x18
 1265 072e 747000   		.ascii	"tp\000"
 1266 0731 01       		.byte	0x1
 1267 0732 B6       		.byte	0xb6
 1268 0733 5A020000 		.4byte	0x25a
 1269 0737 71020000 		.4byte	.LLST21
 1270 073b 17       		.uleb128 0x17
 1271 073c 12000000 		.4byte	.LBB8
 1272 0740 18000000 		.4byte	.LBE8
 1273 0744 58070000 		.4byte	0x758
 1274 0748 18       		.uleb128 0x18
 1275 0749 746D7000 		.ascii	"tmp\000"
 1276 074d 01       		.byte	0x1
 1277 074e C7       		.byte	0xc7
 1278 074f 7B000000 		.4byte	0x7b
 1279 0753 8F020000 		.4byte	.LLST22
 1280 0757 00       		.byte	0
 1281 0758 19       		.uleb128 0x19
 1282 0759 32000000 		.4byte	.LBB9
 1283 075d 38000000 		.4byte	.LBE9
 1284 0761 18       		.uleb128 0x18
 1285 0762 746D7000 		.ascii	"tmp\000"
 1286 0766 01       		.byte	0x1
 1287 0767 CC       		.byte	0xcc
 1288 0768 7B000000 		.4byte	0x7b
 1289 076c A2020000 		.4byte	.LLST23
 1290 0770 00       		.byte	0
 1291 0771 00       		.byte	0
 1292 0772 09       		.uleb128 0x9
 1293 0773 04       		.byte	0x4
 1294 0774 C9040000 		.4byte	0x4c9
 1295 0778 00       		.byte	0
 1296              		.section	.debug_abbrev,"",%progbits
 1297              	.Ldebug_abbrev0:
 1298 0000 01       		.uleb128 0x1
 1299 0001 11       		.uleb128 0x11
 1300 0002 01       		.byte	0x1
 1301 0003 25       		.uleb128 0x25
 1302 0004 0E       		.uleb128 0xe
 1303 0005 13       		.uleb128 0x13
 1304 0006 0B       		.uleb128 0xb
 1305 0007 03       		.uleb128 0x3
 1306 0008 0E       		.uleb128 0xe
ARM GAS  /tmp/ccAHQDFe.s 			page 24


 1307 0009 1B       		.uleb128 0x1b
 1308 000a 0E       		.uleb128 0xe
 1309 000b 11       		.uleb128 0x11
 1310 000c 01       		.uleb128 0x1
 1311 000d 52       		.uleb128 0x52
 1312 000e 01       		.uleb128 0x1
 1313 000f 55       		.uleb128 0x55
 1314 0010 06       		.uleb128 0x6
 1315 0011 10       		.uleb128 0x10
 1316 0012 06       		.uleb128 0x6
 1317 0013 00       		.byte	0
 1318 0014 00       		.byte	0
 1319 0015 02       		.uleb128 0x2
 1320 0016 24       		.uleb128 0x24
 1321 0017 00       		.byte	0
 1322 0018 0B       		.uleb128 0xb
 1323 0019 0B       		.uleb128 0xb
 1324 001a 3E       		.uleb128 0x3e
 1325 001b 0B       		.uleb128 0xb
 1326 001c 03       		.uleb128 0x3
 1327 001d 08       		.uleb128 0x8
 1328 001e 00       		.byte	0
 1329 001f 00       		.byte	0
 1330 0020 03       		.uleb128 0x3
 1331 0021 16       		.uleb128 0x16
 1332 0022 00       		.byte	0
 1333 0023 03       		.uleb128 0x3
 1334 0024 0E       		.uleb128 0xe
 1335 0025 3A       		.uleb128 0x3a
 1336 0026 0B       		.uleb128 0xb
 1337 0027 3B       		.uleb128 0x3b
 1338 0028 0B       		.uleb128 0xb
 1339 0029 49       		.uleb128 0x49
 1340 002a 13       		.uleb128 0x13
 1341 002b 00       		.byte	0
 1342 002c 00       		.byte	0
 1343 002d 04       		.uleb128 0x4
 1344 002e 24       		.uleb128 0x24
 1345 002f 00       		.byte	0
 1346 0030 0B       		.uleb128 0xb
 1347 0031 0B       		.uleb128 0xb
 1348 0032 3E       		.uleb128 0x3e
 1349 0033 0B       		.uleb128 0xb
 1350 0034 03       		.uleb128 0x3
 1351 0035 0E       		.uleb128 0xe
 1352 0036 00       		.byte	0
 1353 0037 00       		.byte	0
 1354 0038 05       		.uleb128 0x5
 1355 0039 13       		.uleb128 0x13
 1356 003a 01       		.byte	0x1
 1357 003b 03       		.uleb128 0x3
 1358 003c 0E       		.uleb128 0xe
 1359 003d 0B       		.uleb128 0xb
 1360 003e 0B       		.uleb128 0xb
 1361 003f 3A       		.uleb128 0x3a
 1362 0040 0B       		.uleb128 0xb
 1363 0041 3B       		.uleb128 0x3b
ARM GAS  /tmp/ccAHQDFe.s 			page 25


 1364 0042 0B       		.uleb128 0xb
 1365 0043 01       		.uleb128 0x1
 1366 0044 13       		.uleb128 0x13
 1367 0045 00       		.byte	0
 1368 0046 00       		.byte	0
 1369 0047 06       		.uleb128 0x6
 1370 0048 0D       		.uleb128 0xd
 1371 0049 00       		.byte	0
 1372 004a 03       		.uleb128 0x3
 1373 004b 0E       		.uleb128 0xe
 1374 004c 3A       		.uleb128 0x3a
 1375 004d 0B       		.uleb128 0xb
 1376 004e 3B       		.uleb128 0x3b
 1377 004f 0B       		.uleb128 0xb
 1378 0050 49       		.uleb128 0x49
 1379 0051 13       		.uleb128 0x13
 1380 0052 38       		.uleb128 0x38
 1381 0053 0A       		.uleb128 0xa
 1382 0054 00       		.byte	0
 1383 0055 00       		.byte	0
 1384 0056 07       		.uleb128 0x7
 1385 0057 0D       		.uleb128 0xd
 1386 0058 00       		.byte	0
 1387 0059 03       		.uleb128 0x3
 1388 005a 08       		.uleb128 0x8
 1389 005b 3A       		.uleb128 0x3a
 1390 005c 0B       		.uleb128 0xb
 1391 005d 3B       		.uleb128 0x3b
 1392 005e 0B       		.uleb128 0xb
 1393 005f 49       		.uleb128 0x49
 1394 0060 13       		.uleb128 0x13
 1395 0061 38       		.uleb128 0x38
 1396 0062 0A       		.uleb128 0xa
 1397 0063 00       		.byte	0
 1398 0064 00       		.byte	0
 1399 0065 08       		.uleb128 0x8
 1400 0066 13       		.uleb128 0x13
 1401 0067 01       		.byte	0x1
 1402 0068 0B       		.uleb128 0xb
 1403 0069 0B       		.uleb128 0xb
 1404 006a 3A       		.uleb128 0x3a
 1405 006b 0B       		.uleb128 0xb
 1406 006c 3B       		.uleb128 0x3b
 1407 006d 0B       		.uleb128 0xb
 1408 006e 01       		.uleb128 0x1
 1409 006f 13       		.uleb128 0x13
 1410 0070 00       		.byte	0
 1411 0071 00       		.byte	0
 1412 0072 09       		.uleb128 0x9
 1413 0073 0F       		.uleb128 0xf
 1414 0074 00       		.byte	0
 1415 0075 0B       		.uleb128 0xb
 1416 0076 0B       		.uleb128 0xb
 1417 0077 49       		.uleb128 0x49
 1418 0078 13       		.uleb128 0x13
 1419 0079 00       		.byte	0
 1420 007a 00       		.byte	0
ARM GAS  /tmp/ccAHQDFe.s 			page 26


 1421 007b 0A       		.uleb128 0xa
 1422 007c 0F       		.uleb128 0xf
 1423 007d 00       		.byte	0
 1424 007e 0B       		.uleb128 0xb
 1425 007f 0B       		.uleb128 0xb
 1426 0080 00       		.byte	0
 1427 0081 00       		.byte	0
 1428 0082 0B       		.uleb128 0xb
 1429 0083 13       		.uleb128 0x13
 1430 0084 01       		.byte	0x1
 1431 0085 03       		.uleb128 0x3
 1432 0086 0E       		.uleb128 0xe
 1433 0087 0B       		.uleb128 0xb
 1434 0088 0B       		.uleb128 0xb
 1435 0089 3A       		.uleb128 0x3a
 1436 008a 0B       		.uleb128 0xb
 1437 008b 3B       		.uleb128 0x3b
 1438 008c 05       		.uleb128 0x5
 1439 008d 01       		.uleb128 0x1
 1440 008e 13       		.uleb128 0x13
 1441 008f 00       		.byte	0
 1442 0090 00       		.byte	0
 1443 0091 0C       		.uleb128 0xc
 1444 0092 0D       		.uleb128 0xd
 1445 0093 00       		.byte	0
 1446 0094 03       		.uleb128 0x3
 1447 0095 08       		.uleb128 0x8
 1448 0096 3A       		.uleb128 0x3a
 1449 0097 0B       		.uleb128 0xb
 1450 0098 3B       		.uleb128 0x3b
 1451 0099 05       		.uleb128 0x5
 1452 009a 49       		.uleb128 0x49
 1453 009b 13       		.uleb128 0x13
 1454 009c 38       		.uleb128 0x38
 1455 009d 0A       		.uleb128 0xa
 1456 009e 00       		.byte	0
 1457 009f 00       		.byte	0
 1458 00a0 0D       		.uleb128 0xd
 1459 00a1 35       		.uleb128 0x35
 1460 00a2 00       		.byte	0
 1461 00a3 49       		.uleb128 0x49
 1462 00a4 13       		.uleb128 0x13
 1463 00a5 00       		.byte	0
 1464 00a6 00       		.byte	0
 1465 00a7 0E       		.uleb128 0xe
 1466 00a8 15       		.uleb128 0x15
 1467 00a9 01       		.byte	0x1
 1468 00aa 27       		.uleb128 0x27
 1469 00ab 0C       		.uleb128 0xc
 1470 00ac 49       		.uleb128 0x49
 1471 00ad 13       		.uleb128 0x13
 1472 00ae 01       		.uleb128 0x1
 1473 00af 13       		.uleb128 0x13
 1474 00b0 00       		.byte	0
 1475 00b1 00       		.byte	0
 1476 00b2 0F       		.uleb128 0xf
 1477 00b3 05       		.uleb128 0x5
ARM GAS  /tmp/ccAHQDFe.s 			page 27


 1478 00b4 00       		.byte	0
 1479 00b5 49       		.uleb128 0x49
 1480 00b6 13       		.uleb128 0x13
 1481 00b7 00       		.byte	0
 1482 00b8 00       		.byte	0
 1483 00b9 10       		.uleb128 0x10
 1484 00ba 17       		.uleb128 0x17
 1485 00bb 01       		.byte	0x1
 1486 00bc 0B       		.uleb128 0xb
 1487 00bd 0B       		.uleb128 0xb
 1488 00be 3A       		.uleb128 0x3a
 1489 00bf 0B       		.uleb128 0xb
 1490 00c0 3B       		.uleb128 0x3b
 1491 00c1 0B       		.uleb128 0xb
 1492 00c2 01       		.uleb128 0x1
 1493 00c3 13       		.uleb128 0x13
 1494 00c4 00       		.byte	0
 1495 00c5 00       		.byte	0
 1496 00c6 11       		.uleb128 0x11
 1497 00c7 0D       		.uleb128 0xd
 1498 00c8 00       		.byte	0
 1499 00c9 03       		.uleb128 0x3
 1500 00ca 0E       		.uleb128 0xe
 1501 00cb 3A       		.uleb128 0x3a
 1502 00cc 0B       		.uleb128 0xb
 1503 00cd 3B       		.uleb128 0x3b
 1504 00ce 0B       		.uleb128 0xb
 1505 00cf 49       		.uleb128 0x49
 1506 00d0 13       		.uleb128 0x13
 1507 00d1 00       		.byte	0
 1508 00d2 00       		.byte	0
 1509 00d3 12       		.uleb128 0x12
 1510 00d4 17       		.uleb128 0x17
 1511 00d5 01       		.byte	0x1
 1512 00d6 03       		.uleb128 0x3
 1513 00d7 0E       		.uleb128 0xe
 1514 00d8 0B       		.uleb128 0xb
 1515 00d9 0B       		.uleb128 0xb
 1516 00da 3A       		.uleb128 0x3a
 1517 00db 0B       		.uleb128 0xb
 1518 00dc 3B       		.uleb128 0x3b
 1519 00dd 0B       		.uleb128 0xb
 1520 00de 01       		.uleb128 0x1
 1521 00df 13       		.uleb128 0x13
 1522 00e0 00       		.byte	0
 1523 00e1 00       		.byte	0
 1524 00e2 13       		.uleb128 0x13
 1525 00e3 0D       		.uleb128 0xd
 1526 00e4 00       		.byte	0
 1527 00e5 03       		.uleb128 0x3
 1528 00e6 08       		.uleb128 0x8
 1529 00e7 3A       		.uleb128 0x3a
 1530 00e8 0B       		.uleb128 0xb
 1531 00e9 3B       		.uleb128 0x3b
 1532 00ea 0B       		.uleb128 0xb
 1533 00eb 49       		.uleb128 0x49
 1534 00ec 13       		.uleb128 0x13
ARM GAS  /tmp/ccAHQDFe.s 			page 28


 1535 00ed 00       		.byte	0
 1536 00ee 00       		.byte	0
 1537 00ef 14       		.uleb128 0x14
 1538 00f0 26       		.uleb128 0x26
 1539 00f1 00       		.byte	0
 1540 00f2 49       		.uleb128 0x49
 1541 00f3 13       		.uleb128 0x13
 1542 00f4 00       		.byte	0
 1543 00f5 00       		.byte	0
 1544 00f6 15       		.uleb128 0x15
 1545 00f7 2E       		.uleb128 0x2e
 1546 00f8 01       		.byte	0x1
 1547 00f9 3F       		.uleb128 0x3f
 1548 00fa 0C       		.uleb128 0xc
 1549 00fb 03       		.uleb128 0x3
 1550 00fc 0E       		.uleb128 0xe
 1551 00fd 3A       		.uleb128 0x3a
 1552 00fe 0B       		.uleb128 0xb
 1553 00ff 3B       		.uleb128 0x3b
 1554 0100 0B       		.uleb128 0xb
 1555 0101 27       		.uleb128 0x27
 1556 0102 0C       		.uleb128 0xc
 1557 0103 49       		.uleb128 0x49
 1558 0104 13       		.uleb128 0x13
 1559 0105 11       		.uleb128 0x11
 1560 0106 01       		.uleb128 0x1
 1561 0107 12       		.uleb128 0x12
 1562 0108 01       		.uleb128 0x1
 1563 0109 40       		.uleb128 0x40
 1564 010a 0A       		.uleb128 0xa
 1565 010b 01       		.uleb128 0x1
 1566 010c 13       		.uleb128 0x13
 1567 010d 00       		.byte	0
 1568 010e 00       		.byte	0
 1569 010f 16       		.uleb128 0x16
 1570 0110 05       		.uleb128 0x5
 1571 0111 00       		.byte	0
 1572 0112 03       		.uleb128 0x3
 1573 0113 08       		.uleb128 0x8
 1574 0114 3A       		.uleb128 0x3a
 1575 0115 0B       		.uleb128 0xb
 1576 0116 3B       		.uleb128 0x3b
 1577 0117 0B       		.uleb128 0xb
 1578 0118 49       		.uleb128 0x49
 1579 0119 13       		.uleb128 0x13
 1580 011a 02       		.uleb128 0x2
 1581 011b 0A       		.uleb128 0xa
 1582 011c 00       		.byte	0
 1583 011d 00       		.byte	0
 1584 011e 17       		.uleb128 0x17
 1585 011f 0B       		.uleb128 0xb
 1586 0120 01       		.byte	0x1
 1587 0121 11       		.uleb128 0x11
 1588 0122 01       		.uleb128 0x1
 1589 0123 12       		.uleb128 0x12
 1590 0124 01       		.uleb128 0x1
 1591 0125 01       		.uleb128 0x1
ARM GAS  /tmp/ccAHQDFe.s 			page 29


 1592 0126 13       		.uleb128 0x13
 1593 0127 00       		.byte	0
 1594 0128 00       		.byte	0
 1595 0129 18       		.uleb128 0x18
 1596 012a 34       		.uleb128 0x34
 1597 012b 00       		.byte	0
 1598 012c 03       		.uleb128 0x3
 1599 012d 08       		.uleb128 0x8
 1600 012e 3A       		.uleb128 0x3a
 1601 012f 0B       		.uleb128 0xb
 1602 0130 3B       		.uleb128 0x3b
 1603 0131 0B       		.uleb128 0xb
 1604 0132 49       		.uleb128 0x49
 1605 0133 13       		.uleb128 0x13
 1606 0134 02       		.uleb128 0x2
 1607 0135 06       		.uleb128 0x6
 1608 0136 00       		.byte	0
 1609 0137 00       		.byte	0
 1610 0138 19       		.uleb128 0x19
 1611 0139 0B       		.uleb128 0xb
 1612 013a 01       		.byte	0x1
 1613 013b 11       		.uleb128 0x11
 1614 013c 01       		.uleb128 0x1
 1615 013d 12       		.uleb128 0x12
 1616 013e 01       		.uleb128 0x1
 1617 013f 00       		.byte	0
 1618 0140 00       		.byte	0
 1619 0141 1A       		.uleb128 0x1a
 1620 0142 2E       		.uleb128 0x2e
 1621 0143 01       		.byte	0x1
 1622 0144 3F       		.uleb128 0x3f
 1623 0145 0C       		.uleb128 0xc
 1624 0146 03       		.uleb128 0x3
 1625 0147 0E       		.uleb128 0xe
 1626 0148 3A       		.uleb128 0x3a
 1627 0149 0B       		.uleb128 0xb
 1628 014a 3B       		.uleb128 0x3b
 1629 014b 0B       		.uleb128 0xb
 1630 014c 27       		.uleb128 0x27
 1631 014d 0C       		.uleb128 0xc
 1632 014e 11       		.uleb128 0x11
 1633 014f 01       		.uleb128 0x1
 1634 0150 12       		.uleb128 0x12
 1635 0151 01       		.uleb128 0x1
 1636 0152 40       		.uleb128 0x40
 1637 0153 0A       		.uleb128 0xa
 1638 0154 01       		.uleb128 0x1
 1639 0155 13       		.uleb128 0x13
 1640 0156 00       		.byte	0
 1641 0157 00       		.byte	0
 1642 0158 1B       		.uleb128 0x1b
 1643 0159 05       		.uleb128 0x5
 1644 015a 00       		.byte	0
 1645 015b 03       		.uleb128 0x3
 1646 015c 08       		.uleb128 0x8
 1647 015d 3A       		.uleb128 0x3a
 1648 015e 0B       		.uleb128 0xb
ARM GAS  /tmp/ccAHQDFe.s 			page 30


 1649 015f 3B       		.uleb128 0x3b
 1650 0160 0B       		.uleb128 0xb
 1651 0161 49       		.uleb128 0x49
 1652 0162 13       		.uleb128 0x13
 1653 0163 02       		.uleb128 0x2
 1654 0164 06       		.uleb128 0x6
 1655 0165 00       		.byte	0
 1656 0166 00       		.byte	0
 1657 0167 1C       		.uleb128 0x1c
 1658 0168 34       		.uleb128 0x34
 1659 0169 00       		.byte	0
 1660 016a 03       		.uleb128 0x3
 1661 016b 0E       		.uleb128 0xe
 1662 016c 3A       		.uleb128 0x3a
 1663 016d 0B       		.uleb128 0xb
 1664 016e 3B       		.uleb128 0x3b
 1665 016f 0B       		.uleb128 0xb
 1666 0170 49       		.uleb128 0x49
 1667 0171 13       		.uleb128 0x13
 1668 0172 02       		.uleb128 0x2
 1669 0173 06       		.uleb128 0x6
 1670 0174 00       		.byte	0
 1671 0175 00       		.byte	0
 1672 0176 1D       		.uleb128 0x1d
 1673 0177 2E       		.uleb128 0x2e
 1674 0178 01       		.byte	0x1
 1675 0179 3F       		.uleb128 0x3f
 1676 017a 0C       		.uleb128 0xc
 1677 017b 03       		.uleb128 0x3
 1678 017c 0E       		.uleb128 0xe
 1679 017d 3A       		.uleb128 0x3a
 1680 017e 0B       		.uleb128 0xb
 1681 017f 3B       		.uleb128 0x3b
 1682 0180 0B       		.uleb128 0xb
 1683 0181 27       		.uleb128 0x27
 1684 0182 0C       		.uleb128 0xc
 1685 0183 49       		.uleb128 0x49
 1686 0184 13       		.uleb128 0x13
 1687 0185 11       		.uleb128 0x11
 1688 0186 01       		.uleb128 0x1
 1689 0187 12       		.uleb128 0x12
 1690 0188 01       		.uleb128 0x1
 1691 0189 40       		.uleb128 0x40
 1692 018a 06       		.uleb128 0x6
 1693 018b 01       		.uleb128 0x1
 1694 018c 13       		.uleb128 0x13
 1695 018d 00       		.byte	0
 1696 018e 00       		.byte	0
 1697 018f 1E       		.uleb128 0x1e
 1698 0190 05       		.uleb128 0x5
 1699 0191 00       		.byte	0
 1700 0192 03       		.uleb128 0x3
 1701 0193 0E       		.uleb128 0xe
 1702 0194 3A       		.uleb128 0x3a
 1703 0195 0B       		.uleb128 0xb
 1704 0196 3B       		.uleb128 0x3b
 1705 0197 0B       		.uleb128 0xb
ARM GAS  /tmp/ccAHQDFe.s 			page 31


 1706 0198 49       		.uleb128 0x49
 1707 0199 13       		.uleb128 0x13
 1708 019a 02       		.uleb128 0x2
 1709 019b 06       		.uleb128 0x6
 1710 019c 00       		.byte	0
 1711 019d 00       		.byte	0
 1712 019e 00       		.byte	0
 1713              		.section	.debug_loc,"",%progbits
 1714              	.Ldebug_loc0:
 1715              	.LLST0:
 1716 0000 06000000 		.4byte	.LVL2
 1717 0004 0A000000 		.4byte	.LVL3
 1718 0008 0100     		.2byte	0x1
 1719 000a 53       		.byte	0x53
 1720 000b 00000000 		.4byte	0
 1721 000f 00000000 		.4byte	0
 1722              	.LLST1:
 1723 0013 12000000 		.4byte	.LVL5
 1724 0017 14000000 		.4byte	.LFE7
 1725 001b 0100     		.2byte	0x1
 1726 001d 53       		.byte	0x53
 1727 001e 00000000 		.4byte	0
 1728 0022 00000000 		.4byte	0
 1729              	.LLST2:
 1730 0026 00000000 		.4byte	.LVL6
 1731 002a 38000000 		.4byte	.LVL15
 1732 002e 0100     		.2byte	0x1
 1733 0030 50       		.byte	0x50
 1734 0031 38000000 		.4byte	.LVL15
 1735 0035 41000000 		.4byte	.LVL16-1
 1736 0039 0100     		.2byte	0x1
 1737 003b 51       		.byte	0x51
 1738 003c 42000000 		.4byte	.LVL16
 1739 0040 4F000000 		.4byte	.LVL18-1
 1740 0044 0100     		.2byte	0x1
 1741 0046 50       		.byte	0x50
 1742 0047 00000000 		.4byte	0
 1743 004b 00000000 		.4byte	0
 1744              	.LLST3:
 1745 004f 10000000 		.4byte	.LVL10
 1746 0053 36000000 		.4byte	.LVL14
 1747 0057 0100     		.2byte	0x1
 1748 0059 52       		.byte	0x52
 1749 005a 42000000 		.4byte	.LVL16
 1750 005e 46000000 		.4byte	.LVL17
 1751 0062 0100     		.2byte	0x1
 1752 0064 52       		.byte	0x52
 1753 0065 00000000 		.4byte	0
 1754 0069 00000000 		.4byte	0
 1755              	.LLST4:
 1756 006d 08000000 		.4byte	.LVL8
 1757 0071 0C000000 		.4byte	.LVL9
 1758 0075 0100     		.2byte	0x1
 1759 0077 53       		.byte	0x53
 1760 0078 00000000 		.4byte	0
 1761 007c 00000000 		.4byte	0
 1762              	.LLST5:
ARM GAS  /tmp/ccAHQDFe.s 			page 32


 1763 0080 16000000 		.4byte	.LVL12
 1764 0084 26000000 		.4byte	.LVL13
 1765 0088 0100     		.2byte	0x1
 1766 008a 53       		.byte	0x53
 1767 008b 00000000 		.4byte	0
 1768 008f 00000000 		.4byte	0
 1769              	.LLST6:
 1770 0093 00000000 		.4byte	.LFB9
 1771 0097 02000000 		.4byte	.LCFI0
 1772 009b 0200     		.2byte	0x2
 1773 009d 7D       		.byte	0x7d
 1774 009e 00       		.sleb128 0
 1775 009f 02000000 		.4byte	.LCFI0
 1776 00a3 04000000 		.4byte	.LCFI1
 1777 00a7 0200     		.2byte	0x2
 1778 00a9 7D       		.byte	0x7d
 1779 00aa 10       		.sleb128 16
 1780 00ab 04000000 		.4byte	.LCFI1
 1781 00af 40000000 		.4byte	.LFE9
 1782 00b3 0200     		.2byte	0x2
 1783 00b5 7D       		.byte	0x7d
 1784 00b6 18       		.sleb128 24
 1785 00b7 00000000 		.4byte	0
 1786 00bb 00000000 		.4byte	0
 1787              	.LLST7:
 1788 00bf 00000000 		.4byte	.LVL19
 1789 00c3 0D000000 		.4byte	.LVL20-1
 1790 00c7 0100     		.2byte	0x1
 1791 00c9 50       		.byte	0x50
 1792 00ca 00000000 		.4byte	0
 1793 00ce 00000000 		.4byte	0
 1794              	.LLST8:
 1795 00d2 00000000 		.4byte	.LVL19
 1796 00d6 0D000000 		.4byte	.LVL20-1
 1797 00da 0100     		.2byte	0x1
 1798 00dc 51       		.byte	0x51
 1799 00dd 0D000000 		.4byte	.LVL20-1
 1800 00e1 1A000000 		.4byte	.LVL23
 1801 00e5 0100     		.2byte	0x1
 1802 00e7 54       		.byte	0x54
 1803 00e8 1A000000 		.4byte	.LVL23
 1804 00ec 23000000 		.4byte	.LVL25-1
 1805 00f0 0100     		.2byte	0x1
 1806 00f2 51       		.byte	0x51
 1807 00f3 3C000000 		.4byte	.LVL30
 1808 00f7 3E000000 		.4byte	.LVL31
 1809 00fb 0100     		.2byte	0x1
 1810 00fd 54       		.byte	0x54
 1811 00fe 00000000 		.4byte	0
 1812 0102 00000000 		.4byte	0
 1813              	.LLST9:
 1814 0106 00000000 		.4byte	.LVL19
 1815 010a 0D000000 		.4byte	.LVL20-1
 1816 010e 0100     		.2byte	0x1
 1817 0110 52       		.byte	0x52
 1818 0111 0D000000 		.4byte	.LVL20-1
 1819 0115 40000000 		.4byte	.LFE9
ARM GAS  /tmp/ccAHQDFe.s 			page 33


 1820 0119 0100     		.2byte	0x1
 1821 011b 55       		.byte	0x55
 1822 011c 00000000 		.4byte	0
 1823 0120 00000000 		.4byte	0
 1824              	.LLST10:
 1825 0124 00000000 		.4byte	.LVL19
 1826 0128 0D000000 		.4byte	.LVL20-1
 1827 012c 0100     		.2byte	0x1
 1828 012e 53       		.byte	0x53
 1829 012f 0D000000 		.4byte	.LVL20-1
 1830 0133 40000000 		.4byte	.LFE9
 1831 0137 0100     		.2byte	0x1
 1832 0139 56       		.byte	0x56
 1833 013a 00000000 		.4byte	0
 1834 013e 00000000 		.4byte	0
 1835              	.LLST11:
 1836 0142 0E000000 		.4byte	.LVL20
 1837 0146 23000000 		.4byte	.LVL25-1
 1838 014a 0100     		.2byte	0x1
 1839 014c 50       		.byte	0x50
 1840 014d 3C000000 		.4byte	.LVL30
 1841 0151 40000000 		.4byte	.LFE9
 1842 0155 0100     		.2byte	0x1
 1843 0157 50       		.byte	0x50
 1844 0158 00000000 		.4byte	0
 1845 015c 00000000 		.4byte	0
 1846              	.LLST12:
 1847 0160 2C000000 		.4byte	.LVL26
 1848 0164 2F000000 		.4byte	.LVL27-1
 1849 0168 0100     		.2byte	0x1
 1850 016a 50       		.byte	0x50
 1851 016b 2F000000 		.4byte	.LVL27-1
 1852 016f 36000000 		.4byte	.LVL29
 1853 0173 0100     		.2byte	0x1
 1854 0175 54       		.byte	0x54
 1855 0176 00000000 		.4byte	0
 1856 017a 00000000 		.4byte	0
 1857              	.LLST13:
 1858 017e 16000000 		.4byte	.LVL22
 1859 0182 1C000000 		.4byte	.LVL24
 1860 0186 0100     		.2byte	0x1
 1861 0188 53       		.byte	0x53
 1862 0189 00000000 		.4byte	0
 1863 018d 00000000 		.4byte	0
 1864              	.LLST14:
 1865 0191 36000000 		.4byte	.LVL29
 1866 0195 3C000000 		.4byte	.LVL30
 1867 0199 0100     		.2byte	0x1
 1868 019b 53       		.byte	0x53
 1869 019c 00000000 		.4byte	0
 1870 01a0 00000000 		.4byte	0
 1871              	.LLST15:
 1872 01a4 00000000 		.4byte	.LFB10
 1873 01a8 02000000 		.4byte	.LCFI2
 1874 01ac 0200     		.2byte	0x2
 1875 01ae 7D       		.byte	0x7d
 1876 01af 00       		.sleb128 0
ARM GAS  /tmp/ccAHQDFe.s 			page 34


 1877 01b0 02000000 		.4byte	.LCFI2
 1878 01b4 04000000 		.4byte	.LCFI3
 1879 01b8 0200     		.2byte	0x2
 1880 01ba 7D       		.byte	0x7d
 1881 01bb 14       		.sleb128 20
 1882 01bc 04000000 		.4byte	.LCFI3
 1883 01c0 42000000 		.4byte	.LFE10
 1884 01c4 0200     		.2byte	0x2
 1885 01c6 7D       		.byte	0x7d
 1886 01c7 20       		.sleb128 32
 1887 01c8 00000000 		.4byte	0
 1888 01cc 00000000 		.4byte	0
 1889              	.LLST16:
 1890 01d0 00000000 		.4byte	.LVL32
 1891 01d4 0F000000 		.4byte	.LVL33-1
 1892 01d8 0100     		.2byte	0x1
 1893 01da 50       		.byte	0x50
 1894 01db 0F000000 		.4byte	.LVL33-1
 1895 01df 42000000 		.4byte	.LFE10
 1896 01e3 0100     		.2byte	0x1
 1897 01e5 54       		.byte	0x54
 1898 01e6 00000000 		.4byte	0
 1899 01ea 00000000 		.4byte	0
 1900              	.LLST17:
 1901 01ee 00000000 		.4byte	.LVL32
 1902 01f2 0F000000 		.4byte	.LVL33-1
 1903 01f6 0100     		.2byte	0x1
 1904 01f8 51       		.byte	0x51
 1905 01f9 0F000000 		.4byte	.LVL33-1
 1906 01fd 2E000000 		.4byte	.LVL38
 1907 0201 0100     		.2byte	0x1
 1908 0203 55       		.byte	0x55
 1909 0204 3E000000 		.4byte	.LVL42
 1910 0208 40000000 		.4byte	.LVL43
 1911 020c 0100     		.2byte	0x1
 1912 020e 55       		.byte	0x55
 1913 020f 00000000 		.4byte	0
 1914 0213 00000000 		.4byte	0
 1915              	.LLST18:
 1916 0217 00000000 		.4byte	.LVL32
 1917 021b 0F000000 		.4byte	.LVL33-1
 1918 021f 0100     		.2byte	0x1
 1919 0221 52       		.byte	0x52
 1920 0222 0F000000 		.4byte	.LVL33-1
 1921 0226 42000000 		.4byte	.LFE10
 1922 022a 0100     		.2byte	0x1
 1923 022c 56       		.byte	0x56
 1924 022d 00000000 		.4byte	0
 1925 0231 00000000 		.4byte	0
 1926              	.LLST19:
 1927 0235 00000000 		.4byte	.LVL32
 1928 0239 0F000000 		.4byte	.LVL33-1
 1929 023d 0100     		.2byte	0x1
 1930 023f 53       		.byte	0x53
 1931 0240 0F000000 		.4byte	.LVL33-1
 1932 0244 42000000 		.4byte	.LFE10
 1933 0248 0100     		.2byte	0x1
ARM GAS  /tmp/ccAHQDFe.s 			page 35


 1934 024a 57       		.byte	0x57
 1935 024b 00000000 		.4byte	0
 1936 024f 00000000 		.4byte	0
 1937              	.LLST20:
 1938 0253 10000000 		.4byte	.LVL33
 1939 0257 23000000 		.4byte	.LVL37-1
 1940 025b 0100     		.2byte	0x1
 1941 025d 50       		.byte	0x50
 1942 025e 3E000000 		.4byte	.LVL42
 1943 0262 42000000 		.4byte	.LFE10
 1944 0266 0100     		.2byte	0x1
 1945 0268 50       		.byte	0x50
 1946 0269 00000000 		.4byte	0
 1947 026d 00000000 		.4byte	0
 1948              	.LLST21:
 1949 0271 2E000000 		.4byte	.LVL38
 1950 0275 31000000 		.4byte	.LVL39-1
 1951 0279 0100     		.2byte	0x1
 1952 027b 50       		.byte	0x50
 1953 027c 31000000 		.4byte	.LVL39-1
 1954 0280 38000000 		.4byte	.LVL41
 1955 0284 0100     		.2byte	0x1
 1956 0286 55       		.byte	0x55
 1957 0287 00000000 		.4byte	0
 1958 028b 00000000 		.4byte	0
 1959              	.LLST22:
 1960 028f 18000000 		.4byte	.LVL35
 1961 0293 20000000 		.4byte	.LVL36
 1962 0297 0100     		.2byte	0x1
 1963 0299 53       		.byte	0x53
 1964 029a 00000000 		.4byte	0
 1965 029e 00000000 		.4byte	0
 1966              	.LLST23:
 1967 02a2 38000000 		.4byte	.LVL41
 1968 02a6 3E000000 		.4byte	.LVL42
 1969 02aa 0100     		.2byte	0x1
 1970 02ac 53       		.byte	0x53
 1971 02ad 00000000 		.4byte	0
 1972 02b1 00000000 		.4byte	0
 1973              		.section	.debug_aranges,"",%progbits
 1974 0000 34000000 		.4byte	0x34
 1975 0004 0200     		.2byte	0x2
 1976 0006 00000000 		.4byte	.Ldebug_info0
 1977 000a 04       		.byte	0x4
 1978 000b 00       		.byte	0
 1979 000c 0000     		.2byte	0
 1980 000e 0000     		.2byte	0
 1981 0010 00000000 		.4byte	.LFB7
 1982 0014 14000000 		.4byte	.LFE7-.LFB7
 1983 0018 00000000 		.4byte	.LFB8
 1984 001c 50000000 		.4byte	.LFE8-.LFB8
 1985 0020 00000000 		.4byte	.LFB9
 1986 0024 40000000 		.4byte	.LFE9-.LFB9
 1987 0028 00000000 		.4byte	.LFB10
 1988 002c 42000000 		.4byte	.LFE10-.LFB10
 1989 0030 00000000 		.4byte	0
 1990 0034 00000000 		.4byte	0
ARM GAS  /tmp/ccAHQDFe.s 			page 36


 1991              		.section	.debug_ranges,"",%progbits
 1992              	.Ldebug_ranges0:
 1993 0000 00000000 		.4byte	.LFB7
 1994 0004 14000000 		.4byte	.LFE7
 1995 0008 00000000 		.4byte	.LFB8
 1996 000c 50000000 		.4byte	.LFE8
 1997 0010 00000000 		.4byte	.LFB9
 1998 0014 40000000 		.4byte	.LFE9
 1999 0018 00000000 		.4byte	.LFB10
 2000 001c 42000000 		.4byte	.LFE10
 2001 0020 00000000 		.4byte	0
 2002 0024 00000000 		.4byte	0
 2003              		.section	.debug_line,"",%progbits
 2004              	.Ldebug_line0:
 2005 0000 2C020000 		.section	.debug_str,"MS",%progbits,1
 2005      0200A501 
 2005      00000201 
 2005      FB0E0D00 
 2005      01010101 
 2006              	.LASF74:
 2007 0000 7466756E 		.ascii	"tfunc_t\000"
 2007      635F7400 
 2008              	.LASF38:
 2009 0008 705F6D73 		.ascii	"p_msg\000"
 2009      6700
 2010              	.LASF82:
 2011 000e 2E2E2F2E 		.ascii	"../../os/kernel/src/chdynamic.c\000"
 2011      2E2F6F73 
 2011      2F6B6572 
 2011      6E656C2F 
 2011      7372632F 
 2012              	.LASF2:
 2013 002e 73697A65 		.ascii	"size_t\000"
 2013      5F7400
 2014              	.LASF69:
 2015 0035 7264796D 		.ascii	"rdymsg\000"
 2015      736700
 2016              	.LASF12:
 2017 003c 75696E74 		.ascii	"uint64_t\000"
 2017      36345F74 
 2017      00
 2018              	.LASF68:
 2019 0045 4D656D6F 		.ascii	"MemoryPool\000"
 2019      7279506F 
 2019      6F6C00
 2020              	.LASF53:
 2021 0050 6D656D67 		.ascii	"memgetfunc_t\000"
 2021      65746675 
 2021      6E635F74 
 2021      00
 2022              	.LASF13:
 2023 005d 6C6F6E67 		.ascii	"long long unsigned int\000"
 2023      206C6F6E 
 2023      6720756E 
 2023      7369676E 
 2023      65642069 
 2024              	.LASF70:
ARM GAS  /tmp/ccAHQDFe.s 			page 37


 2025 0074 65786974 		.ascii	"exitcode\000"
 2025      636F6465 
 2025      00
 2026              	.LASF57:
 2027 007d 685F6672 		.ascii	"h_free\000"
 2027      656500
 2028              	.LASF78:
 2029 0084 68656170 		.ascii	"heapp\000"
 2029      7000
 2030              	.LASF59:
 2031 008a 6E657874 		.ascii	"next\000"
 2031      00
 2032              	.LASF26:
 2033 008f 705F7072 		.ascii	"p_prio\000"
 2033      696F00
 2034              	.LASF11:
 2035 0096 6C6F6E67 		.ascii	"long long int\000"
 2035      206C6F6E 
 2035      6720696E 
 2035      7400
 2036              	.LASF1:
 2037 00a4 7369676E 		.ascii	"signed char\000"
 2037      65642063 
 2037      68617200 
 2038              	.LASF58:
 2039 00b0 685F6D74 		.ascii	"h_mtx\000"
 2039      7800
 2040              	.LASF42:
 2041 00b6 705F6D70 		.ascii	"p_mpool\000"
 2041      6F6F6C00 
 2042              	.LASF50:
 2043 00be 6D5F7175 		.ascii	"m_queue\000"
 2043      65756500 
 2044              	.LASF18:
 2045 00c6 74736C69 		.ascii	"tslices_t\000"
 2045      6365735F 
 2045      7400
 2046              	.LASF8:
 2047 00d0 6C6F6E67 		.ascii	"long int\000"
 2047      20696E74 
 2047      00
 2048              	.LASF77:
 2049 00d9 63685468 		.ascii	"chThdCreateFromHeap\000"
 2049      64437265 
 2049      61746546 
 2049      726F6D48 
 2049      65617000 
 2050              	.LASF16:
 2051 00ed 74737461 		.ascii	"tstate_t\000"
 2051      74655F74 
 2051      00
 2052              	.LASF65:
 2053 00f6 6D705F6E 		.ascii	"mp_next\000"
 2053      65787400 
 2054              	.LASF28:
 2055 00fe 705F6E65 		.ascii	"p_newer\000"
 2055      77657200 
ARM GAS  /tmp/ccAHQDFe.s 			page 38


 2056              	.LASF83:
 2057 0106 2F686F6D 		.ascii	"/home/lithium/Downloads/ChibiOS_2.6.8_PodioVirtual/"
 2057      652F6C69 
 2057      74686975 
 2057      6D2F446F 
 2057      776E6C6F 
 2058 0139 506F6469 		.ascii	"PodioVirtual/src\000"
 2058      6F566972 
 2058      7475616C 
 2058      2F737263 
 2058      00
 2059              	.LASF80:
 2060 014a 63685468 		.ascii	"chThdCreateFromMemoryPool\000"
 2060      64437265 
 2060      61746546 
 2060      726F6D4D 
 2060      656D6F72 
 2061              	.LASF67:
 2062 0164 6D705F70 		.ascii	"mp_provider\000"
 2062      726F7669 
 2062      64657200 
 2063              	.LASF45:
 2064 0170 72656761 		.ascii	"regarm_t\000"
 2064      726D5F74 
 2064      00
 2065              	.LASF61:
 2066 0179 616C6967 		.ascii	"align\000"
 2066      6E00
 2067              	.LASF0:
 2068 017f 756E7369 		.ascii	"unsigned int\000"
 2068      676E6564 
 2068      20696E74 
 2068      00
 2069              	.LASF10:
 2070 018c 6C6F6E67 		.ascii	"long unsigned int\000"
 2070      20756E73 
 2070      69676E65 
 2070      6420696E 
 2070      7400
 2071              	.LASF48:
 2072 019e 636F6E74 		.ascii	"context\000"
 2072      65787400 
 2073              	.LASF62:
 2074 01a6 73697A65 		.ascii	"size\000"
 2074      00
 2075              	.LASF6:
 2076 01ab 73686F72 		.ascii	"short unsigned int\000"
 2076      7420756E 
 2076      7369676E 
 2076      65642069 
 2076      6E7400
 2077              	.LASF20:
 2078 01be 6D73675F 		.ascii	"msg_t\000"
 2078      7400
 2079              	.LASF15:
 2080 01c4 746D6F64 		.ascii	"tmode_t\000"
 2080      655F7400 
ARM GAS  /tmp/ccAHQDFe.s 			page 39


 2081              	.LASF44:
 2082 01cc 54687265 		.ascii	"ThreadsList\000"
 2082      6164734C 
 2082      69737400 
 2083              	.LASF21:
 2084 01d8 6576656E 		.ascii	"eventmask_t\000"
 2084      746D6173 
 2084      6B5F7400 
 2085              	.LASF49:
 2086 01e4 4D757465 		.ascii	"Mutex\000"
 2086      7800
 2087              	.LASF76:
 2088 01ea 63685468 		.ascii	"chThdAddRef\000"
 2088      64416464 
 2088      52656600 
 2089              	.LASF46:
 2090 01f6 73746B61 		.ascii	"stkalign_t\000"
 2090      6C69676E 
 2090      5F7400
 2091              	.LASF29:
 2092 0201 705F6F6C 		.ascii	"p_older\000"
 2092      64657200 
 2093              	.LASF43:
 2094 0209 54687265 		.ascii	"ThreadsQueue\000"
 2094      61647351 
 2094      75657565 
 2094      00
 2095              	.LASF66:
 2096 0216 6D705F6F 		.ascii	"mp_object_size\000"
 2096      626A6563 
 2096      745F7369 
 2096      7A6500
 2097              	.LASF79:
 2098 0225 7072696F 		.ascii	"prio\000"
 2098      00
 2099              	.LASF54:
 2100 022a 4D656D6F 		.ascii	"MemoryHeap\000"
 2100      72794865 
 2100      617000
 2101              	.LASF64:
 2102 0235 70685F6E 		.ascii	"ph_next\000"
 2102      65787400 
 2103              	.LASF17:
 2104 023d 74726566 		.ascii	"trefs_t\000"
 2104      735F7400 
 2105              	.LASF75:
 2106 0245 72656673 		.ascii	"refs\000"
 2106      00
 2107              	.LASF25:
 2108 024a 705F7072 		.ascii	"p_prev\000"
 2108      657600
 2109              	.LASF19:
 2110 0251 74707269 		.ascii	"tprio_t\000"
 2110      6F5F7400 
 2111              	.LASF14:
 2112 0259 5F426F6F 		.ascii	"_Bool\000"
 2112      6C00
ARM GAS  /tmp/ccAHQDFe.s 			page 40


 2113              	.LASF7:
 2114 025f 696E7433 		.ascii	"int32_t\000"
 2114      325F7400 
 2115              	.LASF4:
 2116 0267 756E7369 		.ascii	"unsigned char\000"
 2116      676E6564 
 2116      20636861 
 2116      7200
 2117              	.LASF56:
 2118 0275 685F7072 		.ascii	"h_provider\000"
 2118      6F766964 
 2118      657200
 2119              	.LASF40:
 2120 0280 705F6D74 		.ascii	"p_mtxlist\000"
 2120      786C6973 
 2120      7400
 2121              	.LASF5:
 2122 028a 73686F72 		.ascii	"short int\000"
 2122      7420696E 
 2122      7400
 2123              	.LASF31:
 2124 0294 705F7374 		.ascii	"p_state\000"
 2124      61746500 
 2125              	.LASF34:
 2126 029c 705F7072 		.ascii	"p_preempt\000"
 2126      65656D70 
 2126      7400
 2127              	.LASF84:
 2128 02a6 68656170 		.ascii	"heap_header\000"
 2128      5F686561 
 2128      64657200 
 2129              	.LASF72:
 2130 02b2 65776D61 		.ascii	"ewmask\000"
 2130      736B00
 2131              	.LASF24:
 2132 02b9 705F6E65 		.ascii	"p_next\000"
 2132      787400
 2133              	.LASF32:
 2134 02c0 705F666C 		.ascii	"p_flags\000"
 2134      61677300 
 2135              	.LASF85:
 2136 02c8 63685468 		.ascii	"chThdRelease\000"
 2136      6452656C 
 2136      65617365 
 2136      00
 2137              	.LASF23:
 2138 02d5 54687265 		.ascii	"Thread\000"
 2138      616400
 2139              	.LASF39:
 2140 02dc 705F6570 		.ascii	"p_epending\000"
 2140      656E6469 
 2140      6E6700
 2141              	.LASF9:
 2142 02e7 75696E74 		.ascii	"uint32_t\000"
 2142      33325F74 
 2142      00
 2143              	.LASF81:
ARM GAS  /tmp/ccAHQDFe.s 			page 41


 2144 02f0 474E5520 		.ascii	"GNU C 4.6.1\000"
 2144      4320342E 
 2144      362E3100 
 2145              	.LASF60:
 2146 02fc 68656170 		.ascii	"heap\000"
 2146      00
 2147              	.LASF73:
 2148 0301 63686172 		.ascii	"char\000"
 2148      00
 2149              	.LASF52:
 2150 0306 6D5F6E65 		.ascii	"m_next\000"
 2150      787400
 2151              	.LASF22:
 2152 030d 73797374 		.ascii	"systime_t\000"
 2152      696D655F 
 2152      7400
 2153              	.LASF41:
 2154 0317 705F7265 		.ascii	"p_realprio\000"
 2154      616C7072 
 2154      696F00
 2155              	.LASF35:
 2156 0322 705F7469 		.ascii	"p_time\000"
 2156      6D6500
 2157              	.LASF47:
 2158 0329 696E7463 		.ascii	"intctx\000"
 2158      747800
 2159              	.LASF37:
 2160 0330 705F6D73 		.ascii	"p_msgqueue\000"
 2160      67717565 
 2160      756500
 2161              	.LASF63:
 2162 033b 706F6F6C 		.ascii	"pool_header\000"
 2162      5F686561 
 2162      64657200 
 2163              	.LASF33:
 2164 0347 705F7265 		.ascii	"p_refs\000"
 2164      667300
 2165              	.LASF3:
 2166 034e 75696E74 		.ascii	"uint8_t\000"
 2166      385F7400 
 2167              	.LASF71:
 2168 0356 77746F62 		.ascii	"wtobjp\000"
 2168      6A7000
 2169              	.LASF30:
 2170 035d 705F6E61 		.ascii	"p_name\000"
 2170      6D6500
 2171              	.LASF51:
 2172 0364 6D5F6F77 		.ascii	"m_owner\000"
 2172      6E657200 
 2173              	.LASF27:
 2174 036c 705F6374 		.ascii	"p_ctx\000"
 2174      7800
 2175              	.LASF36:
 2176 0372 705F7761 		.ascii	"p_waiting\000"
 2176      6974696E 
 2176      6700
 2177              	.LASF55:
ARM GAS  /tmp/ccAHQDFe.s 			page 42


 2178 037c 6D656D6F 		.ascii	"memory_heap\000"
 2178      72795F68 
 2178      65617000 
 2179              		.ident	"GCC: (Sourcery CodeBench Lite 2011.09-69) 4.6.1"
ARM GAS  /tmp/ccAHQDFe.s 			page 43


DEFINED SYMBOLS
                            *ABS*:00000000 chdynamic.c
     /tmp/ccAHQDFe.s:19     .text.chThdAddRef:00000000 $t
     /tmp/ccAHQDFe.s:25     .text.chThdAddRef:00000000 chThdAddRef
     /tmp/ccAHQDFe.s:65     .text.chThdRelease:00000000 $t
     /tmp/ccAHQDFe.s:71     .text.chThdRelease:00000000 chThdRelease
     /tmp/ccAHQDFe.s:156    .text.chThdCreateFromHeap:00000000 $t
     /tmp/ccAHQDFe.s:162    .text.chThdCreateFromHeap:00000000 chThdCreateFromHeap
     /tmp/ccAHQDFe.s:244    .text.chThdCreateFromMemoryPool:00000000 $t
     /tmp/ccAHQDFe.s:250    .text.chThdCreateFromMemoryPool:00000000 chThdCreateFromMemoryPool
                     .debug_frame:00000010 $d

UNDEFINED SYMBOLS
chPoolFree
chHeapFree
chHeapAlloc
chThdCreateI
chSchWakeupS
chPoolAlloc
