ARM GAS  /tmp/ccgTD8f6.s 			page 1


   1              		.syntax unified
   2              		.cpu cortex-m4
   3              		.fpu softvfp
   4              		.eabi_attribute 20, 1
   5              		.eabi_attribute 21, 1
   6              		.eabi_attribute 23, 3
   7              		.eabi_attribute 24, 1
   8              		.eabi_attribute 25, 1
   9              		.eabi_attribute 26, 1
  10              		.eabi_attribute 30, 2
  11              		.eabi_attribute 34, 1
  12              		.eabi_attribute 18, 4
  13              		.thumb
  14              		.file	"chheap.c"
  15              		.text
  16              	.Ltext0:
  17              		.cfi_sections	.debug_frame
  18              		.section	.text._heap_init,"ax",%progbits
  19              		.align	2
  20              		.p2align 4,,15
  21              		.global	_heap_init
  22              		.thumb
  23              		.thumb_func
  24              		.type	_heap_init, %function
  25              	_heap_init:
  26              	.LFB7:
  27              		.file 1 "../../os/kernel/src/chheap.c"
  28              		.loc 1 75 0
  29              		.cfi_startproc
  30              		@ args = 0, pretend = 0, frame = 0
  31              		@ frame_needed = 0, uses_anonymous_args = 0
  32              		@ link register save eliminated.
  33              		.loc 1 76 0
  34 0000 40F20003 		movw	r3, #:lower16:.LANCHOR0
  35 0004 C0F20003 		movt	r3, #:upper16:.LANCHOR0
  36 0008 40F20002 		movw	r2, #:lower16:chCoreAlloc
  37              		.loc 1 77 0
  38 000c 0021     		movs	r1, #0
  39              		.loc 1 76 0
  40 000e C0F20002 		movt	r2, #:upper16:chCoreAlloc
  41              		.loc 1 80 0
  42 0012 03F11000 		add	r0, r3, #16
  43              		.loc 1 76 0
  44 0016 1A60     		str	r2, [r3, #0]
  45              		.loc 1 77 0
  46 0018 9960     		str	r1, [r3, #8]
  47              		.loc 1 78 0
  48 001a D960     		str	r1, [r3, #12]
  49              		.loc 1 84 0
  50              		.loc 1 80 0
  51 001c FFF7FEBF 		b	chMtxInit
  52              		.cfi_endproc
  53              	.LFE7:
  54              		.size	_heap_init, .-_heap_init
  55              		.section	.text.chHeapInit,"ax",%progbits
  56              		.align	2
  57              		.p2align 4,,15
ARM GAS  /tmp/ccgTD8f6.s 			page 2


  58              		.global	chHeapInit
  59              		.thumb
  60              		.thumb_func
  61              		.type	chHeapInit, %function
  62              	chHeapInit:
  63              	.LFB8:
  64              		.loc 1 99 0
  65              		.cfi_startproc
  66              		@ args = 0, pretend = 0, frame = 0
  67              		@ frame_needed = 0, uses_anonymous_args = 0
  68              		@ link register save eliminated.
  69              	.LVL0:
  70              		.loc 1 104 0
  71 0000 0023     		movs	r3, #0
  72 0002 0360     		str	r3, [r0, #0]
  73              	.LVL1:
  74              		.loc 1 105 0
  75 0004 8160     		str	r1, [r0, #8]
  76              		.loc 1 106 0
  77 0006 C360     		str	r3, [r0, #12]
  78              		.loc 1 108 0
  79 0008 083A     		subs	r2, r2, #8
  80              	.LVL2:
  81              		.loc 1 110 0
  82 000a 1030     		adds	r0, r0, #16
  83              	.LVL3:
  84              		.loc 1 107 0
  85 000c 0B60     		str	r3, [r1, #0]
  86              		.loc 1 108 0
  87 000e 4A60     		str	r2, [r1, #4]
  88              		.loc 1 114 0
  89              		.loc 1 110 0
  90 0010 FFF7FEBF 		b	chMtxInit
  91              	.LVL4:
  92              	.LVL5:
  93              	.LVL6:
  94              	.LVL7:
  95              		.cfi_endproc
  96              	.LFE8:
  97              		.size	chHeapInit, .-chHeapInit
  98 0014 AFF30080 		.section	.text.chHeapAlloc,"ax",%progbits
  98      AFF30080 
  98      AFF30080 
  99              		.align	2
 100              		.p2align 4,,15
 101              		.global	chHeapAlloc
 102              		.thumb
 103              		.thumb_func
 104              		.type	chHeapAlloc, %function
 105              	chHeapAlloc:
 106              	.LFB9:
 107              		.loc 1 132 0
 108              		.cfi_startproc
 109              		@ args = 0, pretend = 0, frame = 0
 110              		@ frame_needed = 0, uses_anonymous_args = 0
 111              	.LVL8:
 112 0000 F8B5     		push	{r3, r4, r5, r6, r7, lr}
ARM GAS  /tmp/ccgTD8f6.s 			page 3


 113              	.LCFI0:
 114              		.cfi_def_cfa_offset 24
 115              		.cfi_offset 14, -4
 116              		.cfi_offset 7, -8
 117              		.cfi_offset 6, -12
 118              		.cfi_offset 5, -16
 119              		.cfi_offset 4, -20
 120              		.cfi_offset 3, -24
 121              		.loc 1 136 0
 122 0002 40F20004 		movw	r4, #:lower16:.LANCHOR0
 123 0006 C0F20004 		movt	r4, #:upper16:.LANCHOR0
 124 000a 0028     		cmp	r0, #0
 125 000c 18BF     		it	ne
 126 000e 0446     		movne	r4, r0
 127              		.loc 1 138 0
 128 0010 0731     		adds	r1, r1, #7
 129              	.LVL9:
 130              		.loc 1 140 0
 131 0012 04F11000 		add	r0, r4, #16
 132              	.LVL10:
 133              		.loc 1 138 0
 134 0016 21F00706 		bic	r6, r1, #7
 135              	.LVL11:
 136              		.loc 1 139 0
 137 001a 04F10805 		add	r5, r4, #8
 138              	.LVL12:
 139              		.loc 1 140 0
 140 001e FFF7FEFF 		bl	chMtxLock
 141              		.loc 1 142 0
 142 0022 00E0     		b	.L5
 143              	.LVL13:
 144              	.L11:
 145              		.loc 1 144 0
 146 0024 1D46     		mov	r5, r3
 147              	.LVL14:
 148              	.L5:
 149              		.loc 1 142 0 discriminator 1
 150 0026 2B68     		ldr	r3, [r5, #0]
 151 0028 03B3     		cbz	r3, .L14
 152              	.LVL15:
 153              		.loc 1 144 0
 154 002a 5A68     		ldr	r2, [r3, #4]
 155 002c 9642     		cmp	r6, r2
 156 002e F9D8     		bhi	.L11
 157              		.loc 1 145 0
 158 0030 06F10801 		add	r1, r6, #8
 159 0034 8A42     		cmp	r2, r1
 160 0036 16D3     		bcc	.L15
 161              		.loc 1 155 0
 162 0038 4FF6F870 		movw	r0, #65528
 163 003c CFF6FF70 		movt	r0, 65535
 164              		.loc 1 153 0
 165 0040 5F18     		adds	r7, r3, r1
 166              	.LVL16:
 167              		.loc 1 154 0
 168 0042 D3F800E0 		ldr	lr, [r3, #0]
 169              		.loc 1 155 0
ARM GAS  /tmp/ccgTD8f6.s 			page 4


 170 0046 C6EB000C 		rsb	ip, r6, r0
 171 004a 0CEB0200 		add	r0, ip, r2
 172              		.loc 1 154 0
 173 004e 43F801E0 		str	lr, [r3, r1]
 174              		.loc 1 155 0
 175 0052 7860     		str	r0, [r7, #4]
 176              		.loc 1 156 0
 177 0054 2F60     		str	r7, [r5, #0]
 178              		.loc 1 157 0
 179 0056 5E60     		str	r6, [r3, #4]
 180              	.LVL17:
 181              	.L7:
 182              		.loc 1 159 0
 183 0058 1D46     		mov	r5, r3
 184              	.LVL18:
 185 005a 45F8084B 		str	r4, [r5], #8
 186              		.loc 1 161 0
 187 005e FFF7FEFF 		bl	chMtxUnlock
 188              	.LVL19:
 189              	.L8:
 190              		.loc 1 181 0
 191 0062 2846     		mov	r0, r5
 192 0064 F8BD     		pop	{r3, r4, r5, r6, r7, pc}
 193              	.LVL20:
 194              	.L15:
 195              		.loc 1 149 0
 196 0066 1A68     		ldr	r2, [r3, #0]
 197 0068 2A60     		str	r2, [r5, #0]
 198 006a F5E7     		b	.L7
 199              	.LVL21:
 200              	.L14:
 201              		.loc 1 167 0
 202 006c FFF7FEFF 		bl	chMtxUnlock
 203              		.loc 1 171 0
 204 0070 2568     		ldr	r5, [r4, #0]
 205              	.LVL22:
 206 0072 002D     		cmp	r5, #0
 207 0074 F5D0     		beq	.L8
 208              		.loc 1 172 0
 209 0076 06F10800 		add	r0, r6, #8
 210 007a A847     		blx	r5
 211              	.LVL23:
 212              		.loc 1 173 0
 213 007c 0546     		mov	r5, r0
 214 007e 0028     		cmp	r0, #0
 215 0080 EFD0     		beq	.L8
 216              		.loc 1 177 0
 217 0082 00F10805 		add	r5, r0, #8
 218              		.loc 1 175 0
 219 0086 80E85000 		stmia	r0, {r4, r6}
 220              	.LVL24:
 221              		.loc 1 181 0
 222 008a 2846     		mov	r0, r5
 223 008c F8BD     		pop	{r3, r4, r5, r6, r7, pc}
 224              		.cfi_endproc
 225              	.LFE9:
 226              		.size	chHeapAlloc, .-chHeapAlloc
ARM GAS  /tmp/ccgTD8f6.s 			page 5


 227 008e 00BF     		.section	.text.chHeapFree,"ax",%progbits
 228              		.align	2
 229              		.p2align 4,,15
 230              		.global	chHeapFree
 231              		.thumb
 232              		.thumb_func
 233              		.type	chHeapFree, %function
 234              	chHeapFree:
 235              	.LFB10:
 236              		.loc 1 194 0
 237              		.cfi_startproc
 238              		@ args = 0, pretend = 0, frame = 0
 239              		@ frame_needed = 0, uses_anonymous_args = 0
 240              	.LVL25:
 241 0000 70B5     		push	{r4, r5, r6, lr}
 242              	.LCFI1:
 243              		.cfi_def_cfa_offset 16
 244              		.cfi_offset 14, -4
 245              		.cfi_offset 6, -8
 246              		.cfi_offset 5, -12
 247              		.cfi_offset 4, -16
 248              		.loc 1 194 0
 249 0002 0646     		mov	r6, r0
 250              		.loc 1 200 0
 251 0004 A0F10804 		sub	r4, r0, #8
 252              	.LVL26:
 253              		.loc 1 201 0
 254 0008 50F8080C 		ldr	r0, [r0, #-8]
 255              	.LVL27:
 256              		.loc 1 202 0
 257 000c 00F10805 		add	r5, r0, #8
 258              	.LVL28:
 259              		.loc 1 203 0
 260 0010 1030     		adds	r0, r0, #16
 261 0012 FFF7FEFF 		bl	chMtxLock
 262              	.LVL29:
 263              		.loc 1 202 0
 264 0016 2B46     		mov	r3, r5
 265              	.LVL30:
 266              	.L24:
 267              		.loc 1 210 0
 268 0018 591B     		subs	r1, r3, r5
 269 001a 4842     		rsbs	r0, r1, #0
 270 001c 40EB0102 		adc	r2, r0, r1
 271 0020 9C42     		cmp	r4, r3
 272 0022 88BF     		it	hi
 273 0024 42F00102 		orrhi	r2, r2, #1
 274 0028 72B1     		cbz	r2, .L17
 275              	.L25:
 276              		.loc 1 211 0 discriminator 1
 277 002a 1A68     		ldr	r2, [r3, #0]
 278              		.loc 1 210 0 discriminator 1
 279 002c 72B1     		cbz	r2, .L18
 280              		.loc 1 211 0
 281 002e 9442     		cmp	r4, r2
 282 0030 0CD3     		bcc	.L18
 283 0032 1346     		mov	r3, r2
ARM GAS  /tmp/ccgTD8f6.s 			page 6


 284              	.LVL31:
 285              		.loc 1 210 0
 286 0034 591B     		subs	r1, r3, r5
 287 0036 4842     		rsbs	r0, r1, #0
 288 0038 40EB0102 		adc	r2, r0, r1
 289              	.LVL32:
 290 003c 9C42     		cmp	r4, r3
 291 003e 88BF     		it	hi
 292 0040 42F00102 		orrhi	r2, r2, #1
 293 0044 002A     		cmp	r2, #0
 294 0046 F0D1     		bne	.L25
 295              	.L17:
 296              		.loc 1 224 0
 297 0048 1B68     		ldr	r3, [r3, #0]
 298              	.LVL33:
 299 004a E5E7     		b	.L24
 300              	.LVL34:
 301              	.L18:
 302              		.loc 1 216 0
 303 004c 56F8041C 		ldr	r1, [r6, #-4]
 304              		.loc 1 213 0
 305 0050 46F8082C 		str	r2, [r6, #-8]
 306              		.loc 1 214 0
 307 0054 1C60     		str	r4, [r3, #0]
 308              		.loc 1 216 0
 309 0056 01F10802 		add	r2, r1, #8
 310 005a 56F8085C 		ldr	r5, [r6, #-8]
 311              	.LVL35:
 312 005e A018     		adds	r0, r4, r2
 313 0060 A842     		cmp	r0, r5
 314 0062 0AD0     		beq	.L26
 315              		.loc 1 221 0
 316 0064 5A68     		ldr	r2, [r3, #4]
 317 0066 02F1080E 		add	lr, r2, #8
 318 006a 03EB0E0C 		add	ip, r3, lr
 319 006e 6445     		cmp	r4, ip
 320 0070 12D0     		beq	.L27
 321              	.L21:
 322              		.loc 1 233 0
 323 0072 BDE87040 		pop	{r4, r5, r6, lr}
 324              		.loc 1 231 0
 325 0076 FFF7FEBF 		b	chMtxUnlock
 326              	.LVL36:
 327              	.L26:
 328              		.loc 1 218 0
 329 007a 4068     		ldr	r0, [r0, #4]
 330              		.loc 1 219 0
 331 007c A258     		ldr	r2, [r4, r2]
 332              		.loc 1 218 0
 333 007e 0818     		adds	r0, r1, r0
 334 0080 0830     		adds	r0, r0, #8
 335 0082 46F8040C 		str	r0, [r6, #-4]
 336              		.loc 1 219 0
 337 0086 46F8082C 		str	r2, [r6, #-8]
 338              		.loc 1 221 0
 339 008a 5A68     		ldr	r2, [r3, #4]
 340 008c 02F1080E 		add	lr, r2, #8
ARM GAS  /tmp/ccgTD8f6.s 			page 7


 341 0090 03EB0E0C 		add	ip, r3, lr
 342 0094 6445     		cmp	r4, ip
 343 0096 ECD1     		bne	.L21
 344              	.L27:
 345              		.loc 1 223 0
 346 0098 56F8040C 		ldr	r0, [r6, #-4]
 347              		.loc 1 224 0
 348 009c 56F8081C 		ldr	r1, [r6, #-8]
 349              		.loc 1 223 0
 350 00a0 1218     		adds	r2, r2, r0
 351 00a2 0832     		adds	r2, r2, #8
 352              		.loc 1 224 0
 353 00a4 83E80600 		stmia	r3, {r1, r2}
 354 00a8 E3E7     		b	.L21
 355              		.cfi_endproc
 356              	.LFE10:
 357              		.size	chHeapFree, .-chHeapFree
 358              		.section	.text.chHeapStatus,"ax",%progbits
 359              		.align	2
 360              		.p2align 4,,15
 361              		.global	chHeapStatus
 362              		.thumb
 363              		.thumb_func
 364              		.type	chHeapStatus, %function
 365              	chHeapStatus:
 366              	.LFB11:
 367              		.loc 1 250 0
 368              		.cfi_startproc
 369              		@ args = 0, pretend = 0, frame = 0
 370              		@ frame_needed = 0, uses_anonymous_args = 0
 371              	.LVL37:
 372 0000 38B5     		push	{r3, r4, r5, lr}
 373              	.LCFI2:
 374              		.cfi_def_cfa_offset 16
 375              		.cfi_offset 14, -4
 376              		.cfi_offset 5, -8
 377              		.cfi_offset 4, -12
 378              		.cfi_offset 3, -16
 379              		.loc 1 255 0
 380 0002 40F20004 		movw	r4, #:lower16:.LANCHOR0
 381 0006 C0F20004 		movt	r4, #:upper16:.LANCHOR0
 382 000a 0028     		cmp	r0, #0
 383 000c 18BF     		it	ne
 384 000e 0446     		movne	r4, r0
 385              		.loc 1 257 0
 386 0010 04F11000 		add	r0, r4, #16
 387              	.LVL38:
 388              		.loc 1 250 0
 389 0014 0D46     		mov	r5, r1
 390              		.loc 1 257 0
 391 0016 FFF7FEFF 		bl	chMtxLock
 392              	.LVL39:
 393              		.loc 1 260 0
 394 001a A368     		ldr	r3, [r4, #8]
 395              		.loc 1 259 0
 396 001c 1A46     		mov	r2, r3
 397              		.loc 1 260 0
ARM GAS  /tmp/ccgTD8f6.s 			page 8


 398 001e 1C46     		mov	r4, r3
 399 0020 3BB1     		cbz	r3, .L30
 400 0022 0022     		movs	r2, #0
 401 0024 1446     		mov	r4, r2
 402              	.LVL40:
 403              	.L31:
 404              		.loc 1 261 0 discriminator 2
 405 0026 5968     		ldr	r1, [r3, #4]
 406              		.loc 1 260 0 discriminator 2
 407 0028 1B68     		ldr	r3, [r3, #0]
 408              		.loc 1 261 0 discriminator 2
 409 002a 5218     		adds	r2, r2, r1
 410              	.LVL41:
 411              		.loc 1 260 0 discriminator 2
 412 002c 0134     		adds	r4, r4, #1
 413              	.LVL42:
 414 002e 002B     		cmp	r3, #0
 415 0030 F9D1     		bne	.L31
 416              	.LVL43:
 417              	.L30:
 418              		.loc 1 262 0
 419 0032 05B1     		cbz	r5, .L32
 420              		.loc 1 263 0
 421 0034 2A60     		str	r2, [r5, #0]
 422              	.L32:
 423              		.loc 1 265 0
 424 0036 FFF7FEFF 		bl	chMtxUnlock
 425              		.loc 1 267 0
 426 003a 2046     		mov	r0, r4
 427 003c 38BD     		pop	{r3, r4, r5, pc}
 428              		.cfi_endproc
 429              	.LFE11:
 430              		.size	chHeapStatus, .-chHeapStatus
 431 003e 00BF     		.section	.bss.default_heap,"aw",%nobits
 432              		.align	3
 433              		.set	.LANCHOR0,. + 0
 434              		.type	default_heap, %object
 435              		.size	default_heap, 32
 436              	default_heap:
 437 0000 00000000 		.space	32
 437      00000000 
 437      00000000 
 437      00000000 
 437      00000000 
 438              		.text
 439              	.Letext0:
 440              		.file 2 "/home/lithium/Documents/arm-2011q3/bin/../lib/gcc/arm-none-eabi/4.6.1/include/stddef.h"
 441              		.file 3 "/home/lithium/Documents/arm-2011q3/bin/../lib/gcc/arm-none-eabi/4.6.1/../../../../arm-non
 442              		.file 4 "../../os/ports/GCC/ARMCMx/chtypes.h"
 443              		.file 5 "../../os/kernel/include/chlists.h"
 444              		.file 6 "../../os/kernel/include/chthreads.h"
 445              		.file 7 "../../os/ports/GCC/ARMCMx/chcore_v7m.h"
 446              		.file 8 "../../os/kernel/include/chmtx.h"
 447              		.file 9 "../../os/kernel/include/chmemcore.h"
 448              		.file 10 "../../os/kernel/include/chheap.h"
 449              		.section	.debug_info,"",%progbits
 450              	.Ldebug_info0:
ARM GAS  /tmp/ccgTD8f6.s 			page 9


 451 0000 55060000 		.4byte	0x655
 452 0004 0200     		.2byte	0x2
 453 0006 00000000 		.4byte	.Ldebug_abbrev0
 454 000a 04       		.byte	0x4
 455 000b 01       		.uleb128 0x1
 456 000c 80020000 		.4byte	.LASF75
 457 0010 01       		.byte	0x1
 458 0011 BC000000 		.4byte	.LASF76
 459 0015 EA000000 		.4byte	.LASF77
 460 0019 00000000 		.4byte	0
 461 001d 00000000 		.4byte	0
 462 0021 00000000 		.4byte	.Ldebug_ranges0+0
 463 0025 00000000 		.4byte	.Ldebug_line0
 464 0029 02       		.uleb128 0x2
 465 002a 04       		.byte	0x4
 466 002b 05       		.byte	0x5
 467 002c 696E7400 		.ascii	"int\000"
 468 0030 03       		.uleb128 0x3
 469 0031 06000000 		.4byte	.LASF2
 470 0035 02       		.byte	0x2
 471 0036 D4       		.byte	0xd4
 472 0037 3B000000 		.4byte	0x3b
 473 003b 04       		.uleb128 0x4
 474 003c 04       		.byte	0x4
 475 003d 07       		.byte	0x7
 476 003e 3D010000 		.4byte	.LASF0
 477 0042 04       		.uleb128 0x4
 478 0043 01       		.byte	0x1
 479 0044 06       		.byte	0x6
 480 0045 7C000000 		.4byte	.LASF1
 481 0049 03       		.uleb128 0x3
 482 004a EC020000 		.4byte	.LASF3
 483 004e 03       		.byte	0x3
 484 004f 2A       		.byte	0x2a
 485 0050 54000000 		.4byte	0x54
 486 0054 04       		.uleb128 0x4
 487 0055 01       		.byte	0x1
 488 0056 08       		.byte	0x8
 489 0057 F8010000 		.4byte	.LASF4
 490 005b 04       		.uleb128 0x4
 491 005c 02       		.byte	0x2
 492 005d 05       		.byte	0x5
 493 005e 1B020000 		.4byte	.LASF5
 494 0062 04       		.uleb128 0x4
 495 0063 02       		.byte	0x2
 496 0064 07       		.byte	0x7
 497 0065 69010000 		.4byte	.LASF6
 498 0069 03       		.uleb128 0x3
 499 006a F0010000 		.4byte	.LASF7
 500 006e 03       		.byte	0x3
 501 006f 4F       		.byte	0x4f
 502 0070 74000000 		.4byte	0x74
 503 0074 04       		.uleb128 0x4
 504 0075 04       		.byte	0x4
 505 0076 05       		.byte	0x5
 506 0077 B3000000 		.4byte	.LASF8
 507 007b 03       		.uleb128 0x3
ARM GAS  /tmp/ccgTD8f6.s 			page 10


 508 007c 77020000 		.4byte	.LASF9
 509 0080 03       		.byte	0x3
 510 0081 50       		.byte	0x50
 511 0082 86000000 		.4byte	0x86
 512 0086 04       		.uleb128 0x4
 513 0087 04       		.byte	0x4
 514 0088 07       		.byte	0x7
 515 0089 4A010000 		.4byte	.LASF10
 516 008d 04       		.uleb128 0x4
 517 008e 08       		.byte	0x8
 518 008f 05       		.byte	0x5
 519 0090 6E000000 		.4byte	.LASF11
 520 0094 03       		.uleb128 0x3
 521 0095 14000000 		.4byte	.LASF12
 522 0099 03       		.byte	0x3
 523 009a 78       		.byte	0x78
 524 009b 9F000000 		.4byte	0x9f
 525 009f 04       		.uleb128 0x4
 526 00a0 08       		.byte	0x8
 527 00a1 07       		.byte	0x7
 528 00a2 2A000000 		.4byte	.LASF13
 529 00a6 04       		.uleb128 0x4
 530 00a7 01       		.byte	0x1
 531 00a8 02       		.byte	0x2
 532 00a9 EA010000 		.4byte	.LASF14
 533 00ad 03       		.uleb128 0x3
 534 00ae 82010000 		.4byte	.LASF15
 535 00b2 04       		.byte	0x4
 536 00b3 2C       		.byte	0x2c
 537 00b4 49000000 		.4byte	0x49
 538 00b8 03       		.uleb128 0x3
 539 00b9 D9000000 		.4byte	.LASF16
 540 00bd 04       		.byte	0x4
 541 00be 2D       		.byte	0x2d
 542 00bf 49000000 		.4byte	0x49
 543 00c3 03       		.uleb128 0x3
 544 00c4 D3010000 		.4byte	.LASF17
 545 00c8 04       		.byte	0x4
 546 00c9 2E       		.byte	0x2e
 547 00ca 49000000 		.4byte	0x49
 548 00ce 03       		.uleb128 0x3
 549 00cf A9000000 		.4byte	.LASF18
 550 00d3 04       		.byte	0x4
 551 00d4 2F       		.byte	0x2f
 552 00d5 49000000 		.4byte	0x49
 553 00d9 03       		.uleb128 0x3
 554 00da E2010000 		.4byte	.LASF19
 555 00de 04       		.byte	0x4
 556 00df 30       		.byte	0x30
 557 00e0 7B000000 		.4byte	0x7b
 558 00e4 03       		.uleb128 0x3
 559 00e5 7C010000 		.4byte	.LASF20
 560 00e9 04       		.byte	0x4
 561 00ea 31       		.byte	0x31
 562 00eb 69000000 		.4byte	0x69
 563 00ef 03       		.uleb128 0x3
 564 00f0 96010000 		.4byte	.LASF21
ARM GAS  /tmp/ccgTD8f6.s 			page 11


 565 00f4 04       		.byte	0x4
 566 00f5 33       		.byte	0x33
 567 00f6 7B000000 		.4byte	0x7b
 568 00fa 03       		.uleb128 0x3
 569 00fb B7020000 		.4byte	.LASF22
 570 00ff 04       		.byte	0x4
 571 0100 35       		.byte	0x35
 572 0101 7B000000 		.4byte	0x7b
 573 0105 03       		.uleb128 0x3
 574 0106 59020000 		.4byte	.LASF23
 575 010a 05       		.byte	0x5
 576 010b 2A       		.byte	0x2a
 577 010c 10010000 		.4byte	0x110
 578 0110 05       		.uleb128 0x5
 579 0111 59020000 		.4byte	.LASF23
 580 0115 48       		.byte	0x48
 581 0116 06       		.byte	0x6
 582 0117 5E       		.byte	0x5e
 583 0118 35020000 		.4byte	0x235
 584 011c 06       		.uleb128 0x6
 585 011d 4A020000 		.4byte	.LASF24
 586 0121 06       		.byte	0x6
 587 0122 5F       		.byte	0x5f
 588 0123 5A020000 		.4byte	0x25a
 589 0127 02       		.byte	0x2
 590 0128 23       		.byte	0x23
 591 0129 00       		.uleb128 0
 592 012a 06       		.uleb128 0x6
 593 012b DB010000 		.4byte	.LASF25
 594 012f 06       		.byte	0x6
 595 0130 61       		.byte	0x61
 596 0131 5A020000 		.4byte	0x25a
 597 0135 02       		.byte	0x2
 598 0136 23       		.byte	0x23
 599 0137 04       		.uleb128 0x4
 600 0138 06       		.uleb128 0x6
 601 0139 67000000 		.4byte	.LASF26
 602 013d 06       		.byte	0x6
 603 013e 63       		.byte	0x63
 604 013f D9000000 		.4byte	0xd9
 605 0143 02       		.byte	0x2
 606 0144 23       		.byte	0x23
 607 0145 08       		.uleb128 0x8
 608 0146 06       		.uleb128 0x6
 609 0147 1B030000 		.4byte	.LASF27
 610 014b 06       		.byte	0x6
 611 014c 64       		.byte	0x64
 612 014d 33030000 		.4byte	0x333
 613 0151 02       		.byte	0x2
 614 0152 23       		.byte	0x23
 615 0153 0C       		.uleb128 0xc
 616 0154 06       		.uleb128 0x6
 617 0155 E2000000 		.4byte	.LASF28
 618 0159 06       		.byte	0x6
 619 015a 66       		.byte	0x66
 620 015b 5A020000 		.4byte	0x25a
 621 015f 02       		.byte	0x2
ARM GAS  /tmp/ccgTD8f6.s 			page 12


 622 0160 23       		.byte	0x23
 623 0161 10       		.uleb128 0x10
 624 0162 06       		.uleb128 0x6
 625 0163 B3010000 		.4byte	.LASF29
 626 0167 06       		.byte	0x6
 627 0168 67       		.byte	0x67
 628 0169 5A020000 		.4byte	0x25a
 629 016d 02       		.byte	0x2
 630 016e 23       		.byte	0x23
 631 016f 14       		.uleb128 0x14
 632 0170 06       		.uleb128 0x6
 633 0171 01030000 		.4byte	.LASF30
 634 0175 06       		.byte	0x6
 635 0176 6E       		.byte	0x6e
 636 0177 AA040000 		.4byte	0x4aa
 637 017b 02       		.byte	0x2
 638 017c 23       		.byte	0x23
 639 017d 18       		.uleb128 0x18
 640 017e 06       		.uleb128 0x6
 641 017f 25020000 		.4byte	.LASF31
 642 0183 06       		.byte	0x6
 643 0184 79       		.byte	0x79
 644 0185 B8000000 		.4byte	0xb8
 645 0189 02       		.byte	0x2
 646 018a 23       		.byte	0x23
 647 018b 1C       		.uleb128 0x1c
 648 018c 06       		.uleb128 0x6
 649 018d 51020000 		.4byte	.LASF32
 650 0191 06       		.byte	0x6
 651 0192 7D       		.byte	0x7d
 652 0193 AD000000 		.4byte	0xad
 653 0197 02       		.byte	0x2
 654 0198 23       		.byte	0x23
 655 0199 1D       		.uleb128 0x1d
 656 019a 06       		.uleb128 0x6
 657 019b E5020000 		.4byte	.LASF33
 658 019f 06       		.byte	0x6
 659 01a0 82       		.byte	0x82
 660 01a1 C3000000 		.4byte	0xc3
 661 01a5 02       		.byte	0x2
 662 01a6 23       		.byte	0x23
 663 01a7 1E       		.uleb128 0x1e
 664 01a8 06       		.uleb128 0x6
 665 01a9 2D020000 		.4byte	.LASF34
 666 01ad 06       		.byte	0x6
 667 01ae 88       		.byte	0x88
 668 01af CE000000 		.4byte	0xce
 669 01b3 02       		.byte	0x2
 670 01b4 23       		.byte	0x23
 671 01b5 1F       		.uleb128 0x1f
 672 01b6 06       		.uleb128 0x6
 673 01b7 CC020000 		.4byte	.LASF35
 674 01bb 06       		.byte	0x6
 675 01bc 8F       		.byte	0x8f
 676 01bd 56030000 		.4byte	0x356
 677 01c1 02       		.byte	0x2
 678 01c2 23       		.byte	0x23
ARM GAS  /tmp/ccgTD8f6.s 			page 13


 679 01c3 20       		.uleb128 0x20
 680 01c4 07       		.uleb128 0x7
 681 01c5 705F7500 		.ascii	"p_u\000"
 682 01c9 06       		.byte	0x6
 683 01ca B4       		.byte	0xb4
 684 01cb 75040000 		.4byte	0x475
 685 01cf 02       		.byte	0x2
 686 01d0 23       		.byte	0x23
 687 01d1 24       		.uleb128 0x24
 688 01d2 06       		.uleb128 0x6
 689 01d3 21030000 		.4byte	.LASF36
 690 01d7 06       		.byte	0x6
 691 01d8 B9       		.byte	0xb9
 692 01d9 82020000 		.4byte	0x282
 693 01dd 02       		.byte	0x2
 694 01de 23       		.byte	0x23
 695 01df 28       		.uleb128 0x28
 696 01e0 06       		.uleb128 0x6
 697 01e1 DA020000 		.4byte	.LASF37
 698 01e5 06       		.byte	0x6
 699 01e6 BF       		.byte	0xbf
 700 01e7 60020000 		.4byte	0x260
 701 01eb 02       		.byte	0x2
 702 01ec 23       		.byte	0x23
 703 01ed 2C       		.uleb128 0x2c
 704 01ee 06       		.uleb128 0x6
 705 01ef 00000000 		.4byte	.LASF38
 706 01f3 06       		.byte	0x6
 707 01f4 C3       		.byte	0xc3
 708 01f5 E4000000 		.4byte	0xe4
 709 01f9 02       		.byte	0x2
 710 01fa 23       		.byte	0x23
 711 01fb 34       		.uleb128 0x34
 712 01fc 06       		.uleb128 0x6
 713 01fd 6C020000 		.4byte	.LASF39
 714 0201 06       		.byte	0x6
 715 0202 C9       		.byte	0xc9
 716 0203 EF000000 		.4byte	0xef
 717 0207 02       		.byte	0x2
 718 0208 23       		.byte	0x23
 719 0209 38       		.uleb128 0x38
 720 020a 06       		.uleb128 0x6
 721 020b 11020000 		.4byte	.LASF40
 722 020f 06       		.byte	0x6
 723 0210 D0       		.byte	0xd0
 724 0211 BC040000 		.4byte	0x4bc
 725 0215 02       		.byte	0x2
 726 0216 23       		.byte	0x23
 727 0217 3C       		.uleb128 0x3c
 728 0218 06       		.uleb128 0x6
 729 0219 C1020000 		.4byte	.LASF41
 730 021d 06       		.byte	0x6
 731 021e D4       		.byte	0xd4
 732 021f D9000000 		.4byte	0xd9
 733 0223 02       		.byte	0x2
 734 0224 23       		.byte	0x23
 735 0225 40       		.uleb128 0x40
ARM GAS  /tmp/ccgTD8f6.s 			page 14


 736 0226 06       		.uleb128 0x6
 737 0227 8E000000 		.4byte	.LASF42
 738 022b 06       		.byte	0x6
 739 022c DA       		.byte	0xda
 740 022d 98020000 		.4byte	0x298
 741 0231 02       		.byte	0x2
 742 0232 23       		.byte	0x23
 743 0233 44       		.uleb128 0x44
 744 0234 00       		.byte	0
 745 0235 08       		.uleb128 0x8
 746 0236 08       		.byte	0x8
 747 0237 05       		.byte	0x5
 748 0238 61       		.byte	0x61
 749 0239 5A020000 		.4byte	0x25a
 750 023d 06       		.uleb128 0x6
 751 023e 4A020000 		.4byte	.LASF24
 752 0242 05       		.byte	0x5
 753 0243 62       		.byte	0x62
 754 0244 5A020000 		.4byte	0x25a
 755 0248 02       		.byte	0x2
 756 0249 23       		.byte	0x23
 757 024a 00       		.uleb128 0
 758 024b 06       		.uleb128 0x6
 759 024c DB010000 		.4byte	.LASF25
 760 0250 05       		.byte	0x5
 761 0251 64       		.byte	0x64
 762 0252 5A020000 		.4byte	0x25a
 763 0256 02       		.byte	0x2
 764 0257 23       		.byte	0x23
 765 0258 04       		.uleb128 0x4
 766 0259 00       		.byte	0
 767 025a 09       		.uleb128 0x9
 768 025b 04       		.byte	0x4
 769 025c 05010000 		.4byte	0x105
 770 0260 03       		.uleb128 0x3
 771 0261 BB010000 		.4byte	.LASF43
 772 0265 05       		.byte	0x5
 773 0266 66       		.byte	0x66
 774 0267 35020000 		.4byte	0x235
 775 026b 08       		.uleb128 0x8
 776 026c 04       		.byte	0x4
 777 026d 05       		.byte	0x5
 778 026e 6B       		.byte	0x6b
 779 026f 82020000 		.4byte	0x282
 780 0273 06       		.uleb128 0x6
 781 0274 4A020000 		.4byte	.LASF24
 782 0278 05       		.byte	0x5
 783 0279 6D       		.byte	0x6d
 784 027a 5A020000 		.4byte	0x25a
 785 027e 02       		.byte	0x2
 786 027f 23       		.byte	0x23
 787 0280 00       		.uleb128 0
 788 0281 00       		.byte	0
 789 0282 03       		.uleb128 0x3
 790 0283 8A010000 		.4byte	.LASF44
 791 0287 05       		.byte	0x5
 792 0288 70       		.byte	0x70
ARM GAS  /tmp/ccgTD8f6.s 			page 15


 793 0289 6B020000 		.4byte	0x26b
 794 028d 03       		.uleb128 0x3
 795 028e 2E010000 		.4byte	.LASF45
 796 0292 07       		.byte	0x7
 797 0293 E5       		.byte	0xe5
 798 0294 98020000 		.4byte	0x298
 799 0298 0A       		.uleb128 0xa
 800 0299 04       		.byte	0x4
 801 029a 03       		.uleb128 0x3
 802 029b A8010000 		.4byte	.LASF46
 803 029f 07       		.byte	0x7
 804 02a0 EB       		.byte	0xeb
 805 02a1 94000000 		.4byte	0x94
 806 02a5 0B       		.uleb128 0xb
 807 02a6 D3020000 		.4byte	.LASF47
 808 02aa 24       		.byte	0x24
 809 02ab 07       		.byte	0x7
 810 02ac 0C01     		.2byte	0x10c
 811 02ae 33030000 		.4byte	0x333
 812 02b2 0C       		.uleb128 0xc
 813 02b3 723400   		.ascii	"r4\000"
 814 02b6 07       		.byte	0x7
 815 02b7 1F01     		.2byte	0x11f
 816 02b9 8D020000 		.4byte	0x28d
 817 02bd 02       		.byte	0x2
 818 02be 23       		.byte	0x23
 819 02bf 00       		.uleb128 0
 820 02c0 0C       		.uleb128 0xc
 821 02c1 723500   		.ascii	"r5\000"
 822 02c4 07       		.byte	0x7
 823 02c5 2001     		.2byte	0x120
 824 02c7 8D020000 		.4byte	0x28d
 825 02cb 02       		.byte	0x2
 826 02cc 23       		.byte	0x23
 827 02cd 04       		.uleb128 0x4
 828 02ce 0C       		.uleb128 0xc
 829 02cf 723600   		.ascii	"r6\000"
 830 02d2 07       		.byte	0x7
 831 02d3 2101     		.2byte	0x121
 832 02d5 8D020000 		.4byte	0x28d
 833 02d9 02       		.byte	0x2
 834 02da 23       		.byte	0x23
 835 02db 08       		.uleb128 0x8
 836 02dc 0C       		.uleb128 0xc
 837 02dd 723700   		.ascii	"r7\000"
 838 02e0 07       		.byte	0x7
 839 02e1 2201     		.2byte	0x122
 840 02e3 8D020000 		.4byte	0x28d
 841 02e7 02       		.byte	0x2
 842 02e8 23       		.byte	0x23
 843 02e9 0C       		.uleb128 0xc
 844 02ea 0C       		.uleb128 0xc
 845 02eb 723800   		.ascii	"r8\000"
 846 02ee 07       		.byte	0x7
 847 02ef 2301     		.2byte	0x123
 848 02f1 8D020000 		.4byte	0x28d
 849 02f5 02       		.byte	0x2
ARM GAS  /tmp/ccgTD8f6.s 			page 16


 850 02f6 23       		.byte	0x23
 851 02f7 10       		.uleb128 0x10
 852 02f8 0C       		.uleb128 0xc
 853 02f9 723900   		.ascii	"r9\000"
 854 02fc 07       		.byte	0x7
 855 02fd 2401     		.2byte	0x124
 856 02ff 8D020000 		.4byte	0x28d
 857 0303 02       		.byte	0x2
 858 0304 23       		.byte	0x23
 859 0305 14       		.uleb128 0x14
 860 0306 0C       		.uleb128 0xc
 861 0307 72313000 		.ascii	"r10\000"
 862 030b 07       		.byte	0x7
 863 030c 2501     		.2byte	0x125
 864 030e 8D020000 		.4byte	0x28d
 865 0312 02       		.byte	0x2
 866 0313 23       		.byte	0x23
 867 0314 18       		.uleb128 0x18
 868 0315 0C       		.uleb128 0xc
 869 0316 72313100 		.ascii	"r11\000"
 870 031a 07       		.byte	0x7
 871 031b 2601     		.2byte	0x126
 872 031d 8D020000 		.4byte	0x28d
 873 0321 02       		.byte	0x2
 874 0322 23       		.byte	0x23
 875 0323 1C       		.uleb128 0x1c
 876 0324 0C       		.uleb128 0xc
 877 0325 6C7200   		.ascii	"lr\000"
 878 0328 07       		.byte	0x7
 879 0329 2701     		.2byte	0x127
 880 032b 8D020000 		.4byte	0x28d
 881 032f 02       		.byte	0x2
 882 0330 23       		.byte	0x23
 883 0331 20       		.uleb128 0x20
 884 0332 00       		.byte	0
 885 0333 0B       		.uleb128 0xb
 886 0334 5C010000 		.4byte	.LASF48
 887 0338 04       		.byte	0x4
 888 0339 07       		.byte	0x7
 889 033a 3101     		.2byte	0x131
 890 033c 50030000 		.4byte	0x350
 891 0340 0C       		.uleb128 0xc
 892 0341 72313300 		.ascii	"r13\000"
 893 0345 07       		.byte	0x7
 894 0346 3201     		.2byte	0x132
 895 0348 50030000 		.4byte	0x350
 896 034c 02       		.byte	0x2
 897 034d 23       		.byte	0x23
 898 034e 00       		.uleb128 0
 899 034f 00       		.byte	0
 900 0350 09       		.uleb128 0x9
 901 0351 04       		.byte	0x4
 902 0352 A5020000 		.4byte	0x2a5
 903 0356 0D       		.uleb128 0xd
 904 0357 FA000000 		.4byte	0xfa
 905 035b 05       		.uleb128 0x5
 906 035c A2010000 		.4byte	.LASF49
ARM GAS  /tmp/ccgTD8f6.s 			page 17


 907 0360 10       		.byte	0x10
 908 0361 08       		.byte	0x8
 909 0362 2C       		.byte	0x2c
 910 0363 92030000 		.4byte	0x392
 911 0367 06       		.uleb128 0x6
 912 0368 96000000 		.4byte	.LASF50
 913 036c 08       		.byte	0x8
 914 036d 2D       		.byte	0x2d
 915 036e 60020000 		.4byte	0x260
 916 0372 02       		.byte	0x2
 917 0373 23       		.byte	0x23
 918 0374 00       		.uleb128 0
 919 0375 06       		.uleb128 0x6
 920 0376 13030000 		.4byte	.LASF51
 921 037a 08       		.byte	0x8
 922 037b 2F       		.byte	0x2f
 923 037c 5A020000 		.4byte	0x25a
 924 0380 02       		.byte	0x2
 925 0381 23       		.byte	0x23
 926 0382 08       		.uleb128 0x8
 927 0383 06       		.uleb128 0x6
 928 0384 B0020000 		.4byte	.LASF52
 929 0388 08       		.byte	0x8
 930 0389 31       		.byte	0x31
 931 038a 92030000 		.4byte	0x392
 932 038e 02       		.byte	0x2
 933 038f 23       		.byte	0x23
 934 0390 0C       		.uleb128 0xc
 935 0391 00       		.byte	0
 936 0392 09       		.uleb128 0x9
 937 0393 04       		.byte	0x4
 938 0394 5B030000 		.4byte	0x35b
 939 0398 03       		.uleb128 0x3
 940 0399 A2010000 		.4byte	.LASF49
 941 039d 08       		.byte	0x8
 942 039e 33       		.byte	0x33
 943 039f 5B030000 		.4byte	0x35b
 944 03a3 03       		.uleb128 0x3
 945 03a4 1D000000 		.4byte	.LASF53
 946 03a8 09       		.byte	0x9
 947 03a9 2C       		.byte	0x2c
 948 03aa AE030000 		.4byte	0x3ae
 949 03ae 09       		.uleb128 0x9
 950 03af 04       		.byte	0x4
 951 03b0 B4030000 		.4byte	0x3b4
 952 03b4 0E       		.uleb128 0xe
 953 03b5 01       		.byte	0x1
 954 03b6 98020000 		.4byte	0x298
 955 03ba C4030000 		.4byte	0x3c4
 956 03be 0F       		.uleb128 0xf
 957 03bf 30000000 		.4byte	0x30
 958 03c3 00       		.byte	0
 959 03c4 03       		.uleb128 0x3
 960 03c5 C8010000 		.4byte	.LASF54
 961 03c9 0A       		.byte	0xa
 962 03ca 34       		.byte	0x34
 963 03cb CF030000 		.4byte	0x3cf
ARM GAS  /tmp/ccgTD8f6.s 			page 18


 964 03cf 05       		.uleb128 0x5
 965 03d0 2B030000 		.4byte	.LASF55
 966 03d4 20       		.byte	0x20
 967 03d5 0A       		.byte	0xa
 968 03d6 47       		.byte	0x47
 969 03d7 06040000 		.4byte	0x406
 970 03db 06       		.uleb128 0x6
 971 03dc 06020000 		.4byte	.LASF56
 972 03e0 0A       		.byte	0xa
 973 03e1 48       		.byte	0x48
 974 03e2 A3030000 		.4byte	0x3a3
 975 03e6 02       		.byte	0x2
 976 03e7 23       		.byte	0x23
 977 03e8 00       		.uleb128 0
 978 03e9 06       		.uleb128 0x6
 979 03ea 4A000000 		.4byte	.LASF57
 980 03ee 0A       		.byte	0xa
 981 03ef 4A       		.byte	0x4a
 982 03f0 25040000 		.4byte	0x425
 983 03f4 02       		.byte	0x2
 984 03f5 23       		.byte	0x23
 985 03f6 08       		.uleb128 0x8
 986 03f7 06       		.uleb128 0x6
 987 03f8 88000000 		.4byte	.LASF58
 988 03fc 0A       		.byte	0xa
 989 03fd 4C       		.byte	0x4c
 990 03fe 98030000 		.4byte	0x398
 991 0402 02       		.byte	0x2
 992 0403 23       		.byte	0x23
 993 0404 10       		.uleb128 0x10
 994 0405 00       		.byte	0
 995 0406 10       		.uleb128 0x10
 996 0407 04       		.byte	0x4
 997 0408 0A       		.byte	0xa
 998 0409 3C       		.byte	0x3c
 999 040a 25040000 		.4byte	0x425
 1000 040e 11       		.uleb128 0x11
 1001 040f 62000000 		.4byte	.LASF59
 1002 0413 0A       		.byte	0xa
 1003 0414 3D       		.byte	0x3d
 1004 0415 46040000 		.4byte	0x446
 1005 0419 11       		.uleb128 0x11
 1006 041a 8C020000 		.4byte	.LASF60
 1007 041e 0A       		.byte	0xa
 1008 041f 3E       		.byte	0x3e
 1009 0420 4C040000 		.4byte	0x44c
 1010 0424 00       		.byte	0
 1011 0425 12       		.uleb128 0x12
 1012 0426 37020000 		.4byte	.LASF78
 1013 042a 08       		.byte	0x8
 1014 042b 0A       		.byte	0xa
 1015 042c 39       		.byte	0x39
 1016 042d 46040000 		.4byte	0x446
 1017 0431 11       		.uleb128 0x11
 1018 0432 37010000 		.4byte	.LASF61
 1019 0436 0A       		.byte	0xa
 1020 0437 3A       		.byte	0x3a
ARM GAS  /tmp/ccgTD8f6.s 			page 19


 1021 0438 9A020000 		.4byte	0x29a
 1022 043c 13       		.uleb128 0x13
 1023 043d 6800     		.ascii	"h\000"
 1024 043f 0A       		.byte	0xa
 1025 0440 41       		.byte	0x41
 1026 0441 52040000 		.4byte	0x452
 1027 0445 00       		.byte	0
 1028 0446 09       		.uleb128 0x9
 1029 0447 04       		.byte	0x4
 1030 0448 25040000 		.4byte	0x425
 1031 044c 09       		.uleb128 0x9
 1032 044d 04       		.byte	0x4
 1033 044e C4030000 		.4byte	0x3c4
 1034 0452 08       		.uleb128 0x8
 1035 0453 08       		.byte	0x8
 1036 0454 0A       		.byte	0xa
 1037 0455 3B       		.byte	0x3b
 1038 0456 75040000 		.4byte	0x475
 1039 045a 07       		.uleb128 0x7
 1040 045b 7500     		.ascii	"u\000"
 1041 045d 0A       		.byte	0xa
 1042 045e 3F       		.byte	0x3f
 1043 045f 06040000 		.4byte	0x406
 1044 0463 02       		.byte	0x2
 1045 0464 23       		.byte	0x23
 1046 0465 00       		.uleb128 0
 1047 0466 06       		.uleb128 0x6
 1048 0467 64010000 		.4byte	.LASF62
 1049 046b 0A       		.byte	0xa
 1050 046c 40       		.byte	0x40
 1051 046d 30000000 		.4byte	0x30
 1052 0471 02       		.byte	0x2
 1053 0472 23       		.byte	0x23
 1054 0473 04       		.uleb128 0x4
 1055 0474 00       		.byte	0
 1056 0475 10       		.uleb128 0x10
 1057 0476 04       		.byte	0x4
 1058 0477 06       		.byte	0x6
 1059 0478 96       		.byte	0x96
 1060 0479 AA040000 		.4byte	0x4aa
 1061 047d 11       		.uleb128 0x11
 1062 047e 0D000000 		.4byte	.LASF63
 1063 0482 06       		.byte	0x6
 1064 0483 9D       		.byte	0x9d
 1065 0484 E4000000 		.4byte	0xe4
 1066 0488 11       		.uleb128 0x11
 1067 0489 41000000 		.4byte	.LASF64
 1068 048d 06       		.byte	0x6
 1069 048e A4       		.byte	0xa4
 1070 048f E4000000 		.4byte	0xe4
 1071 0493 11       		.uleb128 0x11
 1072 0494 F4020000 		.4byte	.LASF65
 1073 0498 06       		.byte	0x6
 1074 0499 AB       		.byte	0xab
 1075 049a 98020000 		.4byte	0x298
 1076 049e 11       		.uleb128 0x11
 1077 049f 43020000 		.4byte	.LASF66
ARM GAS  /tmp/ccgTD8f6.s 			page 20


 1078 04a3 06       		.byte	0x6
 1079 04a4 B2       		.byte	0xb2
 1080 04a5 EF000000 		.4byte	0xef
 1081 04a9 00       		.byte	0
 1082 04aa 09       		.uleb128 0x9
 1083 04ab 04       		.byte	0x4
 1084 04ac B0040000 		.4byte	0x4b0
 1085 04b0 14       		.uleb128 0x14
 1086 04b1 B5040000 		.4byte	0x4b5
 1087 04b5 04       		.uleb128 0x4
 1088 04b6 01       		.byte	0x1
 1089 04b7 08       		.byte	0x8
 1090 04b8 9E020000 		.4byte	.LASF67
 1091 04bc 09       		.uleb128 0x9
 1092 04bd 04       		.byte	0x4
 1093 04be 98030000 		.4byte	0x398
 1094 04c2 15       		.uleb128 0x15
 1095 04c3 01       		.byte	0x1
 1096 04c4 08030000 		.4byte	.LASF79
 1097 04c8 01       		.byte	0x1
 1098 04c9 4B       		.byte	0x4b
 1099 04ca 01       		.byte	0x1
 1100 04cb 00000000 		.4byte	.LFB7
 1101 04cf 20000000 		.4byte	.LFE7
 1102 04d3 02       		.byte	0x2
 1103 04d4 7D       		.byte	0x7d
 1104 04d5 00       		.sleb128 0
 1105 04d6 16       		.uleb128 0x16
 1106 04d7 01       		.byte	0x1
 1107 04d8 57000000 		.4byte	.LASF69
 1108 04dc 01       		.byte	0x1
 1109 04dd 63       		.byte	0x63
 1110 04de 01       		.byte	0x1
 1111 04df 00000000 		.4byte	.LFB8
 1112 04e3 14000000 		.4byte	.LFE8
 1113 04e7 02       		.byte	0x2
 1114 04e8 7D       		.byte	0x7d
 1115 04e9 00       		.sleb128 0
 1116 04ea 2A050000 		.4byte	0x52a
 1117 04ee 17       		.uleb128 0x17
 1118 04ef 51000000 		.4byte	.LASF68
 1119 04f3 01       		.byte	0x1
 1120 04f4 63       		.byte	0x63
 1121 04f5 4C040000 		.4byte	0x44c
 1122 04f9 00000000 		.4byte	.LLST0
 1123 04fd 18       		.uleb128 0x18
 1124 04fe 62756600 		.ascii	"buf\000"
 1125 0502 01       		.byte	0x1
 1126 0503 63       		.byte	0x63
 1127 0504 98020000 		.4byte	0x298
 1128 0508 20000000 		.4byte	.LLST1
 1129 050c 17       		.uleb128 0x17
 1130 050d 64010000 		.4byte	.LASF62
 1131 0511 01       		.byte	0x1
 1132 0512 63       		.byte	0x63
 1133 0513 30000000 		.4byte	0x30
 1134 0517 33000000 		.4byte	.LLST2
ARM GAS  /tmp/ccgTD8f6.s 			page 21


 1135 051b 19       		.uleb128 0x19
 1136 051c 687000   		.ascii	"hp\000"
 1137 051f 01       		.byte	0x1
 1138 0520 64       		.byte	0x64
 1139 0521 46040000 		.4byte	0x446
 1140 0525 53000000 		.4byte	.LLST3
 1141 0529 00       		.byte	0
 1142 052a 1A       		.uleb128 0x1a
 1143 052b 01       		.byte	0x1
 1144 052c 60020000 		.4byte	.LASF71
 1145 0530 01       		.byte	0x1
 1146 0531 84       		.byte	0x84
 1147 0532 01       		.byte	0x1
 1148 0533 98020000 		.4byte	0x298
 1149 0537 00000000 		.4byte	.LFB9
 1150 053b 8E000000 		.4byte	.LFE9
 1151 053f 66000000 		.4byte	.LLST4
 1152 0543 90050000 		.4byte	0x590
 1153 0547 17       		.uleb128 0x17
 1154 0548 51000000 		.4byte	.LASF68
 1155 054c 01       		.byte	0x1
 1156 054d 84       		.byte	0x84
 1157 054e 4C040000 		.4byte	0x44c
 1158 0552 86000000 		.4byte	.LLST5
 1159 0556 17       		.uleb128 0x17
 1160 0557 64010000 		.4byte	.LASF62
 1161 055b 01       		.byte	0x1
 1162 055c 84       		.byte	0x84
 1163 055d 30000000 		.4byte	0x30
 1164 0561 99000000 		.4byte	.LLST6
 1165 0565 19       		.uleb128 0x19
 1166 0566 717000   		.ascii	"qp\000"
 1167 0569 01       		.byte	0x1
 1168 056a 85       		.byte	0x85
 1169 056b 46040000 		.4byte	0x446
 1170 056f C4000000 		.4byte	.LLST7
 1171 0573 19       		.uleb128 0x19
 1172 0574 687000   		.ascii	"hp\000"
 1173 0577 01       		.byte	0x1
 1174 0578 85       		.byte	0x85
 1175 0579 46040000 		.4byte	0x446
 1176 057d E2000000 		.4byte	.LLST8
 1177 0581 19       		.uleb128 0x19
 1178 0582 667000   		.ascii	"fp\000"
 1179 0585 01       		.byte	0x1
 1180 0586 85       		.byte	0x85
 1181 0587 46040000 		.4byte	0x446
 1182 058b 3A010000 		.4byte	.LLST9
 1183 058f 00       		.byte	0
 1184 0590 1B       		.uleb128 0x1b
 1185 0591 01       		.byte	0x1
 1186 0592 9E000000 		.4byte	.LASF70
 1187 0596 01       		.byte	0x1
 1188 0597 C2       		.byte	0xc2
 1189 0598 01       		.byte	0x1
 1190 0599 00000000 		.4byte	.LFB10
 1191 059d AA000000 		.4byte	.LFE10
ARM GAS  /tmp/ccgTD8f6.s 			page 22


 1192 05a1 4D010000 		.4byte	.LLST10
 1193 05a5 E0050000 		.4byte	0x5e0
 1194 05a9 18       		.uleb128 0x18
 1195 05aa 7000     		.ascii	"p\000"
 1196 05ac 01       		.byte	0x1
 1197 05ad C2       		.byte	0xc2
 1198 05ae 98020000 		.4byte	0x298
 1199 05b2 6D010000 		.4byte	.LLST11
 1200 05b6 19       		.uleb128 0x19
 1201 05b7 717000   		.ascii	"qp\000"
 1202 05ba 01       		.byte	0x1
 1203 05bb C3       		.byte	0xc3
 1204 05bc 46040000 		.4byte	0x446
 1205 05c0 8B010000 		.4byte	.LLST12
 1206 05c4 1C       		.uleb128 0x1c
 1207 05c5 687000   		.ascii	"hp\000"
 1208 05c8 01       		.byte	0x1
 1209 05c9 C3       		.byte	0xc3
 1210 05ca 46040000 		.4byte	0x446
 1211 05ce 01       		.byte	0x1
 1212 05cf 54       		.byte	0x54
 1213 05d0 1D       		.uleb128 0x1d
 1214 05d1 51000000 		.4byte	.LASF68
 1215 05d5 01       		.byte	0x1
 1216 05d6 C4       		.byte	0xc4
 1217 05d7 4C040000 		.4byte	0x44c
 1218 05db D5010000 		.4byte	.LLST13
 1219 05df 00       		.byte	0
 1220 05e0 1A       		.uleb128 0x1a
 1221 05e1 01       		.byte	0x1
 1222 05e2 A3020000 		.4byte	.LASF72
 1223 05e6 01       		.byte	0x1
 1224 05e7 FA       		.byte	0xfa
 1225 05e8 01       		.byte	0x1
 1226 05e9 30000000 		.4byte	0x30
 1227 05ed 00000000 		.4byte	.LFB11
 1228 05f1 3E000000 		.4byte	.LFE11
 1229 05f5 F6010000 		.4byte	.LLST14
 1230 05f9 41060000 		.4byte	0x641
 1231 05fd 17       		.uleb128 0x17
 1232 05fe 51000000 		.4byte	.LASF68
 1233 0602 01       		.byte	0x1
 1234 0603 FA       		.byte	0xfa
 1235 0604 4C040000 		.4byte	0x44c
 1236 0608 16020000 		.4byte	.LLST15
 1237 060c 17       		.uleb128 0x17
 1238 060d FB020000 		.4byte	.LASF73
 1239 0611 01       		.byte	0x1
 1240 0612 FA       		.byte	0xfa
 1241 0613 41060000 		.4byte	0x641
 1242 0617 29020000 		.4byte	.LLST16
 1243 061b 1E       		.uleb128 0x1e
 1244 061c 717000   		.ascii	"qp\000"
 1245 061f 01       		.byte	0x1
 1246 0620 FB       		.byte	0xfb
 1247 0621 46040000 		.4byte	0x446
 1248 0625 19       		.uleb128 0x19
ARM GAS  /tmp/ccgTD8f6.s 			page 23


 1249 0626 6E00     		.ascii	"n\000"
 1250 0628 01       		.byte	0x1
 1251 0629 FC       		.byte	0xfc
 1252 062a 30000000 		.4byte	0x30
 1253 062e 47020000 		.4byte	.LLST17
 1254 0632 19       		.uleb128 0x19
 1255 0633 737A00   		.ascii	"sz\000"
 1256 0636 01       		.byte	0x1
 1257 0637 FC       		.byte	0xfc
 1258 0638 30000000 		.4byte	0x30
 1259 063c 66020000 		.4byte	.LLST18
 1260 0640 00       		.byte	0
 1261 0641 09       		.uleb128 0x9
 1262 0642 04       		.byte	0x4
 1263 0643 30000000 		.4byte	0x30
 1264 0647 1F       		.uleb128 0x1f
 1265 0648 91020000 		.4byte	.LASF74
 1266 064c 01       		.byte	0x1
 1267 064d 44       		.byte	0x44
 1268 064e C4030000 		.4byte	0x3c4
 1269 0652 05       		.byte	0x5
 1270 0653 03       		.byte	0x3
 1271 0654 00000000 		.4byte	default_heap
 1272 0658 00       		.byte	0
 1273              		.section	.debug_abbrev,"",%progbits
 1274              	.Ldebug_abbrev0:
 1275 0000 01       		.uleb128 0x1
 1276 0001 11       		.uleb128 0x11
 1277 0002 01       		.byte	0x1
 1278 0003 25       		.uleb128 0x25
 1279 0004 0E       		.uleb128 0xe
 1280 0005 13       		.uleb128 0x13
 1281 0006 0B       		.uleb128 0xb
 1282 0007 03       		.uleb128 0x3
 1283 0008 0E       		.uleb128 0xe
 1284 0009 1B       		.uleb128 0x1b
 1285 000a 0E       		.uleb128 0xe
 1286 000b 11       		.uleb128 0x11
 1287 000c 01       		.uleb128 0x1
 1288 000d 52       		.uleb128 0x52
 1289 000e 01       		.uleb128 0x1
 1290 000f 55       		.uleb128 0x55
 1291 0010 06       		.uleb128 0x6
 1292 0011 10       		.uleb128 0x10
 1293 0012 06       		.uleb128 0x6
 1294 0013 00       		.byte	0
 1295 0014 00       		.byte	0
 1296 0015 02       		.uleb128 0x2
 1297 0016 24       		.uleb128 0x24
 1298 0017 00       		.byte	0
 1299 0018 0B       		.uleb128 0xb
 1300 0019 0B       		.uleb128 0xb
 1301 001a 3E       		.uleb128 0x3e
 1302 001b 0B       		.uleb128 0xb
 1303 001c 03       		.uleb128 0x3
 1304 001d 08       		.uleb128 0x8
 1305 001e 00       		.byte	0
ARM GAS  /tmp/ccgTD8f6.s 			page 24


 1306 001f 00       		.byte	0
 1307 0020 03       		.uleb128 0x3
 1308 0021 16       		.uleb128 0x16
 1309 0022 00       		.byte	0
 1310 0023 03       		.uleb128 0x3
 1311 0024 0E       		.uleb128 0xe
 1312 0025 3A       		.uleb128 0x3a
 1313 0026 0B       		.uleb128 0xb
 1314 0027 3B       		.uleb128 0x3b
 1315 0028 0B       		.uleb128 0xb
 1316 0029 49       		.uleb128 0x49
 1317 002a 13       		.uleb128 0x13
 1318 002b 00       		.byte	0
 1319 002c 00       		.byte	0
 1320 002d 04       		.uleb128 0x4
 1321 002e 24       		.uleb128 0x24
 1322 002f 00       		.byte	0
 1323 0030 0B       		.uleb128 0xb
 1324 0031 0B       		.uleb128 0xb
 1325 0032 3E       		.uleb128 0x3e
 1326 0033 0B       		.uleb128 0xb
 1327 0034 03       		.uleb128 0x3
 1328 0035 0E       		.uleb128 0xe
 1329 0036 00       		.byte	0
 1330 0037 00       		.byte	0
 1331 0038 05       		.uleb128 0x5
 1332 0039 13       		.uleb128 0x13
 1333 003a 01       		.byte	0x1
 1334 003b 03       		.uleb128 0x3
 1335 003c 0E       		.uleb128 0xe
 1336 003d 0B       		.uleb128 0xb
 1337 003e 0B       		.uleb128 0xb
 1338 003f 3A       		.uleb128 0x3a
 1339 0040 0B       		.uleb128 0xb
 1340 0041 3B       		.uleb128 0x3b
 1341 0042 0B       		.uleb128 0xb
 1342 0043 01       		.uleb128 0x1
 1343 0044 13       		.uleb128 0x13
 1344 0045 00       		.byte	0
 1345 0046 00       		.byte	0
 1346 0047 06       		.uleb128 0x6
 1347 0048 0D       		.uleb128 0xd
 1348 0049 00       		.byte	0
 1349 004a 03       		.uleb128 0x3
 1350 004b 0E       		.uleb128 0xe
 1351 004c 3A       		.uleb128 0x3a
 1352 004d 0B       		.uleb128 0xb
 1353 004e 3B       		.uleb128 0x3b
 1354 004f 0B       		.uleb128 0xb
 1355 0050 49       		.uleb128 0x49
 1356 0051 13       		.uleb128 0x13
 1357 0052 38       		.uleb128 0x38
 1358 0053 0A       		.uleb128 0xa
 1359 0054 00       		.byte	0
 1360 0055 00       		.byte	0
 1361 0056 07       		.uleb128 0x7
 1362 0057 0D       		.uleb128 0xd
ARM GAS  /tmp/ccgTD8f6.s 			page 25


 1363 0058 00       		.byte	0
 1364 0059 03       		.uleb128 0x3
 1365 005a 08       		.uleb128 0x8
 1366 005b 3A       		.uleb128 0x3a
 1367 005c 0B       		.uleb128 0xb
 1368 005d 3B       		.uleb128 0x3b
 1369 005e 0B       		.uleb128 0xb
 1370 005f 49       		.uleb128 0x49
 1371 0060 13       		.uleb128 0x13
 1372 0061 38       		.uleb128 0x38
 1373 0062 0A       		.uleb128 0xa
 1374 0063 00       		.byte	0
 1375 0064 00       		.byte	0
 1376 0065 08       		.uleb128 0x8
 1377 0066 13       		.uleb128 0x13
 1378 0067 01       		.byte	0x1
 1379 0068 0B       		.uleb128 0xb
 1380 0069 0B       		.uleb128 0xb
 1381 006a 3A       		.uleb128 0x3a
 1382 006b 0B       		.uleb128 0xb
 1383 006c 3B       		.uleb128 0x3b
 1384 006d 0B       		.uleb128 0xb
 1385 006e 01       		.uleb128 0x1
 1386 006f 13       		.uleb128 0x13
 1387 0070 00       		.byte	0
 1388 0071 00       		.byte	0
 1389 0072 09       		.uleb128 0x9
 1390 0073 0F       		.uleb128 0xf
 1391 0074 00       		.byte	0
 1392 0075 0B       		.uleb128 0xb
 1393 0076 0B       		.uleb128 0xb
 1394 0077 49       		.uleb128 0x49
 1395 0078 13       		.uleb128 0x13
 1396 0079 00       		.byte	0
 1397 007a 00       		.byte	0
 1398 007b 0A       		.uleb128 0xa
 1399 007c 0F       		.uleb128 0xf
 1400 007d 00       		.byte	0
 1401 007e 0B       		.uleb128 0xb
 1402 007f 0B       		.uleb128 0xb
 1403 0080 00       		.byte	0
 1404 0081 00       		.byte	0
 1405 0082 0B       		.uleb128 0xb
 1406 0083 13       		.uleb128 0x13
 1407 0084 01       		.byte	0x1
 1408 0085 03       		.uleb128 0x3
 1409 0086 0E       		.uleb128 0xe
 1410 0087 0B       		.uleb128 0xb
 1411 0088 0B       		.uleb128 0xb
 1412 0089 3A       		.uleb128 0x3a
 1413 008a 0B       		.uleb128 0xb
 1414 008b 3B       		.uleb128 0x3b
 1415 008c 05       		.uleb128 0x5
 1416 008d 01       		.uleb128 0x1
 1417 008e 13       		.uleb128 0x13
 1418 008f 00       		.byte	0
 1419 0090 00       		.byte	0
ARM GAS  /tmp/ccgTD8f6.s 			page 26


 1420 0091 0C       		.uleb128 0xc
 1421 0092 0D       		.uleb128 0xd
 1422 0093 00       		.byte	0
 1423 0094 03       		.uleb128 0x3
 1424 0095 08       		.uleb128 0x8
 1425 0096 3A       		.uleb128 0x3a
 1426 0097 0B       		.uleb128 0xb
 1427 0098 3B       		.uleb128 0x3b
 1428 0099 05       		.uleb128 0x5
 1429 009a 49       		.uleb128 0x49
 1430 009b 13       		.uleb128 0x13
 1431 009c 38       		.uleb128 0x38
 1432 009d 0A       		.uleb128 0xa
 1433 009e 00       		.byte	0
 1434 009f 00       		.byte	0
 1435 00a0 0D       		.uleb128 0xd
 1436 00a1 35       		.uleb128 0x35
 1437 00a2 00       		.byte	0
 1438 00a3 49       		.uleb128 0x49
 1439 00a4 13       		.uleb128 0x13
 1440 00a5 00       		.byte	0
 1441 00a6 00       		.byte	0
 1442 00a7 0E       		.uleb128 0xe
 1443 00a8 15       		.uleb128 0x15
 1444 00a9 01       		.byte	0x1
 1445 00aa 27       		.uleb128 0x27
 1446 00ab 0C       		.uleb128 0xc
 1447 00ac 49       		.uleb128 0x49
 1448 00ad 13       		.uleb128 0x13
 1449 00ae 01       		.uleb128 0x1
 1450 00af 13       		.uleb128 0x13
 1451 00b0 00       		.byte	0
 1452 00b1 00       		.byte	0
 1453 00b2 0F       		.uleb128 0xf
 1454 00b3 05       		.uleb128 0x5
 1455 00b4 00       		.byte	0
 1456 00b5 49       		.uleb128 0x49
 1457 00b6 13       		.uleb128 0x13
 1458 00b7 00       		.byte	0
 1459 00b8 00       		.byte	0
 1460 00b9 10       		.uleb128 0x10
 1461 00ba 17       		.uleb128 0x17
 1462 00bb 01       		.byte	0x1
 1463 00bc 0B       		.uleb128 0xb
 1464 00bd 0B       		.uleb128 0xb
 1465 00be 3A       		.uleb128 0x3a
 1466 00bf 0B       		.uleb128 0xb
 1467 00c0 3B       		.uleb128 0x3b
 1468 00c1 0B       		.uleb128 0xb
 1469 00c2 01       		.uleb128 0x1
 1470 00c3 13       		.uleb128 0x13
 1471 00c4 00       		.byte	0
 1472 00c5 00       		.byte	0
 1473 00c6 11       		.uleb128 0x11
 1474 00c7 0D       		.uleb128 0xd
 1475 00c8 00       		.byte	0
 1476 00c9 03       		.uleb128 0x3
ARM GAS  /tmp/ccgTD8f6.s 			page 27


 1477 00ca 0E       		.uleb128 0xe
 1478 00cb 3A       		.uleb128 0x3a
 1479 00cc 0B       		.uleb128 0xb
 1480 00cd 3B       		.uleb128 0x3b
 1481 00ce 0B       		.uleb128 0xb
 1482 00cf 49       		.uleb128 0x49
 1483 00d0 13       		.uleb128 0x13
 1484 00d1 00       		.byte	0
 1485 00d2 00       		.byte	0
 1486 00d3 12       		.uleb128 0x12
 1487 00d4 17       		.uleb128 0x17
 1488 00d5 01       		.byte	0x1
 1489 00d6 03       		.uleb128 0x3
 1490 00d7 0E       		.uleb128 0xe
 1491 00d8 0B       		.uleb128 0xb
 1492 00d9 0B       		.uleb128 0xb
 1493 00da 3A       		.uleb128 0x3a
 1494 00db 0B       		.uleb128 0xb
 1495 00dc 3B       		.uleb128 0x3b
 1496 00dd 0B       		.uleb128 0xb
 1497 00de 01       		.uleb128 0x1
 1498 00df 13       		.uleb128 0x13
 1499 00e0 00       		.byte	0
 1500 00e1 00       		.byte	0
 1501 00e2 13       		.uleb128 0x13
 1502 00e3 0D       		.uleb128 0xd
 1503 00e4 00       		.byte	0
 1504 00e5 03       		.uleb128 0x3
 1505 00e6 08       		.uleb128 0x8
 1506 00e7 3A       		.uleb128 0x3a
 1507 00e8 0B       		.uleb128 0xb
 1508 00e9 3B       		.uleb128 0x3b
 1509 00ea 0B       		.uleb128 0xb
 1510 00eb 49       		.uleb128 0x49
 1511 00ec 13       		.uleb128 0x13
 1512 00ed 00       		.byte	0
 1513 00ee 00       		.byte	0
 1514 00ef 14       		.uleb128 0x14
 1515 00f0 26       		.uleb128 0x26
 1516 00f1 00       		.byte	0
 1517 00f2 49       		.uleb128 0x49
 1518 00f3 13       		.uleb128 0x13
 1519 00f4 00       		.byte	0
 1520 00f5 00       		.byte	0
 1521 00f6 15       		.uleb128 0x15
 1522 00f7 2E       		.uleb128 0x2e
 1523 00f8 00       		.byte	0
 1524 00f9 3F       		.uleb128 0x3f
 1525 00fa 0C       		.uleb128 0xc
 1526 00fb 03       		.uleb128 0x3
 1527 00fc 0E       		.uleb128 0xe
 1528 00fd 3A       		.uleb128 0x3a
 1529 00fe 0B       		.uleb128 0xb
 1530 00ff 3B       		.uleb128 0x3b
 1531 0100 0B       		.uleb128 0xb
 1532 0101 27       		.uleb128 0x27
 1533 0102 0C       		.uleb128 0xc
ARM GAS  /tmp/ccgTD8f6.s 			page 28


 1534 0103 11       		.uleb128 0x11
 1535 0104 01       		.uleb128 0x1
 1536 0105 12       		.uleb128 0x12
 1537 0106 01       		.uleb128 0x1
 1538 0107 40       		.uleb128 0x40
 1539 0108 0A       		.uleb128 0xa
 1540 0109 00       		.byte	0
 1541 010a 00       		.byte	0
 1542 010b 16       		.uleb128 0x16
 1543 010c 2E       		.uleb128 0x2e
 1544 010d 01       		.byte	0x1
 1545 010e 3F       		.uleb128 0x3f
 1546 010f 0C       		.uleb128 0xc
 1547 0110 03       		.uleb128 0x3
 1548 0111 0E       		.uleb128 0xe
 1549 0112 3A       		.uleb128 0x3a
 1550 0113 0B       		.uleb128 0xb
 1551 0114 3B       		.uleb128 0x3b
 1552 0115 0B       		.uleb128 0xb
 1553 0116 27       		.uleb128 0x27
 1554 0117 0C       		.uleb128 0xc
 1555 0118 11       		.uleb128 0x11
 1556 0119 01       		.uleb128 0x1
 1557 011a 12       		.uleb128 0x12
 1558 011b 01       		.uleb128 0x1
 1559 011c 40       		.uleb128 0x40
 1560 011d 0A       		.uleb128 0xa
 1561 011e 01       		.uleb128 0x1
 1562 011f 13       		.uleb128 0x13
 1563 0120 00       		.byte	0
 1564 0121 00       		.byte	0
 1565 0122 17       		.uleb128 0x17
 1566 0123 05       		.uleb128 0x5
 1567 0124 00       		.byte	0
 1568 0125 03       		.uleb128 0x3
 1569 0126 0E       		.uleb128 0xe
 1570 0127 3A       		.uleb128 0x3a
 1571 0128 0B       		.uleb128 0xb
 1572 0129 3B       		.uleb128 0x3b
 1573 012a 0B       		.uleb128 0xb
 1574 012b 49       		.uleb128 0x49
 1575 012c 13       		.uleb128 0x13
 1576 012d 02       		.uleb128 0x2
 1577 012e 06       		.uleb128 0x6
 1578 012f 00       		.byte	0
 1579 0130 00       		.byte	0
 1580 0131 18       		.uleb128 0x18
 1581 0132 05       		.uleb128 0x5
 1582 0133 00       		.byte	0
 1583 0134 03       		.uleb128 0x3
 1584 0135 08       		.uleb128 0x8
 1585 0136 3A       		.uleb128 0x3a
 1586 0137 0B       		.uleb128 0xb
 1587 0138 3B       		.uleb128 0x3b
 1588 0139 0B       		.uleb128 0xb
 1589 013a 49       		.uleb128 0x49
 1590 013b 13       		.uleb128 0x13
ARM GAS  /tmp/ccgTD8f6.s 			page 29


 1591 013c 02       		.uleb128 0x2
 1592 013d 06       		.uleb128 0x6
 1593 013e 00       		.byte	0
 1594 013f 00       		.byte	0
 1595 0140 19       		.uleb128 0x19
 1596 0141 34       		.uleb128 0x34
 1597 0142 00       		.byte	0
 1598 0143 03       		.uleb128 0x3
 1599 0144 08       		.uleb128 0x8
 1600 0145 3A       		.uleb128 0x3a
 1601 0146 0B       		.uleb128 0xb
 1602 0147 3B       		.uleb128 0x3b
 1603 0148 0B       		.uleb128 0xb
 1604 0149 49       		.uleb128 0x49
 1605 014a 13       		.uleb128 0x13
 1606 014b 02       		.uleb128 0x2
 1607 014c 06       		.uleb128 0x6
 1608 014d 00       		.byte	0
 1609 014e 00       		.byte	0
 1610 014f 1A       		.uleb128 0x1a
 1611 0150 2E       		.uleb128 0x2e
 1612 0151 01       		.byte	0x1
 1613 0152 3F       		.uleb128 0x3f
 1614 0153 0C       		.uleb128 0xc
 1615 0154 03       		.uleb128 0x3
 1616 0155 0E       		.uleb128 0xe
 1617 0156 3A       		.uleb128 0x3a
 1618 0157 0B       		.uleb128 0xb
 1619 0158 3B       		.uleb128 0x3b
 1620 0159 0B       		.uleb128 0xb
 1621 015a 27       		.uleb128 0x27
 1622 015b 0C       		.uleb128 0xc
 1623 015c 49       		.uleb128 0x49
 1624 015d 13       		.uleb128 0x13
 1625 015e 11       		.uleb128 0x11
 1626 015f 01       		.uleb128 0x1
 1627 0160 12       		.uleb128 0x12
 1628 0161 01       		.uleb128 0x1
 1629 0162 40       		.uleb128 0x40
 1630 0163 06       		.uleb128 0x6
 1631 0164 01       		.uleb128 0x1
 1632 0165 13       		.uleb128 0x13
 1633 0166 00       		.byte	0
 1634 0167 00       		.byte	0
 1635 0168 1B       		.uleb128 0x1b
 1636 0169 2E       		.uleb128 0x2e
 1637 016a 01       		.byte	0x1
 1638 016b 3F       		.uleb128 0x3f
 1639 016c 0C       		.uleb128 0xc
 1640 016d 03       		.uleb128 0x3
 1641 016e 0E       		.uleb128 0xe
 1642 016f 3A       		.uleb128 0x3a
 1643 0170 0B       		.uleb128 0xb
 1644 0171 3B       		.uleb128 0x3b
 1645 0172 0B       		.uleb128 0xb
 1646 0173 27       		.uleb128 0x27
 1647 0174 0C       		.uleb128 0xc
ARM GAS  /tmp/ccgTD8f6.s 			page 30


 1648 0175 11       		.uleb128 0x11
 1649 0176 01       		.uleb128 0x1
 1650 0177 12       		.uleb128 0x12
 1651 0178 01       		.uleb128 0x1
 1652 0179 40       		.uleb128 0x40
 1653 017a 06       		.uleb128 0x6
 1654 017b 01       		.uleb128 0x1
 1655 017c 13       		.uleb128 0x13
 1656 017d 00       		.byte	0
 1657 017e 00       		.byte	0
 1658 017f 1C       		.uleb128 0x1c
 1659 0180 34       		.uleb128 0x34
 1660 0181 00       		.byte	0
 1661 0182 03       		.uleb128 0x3
 1662 0183 08       		.uleb128 0x8
 1663 0184 3A       		.uleb128 0x3a
 1664 0185 0B       		.uleb128 0xb
 1665 0186 3B       		.uleb128 0x3b
 1666 0187 0B       		.uleb128 0xb
 1667 0188 49       		.uleb128 0x49
 1668 0189 13       		.uleb128 0x13
 1669 018a 02       		.uleb128 0x2
 1670 018b 0A       		.uleb128 0xa
 1671 018c 00       		.byte	0
 1672 018d 00       		.byte	0
 1673 018e 1D       		.uleb128 0x1d
 1674 018f 34       		.uleb128 0x34
 1675 0190 00       		.byte	0
 1676 0191 03       		.uleb128 0x3
 1677 0192 0E       		.uleb128 0xe
 1678 0193 3A       		.uleb128 0x3a
 1679 0194 0B       		.uleb128 0xb
 1680 0195 3B       		.uleb128 0x3b
 1681 0196 0B       		.uleb128 0xb
 1682 0197 49       		.uleb128 0x49
 1683 0198 13       		.uleb128 0x13
 1684 0199 02       		.uleb128 0x2
 1685 019a 06       		.uleb128 0x6
 1686 019b 00       		.byte	0
 1687 019c 00       		.byte	0
 1688 019d 1E       		.uleb128 0x1e
 1689 019e 34       		.uleb128 0x34
 1690 019f 00       		.byte	0
 1691 01a0 03       		.uleb128 0x3
 1692 01a1 08       		.uleb128 0x8
 1693 01a2 3A       		.uleb128 0x3a
 1694 01a3 0B       		.uleb128 0xb
 1695 01a4 3B       		.uleb128 0x3b
 1696 01a5 0B       		.uleb128 0xb
 1697 01a6 49       		.uleb128 0x49
 1698 01a7 13       		.uleb128 0x13
 1699 01a8 00       		.byte	0
 1700 01a9 00       		.byte	0
 1701 01aa 1F       		.uleb128 0x1f
 1702 01ab 34       		.uleb128 0x34
 1703 01ac 00       		.byte	0
 1704 01ad 03       		.uleb128 0x3
ARM GAS  /tmp/ccgTD8f6.s 			page 31


 1705 01ae 0E       		.uleb128 0xe
 1706 01af 3A       		.uleb128 0x3a
 1707 01b0 0B       		.uleb128 0xb
 1708 01b1 3B       		.uleb128 0x3b
 1709 01b2 0B       		.uleb128 0xb
 1710 01b3 49       		.uleb128 0x49
 1711 01b4 13       		.uleb128 0x13
 1712 01b5 02       		.uleb128 0x2
 1713 01b6 0A       		.uleb128 0xa
 1714 01b7 00       		.byte	0
 1715 01b8 00       		.byte	0
 1716 01b9 00       		.byte	0
 1717              		.section	.debug_loc,"",%progbits
 1718              	.Ldebug_loc0:
 1719              	.LLST0:
 1720 0000 00000000 		.4byte	.LVL0
 1721 0004 0C000000 		.4byte	.LVL3
 1722 0008 0100     		.2byte	0x1
 1723 000a 50       		.byte	0x50
 1724 000b 0C000000 		.4byte	.LVL3
 1725 000f 13000000 		.4byte	.LVL7-1
 1726 0013 0300     		.2byte	0x3
 1727 0015 70       		.byte	0x70
 1728 0016 70       		.sleb128 -16
 1729 0017 9F       		.byte	0x9f
 1730 0018 00000000 		.4byte	0
 1731 001c 00000000 		.4byte	0
 1732              	.LLST1:
 1733 0020 00000000 		.4byte	.LVL0
 1734 0024 13000000 		.4byte	.LVL6-1
 1735 0028 0100     		.2byte	0x1
 1736 002a 51       		.byte	0x51
 1737 002b 00000000 		.4byte	0
 1738 002f 00000000 		.4byte	0
 1739              	.LLST2:
 1740 0033 00000000 		.4byte	.LVL0
 1741 0037 0A000000 		.4byte	.LVL2
 1742 003b 0100     		.2byte	0x1
 1743 003d 52       		.byte	0x52
 1744 003e 0A000000 		.4byte	.LVL2
 1745 0042 13000000 		.4byte	.LVL5-1
 1746 0046 0300     		.2byte	0x3
 1747 0048 72       		.byte	0x72
 1748 0049 08       		.sleb128 8
 1749 004a 9F       		.byte	0x9f
 1750 004b 00000000 		.4byte	0
 1751 004f 00000000 		.4byte	0
 1752              	.LLST3:
 1753 0053 04000000 		.4byte	.LVL1
 1754 0057 13000000 		.4byte	.LVL4-1
 1755 005b 0100     		.2byte	0x1
 1756 005d 51       		.byte	0x51
 1757 005e 00000000 		.4byte	0
 1758 0062 00000000 		.4byte	0
 1759              	.LLST4:
 1760 0066 00000000 		.4byte	.LFB9
 1761 006a 02000000 		.4byte	.LCFI0
ARM GAS  /tmp/ccgTD8f6.s 			page 32


 1762 006e 0200     		.2byte	0x2
 1763 0070 7D       		.byte	0x7d
 1764 0071 00       		.sleb128 0
 1765 0072 02000000 		.4byte	.LCFI0
 1766 0076 8E000000 		.4byte	.LFE9
 1767 007a 0200     		.2byte	0x2
 1768 007c 7D       		.byte	0x7d
 1769 007d 18       		.sleb128 24
 1770 007e 00000000 		.4byte	0
 1771 0082 00000000 		.4byte	0
 1772              	.LLST5:
 1773 0086 00000000 		.4byte	.LVL8
 1774 008a 16000000 		.4byte	.LVL10
 1775 008e 0100     		.2byte	0x1
 1776 0090 50       		.byte	0x50
 1777 0091 00000000 		.4byte	0
 1778 0095 00000000 		.4byte	0
 1779              	.LLST6:
 1780 0099 00000000 		.4byte	.LVL8
 1781 009d 12000000 		.4byte	.LVL9
 1782 00a1 0100     		.2byte	0x1
 1783 00a3 51       		.byte	0x51
 1784 00a4 12000000 		.4byte	.LVL9
 1785 00a8 1A000000 		.4byte	.LVL11
 1786 00ac 0300     		.2byte	0x3
 1787 00ae 71       		.byte	0x71
 1788 00af 79       		.sleb128 -7
 1789 00b0 9F       		.byte	0x9f
 1790 00b1 1A000000 		.4byte	.LVL11
 1791 00b5 8E000000 		.4byte	.LFE9
 1792 00b9 0100     		.2byte	0x1
 1793 00bb 56       		.byte	0x56
 1794 00bc 00000000 		.4byte	0
 1795 00c0 00000000 		.4byte	0
 1796              	.LLST7:
 1797 00c4 1E000000 		.4byte	.LVL12
 1798 00c8 5A000000 		.4byte	.LVL18
 1799 00cc 0100     		.2byte	0x1
 1800 00ce 55       		.byte	0x55
 1801 00cf 66000000 		.4byte	.LVL20
 1802 00d3 72000000 		.4byte	.LVL22
 1803 00d7 0100     		.2byte	0x1
 1804 00d9 55       		.byte	0x55
 1805 00da 00000000 		.4byte	0
 1806 00de 00000000 		.4byte	0
 1807              	.LLST8:
 1808 00e2 24000000 		.4byte	.LVL13
 1809 00e6 26000000 		.4byte	.LVL14
 1810 00ea 0100     		.2byte	0x1
 1811 00ec 53       		.byte	0x53
 1812 00ed 2A000000 		.4byte	.LVL15
 1813 00f1 5A000000 		.4byte	.LVL18
 1814 00f5 0200     		.2byte	0x2
 1815 00f7 75       		.byte	0x75
 1816 00f8 00       		.sleb128 0
 1817 00f9 5A000000 		.4byte	.LVL18
 1818 00fd 61000000 		.4byte	.LVL19-1
ARM GAS  /tmp/ccgTD8f6.s 			page 33


 1819 0101 0100     		.2byte	0x1
 1820 0103 53       		.byte	0x53
 1821 0104 61000000 		.4byte	.LVL19-1
 1822 0108 62000000 		.4byte	.LVL19
 1823 010c 0300     		.2byte	0x3
 1824 010e 75       		.byte	0x75
 1825 010f 78       		.sleb128 -8
 1826 0110 9F       		.byte	0x9f
 1827 0111 66000000 		.4byte	.LVL20
 1828 0115 6C000000 		.4byte	.LVL21
 1829 0119 0100     		.2byte	0x1
 1830 011b 53       		.byte	0x53
 1831 011c 7C000000 		.4byte	.LVL23
 1832 0120 8A000000 		.4byte	.LVL24
 1833 0124 0100     		.2byte	0x1
 1834 0126 50       		.byte	0x50
 1835 0127 8A000000 		.4byte	.LVL24
 1836 012b 8E000000 		.4byte	.LFE9
 1837 012f 0100     		.2byte	0x1
 1838 0131 55       		.byte	0x55
 1839 0132 00000000 		.4byte	0
 1840 0136 00000000 		.4byte	0
 1841              	.LLST9:
 1842 013a 42000000 		.4byte	.LVL16
 1843 013e 58000000 		.4byte	.LVL17
 1844 0142 0100     		.2byte	0x1
 1845 0144 57       		.byte	0x57
 1846 0145 00000000 		.4byte	0
 1847 0149 00000000 		.4byte	0
 1848              	.LLST10:
 1849 014d 00000000 		.4byte	.LFB10
 1850 0151 02000000 		.4byte	.LCFI1
 1851 0155 0200     		.2byte	0x2
 1852 0157 7D       		.byte	0x7d
 1853 0158 00       		.sleb128 0
 1854 0159 02000000 		.4byte	.LCFI1
 1855 015d AA000000 		.4byte	.LFE10
 1856 0161 0200     		.2byte	0x2
 1857 0163 7D       		.byte	0x7d
 1858 0164 10       		.sleb128 16
 1859 0165 00000000 		.4byte	0
 1860 0169 00000000 		.4byte	0
 1861              	.LLST11:
 1862 016d 00000000 		.4byte	.LVL25
 1863 0171 0C000000 		.4byte	.LVL27
 1864 0175 0100     		.2byte	0x1
 1865 0177 50       		.byte	0x50
 1866 0178 0C000000 		.4byte	.LVL27
 1867 017c AA000000 		.4byte	.LFE10
 1868 0180 0100     		.2byte	0x1
 1869 0182 56       		.byte	0x56
 1870 0183 00000000 		.4byte	0
 1871 0187 00000000 		.4byte	0
 1872              	.LLST12:
 1873 018b 10000000 		.4byte	.LVL28
 1874 018f 18000000 		.4byte	.LVL30
 1875 0193 0100     		.2byte	0x1
ARM GAS  /tmp/ccgTD8f6.s 			page 34


 1876 0195 55       		.byte	0x55
 1877 0196 18000000 		.4byte	.LVL30
 1878 019a 34000000 		.4byte	.LVL31
 1879 019e 0100     		.2byte	0x1
 1880 01a0 53       		.byte	0x53
 1881 01a1 34000000 		.4byte	.LVL31
 1882 01a5 3C000000 		.4byte	.LVL32
 1883 01a9 0100     		.2byte	0x1
 1884 01ab 52       		.byte	0x52
 1885 01ac 3C000000 		.4byte	.LVL32
 1886 01b0 4A000000 		.4byte	.LVL33
 1887 01b4 0100     		.2byte	0x1
 1888 01b6 53       		.byte	0x53
 1889 01b7 4C000000 		.4byte	.LVL34
 1890 01bb 79000000 		.4byte	.LVL36-1
 1891 01bf 0100     		.2byte	0x1
 1892 01c1 53       		.byte	0x53
 1893 01c2 7A000000 		.4byte	.LVL36
 1894 01c6 AA000000 		.4byte	.LFE10
 1895 01ca 0100     		.2byte	0x1
 1896 01cc 53       		.byte	0x53
 1897 01cd 00000000 		.4byte	0
 1898 01d1 00000000 		.4byte	0
 1899              	.LLST13:
 1900 01d5 0C000000 		.4byte	.LVL27
 1901 01d9 15000000 		.4byte	.LVL29-1
 1902 01dd 0200     		.2byte	0x2
 1903 01df 74       		.byte	0x74
 1904 01e0 00       		.sleb128 0
 1905 01e1 15000000 		.4byte	.LVL29-1
 1906 01e5 5E000000 		.4byte	.LVL35
 1907 01e9 0300     		.2byte	0x3
 1908 01eb 75       		.byte	0x75
 1909 01ec 78       		.sleb128 -8
 1910 01ed 9F       		.byte	0x9f
 1911 01ee 00000000 		.4byte	0
 1912 01f2 00000000 		.4byte	0
 1913              	.LLST14:
 1914 01f6 00000000 		.4byte	.LFB11
 1915 01fa 02000000 		.4byte	.LCFI2
 1916 01fe 0200     		.2byte	0x2
 1917 0200 7D       		.byte	0x7d
 1918 0201 00       		.sleb128 0
 1919 0202 02000000 		.4byte	.LCFI2
 1920 0206 3E000000 		.4byte	.LFE11
 1921 020a 0200     		.2byte	0x2
 1922 020c 7D       		.byte	0x7d
 1923 020d 10       		.sleb128 16
 1924 020e 00000000 		.4byte	0
 1925 0212 00000000 		.4byte	0
 1926              	.LLST15:
 1927 0216 00000000 		.4byte	.LVL37
 1928 021a 14000000 		.4byte	.LVL38
 1929 021e 0100     		.2byte	0x1
 1930 0220 50       		.byte	0x50
 1931 0221 00000000 		.4byte	0
 1932 0225 00000000 		.4byte	0
ARM GAS  /tmp/ccgTD8f6.s 			page 35


 1933              	.LLST16:
 1934 0229 00000000 		.4byte	.LVL37
 1935 022d 19000000 		.4byte	.LVL39-1
 1936 0231 0100     		.2byte	0x1
 1937 0233 51       		.byte	0x51
 1938 0234 19000000 		.4byte	.LVL39-1
 1939 0238 3E000000 		.4byte	.LFE11
 1940 023c 0100     		.2byte	0x1
 1941 023e 55       		.byte	0x55
 1942 023f 00000000 		.4byte	0
 1943 0243 00000000 		.4byte	0
 1944              	.LLST17:
 1945 0247 1A000000 		.4byte	.LVL39
 1946 024b 26000000 		.4byte	.LVL40
 1947 024f 0200     		.2byte	0x2
 1948 0251 30       		.byte	0x30
 1949 0252 9F       		.byte	0x9f
 1950 0253 2E000000 		.4byte	.LVL42
 1951 0257 32000000 		.4byte	.LVL43
 1952 025b 0100     		.2byte	0x1
 1953 025d 54       		.byte	0x54
 1954 025e 00000000 		.4byte	0
 1955 0262 00000000 		.4byte	0
 1956              	.LLST18:
 1957 0266 1A000000 		.4byte	.LVL39
 1958 026a 26000000 		.4byte	.LVL40
 1959 026e 0200     		.2byte	0x2
 1960 0270 30       		.byte	0x30
 1961 0271 9F       		.byte	0x9f
 1962 0272 2C000000 		.4byte	.LVL41
 1963 0276 32000000 		.4byte	.LVL43
 1964 027a 0100     		.2byte	0x1
 1965 027c 52       		.byte	0x52
 1966 027d 00000000 		.4byte	0
 1967 0281 00000000 		.4byte	0
 1968              		.section	.debug_aranges,"",%progbits
 1969 0000 3C000000 		.4byte	0x3c
 1970 0004 0200     		.2byte	0x2
 1971 0006 00000000 		.4byte	.Ldebug_info0
 1972 000a 04       		.byte	0x4
 1973 000b 00       		.byte	0
 1974 000c 0000     		.2byte	0
 1975 000e 0000     		.2byte	0
 1976 0010 00000000 		.4byte	.LFB7
 1977 0014 20000000 		.4byte	.LFE7-.LFB7
 1978 0018 00000000 		.4byte	.LFB8
 1979 001c 14000000 		.4byte	.LFE8-.LFB8
 1980 0020 00000000 		.4byte	.LFB9
 1981 0024 8E000000 		.4byte	.LFE9-.LFB9
 1982 0028 00000000 		.4byte	.LFB10
 1983 002c AA000000 		.4byte	.LFE10-.LFB10
 1984 0030 00000000 		.4byte	.LFB11
 1985 0034 3E000000 		.4byte	.LFE11-.LFB11
 1986 0038 00000000 		.4byte	0
 1987 003c 00000000 		.4byte	0
 1988              		.section	.debug_ranges,"",%progbits
 1989              	.Ldebug_ranges0:
ARM GAS  /tmp/ccgTD8f6.s 			page 36


 1990 0000 00000000 		.4byte	.LFB7
 1991 0004 20000000 		.4byte	.LFE7
 1992 0008 00000000 		.4byte	.LFB8
 1993 000c 14000000 		.4byte	.LFE8
 1994 0010 00000000 		.4byte	.LFB9
 1995 0014 8E000000 		.4byte	.LFE9
 1996 0018 00000000 		.4byte	.LFB10
 1997 001c AA000000 		.4byte	.LFE10
 1998 0020 00000000 		.4byte	.LFB11
 1999 0024 3E000000 		.4byte	.LFE11
 2000 0028 00000000 		.4byte	0
 2001 002c 00000000 		.4byte	0
 2002              		.section	.debug_line,"",%progbits
 2003              	.Ldebug_line0:
 2004 0000 71020000 		.section	.debug_str,"MS",%progbits,1
 2004      02009201 
 2004      00000201 
 2004      FB0E0D00 
 2004      01010101 
 2005              	.LASF38:
 2006 0000 705F6D73 		.ascii	"p_msg\000"
 2006      6700
 2007              	.LASF2:
 2008 0006 73697A65 		.ascii	"size_t\000"
 2008      5F7400
 2009              	.LASF63:
 2010 000d 7264796D 		.ascii	"rdymsg\000"
 2010      736700
 2011              	.LASF12:
 2012 0014 75696E74 		.ascii	"uint64_t\000"
 2012      36345F74 
 2012      00
 2013              	.LASF53:
 2014 001d 6D656D67 		.ascii	"memgetfunc_t\000"
 2014      65746675 
 2014      6E635F74 
 2014      00
 2015              	.LASF13:
 2016 002a 6C6F6E67 		.ascii	"long long unsigned int\000"
 2016      206C6F6E 
 2016      6720756E 
 2016      7369676E 
 2016      65642069 
 2017              	.LASF64:
 2018 0041 65786974 		.ascii	"exitcode\000"
 2018      636F6465 
 2018      00
 2019              	.LASF57:
 2020 004a 685F6672 		.ascii	"h_free\000"
 2020      656500
 2021              	.LASF68:
 2022 0051 68656170 		.ascii	"heapp\000"
 2022      7000
 2023              	.LASF69:
 2024 0057 63684865 		.ascii	"chHeapInit\000"
 2024      6170496E 
 2024      697400
ARM GAS  /tmp/ccgTD8f6.s 			page 37


 2025              	.LASF59:
 2026 0062 6E657874 		.ascii	"next\000"
 2026      00
 2027              	.LASF26:
 2028 0067 705F7072 		.ascii	"p_prio\000"
 2028      696F00
 2029              	.LASF11:
 2030 006e 6C6F6E67 		.ascii	"long long int\000"
 2030      206C6F6E 
 2030      6720696E 
 2030      7400
 2031              	.LASF1:
 2032 007c 7369676E 		.ascii	"signed char\000"
 2032      65642063 
 2032      68617200 
 2033              	.LASF58:
 2034 0088 685F6D74 		.ascii	"h_mtx\000"
 2034      7800
 2035              	.LASF42:
 2036 008e 705F6D70 		.ascii	"p_mpool\000"
 2036      6F6F6C00 
 2037              	.LASF50:
 2038 0096 6D5F7175 		.ascii	"m_queue\000"
 2038      65756500 
 2039              	.LASF70:
 2040 009e 63684865 		.ascii	"chHeapFree\000"
 2040      61704672 
 2040      656500
 2041              	.LASF18:
 2042 00a9 74736C69 		.ascii	"tslices_t\000"
 2042      6365735F 
 2042      7400
 2043              	.LASF8:
 2044 00b3 6C6F6E67 		.ascii	"long int\000"
 2044      20696E74 
 2044      00
 2045              	.LASF76:
 2046 00bc 2E2E2F2E 		.ascii	"../../os/kernel/src/chheap.c\000"
 2046      2E2F6F73 
 2046      2F6B6572 
 2046      6E656C2F 
 2046      7372632F 
 2047              	.LASF16:
 2048 00d9 74737461 		.ascii	"tstate_t\000"
 2048      74655F74 
 2048      00
 2049              	.LASF28:
 2050 00e2 705F6E65 		.ascii	"p_newer\000"
 2050      77657200 
 2051              	.LASF77:
 2052 00ea 2F686F6D 		.ascii	"/home/lithium/Downloads/ChibiOS_2.6.8_PodioVirtual/"
 2052      652F6C69 
 2052      74686975 
 2052      6D2F446F 
 2052      776E6C6F 
 2053 011d 506F6469 		.ascii	"PodioVirtual/src\000"
 2053      6F566972 
ARM GAS  /tmp/ccgTD8f6.s 			page 38


 2053      7475616C 
 2053      2F737263 
 2053      00
 2054              	.LASF45:
 2055 012e 72656761 		.ascii	"regarm_t\000"
 2055      726D5F74 
 2055      00
 2056              	.LASF61:
 2057 0137 616C6967 		.ascii	"align\000"
 2057      6E00
 2058              	.LASF0:
 2059 013d 756E7369 		.ascii	"unsigned int\000"
 2059      676E6564 
 2059      20696E74 
 2059      00
 2060              	.LASF10:
 2061 014a 6C6F6E67 		.ascii	"long unsigned int\000"
 2061      20756E73 
 2061      69676E65 
 2061      6420696E 
 2061      7400
 2062              	.LASF48:
 2063 015c 636F6E74 		.ascii	"context\000"
 2063      65787400 
 2064              	.LASF62:
 2065 0164 73697A65 		.ascii	"size\000"
 2065      00
 2066              	.LASF6:
 2067 0169 73686F72 		.ascii	"short unsigned int\000"
 2067      7420756E 
 2067      7369676E 
 2067      65642069 
 2067      6E7400
 2068              	.LASF20:
 2069 017c 6D73675F 		.ascii	"msg_t\000"
 2069      7400
 2070              	.LASF15:
 2071 0182 746D6F64 		.ascii	"tmode_t\000"
 2071      655F7400 
 2072              	.LASF44:
 2073 018a 54687265 		.ascii	"ThreadsList\000"
 2073      6164734C 
 2073      69737400 
 2074              	.LASF21:
 2075 0196 6576656E 		.ascii	"eventmask_t\000"
 2075      746D6173 
 2075      6B5F7400 
 2076              	.LASF49:
 2077 01a2 4D757465 		.ascii	"Mutex\000"
 2077      7800
 2078              	.LASF46:
 2079 01a8 73746B61 		.ascii	"stkalign_t\000"
 2079      6C69676E 
 2079      5F7400
 2080              	.LASF29:
 2081 01b3 705F6F6C 		.ascii	"p_older\000"
 2081      64657200 
ARM GAS  /tmp/ccgTD8f6.s 			page 39


 2082              	.LASF43:
 2083 01bb 54687265 		.ascii	"ThreadsQueue\000"
 2083      61647351 
 2083      75657565 
 2083      00
 2084              	.LASF54:
 2085 01c8 4D656D6F 		.ascii	"MemoryHeap\000"
 2085      72794865 
 2085      617000
 2086              	.LASF17:
 2087 01d3 74726566 		.ascii	"trefs_t\000"
 2087      735F7400 
 2088              	.LASF25:
 2089 01db 705F7072 		.ascii	"p_prev\000"
 2089      657600
 2090              	.LASF19:
 2091 01e2 74707269 		.ascii	"tprio_t\000"
 2091      6F5F7400 
 2092              	.LASF14:
 2093 01ea 5F426F6F 		.ascii	"_Bool\000"
 2093      6C00
 2094              	.LASF7:
 2095 01f0 696E7433 		.ascii	"int32_t\000"
 2095      325F7400 
 2096              	.LASF4:
 2097 01f8 756E7369 		.ascii	"unsigned char\000"
 2097      676E6564 
 2097      20636861 
 2097      7200
 2098              	.LASF56:
 2099 0206 685F7072 		.ascii	"h_provider\000"
 2099      6F766964 
 2099      657200
 2100              	.LASF40:
 2101 0211 705F6D74 		.ascii	"p_mtxlist\000"
 2101      786C6973 
 2101      7400
 2102              	.LASF5:
 2103 021b 73686F72 		.ascii	"short int\000"
 2103      7420696E 
 2103      7400
 2104              	.LASF31:
 2105 0225 705F7374 		.ascii	"p_state\000"
 2105      61746500 
 2106              	.LASF34:
 2107 022d 705F7072 		.ascii	"p_preempt\000"
 2107      65656D70 
 2107      7400
 2108              	.LASF78:
 2109 0237 68656170 		.ascii	"heap_header\000"
 2109      5F686561 
 2109      64657200 
 2110              	.LASF66:
 2111 0243 65776D61 		.ascii	"ewmask\000"
 2111      736B00
 2112              	.LASF24:
 2113 024a 705F6E65 		.ascii	"p_next\000"
ARM GAS  /tmp/ccgTD8f6.s 			page 40


 2113      787400
 2114              	.LASF32:
 2115 0251 705F666C 		.ascii	"p_flags\000"
 2115      61677300 
 2116              	.LASF23:
 2117 0259 54687265 		.ascii	"Thread\000"
 2117      616400
 2118              	.LASF71:
 2119 0260 63684865 		.ascii	"chHeapAlloc\000"
 2119      6170416C 
 2119      6C6F6300 
 2120              	.LASF39:
 2121 026c 705F6570 		.ascii	"p_epending\000"
 2121      656E6469 
 2121      6E6700
 2122              	.LASF9:
 2123 0277 75696E74 		.ascii	"uint32_t\000"
 2123      33325F74 
 2123      00
 2124              	.LASF75:
 2125 0280 474E5520 		.ascii	"GNU C 4.6.1\000"
 2125      4320342E 
 2125      362E3100 
 2126              	.LASF60:
 2127 028c 68656170 		.ascii	"heap\000"
 2127      00
 2128              	.LASF74:
 2129 0291 64656661 		.ascii	"default_heap\000"
 2129      756C745F 
 2129      68656170 
 2129      00
 2130              	.LASF67:
 2131 029e 63686172 		.ascii	"char\000"
 2131      00
 2132              	.LASF72:
 2133 02a3 63684865 		.ascii	"chHeapStatus\000"
 2133      61705374 
 2133      61747573 
 2133      00
 2134              	.LASF52:
 2135 02b0 6D5F6E65 		.ascii	"m_next\000"
 2135      787400
 2136              	.LASF22:
 2137 02b7 73797374 		.ascii	"systime_t\000"
 2137      696D655F 
 2137      7400
 2138              	.LASF41:
 2139 02c1 705F7265 		.ascii	"p_realprio\000"
 2139      616C7072 
 2139      696F00
 2140              	.LASF35:
 2141 02cc 705F7469 		.ascii	"p_time\000"
 2141      6D6500
 2142              	.LASF47:
 2143 02d3 696E7463 		.ascii	"intctx\000"
 2143      747800
 2144              	.LASF37:
ARM GAS  /tmp/ccgTD8f6.s 			page 41


 2145 02da 705F6D73 		.ascii	"p_msgqueue\000"
 2145      67717565 
 2145      756500
 2146              	.LASF33:
 2147 02e5 705F7265 		.ascii	"p_refs\000"
 2147      667300
 2148              	.LASF3:
 2149 02ec 75696E74 		.ascii	"uint8_t\000"
 2149      385F7400 
 2150              	.LASF65:
 2151 02f4 77746F62 		.ascii	"wtobjp\000"
 2151      6A7000
 2152              	.LASF73:
 2153 02fb 73697A65 		.ascii	"sizep\000"
 2153      7000
 2154              	.LASF30:
 2155 0301 705F6E61 		.ascii	"p_name\000"
 2155      6D6500
 2156              	.LASF79:
 2157 0308 5F686561 		.ascii	"_heap_init\000"
 2157      705F696E 
 2157      697400
 2158              	.LASF51:
 2159 0313 6D5F6F77 		.ascii	"m_owner\000"
 2159      6E657200 
 2160              	.LASF27:
 2161 031b 705F6374 		.ascii	"p_ctx\000"
 2161      7800
 2162              	.LASF36:
 2163 0321 705F7761 		.ascii	"p_waiting\000"
 2163      6974696E 
 2163      6700
 2164              	.LASF55:
 2165 032b 6D656D6F 		.ascii	"memory_heap\000"
 2165      72795F68 
 2165      65617000 
 2166              		.ident	"GCC: (Sourcery CodeBench Lite 2011.09-69) 4.6.1"
ARM GAS  /tmp/ccgTD8f6.s 			page 42


DEFINED SYMBOLS
                            *ABS*:00000000 chheap.c
     /tmp/ccgTD8f6.s:19     .text._heap_init:00000000 $t
     /tmp/ccgTD8f6.s:25     .text._heap_init:00000000 _heap_init
     /tmp/ccgTD8f6.s:433    .bss.default_heap:00000000 .LANCHOR0
     /tmp/ccgTD8f6.s:56     .text.chHeapInit:00000000 $t
     /tmp/ccgTD8f6.s:62     .text.chHeapInit:00000000 chHeapInit
     /tmp/ccgTD8f6.s:99     .text.chHeapAlloc:00000000 $t
     /tmp/ccgTD8f6.s:105    .text.chHeapAlloc:00000000 chHeapAlloc
     /tmp/ccgTD8f6.s:228    .text.chHeapFree:00000000 $t
     /tmp/ccgTD8f6.s:234    .text.chHeapFree:00000000 chHeapFree
     /tmp/ccgTD8f6.s:359    .text.chHeapStatus:00000000 $t
     /tmp/ccgTD8f6.s:365    .text.chHeapStatus:00000000 chHeapStatus
     /tmp/ccgTD8f6.s:432    .bss.default_heap:00000000 $d
     /tmp/ccgTD8f6.s:436    .bss.default_heap:00000000 default_heap
                     .debug_frame:00000010 $d

UNDEFINED SYMBOLS
chCoreAlloc
chMtxInit
chMtxLock
chMtxUnlock
