ARM GAS  /tmp/cc2l7aIf.s 			page 1


   1              		.syntax unified
   2              		.cpu cortex-m4
   3              		.fpu softvfp
   4              		.eabi_attribute 20, 1
   5              		.eabi_attribute 21, 1
   6              		.eabi_attribute 23, 3
   7              		.eabi_attribute 24, 1
   8              		.eabi_attribute 25, 1
   9              		.eabi_attribute 26, 1
  10              		.eabi_attribute 30, 2
  11              		.eabi_attribute 34, 1
  12              		.eabi_attribute 18, 4
  13              		.thumb
  14              		.file	"chregistry.c"
  15              		.text
  16              	.Ltext0:
  17              		.cfi_sections	.debug_frame
  18              		.section	.text.chRegFirstThread,"ax",%progbits
  19              		.align	2
  20              		.p2align 4,,15
  21              		.global	chRegFirstThread
  22              		.thumb
  23              		.thumb_func
  24              		.type	chRegFirstThread, %function
  25              	chRegFirstThread:
  26              	.LFB7:
  27              		.file 1 "../../os/kernel/src/chregistry.c"
  28              		.loc 1 117 0
  29              		.cfi_startproc
  30              		@ args = 0, pretend = 0, frame = 0
  31              		@ frame_needed = 0, uses_anonymous_args = 0
  32              		@ link register save eliminated.
  33              	.LBB2:
  34              		.loc 1 120 0
  35 0000 2023     		movs	r3, #32
  36              	.LVL0:
  37              	@ 120 "../../os/kernel/src/chregistry.c" 1
  38 0002 83F31188 		msr     BASEPRI, r3
  39              	@ 0 "" 2
  40              	.LVL1:
  41              		.thumb
  42              	.LBE2:
  43              		.loc 1 121 0
  44 0006 40F20000 		movw	r0, #:lower16:rlist
  45 000a C0F20000 		movt	r0, #:upper16:rlist
  46              	.LBB3:
  47              		.loc 1 125 0
  48 000e 0023     		movs	r3, #0
  49              	.LVL2:
  50              	.LBE3:
  51              		.loc 1 121 0
  52 0010 0069     		ldr	r0, [r0, #16]
  53              	.LVL3:
  54              		.loc 1 123 0
  55 0012 817F     		ldrb	r1, [r0, #30]	@ zero_extendqisi2
  56 0014 4A1C     		adds	r2, r1, #1
  57 0016 8277     		strb	r2, [r0, #30]
ARM GAS  /tmp/cc2l7aIf.s 			page 2


  58              	.LBB4:
  59              		.loc 1 125 0
  60              	@ 125 "../../os/kernel/src/chregistry.c" 1
  61 0018 83F31188 		msr     BASEPRI, r3
  62              	@ 0 "" 2
  63              	.LVL4:
  64              		.thumb
  65              	.LBE4:
  66              		.loc 1 127 0
  67 001c 7047     		bx	lr
  68              		.cfi_endproc
  69              	.LFE7:
  70              		.size	chRegFirstThread, .-chRegFirstThread
  71 001e 00BF     		.section	.text.chRegNextThread,"ax",%progbits
  72              		.align	2
  73              		.p2align 4,,15
  74              		.global	chRegNextThread
  75              		.thumb
  76              		.thumb_func
  77              		.type	chRegNextThread, %function
  78              	chRegNextThread:
  79              	.LFB8:
  80              		.loc 1 140 0
  81              		.cfi_startproc
  82              		@ args = 0, pretend = 0, frame = 0
  83              		@ frame_needed = 0, uses_anonymous_args = 0
  84              	.LVL5:
  85 0000 10B5     		push	{r4, lr}
  86              	.LCFI0:
  87              		.cfi_def_cfa_offset 8
  88              		.cfi_offset 14, -4
  89              		.cfi_offset 4, -8
  90              	.LBB5:
  91              		.loc 1 143 0
  92 0002 2023     		movs	r3, #32
  93              	.LVL6:
  94              	@ 143 "../../os/kernel/src/chregistry.c" 1
  95 0004 83F31188 		msr     BASEPRI, r3
  96              	@ 0 "" 2
  97              	.LVL7:
  98              		.thumb
  99              	.LBE5:
 100              		.loc 1 145 0
 101 0008 40F20003 		movw	r3, #:lower16:rlist
 102              	.LVL8:
 103              		.loc 1 144 0
 104 000c 0469     		ldr	r4, [r0, #16]
 105              	.LVL9:
 106              		.loc 1 145 0
 107 000e C0F20003 		movt	r3, #:upper16:rlist
 108 0012 9C42     		cmp	r4, r3
 109 0014 09D0     		beq	.L4
 110              	.LVL10:
 111              		.loc 1 151 0
 112 0016 A27F     		ldrb	r2, [r4, #30]	@ zero_extendqisi2
 113 0018 511C     		adds	r1, r2, #1
 114 001a A177     		strb	r1, [r4, #30]
ARM GAS  /tmp/cc2l7aIf.s 			page 3


 115              	.LVL11:
 116              	.L3:
 117              	.LBB6:
 118              		.loc 1 154 0
 119 001c 0023     		movs	r3, #0
 120              	.LVL12:
 121              	@ 154 "../../os/kernel/src/chregistry.c" 1
 122 001e 83F31188 		msr     BASEPRI, r3
 123              	@ 0 "" 2
 124              	.LVL13:
 125              		.thumb
 126              	.LBE6:
 127              		.loc 1 156 0
 128 0022 FFF7FEFF 		bl	chThdRelease
 129              	.LVL14:
 130              		.loc 1 159 0
 131 0026 2046     		mov	r0, r4
 132 0028 10BD     		pop	{r4, pc}
 133              	.LVL15:
 134              	.L4:
 135              		.loc 1 146 0
 136 002a 0024     		movs	r4, #0
 137              	.LVL16:
 138 002c F6E7     		b	.L3
 139              		.cfi_endproc
 140              	.LFE8:
 141              		.size	chRegNextThread, .-chRegNextThread
 142              		.global	ch_debug
 143 002e 00BF     		.section	.rodata.ch_debug,"a",%progbits
 144              		.align	2
 145              		.type	ch_debug, %object
 146              		.size	ch_debug, 22
 147              	ch_debug:
 148 0000 6D61696E 		.ascii	"main"
 149 0004 00       		.byte	0
 150 0005 16       		.byte	22
 151 0006 8811     		.short	4488
 152 0008 04       		.byte	4
 153 0009 04       		.byte	4
 154 000a 48       		.byte	72
 155 000b 08       		.byte	8
 156 000c 0C       		.byte	12
 157 000d 10       		.byte	16
 158 000e 14       		.byte	20
 159 000f 18       		.byte	24
 160 0010 00       		.byte	0
 161 0011 1C       		.byte	28
 162 0012 1D       		.byte	29
 163 0013 1E       		.byte	30
 164 0014 1F       		.byte	31
 165 0015 20       		.byte	32
 166 0016 0000     		.text
 167              	.Letext0:
 168              		.file 2 "/home/lithium/Documents/arm-2011q3/bin/../lib/gcc/arm-none-eabi/4.6.1/include/stddef.h"
 169              		.file 3 "/home/lithium/Documents/arm-2011q3/bin/../lib/gcc/arm-none-eabi/4.6.1/../../../../arm-non
 170              		.file 4 "../../os/ports/GCC/ARMCMx/chtypes.h"
 171              		.file 5 "../../os/kernel/include/chlists.h"
ARM GAS  /tmp/cc2l7aIf.s 			page 4


 172              		.file 6 "../../os/kernel/include/chthreads.h"
 173              		.file 7 "../../os/ports/GCC/ARMCMx/chcore_v7m.h"
 174              		.file 8 "../../os/kernel/include/chschd.h"
 175              		.file 9 "../../os/kernel/include/chmtx.h"
 176              		.file 10 "../../os/kernel/include/chregistry.h"
 177              		.section	.debug_info,"",%progbits
 178              	.Ldebug_info0:
 179 0000 65060000 		.4byte	0x665
 180 0004 0200     		.2byte	0x2
 181 0006 00000000 		.4byte	.Ldebug_abbrev0
 182 000a 04       		.byte	0x4
 183 000b 01       		.uleb128 0x1
 184 000c FD020000 		.4byte	.LASF87
 185 0010 01       		.byte	0x1
 186 0011 53030000 		.4byte	.LASF88
 187 0015 F2000000 		.4byte	.LASF89
 188 0019 00000000 		.4byte	0
 189 001d 00000000 		.4byte	0
 190 0021 18000000 		.4byte	.Ldebug_ranges0+0x18
 191 0025 00000000 		.4byte	.Ldebug_line0
 192 0029 02       		.uleb128 0x2
 193 002a 04       		.byte	0x4
 194 002b 05       		.byte	0x5
 195 002c 696E7400 		.ascii	"int\000"
 196 0030 03       		.uleb128 0x3
 197 0031 13000000 		.4byte	.LASF2
 198 0035 02       		.byte	0x2
 199 0036 D4       		.byte	0xd4
 200 0037 3B000000 		.4byte	0x3b
 201 003b 04       		.uleb128 0x4
 202 003c 04       		.byte	0x4
 203 003d 07       		.byte	0x7
 204 003e 47010000 		.4byte	.LASF0
 205 0042 04       		.uleb128 0x4
 206 0043 01       		.byte	0x1
 207 0044 06       		.byte	0x6
 208 0045 82000000 		.4byte	.LASF1
 209 0049 03       		.uleb128 0x3
 210 004a 96030000 		.4byte	.LASF3
 211 004e 03       		.byte	0x3
 212 004f 2A       		.byte	0x2a
 213 0050 54000000 		.4byte	0x54
 214 0054 04       		.uleb128 0x4
 215 0055 01       		.byte	0x1
 216 0056 08       		.byte	0x8
 217 0057 55020000 		.4byte	.LASF4
 218 005b 04       		.uleb128 0x4
 219 005c 02       		.byte	0x2
 220 005d 05       		.byte	0x5
 221 005e 6D020000 		.4byte	.LASF5
 222 0062 03       		.uleb128 0x3
 223 0063 D7000000 		.4byte	.LASF6
 224 0067 03       		.byte	0x3
 225 0068 36       		.byte	0x36
 226 0069 6D000000 		.4byte	0x6d
 227 006d 04       		.uleb128 0x4
 228 006e 02       		.byte	0x2
ARM GAS  /tmp/cc2l7aIf.s 			page 5


 229 006f 07       		.byte	0x7
 230 0070 85010000 		.4byte	.LASF7
 231 0074 03       		.uleb128 0x3
 232 0075 4D020000 		.4byte	.LASF8
 233 0079 03       		.byte	0x3
 234 007a 4F       		.byte	0x4f
 235 007b 7F000000 		.4byte	0x7f
 236 007f 04       		.uleb128 0x4
 237 0080 04       		.byte	0x4
 238 0081 05       		.byte	0x5
 239 0082 C5000000 		.4byte	.LASF9
 240 0086 03       		.uleb128 0x3
 241 0087 E0020000 		.4byte	.LASF10
 242 008b 03       		.byte	0x3
 243 008c 50       		.byte	0x50
 244 008d 91000000 		.4byte	0x91
 245 0091 04       		.uleb128 0x4
 246 0092 04       		.byte	0x4
 247 0093 07       		.byte	0x7
 248 0094 54010000 		.4byte	.LASF11
 249 0098 04       		.uleb128 0x4
 250 0099 08       		.byte	0x8
 251 009a 05       		.byte	0x5
 252 009b 74000000 		.4byte	.LASF12
 253 009f 04       		.uleb128 0x4
 254 00a0 08       		.byte	0x8
 255 00a1 07       		.byte	0x7
 256 00a2 21000000 		.4byte	.LASF13
 257 00a6 04       		.uleb128 0x4
 258 00a7 01       		.byte	0x1
 259 00a8 02       		.byte	0x2
 260 00a9 47020000 		.4byte	.LASF14
 261 00ad 03       		.uleb128 0x3
 262 00ae 9E010000 		.4byte	.LASF15
 263 00b2 04       		.byte	0x4
 264 00b3 2C       		.byte	0x2c
 265 00b4 49000000 		.4byte	0x49
 266 00b8 03       		.uleb128 0x3
 267 00b9 CE000000 		.4byte	.LASF16
 268 00bd 04       		.byte	0x4
 269 00be 2D       		.byte	0x2d
 270 00bf 49000000 		.4byte	0x49
 271 00c3 03       		.uleb128 0x3
 272 00c4 25020000 		.4byte	.LASF17
 273 00c8 04       		.byte	0x4
 274 00c9 2E       		.byte	0x2e
 275 00ca 49000000 		.4byte	0x49
 276 00ce 03       		.uleb128 0x3
 277 00cf BB000000 		.4byte	.LASF18
 278 00d3 04       		.byte	0x4
 279 00d4 2F       		.byte	0x2f
 280 00d5 49000000 		.4byte	0x49
 281 00d9 03       		.uleb128 0x3
 282 00da 3F020000 		.4byte	.LASF19
 283 00de 04       		.byte	0x4
 284 00df 30       		.byte	0x30
 285 00e0 86000000 		.4byte	0x86
ARM GAS  /tmp/cc2l7aIf.s 			page 6


 286 00e4 03       		.uleb128 0x3
 287 00e5 98010000 		.4byte	.LASF20
 288 00e9 04       		.byte	0x4
 289 00ea 31       		.byte	0x31
 290 00eb 74000000 		.4byte	0x74
 291 00ef 03       		.uleb128 0x3
 292 00f0 B2010000 		.4byte	.LASF21
 293 00f4 04       		.byte	0x4
 294 00f5 33       		.byte	0x33
 295 00f6 86000000 		.4byte	0x86
 296 00fa 03       		.uleb128 0x3
 297 00fb 25030000 		.4byte	.LASF22
 298 00ff 04       		.byte	0x4
 299 0100 35       		.byte	0x35
 300 0101 86000000 		.4byte	0x86
 301 0105 03       		.uleb128 0x3
 302 0106 C1020000 		.4byte	.LASF23
 303 010a 05       		.byte	0x5
 304 010b 2A       		.byte	0x2a
 305 010c 10010000 		.4byte	0x110
 306 0110 05       		.uleb128 0x5
 307 0111 C1020000 		.4byte	.LASF23
 308 0115 48       		.byte	0x48
 309 0116 06       		.byte	0x6
 310 0117 5E       		.byte	0x5e
 311 0118 35020000 		.4byte	0x235
 312 011c 06       		.uleb128 0x6
 313 011d A3020000 		.4byte	.LASF24
 314 0121 06       		.byte	0x6
 315 0122 5F       		.byte	0x5f
 316 0123 5A020000 		.4byte	0x25a
 317 0127 02       		.byte	0x2
 318 0128 23       		.byte	0x23
 319 0129 00       		.uleb128 0
 320 012a 06       		.uleb128 0x6
 321 012b 38020000 		.4byte	.LASF25
 322 012f 06       		.byte	0x6
 323 0130 61       		.byte	0x61
 324 0131 5A020000 		.4byte	0x25a
 325 0135 02       		.byte	0x2
 326 0136 23       		.byte	0x23
 327 0137 04       		.uleb128 0x4
 328 0138 06       		.uleb128 0x6
 329 0139 60000000 		.4byte	.LASF26
 330 013d 06       		.byte	0x6
 331 013e 63       		.byte	0x63
 332 013f D9000000 		.4byte	0xd9
 333 0143 02       		.byte	0x2
 334 0144 23       		.byte	0x23
 335 0145 08       		.uleb128 0x8
 336 0146 06       		.uleb128 0x6
 337 0147 BF030000 		.4byte	.LASF27
 338 014b 06       		.byte	0x6
 339 014c 64       		.byte	0x64
 340 014d 28030000 		.4byte	0x328
 341 0151 02       		.byte	0x2
 342 0152 23       		.byte	0x23
ARM GAS  /tmp/cc2l7aIf.s 			page 7


 343 0153 0C       		.uleb128 0xc
 344 0154 06       		.uleb128 0x6
 345 0155 EA000000 		.4byte	.LASF28
 346 0159 06       		.byte	0x6
 347 015a 66       		.byte	0x66
 348 015b 5A020000 		.4byte	0x25a
 349 015f 02       		.byte	0x2
 350 0160 23       		.byte	0x23
 351 0161 10       		.uleb128 0x10
 352 0162 06       		.uleb128 0x6
 353 0163 F0010000 		.4byte	.LASF29
 354 0167 06       		.byte	0x6
 355 0168 67       		.byte	0x67
 356 0169 5A020000 		.4byte	0x25a
 357 016d 02       		.byte	0x2
 358 016e 23       		.byte	0x23
 359 016f 14       		.uleb128 0x14
 360 0170 06       		.uleb128 0x6
 361 0171 A5030000 		.4byte	.LASF30
 362 0175 06       		.byte	0x6
 363 0176 6E       		.byte	0x6e
 364 0177 35040000 		.4byte	0x435
 365 017b 02       		.byte	0x2
 366 017c 23       		.byte	0x23
 367 017d 18       		.uleb128 0x18
 368 017e 06       		.uleb128 0x6
 369 017f 77020000 		.4byte	.LASF31
 370 0183 06       		.byte	0x6
 371 0184 79       		.byte	0x79
 372 0185 B8000000 		.4byte	0xb8
 373 0189 02       		.byte	0x2
 374 018a 23       		.byte	0x23
 375 018b 1C       		.uleb128 0x1c
 376 018c 06       		.uleb128 0x6
 377 018d B9020000 		.4byte	.LASF32
 378 0191 06       		.byte	0x6
 379 0192 7D       		.byte	0x7d
 380 0193 AD000000 		.4byte	0xad
 381 0197 02       		.byte	0x2
 382 0198 23       		.byte	0x23
 383 0199 1D       		.uleb128 0x1d
 384 019a 06       		.uleb128 0x6
 385 019b 7F030000 		.4byte	.LASF33
 386 019f 06       		.byte	0x6
 387 01a0 82       		.byte	0x82
 388 01a1 C3000000 		.4byte	0xc3
 389 01a5 02       		.byte	0x2
 390 01a6 23       		.byte	0x23
 391 01a7 1E       		.uleb128 0x1e
 392 01a8 06       		.uleb128 0x6
 393 01a9 7F020000 		.4byte	.LASF34
 394 01ad 06       		.byte	0x6
 395 01ae 88       		.byte	0x88
 396 01af CE000000 		.4byte	0xce
 397 01b3 02       		.byte	0x2
 398 01b4 23       		.byte	0x23
 399 01b5 1F       		.uleb128 0x1f
ARM GAS  /tmp/cc2l7aIf.s 			page 8


 400 01b6 06       		.uleb128 0x6
 401 01b7 3A030000 		.4byte	.LASF35
 402 01bb 06       		.byte	0x6
 403 01bc 8F       		.byte	0x8f
 404 01bd 4B030000 		.4byte	0x34b
 405 01c1 02       		.byte	0x2
 406 01c2 23       		.byte	0x23
 407 01c3 20       		.uleb128 0x20
 408 01c4 07       		.uleb128 0x7
 409 01c5 705F7500 		.ascii	"p_u\000"
 410 01c9 06       		.byte	0x6
 411 01ca B4       		.byte	0xb4
 412 01cb 00040000 		.4byte	0x400
 413 01cf 02       		.byte	0x2
 414 01d0 23       		.byte	0x23
 415 01d1 24       		.uleb128 0x24
 416 01d2 06       		.uleb128 0x6
 417 01d3 C5030000 		.4byte	.LASF36
 418 01d7 06       		.byte	0x6
 419 01d8 B9       		.byte	0xb9
 420 01d9 82020000 		.4byte	0x282
 421 01dd 02       		.byte	0x2
 422 01de 23       		.byte	0x23
 423 01df 28       		.uleb128 0x28
 424 01e0 06       		.uleb128 0x6
 425 01e1 48030000 		.4byte	.LASF37
 426 01e5 06       		.byte	0x6
 427 01e6 BF       		.byte	0xbf
 428 01e7 60020000 		.4byte	0x260
 429 01eb 02       		.byte	0x2
 430 01ec 23       		.byte	0x23
 431 01ed 2C       		.uleb128 0x2c
 432 01ee 06       		.uleb128 0x6
 433 01ef 0D000000 		.4byte	.LASF38
 434 01f3 06       		.byte	0x6
 435 01f4 C3       		.byte	0xc3
 436 01f5 E4000000 		.4byte	0xe4
 437 01f9 02       		.byte	0x2
 438 01fa 23       		.byte	0x23
 439 01fb 34       		.uleb128 0x34
 440 01fc 06       		.uleb128 0x6
 441 01fd D5020000 		.4byte	.LASF39
 442 0201 06       		.byte	0x6
 443 0202 C9       		.byte	0xc9
 444 0203 EF000000 		.4byte	0xef
 445 0207 02       		.byte	0x2
 446 0208 23       		.byte	0x23
 447 0209 38       		.uleb128 0x38
 448 020a 06       		.uleb128 0x6
 449 020b 63020000 		.4byte	.LASF40
 450 020f 06       		.byte	0x6
 451 0210 D0       		.byte	0xd0
 452 0211 47040000 		.4byte	0x447
 453 0215 02       		.byte	0x2
 454 0216 23       		.byte	0x23
 455 0217 3C       		.uleb128 0x3c
 456 0218 06       		.uleb128 0x6
ARM GAS  /tmp/cc2l7aIf.s 			page 9


 457 0219 2F030000 		.4byte	.LASF41
 458 021d 06       		.byte	0x6
 459 021e D4       		.byte	0xd4
 460 021f D9000000 		.4byte	0xd9
 461 0223 02       		.byte	0x2
 462 0224 23       		.byte	0x23
 463 0225 40       		.uleb128 0x40
 464 0226 06       		.uleb128 0x6
 465 0227 AB000000 		.4byte	.LASF42
 466 022b 06       		.byte	0x6
 467 022c DA       		.byte	0xda
 468 022d 98020000 		.4byte	0x298
 469 0231 02       		.byte	0x2
 470 0232 23       		.byte	0x23
 471 0233 44       		.uleb128 0x44
 472 0234 00       		.byte	0
 473 0235 08       		.uleb128 0x8
 474 0236 08       		.byte	0x8
 475 0237 05       		.byte	0x5
 476 0238 61       		.byte	0x61
 477 0239 5A020000 		.4byte	0x25a
 478 023d 06       		.uleb128 0x6
 479 023e A3020000 		.4byte	.LASF24
 480 0242 05       		.byte	0x5
 481 0243 62       		.byte	0x62
 482 0244 5A020000 		.4byte	0x25a
 483 0248 02       		.byte	0x2
 484 0249 23       		.byte	0x23
 485 024a 00       		.uleb128 0
 486 024b 06       		.uleb128 0x6
 487 024c 38020000 		.4byte	.LASF25
 488 0250 05       		.byte	0x5
 489 0251 64       		.byte	0x64
 490 0252 5A020000 		.4byte	0x25a
 491 0256 02       		.byte	0x2
 492 0257 23       		.byte	0x23
 493 0258 04       		.uleb128 0x4
 494 0259 00       		.byte	0
 495 025a 09       		.uleb128 0x9
 496 025b 04       		.byte	0x4
 497 025c 05010000 		.4byte	0x105
 498 0260 03       		.uleb128 0x3
 499 0261 FE010000 		.4byte	.LASF43
 500 0265 05       		.byte	0x5
 501 0266 66       		.byte	0x66
 502 0267 35020000 		.4byte	0x235
 503 026b 08       		.uleb128 0x8
 504 026c 04       		.byte	0x4
 505 026d 05       		.byte	0x5
 506 026e 6B       		.byte	0x6b
 507 026f 82020000 		.4byte	0x282
 508 0273 06       		.uleb128 0x6
 509 0274 A3020000 		.4byte	.LASF24
 510 0278 05       		.byte	0x5
 511 0279 6D       		.byte	0x6d
 512 027a 5A020000 		.4byte	0x25a
 513 027e 02       		.byte	0x2
ARM GAS  /tmp/cc2l7aIf.s 			page 10


 514 027f 23       		.byte	0x23
 515 0280 00       		.uleb128 0
 516 0281 00       		.byte	0
 517 0282 03       		.uleb128 0x3
 518 0283 A6010000 		.4byte	.LASF44
 519 0287 05       		.byte	0x5
 520 0288 70       		.byte	0x70
 521 0289 6B020000 		.4byte	0x26b
 522 028d 03       		.uleb128 0x3
 523 028e 3E010000 		.4byte	.LASF45
 524 0292 07       		.byte	0x7
 525 0293 E5       		.byte	0xe5
 526 0294 98020000 		.4byte	0x298
 527 0298 0A       		.uleb128 0xa
 528 0299 04       		.byte	0x4
 529 029a 0B       		.uleb128 0xb
 530 029b 41030000 		.4byte	.LASF46
 531 029f 24       		.byte	0x24
 532 02a0 07       		.byte	0x7
 533 02a1 0C01     		.2byte	0x10c
 534 02a3 28030000 		.4byte	0x328
 535 02a7 0C       		.uleb128 0xc
 536 02a8 723400   		.ascii	"r4\000"
 537 02ab 07       		.byte	0x7
 538 02ac 1F01     		.2byte	0x11f
 539 02ae 8D020000 		.4byte	0x28d
 540 02b2 02       		.byte	0x2
 541 02b3 23       		.byte	0x23
 542 02b4 00       		.uleb128 0
 543 02b5 0C       		.uleb128 0xc
 544 02b6 723500   		.ascii	"r5\000"
 545 02b9 07       		.byte	0x7
 546 02ba 2001     		.2byte	0x120
 547 02bc 8D020000 		.4byte	0x28d
 548 02c0 02       		.byte	0x2
 549 02c1 23       		.byte	0x23
 550 02c2 04       		.uleb128 0x4
 551 02c3 0C       		.uleb128 0xc
 552 02c4 723600   		.ascii	"r6\000"
 553 02c7 07       		.byte	0x7
 554 02c8 2101     		.2byte	0x121
 555 02ca 8D020000 		.4byte	0x28d
 556 02ce 02       		.byte	0x2
 557 02cf 23       		.byte	0x23
 558 02d0 08       		.uleb128 0x8
 559 02d1 0C       		.uleb128 0xc
 560 02d2 723700   		.ascii	"r7\000"
 561 02d5 07       		.byte	0x7
 562 02d6 2201     		.2byte	0x122
 563 02d8 8D020000 		.4byte	0x28d
 564 02dc 02       		.byte	0x2
 565 02dd 23       		.byte	0x23
 566 02de 0C       		.uleb128 0xc
 567 02df 0C       		.uleb128 0xc
 568 02e0 723800   		.ascii	"r8\000"
 569 02e3 07       		.byte	0x7
 570 02e4 2301     		.2byte	0x123
ARM GAS  /tmp/cc2l7aIf.s 			page 11


 571 02e6 8D020000 		.4byte	0x28d
 572 02ea 02       		.byte	0x2
 573 02eb 23       		.byte	0x23
 574 02ec 10       		.uleb128 0x10
 575 02ed 0C       		.uleb128 0xc
 576 02ee 723900   		.ascii	"r9\000"
 577 02f1 07       		.byte	0x7
 578 02f2 2401     		.2byte	0x124
 579 02f4 8D020000 		.4byte	0x28d
 580 02f8 02       		.byte	0x2
 581 02f9 23       		.byte	0x23
 582 02fa 14       		.uleb128 0x14
 583 02fb 0C       		.uleb128 0xc
 584 02fc 72313000 		.ascii	"r10\000"
 585 0300 07       		.byte	0x7
 586 0301 2501     		.2byte	0x125
 587 0303 8D020000 		.4byte	0x28d
 588 0307 02       		.byte	0x2
 589 0308 23       		.byte	0x23
 590 0309 18       		.uleb128 0x18
 591 030a 0C       		.uleb128 0xc
 592 030b 72313100 		.ascii	"r11\000"
 593 030f 07       		.byte	0x7
 594 0310 2601     		.2byte	0x126
 595 0312 8D020000 		.4byte	0x28d
 596 0316 02       		.byte	0x2
 597 0317 23       		.byte	0x23
 598 0318 1C       		.uleb128 0x1c
 599 0319 0C       		.uleb128 0xc
 600 031a 6C7200   		.ascii	"lr\000"
 601 031d 07       		.byte	0x7
 602 031e 2701     		.2byte	0x127
 603 0320 8D020000 		.4byte	0x28d
 604 0324 02       		.byte	0x2
 605 0325 23       		.byte	0x23
 606 0326 20       		.uleb128 0x20
 607 0327 00       		.byte	0
 608 0328 0B       		.uleb128 0xb
 609 0329 7D010000 		.4byte	.LASF47
 610 032d 04       		.byte	0x4
 611 032e 07       		.byte	0x7
 612 032f 3101     		.2byte	0x131
 613 0331 45030000 		.4byte	0x345
 614 0335 0C       		.uleb128 0xc
 615 0336 72313300 		.ascii	"r13\000"
 616 033a 07       		.byte	0x7
 617 033b 3201     		.2byte	0x132
 618 033d 45030000 		.4byte	0x345
 619 0341 02       		.byte	0x2
 620 0342 23       		.byte	0x23
 621 0343 00       		.uleb128 0
 622 0344 00       		.byte	0
 623 0345 09       		.uleb128 0x9
 624 0346 04       		.byte	0x4
 625 0347 9A020000 		.4byte	0x29a
 626 034b 0D       		.uleb128 0xd
 627 034c FA000000 		.4byte	0xfa
ARM GAS  /tmp/cc2l7aIf.s 			page 12


 628 0350 08       		.uleb128 0x8
 629 0351 1C       		.byte	0x1c
 630 0352 08       		.byte	0x8
 631 0353 5E       		.byte	0x5e
 632 0354 AD030000 		.4byte	0x3ad
 633 0358 06       		.uleb128 0x6
 634 0359 F5020000 		.4byte	.LASF48
 635 035d 08       		.byte	0x8
 636 035e 5F       		.byte	0x5f
 637 035f 60020000 		.4byte	0x260
 638 0363 02       		.byte	0x2
 639 0364 23       		.byte	0x23
 640 0365 00       		.uleb128 0
 641 0366 06       		.uleb128 0x6
 642 0367 95020000 		.4byte	.LASF49
 643 036b 08       		.byte	0x8
 644 036c 60       		.byte	0x60
 645 036d D9000000 		.4byte	0xd9
 646 0371 02       		.byte	0x2
 647 0372 23       		.byte	0x23
 648 0373 08       		.uleb128 0x8
 649 0374 06       		.uleb128 0x6
 650 0375 F8010000 		.4byte	.LASF50
 651 0379 08       		.byte	0x8
 652 037a 62       		.byte	0x62
 653 037b 28030000 		.4byte	0x328
 654 037f 02       		.byte	0x2
 655 0380 23       		.byte	0x23
 656 0381 0C       		.uleb128 0xc
 657 0382 06       		.uleb128 0x6
 658 0383 36010000 		.4byte	.LASF51
 659 0387 08       		.byte	0x8
 660 0388 65       		.byte	0x65
 661 0389 5A020000 		.4byte	0x25a
 662 038d 02       		.byte	0x2
 663 038e 23       		.byte	0x23
 664 038f 10       		.uleb128 0x10
 665 0390 06       		.uleb128 0x6
 666 0391 1D020000 		.4byte	.LASF52
 667 0395 08       		.byte	0x8
 668 0396 66       		.byte	0x66
 669 0397 5A020000 		.4byte	0x25a
 670 039b 02       		.byte	0x2
 671 039c 23       		.byte	0x23
 672 039d 14       		.uleb128 0x14
 673 039e 06       		.uleb128 0x6
 674 039f 13020000 		.4byte	.LASF53
 675 03a3 08       		.byte	0x8
 676 03a4 69       		.byte	0x69
 677 03a5 5A020000 		.4byte	0x25a
 678 03a9 02       		.byte	0x2
 679 03aa 23       		.byte	0x23
 680 03ab 18       		.uleb128 0x18
 681 03ac 00       		.byte	0
 682 03ad 03       		.uleb128 0x3
 683 03ae 86030000 		.4byte	.LASF54
 684 03b2 08       		.byte	0x8
ARM GAS  /tmp/cc2l7aIf.s 			page 13


 685 03b3 6B       		.byte	0x6b
 686 03b4 50030000 		.4byte	0x350
 687 03b8 05       		.uleb128 0x5
 688 03b9 BE010000 		.4byte	.LASF55
 689 03bd 10       		.byte	0x10
 690 03be 09       		.byte	0x9
 691 03bf 2C       		.byte	0x2c
 692 03c0 EF030000 		.4byte	0x3ef
 693 03c4 06       		.uleb128 0x6
 694 03c5 B3000000 		.4byte	.LASF56
 695 03c9 09       		.byte	0x9
 696 03ca 2D       		.byte	0x2d
 697 03cb 60020000 		.4byte	0x260
 698 03cf 02       		.byte	0x2
 699 03d0 23       		.byte	0x23
 700 03d1 00       		.uleb128 0
 701 03d2 06       		.uleb128 0x6
 702 03d3 B7030000 		.4byte	.LASF57
 703 03d7 09       		.byte	0x9
 704 03d8 2F       		.byte	0x2f
 705 03d9 5A020000 		.4byte	0x25a
 706 03dd 02       		.byte	0x2
 707 03de 23       		.byte	0x23
 708 03df 08       		.uleb128 0x8
 709 03e0 06       		.uleb128 0x6
 710 03e1 1E030000 		.4byte	.LASF58
 711 03e5 09       		.byte	0x9
 712 03e6 31       		.byte	0x31
 713 03e7 EF030000 		.4byte	0x3ef
 714 03eb 02       		.byte	0x2
 715 03ec 23       		.byte	0x23
 716 03ed 0C       		.uleb128 0xc
 717 03ee 00       		.byte	0
 718 03ef 09       		.uleb128 0x9
 719 03f0 04       		.byte	0x4
 720 03f1 B8030000 		.4byte	0x3b8
 721 03f5 03       		.uleb128 0x3
 722 03f6 BE010000 		.4byte	.LASF55
 723 03fa 09       		.byte	0x9
 724 03fb 33       		.byte	0x33
 725 03fc B8030000 		.4byte	0x3b8
 726 0400 0E       		.uleb128 0xe
 727 0401 04       		.byte	0x4
 728 0402 06       		.byte	0x6
 729 0403 96       		.byte	0x96
 730 0404 35040000 		.4byte	0x435
 731 0408 0F       		.uleb128 0xf
 732 0409 1A000000 		.4byte	.LASF59
 733 040d 06       		.byte	0x6
 734 040e 9D       		.byte	0x9d
 735 040f E4000000 		.4byte	0xe4
 736 0413 0F       		.uleb128 0xf
 737 0414 46000000 		.4byte	.LASF60
 738 0418 06       		.byte	0x6
 739 0419 A4       		.byte	0xa4
 740 041a E4000000 		.4byte	0xe4
 741 041e 0F       		.uleb128 0xf
ARM GAS  /tmp/cc2l7aIf.s 			page 14


 742 041f 9E030000 		.4byte	.LASF61
 743 0423 06       		.byte	0x6
 744 0424 AB       		.byte	0xab
 745 0425 98020000 		.4byte	0x298
 746 0429 0F       		.uleb128 0xf
 747 042a 9C020000 		.4byte	.LASF62
 748 042e 06       		.byte	0x6
 749 042f B2       		.byte	0xb2
 750 0430 EF000000 		.4byte	0xef
 751 0434 00       		.byte	0
 752 0435 09       		.uleb128 0x9
 753 0436 04       		.byte	0x4
 754 0437 3B040000 		.4byte	0x43b
 755 043b 10       		.uleb128 0x10
 756 043c 40040000 		.4byte	0x440
 757 0440 04       		.uleb128 0x4
 758 0441 01       		.byte	0x1
 759 0442 08       		.byte	0x8
 760 0443 09030000 		.4byte	.LASF63
 761 0447 09       		.uleb128 0x9
 762 0448 04       		.byte	0x4
 763 0449 F5030000 		.4byte	0x3f5
 764 044d 08       		.uleb128 0x8
 765 044e 16       		.byte	0x16
 766 044f 0A       		.byte	0xa
 767 0450 2C       		.byte	0x2c
 768 0451 52050000 		.4byte	0x552
 769 0455 06       		.uleb128 0x6
 770 0456 6F010000 		.4byte	.LASF64
 771 045a 0A       		.byte	0xa
 772 045b 2D       		.byte	0x2d
 773 045c 52050000 		.4byte	0x552
 774 0460 02       		.byte	0x2
 775 0461 23       		.byte	0x23
 776 0462 00       		.uleb128 0
 777 0463 06       		.uleb128 0x6
 778 0464 C4010000 		.4byte	.LASF65
 779 0468 0A       		.byte	0xa
 780 0469 2E       		.byte	0x2e
 781 046a 49000000 		.4byte	0x49
 782 046e 02       		.byte	0x2
 783 046f 23       		.byte	0x23
 784 0470 04       		.uleb128 0x4
 785 0471 06       		.uleb128 0x6
 786 0472 0B020000 		.4byte	.LASF66
 787 0476 0A       		.byte	0xa
 788 0477 2F       		.byte	0x2f
 789 0478 49000000 		.4byte	0x49
 790 047c 02       		.byte	0x2
 791 047d 23       		.byte	0x23
 792 047e 05       		.uleb128 0x5
 793 047f 06       		.uleb128 0x6
 794 0480 AC030000 		.4byte	.LASF67
 795 0484 0A       		.byte	0xa
 796 0485 30       		.byte	0x30
 797 0486 62000000 		.4byte	0x62
 798 048a 02       		.byte	0x2
ARM GAS  /tmp/cc2l7aIf.s 			page 15


 799 048b 23       		.byte	0x23
 800 048c 06       		.uleb128 0x6
 801 048d 06       		.uleb128 0x6
 802 048e 2D020000 		.4byte	.LASF68
 803 0492 0A       		.byte	0xa
 804 0493 31       		.byte	0x31
 805 0494 49000000 		.4byte	0x49
 806 0498 02       		.byte	0x2
 807 0499 23       		.byte	0x23
 808 049a 08       		.uleb128 0x8
 809 049b 06       		.uleb128 0x6
 810 049c D8010000 		.4byte	.LASF69
 811 04a0 0A       		.byte	0xa
 812 04a1 32       		.byte	0x32
 813 04a2 49000000 		.4byte	0x49
 814 04a6 02       		.byte	0x2
 815 04a7 23       		.byte	0x23
 816 04a8 09       		.uleb128 0x9
 817 04a9 06       		.uleb128 0x6
 818 04aa 38000000 		.4byte	.LASF70
 819 04ae 0A       		.byte	0xa
 820 04af 33       		.byte	0x33
 821 04b0 49000000 		.4byte	0x49
 822 04b4 02       		.byte	0x2
 823 04b5 23       		.byte	0x23
 824 04b6 0A       		.uleb128 0xa
 825 04b7 06       		.uleb128 0x6
 826 04b8 E9020000 		.4byte	.LASF71
 827 04bc 0A       		.byte	0xa
 828 04bd 34       		.byte	0x34
 829 04be 49000000 		.4byte	0x49
 830 04c2 02       		.byte	0x2
 831 04c3 23       		.byte	0x23
 832 04c4 0B       		.uleb128 0xb
 833 04c5 06       		.uleb128 0x6
 834 04c6 74030000 		.4byte	.LASF72
 835 04ca 0A       		.byte	0xa
 836 04cb 35       		.byte	0x35
 837 04cc 49000000 		.4byte	0x49
 838 04d0 02       		.byte	0x2
 839 04d1 23       		.byte	0x23
 840 04d2 0C       		.uleb128 0xc
 841 04d3 06       		.uleb128 0x6
 842 04d4 C8020000 		.4byte	.LASF73
 843 04d8 0A       		.byte	0xa
 844 04d9 36       		.byte	0x36
 845 04da 49000000 		.4byte	0x49
 846 04de 02       		.byte	0x2
 847 04df 23       		.byte	0x23
 848 04e0 0D       		.uleb128 0xd
 849 04e1 06       		.uleb128 0x6
 850 04e2 00000000 		.4byte	.LASF74
 851 04e6 0A       		.byte	0xa
 852 04e7 37       		.byte	0x37
 853 04e8 49000000 		.4byte	0x49
 854 04ec 02       		.byte	0x2
 855 04ed 23       		.byte	0x23
ARM GAS  /tmp/cc2l7aIf.s 			page 16


 856 04ee 0E       		.uleb128 0xe
 857 04ef 06       		.uleb128 0x6
 858 04f0 E4010000 		.4byte	.LASF75
 859 04f4 0A       		.byte	0xa
 860 04f5 38       		.byte	0x38
 861 04f6 49000000 		.4byte	0x49
 862 04fa 02       		.byte	0x2
 863 04fb 23       		.byte	0x23
 864 04fc 0F       		.uleb128 0xf
 865 04fd 06       		.uleb128 0x6
 866 04fe 8E000000 		.4byte	.LASF76
 867 0502 0A       		.byte	0xa
 868 0503 39       		.byte	0x39
 869 0504 49000000 		.4byte	0x49
 870 0508 02       		.byte	0x2
 871 0509 23       		.byte	0x23
 872 050a 10       		.uleb128 0x10
 873 050b 06       		.uleb128 0x6
 874 050c 67000000 		.4byte	.LASF77
 875 0510 0A       		.byte	0xa
 876 0511 3B       		.byte	0x3b
 877 0512 49000000 		.4byte	0x49
 878 0516 02       		.byte	0x2
 879 0517 23       		.byte	0x23
 880 0518 11       		.uleb128 0x11
 881 0519 06       		.uleb128 0x6
 882 051a 9E000000 		.4byte	.LASF78
 883 051e 0A       		.byte	0xa
 884 051f 3C       		.byte	0x3c
 885 0520 49000000 		.4byte	0x49
 886 0524 02       		.byte	0x2
 887 0525 23       		.byte	0x23
 888 0526 12       		.uleb128 0x12
 889 0527 06       		.uleb128 0x6
 890 0528 CC010000 		.4byte	.LASF79
 891 052c 0A       		.byte	0xa
 892 052d 3D       		.byte	0x3d
 893 052e 49000000 		.4byte	0x49
 894 0532 02       		.byte	0x2
 895 0533 23       		.byte	0x23
 896 0534 13       		.uleb128 0x13
 897 0535 06       		.uleb128 0x6
 898 0536 AA020000 		.4byte	.LASF80
 899 053a 0A       		.byte	0xa
 900 053b 3E       		.byte	0x3e
 901 053c 49000000 		.4byte	0x49
 902 0540 02       		.byte	0x2
 903 0541 23       		.byte	0x23
 904 0542 14       		.uleb128 0x14
 905 0543 06       		.uleb128 0x6
 906 0544 89020000 		.4byte	.LASF81
 907 0548 0A       		.byte	0xa
 908 0549 40       		.byte	0x40
 909 054a 49000000 		.4byte	0x49
 910 054e 02       		.byte	0x2
 911 054f 23       		.byte	0x23
 912 0550 15       		.uleb128 0x15
ARM GAS  /tmp/cc2l7aIf.s 			page 17


 913 0551 00       		.byte	0
 914 0552 11       		.uleb128 0x11
 915 0553 40040000 		.4byte	0x440
 916 0557 62050000 		.4byte	0x562
 917 055b 12       		.uleb128 0x12
 918 055c 3B000000 		.4byte	0x3b
 919 0560 03       		.byte	0x3
 920 0561 00       		.byte	0
 921 0562 03       		.uleb128 0x3
 922 0563 E0000000 		.4byte	.LASF82
 923 0567 0A       		.byte	0xa
 924 0568 41       		.byte	0x41
 925 0569 4D040000 		.4byte	0x44d
 926 056d 13       		.uleb128 0x13
 927 056e 01       		.byte	0x1
 928 056f 4F000000 		.4byte	.LASF83
 929 0573 01       		.byte	0x1
 930 0574 75       		.byte	0x75
 931 0575 01       		.byte	0x1
 932 0576 5A020000 		.4byte	0x25a
 933 057a 00000000 		.4byte	.LFB7
 934 057e 1E000000 		.4byte	.LFE7
 935 0582 02       		.byte	0x2
 936 0583 7D       		.byte	0x7d
 937 0584 00       		.sleb128 0
 938 0585 C6050000 		.4byte	0x5c6
 939 0589 14       		.uleb128 0x14
 940 058a 747000   		.ascii	"tp\000"
 941 058d 01       		.byte	0x1
 942 058e 76       		.byte	0x76
 943 058f 5A020000 		.4byte	0x25a
 944 0593 15       		.uleb128 0x15
 945 0594 00000000 		.4byte	.LBB2
 946 0598 06000000 		.4byte	.LBE2
 947 059c B0050000 		.4byte	0x5b0
 948 05a0 16       		.uleb128 0x16
 949 05a1 746D7000 		.ascii	"tmp\000"
 950 05a5 01       		.byte	0x1
 951 05a6 78       		.byte	0x78
 952 05a7 86000000 		.4byte	0x86
 953 05ab 00000000 		.4byte	.LLST0
 954 05af 00       		.byte	0
 955 05b0 17       		.uleb128 0x17
 956 05b1 00000000 		.4byte	.Ldebug_ranges0+0
 957 05b5 16       		.uleb128 0x16
 958 05b6 746D7000 		.ascii	"tmp\000"
 959 05ba 01       		.byte	0x1
 960 05bb 7D       		.byte	0x7d
 961 05bc 86000000 		.4byte	0x86
 962 05c0 13000000 		.4byte	.LLST1
 963 05c4 00       		.byte	0
 964 05c5 00       		.byte	0
 965 05c6 18       		.uleb128 0x18
 966 05c7 01       		.byte	0x1
 967 05c8 0E030000 		.4byte	.LASF84
 968 05cc 01       		.byte	0x1
 969 05cd 8C       		.byte	0x8c
ARM GAS  /tmp/cc2l7aIf.s 			page 18


 970 05ce 01       		.byte	0x1
 971 05cf 5A020000 		.4byte	0x25a
 972 05d3 00000000 		.4byte	.LFB8
 973 05d7 2E000000 		.4byte	.LFE8
 974 05db 26000000 		.4byte	.LLST2
 975 05df 37060000 		.4byte	0x637
 976 05e3 19       		.uleb128 0x19
 977 05e4 747000   		.ascii	"tp\000"
 978 05e7 01       		.byte	0x1
 979 05e8 8C       		.byte	0x8c
 980 05e9 5A020000 		.4byte	0x25a
 981 05ed 46000000 		.4byte	.LLST3
 982 05f1 16       		.uleb128 0x16
 983 05f2 6E747000 		.ascii	"ntp\000"
 984 05f6 01       		.byte	0x1
 985 05f7 8D       		.byte	0x8d
 986 05f8 5A020000 		.4byte	0x25a
 987 05fc 6F000000 		.4byte	.LLST4
 988 0600 15       		.uleb128 0x15
 989 0601 02000000 		.4byte	.LBB5
 990 0605 08000000 		.4byte	.LBE5
 991 0609 1D060000 		.4byte	0x61d
 992 060d 16       		.uleb128 0x16
 993 060e 746D7000 		.ascii	"tmp\000"
 994 0612 01       		.byte	0x1
 995 0613 8F       		.byte	0x8f
 996 0614 86000000 		.4byte	0x86
 997 0618 9A000000 		.4byte	.LLST5
 998 061c 00       		.byte	0
 999 061d 1A       		.uleb128 0x1a
 1000 061e 1C000000 		.4byte	.LBB6
 1001 0622 22000000 		.4byte	.LBE6
 1002 0626 16       		.uleb128 0x16
 1003 0627 746D7000 		.ascii	"tmp\000"
 1004 062b 01       		.byte	0x1
 1005 062c 9A       		.byte	0x9a
 1006 062d 86000000 		.4byte	0x86
 1007 0631 AD000000 		.4byte	.LLST6
 1008 0635 00       		.byte	0
 1009 0636 00       		.byte	0
 1010 0637 1B       		.uleb128 0x1b
 1011 0638 90030000 		.4byte	.LASF85
 1012 063c 08       		.byte	0x8
 1013 063d 6F       		.byte	0x6f
 1014 063e AD030000 		.4byte	0x3ad
 1015 0642 01       		.byte	0x1
 1016 0643 01       		.byte	0x1
 1017 0644 1B       		.uleb128 0x1b
 1018 0645 90030000 		.4byte	.LASF85
 1019 0649 08       		.byte	0x8
 1020 064a 6F       		.byte	0x6f
 1021 064b AD030000 		.4byte	0x3ad
 1022 064f 01       		.byte	0x1
 1023 0650 01       		.byte	0x1
 1024 0651 1C       		.uleb128 0x1c
 1025 0652 66010000 		.4byte	.LASF86
 1026 0656 01       		.byte	0x1
ARM GAS  /tmp/cc2l7aIf.s 			page 19


 1027 0657 42       		.byte	0x42
 1028 0658 63060000 		.4byte	0x663
 1029 065c 01       		.byte	0x1
 1030 065d 05       		.byte	0x5
 1031 065e 03       		.byte	0x3
 1032 065f 00000000 		.4byte	ch_debug
 1033 0663 10       		.uleb128 0x10
 1034 0664 62050000 		.4byte	0x562
 1035 0668 00       		.byte	0
 1036              		.section	.debug_abbrev,"",%progbits
 1037              	.Ldebug_abbrev0:
 1038 0000 01       		.uleb128 0x1
 1039 0001 11       		.uleb128 0x11
 1040 0002 01       		.byte	0x1
 1041 0003 25       		.uleb128 0x25
 1042 0004 0E       		.uleb128 0xe
 1043 0005 13       		.uleb128 0x13
 1044 0006 0B       		.uleb128 0xb
 1045 0007 03       		.uleb128 0x3
 1046 0008 0E       		.uleb128 0xe
 1047 0009 1B       		.uleb128 0x1b
 1048 000a 0E       		.uleb128 0xe
 1049 000b 11       		.uleb128 0x11
 1050 000c 01       		.uleb128 0x1
 1051 000d 52       		.uleb128 0x52
 1052 000e 01       		.uleb128 0x1
 1053 000f 55       		.uleb128 0x55
 1054 0010 06       		.uleb128 0x6
 1055 0011 10       		.uleb128 0x10
 1056 0012 06       		.uleb128 0x6
 1057 0013 00       		.byte	0
 1058 0014 00       		.byte	0
 1059 0015 02       		.uleb128 0x2
 1060 0016 24       		.uleb128 0x24
 1061 0017 00       		.byte	0
 1062 0018 0B       		.uleb128 0xb
 1063 0019 0B       		.uleb128 0xb
 1064 001a 3E       		.uleb128 0x3e
 1065 001b 0B       		.uleb128 0xb
 1066 001c 03       		.uleb128 0x3
 1067 001d 08       		.uleb128 0x8
 1068 001e 00       		.byte	0
 1069 001f 00       		.byte	0
 1070 0020 03       		.uleb128 0x3
 1071 0021 16       		.uleb128 0x16
 1072 0022 00       		.byte	0
 1073 0023 03       		.uleb128 0x3
 1074 0024 0E       		.uleb128 0xe
 1075 0025 3A       		.uleb128 0x3a
 1076 0026 0B       		.uleb128 0xb
 1077 0027 3B       		.uleb128 0x3b
 1078 0028 0B       		.uleb128 0xb
 1079 0029 49       		.uleb128 0x49
 1080 002a 13       		.uleb128 0x13
 1081 002b 00       		.byte	0
 1082 002c 00       		.byte	0
 1083 002d 04       		.uleb128 0x4
ARM GAS  /tmp/cc2l7aIf.s 			page 20


 1084 002e 24       		.uleb128 0x24
 1085 002f 00       		.byte	0
 1086 0030 0B       		.uleb128 0xb
 1087 0031 0B       		.uleb128 0xb
 1088 0032 3E       		.uleb128 0x3e
 1089 0033 0B       		.uleb128 0xb
 1090 0034 03       		.uleb128 0x3
 1091 0035 0E       		.uleb128 0xe
 1092 0036 00       		.byte	0
 1093 0037 00       		.byte	0
 1094 0038 05       		.uleb128 0x5
 1095 0039 13       		.uleb128 0x13
 1096 003a 01       		.byte	0x1
 1097 003b 03       		.uleb128 0x3
 1098 003c 0E       		.uleb128 0xe
 1099 003d 0B       		.uleb128 0xb
 1100 003e 0B       		.uleb128 0xb
 1101 003f 3A       		.uleb128 0x3a
 1102 0040 0B       		.uleb128 0xb
 1103 0041 3B       		.uleb128 0x3b
 1104 0042 0B       		.uleb128 0xb
 1105 0043 01       		.uleb128 0x1
 1106 0044 13       		.uleb128 0x13
 1107 0045 00       		.byte	0
 1108 0046 00       		.byte	0
 1109 0047 06       		.uleb128 0x6
 1110 0048 0D       		.uleb128 0xd
 1111 0049 00       		.byte	0
 1112 004a 03       		.uleb128 0x3
 1113 004b 0E       		.uleb128 0xe
 1114 004c 3A       		.uleb128 0x3a
 1115 004d 0B       		.uleb128 0xb
 1116 004e 3B       		.uleb128 0x3b
 1117 004f 0B       		.uleb128 0xb
 1118 0050 49       		.uleb128 0x49
 1119 0051 13       		.uleb128 0x13
 1120 0052 38       		.uleb128 0x38
 1121 0053 0A       		.uleb128 0xa
 1122 0054 00       		.byte	0
 1123 0055 00       		.byte	0
 1124 0056 07       		.uleb128 0x7
 1125 0057 0D       		.uleb128 0xd
 1126 0058 00       		.byte	0
 1127 0059 03       		.uleb128 0x3
 1128 005a 08       		.uleb128 0x8
 1129 005b 3A       		.uleb128 0x3a
 1130 005c 0B       		.uleb128 0xb
 1131 005d 3B       		.uleb128 0x3b
 1132 005e 0B       		.uleb128 0xb
 1133 005f 49       		.uleb128 0x49
 1134 0060 13       		.uleb128 0x13
 1135 0061 38       		.uleb128 0x38
 1136 0062 0A       		.uleb128 0xa
 1137 0063 00       		.byte	0
 1138 0064 00       		.byte	0
 1139 0065 08       		.uleb128 0x8
 1140 0066 13       		.uleb128 0x13
ARM GAS  /tmp/cc2l7aIf.s 			page 21


 1141 0067 01       		.byte	0x1
 1142 0068 0B       		.uleb128 0xb
 1143 0069 0B       		.uleb128 0xb
 1144 006a 3A       		.uleb128 0x3a
 1145 006b 0B       		.uleb128 0xb
 1146 006c 3B       		.uleb128 0x3b
 1147 006d 0B       		.uleb128 0xb
 1148 006e 01       		.uleb128 0x1
 1149 006f 13       		.uleb128 0x13
 1150 0070 00       		.byte	0
 1151 0071 00       		.byte	0
 1152 0072 09       		.uleb128 0x9
 1153 0073 0F       		.uleb128 0xf
 1154 0074 00       		.byte	0
 1155 0075 0B       		.uleb128 0xb
 1156 0076 0B       		.uleb128 0xb
 1157 0077 49       		.uleb128 0x49
 1158 0078 13       		.uleb128 0x13
 1159 0079 00       		.byte	0
 1160 007a 00       		.byte	0
 1161 007b 0A       		.uleb128 0xa
 1162 007c 0F       		.uleb128 0xf
 1163 007d 00       		.byte	0
 1164 007e 0B       		.uleb128 0xb
 1165 007f 0B       		.uleb128 0xb
 1166 0080 00       		.byte	0
 1167 0081 00       		.byte	0
 1168 0082 0B       		.uleb128 0xb
 1169 0083 13       		.uleb128 0x13
 1170 0084 01       		.byte	0x1
 1171 0085 03       		.uleb128 0x3
 1172 0086 0E       		.uleb128 0xe
 1173 0087 0B       		.uleb128 0xb
 1174 0088 0B       		.uleb128 0xb
 1175 0089 3A       		.uleb128 0x3a
 1176 008a 0B       		.uleb128 0xb
 1177 008b 3B       		.uleb128 0x3b
 1178 008c 05       		.uleb128 0x5
 1179 008d 01       		.uleb128 0x1
 1180 008e 13       		.uleb128 0x13
 1181 008f 00       		.byte	0
 1182 0090 00       		.byte	0
 1183 0091 0C       		.uleb128 0xc
 1184 0092 0D       		.uleb128 0xd
 1185 0093 00       		.byte	0
 1186 0094 03       		.uleb128 0x3
 1187 0095 08       		.uleb128 0x8
 1188 0096 3A       		.uleb128 0x3a
 1189 0097 0B       		.uleb128 0xb
 1190 0098 3B       		.uleb128 0x3b
 1191 0099 05       		.uleb128 0x5
 1192 009a 49       		.uleb128 0x49
 1193 009b 13       		.uleb128 0x13
 1194 009c 38       		.uleb128 0x38
 1195 009d 0A       		.uleb128 0xa
 1196 009e 00       		.byte	0
 1197 009f 00       		.byte	0
ARM GAS  /tmp/cc2l7aIf.s 			page 22


 1198 00a0 0D       		.uleb128 0xd
 1199 00a1 35       		.uleb128 0x35
 1200 00a2 00       		.byte	0
 1201 00a3 49       		.uleb128 0x49
 1202 00a4 13       		.uleb128 0x13
 1203 00a5 00       		.byte	0
 1204 00a6 00       		.byte	0
 1205 00a7 0E       		.uleb128 0xe
 1206 00a8 17       		.uleb128 0x17
 1207 00a9 01       		.byte	0x1
 1208 00aa 0B       		.uleb128 0xb
 1209 00ab 0B       		.uleb128 0xb
 1210 00ac 3A       		.uleb128 0x3a
 1211 00ad 0B       		.uleb128 0xb
 1212 00ae 3B       		.uleb128 0x3b
 1213 00af 0B       		.uleb128 0xb
 1214 00b0 01       		.uleb128 0x1
 1215 00b1 13       		.uleb128 0x13
 1216 00b2 00       		.byte	0
 1217 00b3 00       		.byte	0
 1218 00b4 0F       		.uleb128 0xf
 1219 00b5 0D       		.uleb128 0xd
 1220 00b6 00       		.byte	0
 1221 00b7 03       		.uleb128 0x3
 1222 00b8 0E       		.uleb128 0xe
 1223 00b9 3A       		.uleb128 0x3a
 1224 00ba 0B       		.uleb128 0xb
 1225 00bb 3B       		.uleb128 0x3b
 1226 00bc 0B       		.uleb128 0xb
 1227 00bd 49       		.uleb128 0x49
 1228 00be 13       		.uleb128 0x13
 1229 00bf 00       		.byte	0
 1230 00c0 00       		.byte	0
 1231 00c1 10       		.uleb128 0x10
 1232 00c2 26       		.uleb128 0x26
 1233 00c3 00       		.byte	0
 1234 00c4 49       		.uleb128 0x49
 1235 00c5 13       		.uleb128 0x13
 1236 00c6 00       		.byte	0
 1237 00c7 00       		.byte	0
 1238 00c8 11       		.uleb128 0x11
 1239 00c9 01       		.uleb128 0x1
 1240 00ca 01       		.byte	0x1
 1241 00cb 49       		.uleb128 0x49
 1242 00cc 13       		.uleb128 0x13
 1243 00cd 01       		.uleb128 0x1
 1244 00ce 13       		.uleb128 0x13
 1245 00cf 00       		.byte	0
 1246 00d0 00       		.byte	0
 1247 00d1 12       		.uleb128 0x12
 1248 00d2 21       		.uleb128 0x21
 1249 00d3 00       		.byte	0
 1250 00d4 49       		.uleb128 0x49
 1251 00d5 13       		.uleb128 0x13
 1252 00d6 2F       		.uleb128 0x2f
 1253 00d7 0B       		.uleb128 0xb
 1254 00d8 00       		.byte	0
ARM GAS  /tmp/cc2l7aIf.s 			page 23


 1255 00d9 00       		.byte	0
 1256 00da 13       		.uleb128 0x13
 1257 00db 2E       		.uleb128 0x2e
 1258 00dc 01       		.byte	0x1
 1259 00dd 3F       		.uleb128 0x3f
 1260 00de 0C       		.uleb128 0xc
 1261 00df 03       		.uleb128 0x3
 1262 00e0 0E       		.uleb128 0xe
 1263 00e1 3A       		.uleb128 0x3a
 1264 00e2 0B       		.uleb128 0xb
 1265 00e3 3B       		.uleb128 0x3b
 1266 00e4 0B       		.uleb128 0xb
 1267 00e5 27       		.uleb128 0x27
 1268 00e6 0C       		.uleb128 0xc
 1269 00e7 49       		.uleb128 0x49
 1270 00e8 13       		.uleb128 0x13
 1271 00e9 11       		.uleb128 0x11
 1272 00ea 01       		.uleb128 0x1
 1273 00eb 12       		.uleb128 0x12
 1274 00ec 01       		.uleb128 0x1
 1275 00ed 40       		.uleb128 0x40
 1276 00ee 0A       		.uleb128 0xa
 1277 00ef 01       		.uleb128 0x1
 1278 00f0 13       		.uleb128 0x13
 1279 00f1 00       		.byte	0
 1280 00f2 00       		.byte	0
 1281 00f3 14       		.uleb128 0x14
 1282 00f4 34       		.uleb128 0x34
 1283 00f5 00       		.byte	0
 1284 00f6 03       		.uleb128 0x3
 1285 00f7 08       		.uleb128 0x8
 1286 00f8 3A       		.uleb128 0x3a
 1287 00f9 0B       		.uleb128 0xb
 1288 00fa 3B       		.uleb128 0x3b
 1289 00fb 0B       		.uleb128 0xb
 1290 00fc 49       		.uleb128 0x49
 1291 00fd 13       		.uleb128 0x13
 1292 00fe 00       		.byte	0
 1293 00ff 00       		.byte	0
 1294 0100 15       		.uleb128 0x15
 1295 0101 0B       		.uleb128 0xb
 1296 0102 01       		.byte	0x1
 1297 0103 11       		.uleb128 0x11
 1298 0104 01       		.uleb128 0x1
 1299 0105 12       		.uleb128 0x12
 1300 0106 01       		.uleb128 0x1
 1301 0107 01       		.uleb128 0x1
 1302 0108 13       		.uleb128 0x13
 1303 0109 00       		.byte	0
 1304 010a 00       		.byte	0
 1305 010b 16       		.uleb128 0x16
 1306 010c 34       		.uleb128 0x34
 1307 010d 00       		.byte	0
 1308 010e 03       		.uleb128 0x3
 1309 010f 08       		.uleb128 0x8
 1310 0110 3A       		.uleb128 0x3a
 1311 0111 0B       		.uleb128 0xb
ARM GAS  /tmp/cc2l7aIf.s 			page 24


 1312 0112 3B       		.uleb128 0x3b
 1313 0113 0B       		.uleb128 0xb
 1314 0114 49       		.uleb128 0x49
 1315 0115 13       		.uleb128 0x13
 1316 0116 02       		.uleb128 0x2
 1317 0117 06       		.uleb128 0x6
 1318 0118 00       		.byte	0
 1319 0119 00       		.byte	0
 1320 011a 17       		.uleb128 0x17
 1321 011b 0B       		.uleb128 0xb
 1322 011c 01       		.byte	0x1
 1323 011d 55       		.uleb128 0x55
 1324 011e 06       		.uleb128 0x6
 1325 011f 00       		.byte	0
 1326 0120 00       		.byte	0
 1327 0121 18       		.uleb128 0x18
 1328 0122 2E       		.uleb128 0x2e
 1329 0123 01       		.byte	0x1
 1330 0124 3F       		.uleb128 0x3f
 1331 0125 0C       		.uleb128 0xc
 1332 0126 03       		.uleb128 0x3
 1333 0127 0E       		.uleb128 0xe
 1334 0128 3A       		.uleb128 0x3a
 1335 0129 0B       		.uleb128 0xb
 1336 012a 3B       		.uleb128 0x3b
 1337 012b 0B       		.uleb128 0xb
 1338 012c 27       		.uleb128 0x27
 1339 012d 0C       		.uleb128 0xc
 1340 012e 49       		.uleb128 0x49
 1341 012f 13       		.uleb128 0x13
 1342 0130 11       		.uleb128 0x11
 1343 0131 01       		.uleb128 0x1
 1344 0132 12       		.uleb128 0x12
 1345 0133 01       		.uleb128 0x1
 1346 0134 40       		.uleb128 0x40
 1347 0135 06       		.uleb128 0x6
 1348 0136 01       		.uleb128 0x1
 1349 0137 13       		.uleb128 0x13
 1350 0138 00       		.byte	0
 1351 0139 00       		.byte	0
 1352 013a 19       		.uleb128 0x19
 1353 013b 05       		.uleb128 0x5
 1354 013c 00       		.byte	0
 1355 013d 03       		.uleb128 0x3
 1356 013e 08       		.uleb128 0x8
 1357 013f 3A       		.uleb128 0x3a
 1358 0140 0B       		.uleb128 0xb
 1359 0141 3B       		.uleb128 0x3b
 1360 0142 0B       		.uleb128 0xb
 1361 0143 49       		.uleb128 0x49
 1362 0144 13       		.uleb128 0x13
 1363 0145 02       		.uleb128 0x2
 1364 0146 06       		.uleb128 0x6
 1365 0147 00       		.byte	0
 1366 0148 00       		.byte	0
 1367 0149 1A       		.uleb128 0x1a
 1368 014a 0B       		.uleb128 0xb
ARM GAS  /tmp/cc2l7aIf.s 			page 25


 1369 014b 01       		.byte	0x1
 1370 014c 11       		.uleb128 0x11
 1371 014d 01       		.uleb128 0x1
 1372 014e 12       		.uleb128 0x12
 1373 014f 01       		.uleb128 0x1
 1374 0150 00       		.byte	0
 1375 0151 00       		.byte	0
 1376 0152 1B       		.uleb128 0x1b
 1377 0153 34       		.uleb128 0x34
 1378 0154 00       		.byte	0
 1379 0155 03       		.uleb128 0x3
 1380 0156 0E       		.uleb128 0xe
 1381 0157 3A       		.uleb128 0x3a
 1382 0158 0B       		.uleb128 0xb
 1383 0159 3B       		.uleb128 0x3b
 1384 015a 0B       		.uleb128 0xb
 1385 015b 49       		.uleb128 0x49
 1386 015c 13       		.uleb128 0x13
 1387 015d 3F       		.uleb128 0x3f
 1388 015e 0C       		.uleb128 0xc
 1389 015f 3C       		.uleb128 0x3c
 1390 0160 0C       		.uleb128 0xc
 1391 0161 00       		.byte	0
 1392 0162 00       		.byte	0
 1393 0163 1C       		.uleb128 0x1c
 1394 0164 34       		.uleb128 0x34
 1395 0165 00       		.byte	0
 1396 0166 03       		.uleb128 0x3
 1397 0167 0E       		.uleb128 0xe
 1398 0168 3A       		.uleb128 0x3a
 1399 0169 0B       		.uleb128 0xb
 1400 016a 3B       		.uleb128 0x3b
 1401 016b 0B       		.uleb128 0xb
 1402 016c 49       		.uleb128 0x49
 1403 016d 13       		.uleb128 0x13
 1404 016e 3F       		.uleb128 0x3f
 1405 016f 0C       		.uleb128 0xc
 1406 0170 02       		.uleb128 0x2
 1407 0171 0A       		.uleb128 0xa
 1408 0172 00       		.byte	0
 1409 0173 00       		.byte	0
 1410 0174 00       		.byte	0
 1411              		.section	.debug_loc,"",%progbits
 1412              	.Ldebug_loc0:
 1413              	.LLST0:
 1414 0000 06000000 		.4byte	.LVL1
 1415 0004 10000000 		.4byte	.LVL2
 1416 0008 0100     		.2byte	0x1
 1417 000a 53       		.byte	0x53
 1418 000b 00000000 		.4byte	0
 1419 000f 00000000 		.4byte	0
 1420              	.LLST1:
 1421 0013 1C000000 		.4byte	.LVL4
 1422 0017 1E000000 		.4byte	.LFE7
 1423 001b 0100     		.2byte	0x1
 1424 001d 53       		.byte	0x53
 1425 001e 00000000 		.4byte	0
ARM GAS  /tmp/cc2l7aIf.s 			page 26


 1426 0022 00000000 		.4byte	0
 1427              	.LLST2:
 1428 0026 00000000 		.4byte	.LFB8
 1429 002a 02000000 		.4byte	.LCFI0
 1430 002e 0200     		.2byte	0x2
 1431 0030 7D       		.byte	0x7d
 1432 0031 00       		.sleb128 0
 1433 0032 02000000 		.4byte	.LCFI0
 1434 0036 2E000000 		.4byte	.LFE8
 1435 003a 0200     		.2byte	0x2
 1436 003c 7D       		.byte	0x7d
 1437 003d 08       		.sleb128 8
 1438 003e 00000000 		.4byte	0
 1439 0042 00000000 		.4byte	0
 1440              	.LLST3:
 1441 0046 00000000 		.4byte	.LVL5
 1442 004a 16000000 		.4byte	.LVL10
 1443 004e 0100     		.2byte	0x1
 1444 0050 50       		.byte	0x50
 1445 0051 1C000000 		.4byte	.LVL11
 1446 0055 25000000 		.4byte	.LVL14-1
 1447 0059 0100     		.2byte	0x1
 1448 005b 50       		.byte	0x50
 1449 005c 2A000000 		.4byte	.LVL15
 1450 0060 2E000000 		.4byte	.LFE8
 1451 0064 0100     		.2byte	0x1
 1452 0066 50       		.byte	0x50
 1453 0067 00000000 		.4byte	0
 1454 006b 00000000 		.4byte	0
 1455              	.LLST4:
 1456 006f 0E000000 		.4byte	.LVL9
 1457 0073 1C000000 		.4byte	.LVL11
 1458 0077 0200     		.2byte	0x2
 1459 0079 70       		.byte	0x70
 1460 007a 10       		.sleb128 16
 1461 007b 1C000000 		.4byte	.LVL11
 1462 007f 2C000000 		.4byte	.LVL16
 1463 0083 0100     		.2byte	0x1
 1464 0085 54       		.byte	0x54
 1465 0086 2C000000 		.4byte	.LVL16
 1466 008a 2E000000 		.4byte	.LFE8
 1467 008e 0200     		.2byte	0x2
 1468 0090 70       		.byte	0x70
 1469 0091 10       		.sleb128 16
 1470 0092 00000000 		.4byte	0
 1471 0096 00000000 		.4byte	0
 1472              	.LLST5:
 1473 009a 08000000 		.4byte	.LVL7
 1474 009e 0C000000 		.4byte	.LVL8
 1475 00a2 0100     		.2byte	0x1
 1476 00a4 53       		.byte	0x53
 1477 00a5 00000000 		.4byte	0
 1478 00a9 00000000 		.4byte	0
 1479              	.LLST6:
 1480 00ad 22000000 		.4byte	.LVL13
 1481 00b1 25000000 		.4byte	.LVL14-1
 1482 00b5 0100     		.2byte	0x1
ARM GAS  /tmp/cc2l7aIf.s 			page 27


 1483 00b7 53       		.byte	0x53
 1484 00b8 00000000 		.4byte	0
 1485 00bc 00000000 		.4byte	0
 1486              		.section	.debug_aranges,"",%progbits
 1487 0000 24000000 		.4byte	0x24
 1488 0004 0200     		.2byte	0x2
 1489 0006 00000000 		.4byte	.Ldebug_info0
 1490 000a 04       		.byte	0x4
 1491 000b 00       		.byte	0
 1492 000c 0000     		.2byte	0
 1493 000e 0000     		.2byte	0
 1494 0010 00000000 		.4byte	.LFB7
 1495 0014 1E000000 		.4byte	.LFE7-.LFB7
 1496 0018 00000000 		.4byte	.LFB8
 1497 001c 2E000000 		.4byte	.LFE8-.LFB8
 1498 0020 00000000 		.4byte	0
 1499 0024 00000000 		.4byte	0
 1500              		.section	.debug_ranges,"",%progbits
 1501              	.Ldebug_ranges0:
 1502 0000 0E000000 		.4byte	.LBB3
 1503 0004 10000000 		.4byte	.LBE3
 1504 0008 18000000 		.4byte	.LBB4
 1505 000c 1C000000 		.4byte	.LBE4
 1506 0010 00000000 		.4byte	0
 1507 0014 00000000 		.4byte	0
 1508 0018 00000000 		.4byte	.LFB7
 1509 001c 1E000000 		.4byte	.LFE7
 1510 0020 00000000 		.4byte	.LFB8
 1511 0024 2E000000 		.4byte	.LFE8
 1512 0028 00000000 		.4byte	0
 1513 002c 00000000 		.4byte	0
 1514              		.section	.debug_line,"",%progbits
 1515              	.Ldebug_line0:
 1516 0000 CF010000 		.section	.debug_str,"MS",%progbits,1
 1516      02009701 
 1516      00000201 
 1516      FB0E0D00 
 1516      01010101 
 1517              	.LASF74:
 1518 0000 63665F6F 		.ascii	"cf_off_older\000"
 1518      66665F6F 
 1518      6C646572 
 1518      00
 1519              	.LASF38:
 1520 000d 705F6D73 		.ascii	"p_msg\000"
 1520      6700
 1521              	.LASF2:
 1522 0013 73697A65 		.ascii	"size_t\000"
 1522      5F7400
 1523              	.LASF59:
 1524 001a 7264796D 		.ascii	"rdymsg\000"
 1524      736700
 1525              	.LASF13:
 1526 0021 6C6F6E67 		.ascii	"long long unsigned int\000"
 1526      206C6F6E 
 1526      6720756E 
 1526      7369676E 
ARM GAS  /tmp/cc2l7aIf.s 			page 28


 1526      65642069 
 1527              	.LASF70:
 1528 0038 63685F74 		.ascii	"ch_threadsize\000"
 1528      68726561 
 1528      6473697A 
 1528      6500
 1529              	.LASF60:
 1530 0046 65786974 		.ascii	"exitcode\000"
 1530      636F6465 
 1530      00
 1531              	.LASF83:
 1532 004f 63685265 		.ascii	"chRegFirstThread\000"
 1532      67466972 
 1532      73745468 
 1532      72656164 
 1532      00
 1533              	.LASF26:
 1534 0060 705F7072 		.ascii	"p_prio\000"
 1534      696F00
 1535              	.LASF77:
 1536 0067 63665F6F 		.ascii	"cf_off_state\000"
 1536      66665F73 
 1536      74617465 
 1536      00
 1537              	.LASF12:
 1538 0074 6C6F6E67 		.ascii	"long long int\000"
 1538      206C6F6E 
 1538      6720696E 
 1538      7400
 1539              	.LASF1:
 1540 0082 7369676E 		.ascii	"signed char\000"
 1540      65642063 
 1540      68617200 
 1541              	.LASF76:
 1542 008e 63665F6F 		.ascii	"cf_off_stklimit\000"
 1542      66665F73 
 1542      746B6C69 
 1542      6D697400 
 1543              	.LASF78:
 1544 009e 63665F6F 		.ascii	"cf_off_flags\000"
 1544      66665F66 
 1544      6C616773 
 1544      00
 1545              	.LASF42:
 1546 00ab 705F6D70 		.ascii	"p_mpool\000"
 1546      6F6F6C00 
 1547              	.LASF56:
 1548 00b3 6D5F7175 		.ascii	"m_queue\000"
 1548      65756500 
 1549              	.LASF18:
 1550 00bb 74736C69 		.ascii	"tslices_t\000"
 1550      6365735F 
 1550      7400
 1551              	.LASF9:
 1552 00c5 6C6F6E67 		.ascii	"long int\000"
 1552      20696E74 
 1552      00
ARM GAS  /tmp/cc2l7aIf.s 			page 29


 1553              	.LASF16:
 1554 00ce 74737461 		.ascii	"tstate_t\000"
 1554      74655F74 
 1554      00
 1555              	.LASF6:
 1556 00d7 75696E74 		.ascii	"uint16_t\000"
 1556      31365F74 
 1556      00
 1557              	.LASF82:
 1558 00e0 63686465 		.ascii	"chdebug_t\000"
 1558      6275675F 
 1558      7400
 1559              	.LASF28:
 1560 00ea 705F6E65 		.ascii	"p_newer\000"
 1560      77657200 
 1561              	.LASF89:
 1562 00f2 2F686F6D 		.ascii	"/home/lithium/Downloads/ChibiOS_2.6.8_PodioVirtual/"
 1562      652F6C69 
 1562      74686975 
 1562      6D2F446F 
 1562      776E6C6F 
 1563 0125 506F6469 		.ascii	"PodioVirtual/src\000"
 1563      6F566972 
 1563      7475616C 
 1563      2F737263 
 1563      00
 1564              	.LASF51:
 1565 0136 725F6E65 		.ascii	"r_newer\000"
 1565      77657200 
 1566              	.LASF45:
 1567 013e 72656761 		.ascii	"regarm_t\000"
 1567      726D5F74 
 1567      00
 1568              	.LASF0:
 1569 0147 756E7369 		.ascii	"unsigned int\000"
 1569      676E6564 
 1569      20696E74 
 1569      00
 1570              	.LASF11:
 1571 0154 6C6F6E67 		.ascii	"long unsigned int\000"
 1571      20756E73 
 1571      69676E65 
 1571      6420696E 
 1571      7400
 1572              	.LASF86:
 1573 0166 63685F64 		.ascii	"ch_debug\000"
 1573      65627567 
 1573      00
 1574              	.LASF64:
 1575 016f 63685F69 		.ascii	"ch_identifier\000"
 1575      64656E74 
 1575      69666965 
 1575      7200
 1576              	.LASF47:
 1577 017d 636F6E74 		.ascii	"context\000"
 1577      65787400 
 1578              	.LASF7:
ARM GAS  /tmp/cc2l7aIf.s 			page 30


 1579 0185 73686F72 		.ascii	"short unsigned int\000"
 1579      7420756E 
 1579      7369676E 
 1579      65642069 
 1579      6E7400
 1580              	.LASF20:
 1581 0198 6D73675F 		.ascii	"msg_t\000"
 1581      7400
 1582              	.LASF15:
 1583 019e 746D6F64 		.ascii	"tmode_t\000"
 1583      655F7400 
 1584              	.LASF44:
 1585 01a6 54687265 		.ascii	"ThreadsList\000"
 1585      6164734C 
 1585      69737400 
 1586              	.LASF21:
 1587 01b2 6576656E 		.ascii	"eventmask_t\000"
 1587      746D6173 
 1587      6B5F7400 
 1588              	.LASF55:
 1589 01be 4D757465 		.ascii	"Mutex\000"
 1589      7800
 1590              	.LASF65:
 1591 01c4 63685F7A 		.ascii	"ch_zero\000"
 1591      65726F00 
 1592              	.LASF79:
 1593 01cc 63665F6F 		.ascii	"cf_off_refs\000"
 1593      66665F72 
 1593      65667300 
 1594              	.LASF69:
 1595 01d8 63685F74 		.ascii	"ch_timesize\000"
 1595      696D6573 
 1595      697A6500 
 1596              	.LASF75:
 1597 01e4 63665F6F 		.ascii	"cf_off_name\000"
 1597      66665F6E 
 1597      616D6500 
 1598              	.LASF29:
 1599 01f0 705F6F6C 		.ascii	"p_older\000"
 1599      64657200 
 1600              	.LASF50:
 1601 01f8 725F6374 		.ascii	"r_ctx\000"
 1601      7800
 1602              	.LASF43:
 1603 01fe 54687265 		.ascii	"ThreadsQueue\000"
 1603      61647351 
 1603      75657565 
 1603      00
 1604              	.LASF66:
 1605 020b 63685F73 		.ascii	"ch_size\000"
 1605      697A6500 
 1606              	.LASF53:
 1607 0213 725F6375 		.ascii	"r_current\000"
 1607      7272656E 
 1607      7400
 1608              	.LASF52:
 1609 021d 725F6F6C 		.ascii	"r_older\000"
ARM GAS  /tmp/cc2l7aIf.s 			page 31


 1609      64657200 
 1610              	.LASF17:
 1611 0225 74726566 		.ascii	"trefs_t\000"
 1611      735F7400 
 1612              	.LASF68:
 1613 022d 63685F70 		.ascii	"ch_ptrsize\000"
 1613      74727369 
 1613      7A6500
 1614              	.LASF25:
 1615 0238 705F7072 		.ascii	"p_prev\000"
 1615      657600
 1616              	.LASF19:
 1617 023f 74707269 		.ascii	"tprio_t\000"
 1617      6F5F7400 
 1618              	.LASF14:
 1619 0247 5F426F6F 		.ascii	"_Bool\000"
 1619      6C00
 1620              	.LASF8:
 1621 024d 696E7433 		.ascii	"int32_t\000"
 1621      325F7400 
 1622              	.LASF4:
 1623 0255 756E7369 		.ascii	"unsigned char\000"
 1623      676E6564 
 1623      20636861 
 1623      7200
 1624              	.LASF40:
 1625 0263 705F6D74 		.ascii	"p_mtxlist\000"
 1625      786C6973 
 1625      7400
 1626              	.LASF5:
 1627 026d 73686F72 		.ascii	"short int\000"
 1627      7420696E 
 1627      7400
 1628              	.LASF31:
 1629 0277 705F7374 		.ascii	"p_state\000"
 1629      61746500 
 1630              	.LASF34:
 1631 027f 705F7072 		.ascii	"p_preempt\000"
 1631      65656D70 
 1631      7400
 1632              	.LASF81:
 1633 0289 63665F6F 		.ascii	"cf_off_time\000"
 1633      66665F74 
 1633      696D6500 
 1634              	.LASF49:
 1635 0295 725F7072 		.ascii	"r_prio\000"
 1635      696F00
 1636              	.LASF62:
 1637 029c 65776D61 		.ascii	"ewmask\000"
 1637      736B00
 1638              	.LASF24:
 1639 02a3 705F6E65 		.ascii	"p_next\000"
 1639      787400
 1640              	.LASF80:
 1641 02aa 63665F6F 		.ascii	"cf_off_preempt\000"
 1641      66665F70 
 1641      7265656D 
ARM GAS  /tmp/cc2l7aIf.s 			page 32


 1641      707400
 1642              	.LASF32:
 1643 02b9 705F666C 		.ascii	"p_flags\000"
 1643      61677300 
 1644              	.LASF23:
 1645 02c1 54687265 		.ascii	"Thread\000"
 1645      616400
 1646              	.LASF73:
 1647 02c8 63665F6F 		.ascii	"cf_off_newer\000"
 1647      66665F6E 
 1647      65776572 
 1647      00
 1648              	.LASF39:
 1649 02d5 705F6570 		.ascii	"p_epending\000"
 1649      656E6469 
 1649      6E6700
 1650              	.LASF10:
 1651 02e0 75696E74 		.ascii	"uint32_t\000"
 1651      33325F74 
 1651      00
 1652              	.LASF71:
 1653 02e9 63665F6F 		.ascii	"cf_off_prio\000"
 1653      66665F70 
 1653      72696F00 
 1654              	.LASF48:
 1655 02f5 725F7175 		.ascii	"r_queue\000"
 1655      65756500 
 1656              	.LASF87:
 1657 02fd 474E5520 		.ascii	"GNU C 4.6.1\000"
 1657      4320342E 
 1657      362E3100 
 1658              	.LASF63:
 1659 0309 63686172 		.ascii	"char\000"
 1659      00
 1660              	.LASF84:
 1661 030e 63685265 		.ascii	"chRegNextThread\000"
 1661      674E6578 
 1661      74546872 
 1661      65616400 
 1662              	.LASF58:
 1663 031e 6D5F6E65 		.ascii	"m_next\000"
 1663      787400
 1664              	.LASF22:
 1665 0325 73797374 		.ascii	"systime_t\000"
 1665      696D655F 
 1665      7400
 1666              	.LASF41:
 1667 032f 705F7265 		.ascii	"p_realprio\000"
 1667      616C7072 
 1667      696F00
 1668              	.LASF35:
 1669 033a 705F7469 		.ascii	"p_time\000"
 1669      6D6500
 1670              	.LASF46:
 1671 0341 696E7463 		.ascii	"intctx\000"
 1671      747800
 1672              	.LASF37:
ARM GAS  /tmp/cc2l7aIf.s 			page 33


 1673 0348 705F6D73 		.ascii	"p_msgqueue\000"
 1673      67717565 
 1673      756500
 1674              	.LASF88:
 1675 0353 2E2E2F2E 		.ascii	"../../os/kernel/src/chregistry.c\000"
 1675      2E2F6F73 
 1675      2F6B6572 
 1675      6E656C2F 
 1675      7372632F 
 1676              	.LASF72:
 1677 0374 63665F6F 		.ascii	"cf_off_ctx\000"
 1677      66665F63 
 1677      747800
 1678              	.LASF33:
 1679 037f 705F7265 		.ascii	"p_refs\000"
 1679      667300
 1680              	.LASF54:
 1681 0386 52656164 		.ascii	"ReadyList\000"
 1681      794C6973 
 1681      7400
 1682              	.LASF85:
 1683 0390 726C6973 		.ascii	"rlist\000"
 1683      7400
 1684              	.LASF3:
 1685 0396 75696E74 		.ascii	"uint8_t\000"
 1685      385F7400 
 1686              	.LASF61:
 1687 039e 77746F62 		.ascii	"wtobjp\000"
 1687      6A7000
 1688              	.LASF30:
 1689 03a5 705F6E61 		.ascii	"p_name\000"
 1689      6D6500
 1690              	.LASF67:
 1691 03ac 63685F76 		.ascii	"ch_version\000"
 1691      65727369 
 1691      6F6E00
 1692              	.LASF57:
 1693 03b7 6D5F6F77 		.ascii	"m_owner\000"
 1693      6E657200 
 1694              	.LASF27:
 1695 03bf 705F6374 		.ascii	"p_ctx\000"
 1695      7800
 1696              	.LASF36:
 1697 03c5 705F7761 		.ascii	"p_waiting\000"
 1697      6974696E 
 1697      6700
 1698              		.ident	"GCC: (Sourcery CodeBench Lite 2011.09-69) 4.6.1"
ARM GAS  /tmp/cc2l7aIf.s 			page 34


DEFINED SYMBOLS
                            *ABS*:00000000 chregistry.c
     /tmp/cc2l7aIf.s:19     .text.chRegFirstThread:00000000 $t
     /tmp/cc2l7aIf.s:25     .text.chRegFirstThread:00000000 chRegFirstThread
     /tmp/cc2l7aIf.s:72     .text.chRegNextThread:00000000 $t
     /tmp/cc2l7aIf.s:78     .text.chRegNextThread:00000000 chRegNextThread
     /tmp/cc2l7aIf.s:147    .rodata.ch_debug:00000000 ch_debug
     /tmp/cc2l7aIf.s:144    .rodata.ch_debug:00000000 $d
                     .debug_frame:00000010 $d

UNDEFINED SYMBOLS
rlist
chThdRelease
