ARM GAS  /tmp/ccAabWNY.s 			page 1


   1              		.syntax unified
   2              		.cpu cortex-m4
   3              		.fpu softvfp
   4              		.eabi_attribute 20, 1
   5              		.eabi_attribute 21, 1
   6              		.eabi_attribute 23, 3
   7              		.eabi_attribute 24, 1
   8              		.eabi_attribute 25, 1
   9              		.eabi_attribute 26, 1
  10              		.eabi_attribute 30, 2
  11              		.eabi_attribute 34, 1
  12              		.eabi_attribute 18, 4
  13              		.thumb
  14              		.file	"hal_lld.c"
  15              		.text
  16              	.Ltext0:
  17              		.cfi_sections	.debug_frame
  18              		.section	.text.hal_lld_init,"ax",%progbits
  19              		.align	2
  20              		.p2align 4,,15
  21              		.global	hal_lld_init
  22              		.thumb
  23              		.thumb_func
  24              		.type	hal_lld_init, %function
  25              	hal_lld_init:
  26              	.LFB119:
  27              		.file 1 "../../os/hal/platforms/STM32F4xx/hal_lld.c"
  28              		.loc 1 111 0
  29              		.cfi_startproc
  30              		@ args = 0, pretend = 0, frame = 0
  31              		@ frame_needed = 0, uses_anonymous_args = 0
  32              		@ link register save eliminated.
  33              		.loc 1 115 0
  34 0000 4FF4605C 		mov	ip, #14336
  35 0004 C4F2020C 		movt	ip, 16386
  36              		.loc 1 111 0
  37 0008 70B4     		push	{r4, r5, r6}
  38              	.LCFI0:
  39              		.cfi_def_cfa_offset 12
  40              		.cfi_offset 6, -4
  41              		.cfi_offset 5, -8
  42              		.cfi_offset 4, -12
  43              		.loc 1 115 0
  44 000a 0022     		movs	r2, #0
  45 000c 4FF0FF34 		mov	r4, #-1
  46 0010 DCF81010 		ldr	r1, [ip, #16]
  47 0014 CCF81040 		str	r4, [ip, #16]
  48 0018 CCF81020 		str	r2, [ip, #16]
  49              		.loc 1 116 0
  50 001c DCF81410 		ldr	r1, [ip, #20]
  51 0020 CCF81440 		str	r4, [ip, #20]
  52 0024 CCF81420 		str	r2, [ip, #20]
  53              		.loc 1 117 0
  54 0028 DCF82050 		ldr	r5, [ip, #32]
  55              		.loc 1 121 0
  56 002c 4EF21001 		movw	r1, #57360
  57 0030 CEF20001 		movt	r1, 57344
ARM GAS  /tmp/ccAabWNY.s 			page 2


  58              		.loc 1 117 0
  59 0034 65F08056 		orn	r6, r5, #268435456
  60              		.loc 1 128 0
  61 0038 4EF6F050 		movw	r0, #60912
  62              		.loc 1 121 0
  63 003c 49F23F05 		movw	r5, #36927
  64              		.loc 1 117 0
  65 0040 CCF82060 		str	r6, [ip, #32]
  66              		.loc 1 128 0
  67 0044 CEF20000 		movt	r0, 57344
  68              		.loc 1 117 0
  69 0048 CCF82020 		str	r2, [ip, #32]
  70              		.loc 1 123 0
  71 004c 0723     		movs	r3, #7
  72              		.loc 1 121 0
  73 004e C0F20205 		movt	r5, 2
  74              		.loc 1 118 0
  75 0052 DCF82460 		ldr	r6, [ip, #36]
  76 0056 CCF82440 		str	r4, [ip, #36]
  77 005a CCF82420 		str	r2, [ip, #36]
  78              		.loc 1 121 0
  79 005e 4D60     		str	r5, [r1, #4]
  80              		.loc 1 122 0
  81 0060 8A60     		str	r2, [r1, #8]
  82              		.loc 1 123 0
  83 0062 0B60     		str	r3, [r1, #0]
  84              		.loc 1 128 0
  85 0064 C468     		ldr	r4, [r0, #12]
  86              		.loc 1 129 0
  87 0066 4FF48051 		mov	r1, #4096
  88 006a CEF20001 		movt	r1, 57344
  89              		.loc 1 128 0
  90 006e 44F08074 		orr	r4, r4, #16777216
  91 0072 C460     		str	r4, [r0, #12]
  92              		.loc 1 129 0
  93 0074 0B68     		ldr	r3, [r1, #0]
  94 0076 43F00100 		orr	r0, r3, #1
  95 007a 0860     		str	r0, [r1, #0]
  96              		.loc 1 132 0
  97 007c DCF84030 		ldr	r3, [ip, #64]
  98              	.LBB4:
  99              	.LBB5:
 100              		.loc 1 54 0
 101 0080 4FF4E041 		mov	r1, #28672
 102 0084 C4F20001 		movt	r1, 16384
 103              	.LBE5:
 104              	.LBE4:
 105              		.loc 1 132 0
 106 0088 43F08050 		orr	r0, r3, #268435456
 107 008c CCF84000 		str	r0, [ip, #64]
 108              	.LBB7:
 109              	.LBB6:
 110              		.loc 1 54 0
 111 0090 0B68     		ldr	r3, [r1, #0]
 112 0092 43F48070 		orr	r0, r3, #256
 113 0096 0860     		str	r0, [r1, #0]
 114              		.loc 1 57 0
ARM GAS  /tmp/ccAabWNY.s 			page 3


 115 0098 DCF87030 		ldr	r3, [ip, #112]
 116 009c 03F44071 		and	r1, r3, #768
 117 00a0 B1F5007F 		cmp	r1, #512
 118              		.loc 1 94 0
 119 00a4 4FF4E043 		mov	r3, #28672
 120 00a8 C4F20003 		movt	r3, 16384
 121              		.loc 1 59 0
 122 00ac 1EBF     		ittt	ne
 123 00ae 4FF48031 		movne	r1, #65536
 124 00b2 CCF87010 		strne	r1, [ip, #112]
 125              		.loc 1 60 0
 126 00b6 CCF87020 		strne	r2, [ip, #112]
 127              		.loc 1 94 0
 128 00ba 5868     		ldr	r0, [r3, #4]
 129 00bc 20F40072 		bic	r2, r0, #512
 130 00c0 5A60     		str	r2, [r3, #4]
 131              	.LBE6:
 132              	.LBE7:
 133              		.loc 1 145 0
 134 00c2 70BC     		pop	{r4, r5, r6}
 135              		.loc 1 138 0
 136 00c4 FFF7FEBF 		b	dmaInit
 137              		.cfi_endproc
 138              	.LFE119:
 139              		.size	hal_lld_init, .-hal_lld_init
 140 00c8 AFF30080 		.section	.text.stm32_clock_init,"ax",%progbits
 140      AFF30080 
 141              		.align	2
 142              		.p2align 4,,15
 143              		.global	stm32_clock_init
 144              		.thumb
 145              		.thumb_func
 146              		.type	stm32_clock_init, %function
 147              	stm32_clock_init:
 148              	.LFB120:
 149              		.loc 1 154 0
 150              		.cfi_startproc
 151              		@ args = 0, pretend = 0, frame = 0
 152              		@ frame_needed = 0, uses_anonymous_args = 0
 153              		@ link register save eliminated.
 154              		.loc 1 158 0
 155 0000 4FF46051 		mov	r1, #14336
 156              		.loc 1 162 0
 157 0004 4FF4E04C 		mov	ip, #28672
 158              		.loc 1 158 0
 159 0008 C4F20201 		movt	r1, 16386
 160              		.loc 1 162 0
 161 000c C4F2000C 		movt	ip, 16384
 162              		.loc 1 158 0
 163 0010 4FF08053 		mov	r3, #268435456
 164              		.loc 1 162 0
 165 0014 4FF44042 		mov	r2, #49152
 166              		.loc 1 158 0
 167 0018 0B64     		str	r3, [r1, #64]
 168              		.loc 1 162 0
 169 001a CCF80020 		str	r2, [ip, #0]
 170              		.loc 1 169 0
ARM GAS  /tmp/ccAabWNY.s 			page 4


 171 001e 0868     		ldr	r0, [r1, #0]
 172 0020 40F00103 		orr	r3, r0, #1
 173 0024 0B60     		str	r3, [r1, #0]
 174              	.L4:
 175              		.loc 1 170 0 discriminator 1
 176 0026 0868     		ldr	r0, [r1, #0]
 177 0028 4FF46053 		mov	r3, #14336
 178 002c 8007     		lsls	r0, r0, #30
 179 002e C4F20203 		movt	r3, 16386
 180 0032 F8D5     		bpl	.L4
 181              		.loc 1 176 0
 182 0034 9868     		ldr	r0, [r3, #8]
 183 0036 20F00301 		bic	r1, r0, #3
 184 003a 9960     		str	r1, [r3, #8]
 185              		.loc 1 177 0
 186 003c 9A68     		ldr	r2, [r3, #8]
 187              		.loc 1 178 0
 188 003e 1946     		mov	r1, r3
 189              		.loc 1 177 0
 190 0040 9A60     		str	r2, [r3, #8]
 191              	.L5:
 192              		.loc 1 178 0 discriminator 1
 193 0042 8B68     		ldr	r3, [r1, #8]
 194 0044 4FF46052 		mov	r2, #14336
 195 0048 13F00C03 		ands	r3, r3, #12
 196 004c C4F20202 		movt	r2, 16386
 197 0050 F7D1     		bne	.L5
 198              		.loc 1 182 0
 199 0052 1068     		ldr	r0, [r2, #0]
 200 0054 00F0F901 		and	r1, r0, #249
 201 0058 1160     		str	r1, [r2, #0]
 202              		.loc 1 183 0
 203 005a 9360     		str	r3, [r2, #8]
 204              		.loc 1 192 0
 205 005c 1068     		ldr	r0, [r2, #0]
 206 005e 40F48031 		orr	r1, r0, #65536
 207 0062 1160     		str	r1, [r2, #0]
 208              	.L6:
 209              		.loc 1 194 0 discriminator 1
 210 0064 1168     		ldr	r1, [r2, #0]
 211 0066 4FF46053 		mov	r3, #14336
 212 006a 8903     		lsls	r1, r1, #14
 213 006c C4F20203 		movt	r3, 16386
 214 0070 F8D5     		bpl	.L6
 215              		.loc 1 200 0
 216 0072 586F     		ldr	r0, [r3, #116]
 217 0074 40F00102 		orr	r2, r0, #1
 218 0078 5A67     		str	r2, [r3, #116]
 219              		.loc 1 201 0
 220 007a 1946     		mov	r1, r3
 221              	.L7:
 222              		.loc 1 201 0 is_stmt 0 discriminator 1
 223 007c 4A6F     		ldr	r2, [r1, #116]
 224 007e 4FF46053 		mov	r3, #14336
 225 0082 9007     		lsls	r0, r2, #30
 226 0084 C4F20203 		movt	r3, 16386
 227 0088 F8D5     		bpl	.L7
ARM GAS  /tmp/ccAabWNY.s 			page 5


 228              		.loc 1 207 0 is_stmt 1
 229 008a 45F20842 		movw	r2, #21512
 230 008e C0F24072 		movt	r2, 1856
 231 0092 5A60     		str	r2, [r3, #4]
 232              		.loc 1 209 0
 233 0094 1868     		ldr	r0, [r3, #0]
 234              		.loc 1 213 0
 235 0096 4FF4E042 		mov	r2, #28672
 236              		.loc 1 209 0
 237 009a 40F08071 		orr	r1, r0, #16777216
 238 009e 1960     		str	r1, [r3, #0]
 239              		.loc 1 213 0
 240 00a0 C4F20002 		movt	r2, 16384
 241              	.L8:
 242              		.loc 1 213 0 is_stmt 0 discriminator 1
 243 00a4 5368     		ldr	r3, [r2, #4]
 244 00a6 5904     		lsls	r1, r3, #17
 245 00a8 FCD5     		bpl	.L8
 246              		.loc 1 229 0 is_stmt 1 discriminator 1
 247 00aa 4FF46051 		mov	r1, #14336
 248 00ae C4F20201 		movt	r1, 16386
 249              	.L11:
 250 00b2 0868     		ldr	r0, [r1, #0]
 251 00b4 4FF46053 		mov	r3, #14336
 252 00b8 8201     		lsls	r2, r0, #6
 253 00ba C4F20203 		movt	r3, 16386
 254 00be F8D5     		bpl	.L11
 255              		.loc 1 257 0
 256 00c0 4FF4705C 		mov	ip, #15360
 257              		.loc 1 244 0
 258 00c4 4FF41441 		mov	r1, #37888
 259              		.loc 1 257 0
 260 00c8 C4F2020C 		movt	ip, 16386
 261              		.loc 1 244 0
 262 00cc C3F60801 		movt	r1, 14344
 263              		.loc 1 257 0
 264 00d0 40F20570 		movw	r0, #1797
 265              		.loc 1 244 0
 266 00d4 9960     		str	r1, [r3, #8]
 267              		.loc 1 257 0
 268 00d6 CCF80000 		str	r0, [ip, #0]
 269              		.loc 1 263 0
 270 00da 9A68     		ldr	r2, [r3, #8]
 271 00dc 42F00201 		orr	r1, r2, #2
 272 00e0 9960     		str	r1, [r3, #8]
 273              		.loc 1 264 0
 274 00e2 1946     		mov	r1, r3
 275              	.L10:
 276              		.loc 1 264 0 is_stmt 0 discriminator 1
 277 00e4 8868     		ldr	r0, [r1, #8]
 278 00e6 00F00C02 		and	r2, r0, #12
 279 00ea 4FF46053 		mov	r3, #14336
 280 00ee 082A     		cmp	r2, #8
 281 00f0 C4F20203 		movt	r3, 16386
 282 00f4 F6D1     		bne	.L10
 283              		.loc 1 271 0 is_stmt 1
 284 00f6 596C     		ldr	r1, [r3, #68]
ARM GAS  /tmp/ccAabWNY.s 			page 6


 285 00f8 41F48040 		orr	r0, r1, #16384
 286 00fc 5864     		str	r0, [r3, #68]
 287 00fe 5A6E     		ldr	r2, [r3, #100]
 288 0100 42F48041 		orr	r1, r2, #16384
 289 0104 5966     		str	r1, [r3, #100]
 290              		.loc 1 272 0
 291 0106 7047     		bx	lr
 292              		.cfi_endproc
 293              	.LFE120:
 294              		.size	stm32_clock_init, .-stm32_clock_init
 295 0108 AFF30080 		.text
 295      AFF30080 
 296              	.Letext0:
 297              		.file 2 "/home/lithium/Documents/arm-2011q3/bin/../lib/gcc/arm-none-eabi/4.6.1/../../../../arm-non
 298              		.file 3 "../../os/ports/common/ARMCMx/nvic.h"
 299              		.file 4 "../../os/ports/common/ARMCMx/CMSIS/include/core_cm4.h"
 300              		.file 5 "../../os/hal/platforms/STM32F4xx/stm32f4xx.h"
 301              		.section	.debug_info,"",%progbits
 302              	.Ldebug_info0:
 303 0000 EB040000 		.4byte	0x4eb
 304 0004 0200     		.2byte	0x2
 305 0006 00000000 		.4byte	.Ldebug_abbrev0
 306 000a 04       		.byte	0x4
 307 000b 01       		.uleb128 0x1
 308 000c E5010000 		.4byte	.LASF67
 309 0010 01       		.byte	0x1
 310 0011 58020000 		.4byte	.LASF68
 311 0015 D7020000 		.4byte	.LASF69
 312 0019 00000000 		.4byte	0
 313 001d 00000000 		.4byte	0
 314 0021 18000000 		.4byte	.Ldebug_ranges0+0x18
 315 0025 00000000 		.4byte	.Ldebug_line0
 316 0029 02       		.uleb128 0x2
 317 002a 04       		.byte	0x4
 318 002b 05       		.byte	0x5
 319 002c 696E7400 		.ascii	"int\000"
 320 0030 03       		.uleb128 0x3
 321 0031 04       		.byte	0x4
 322 0032 07       		.byte	0x7
 323 0033 69010000 		.4byte	.LASF0
 324 0037 03       		.uleb128 0x3
 325 0038 01       		.byte	0x1
 326 0039 06       		.byte	0x6
 327 003a 3D010000 		.4byte	.LASF1
 328 003e 03       		.uleb128 0x3
 329 003f 01       		.byte	0x1
 330 0040 08       		.byte	0x8
 331 0041 27010000 		.4byte	.LASF2
 332 0045 03       		.uleb128 0x3
 333 0046 02       		.byte	0x2
 334 0047 05       		.byte	0x5
 335 0048 21000000 		.4byte	.LASF3
 336 004c 03       		.uleb128 0x3
 337 004d 02       		.byte	0x2
 338 004e 07       		.byte	0x7
 339 004f B3010000 		.4byte	.LASF4
 340 0053 04       		.uleb128 0x4
ARM GAS  /tmp/ccAabWNY.s 			page 7


 341 0054 DD010000 		.4byte	.LASF6
 342 0058 02       		.byte	0x2
 343 0059 4F       		.byte	0x4f
 344 005a 5E000000 		.4byte	0x5e
 345 005e 03       		.uleb128 0x3
 346 005f 04       		.byte	0x4
 347 0060 05       		.byte	0x5
 348 0061 E5000000 		.4byte	.LASF5
 349 0065 04       		.uleb128 0x4
 350 0066 60010000 		.4byte	.LASF7
 351 006a 02       		.byte	0x2
 352 006b 50       		.byte	0x50
 353 006c 70000000 		.4byte	0x70
 354 0070 03       		.uleb128 0x3
 355 0071 04       		.byte	0x4
 356 0072 07       		.byte	0x7
 357 0073 7F010000 		.4byte	.LASF8
 358 0077 03       		.uleb128 0x3
 359 0078 08       		.byte	0x8
 360 0079 05       		.byte	0x5
 361 007a C4000000 		.4byte	.LASF9
 362 007e 03       		.uleb128 0x3
 363 007f 08       		.byte	0x8
 364 0080 07       		.byte	0x7
 365 0081 49010000 		.4byte	.LASF10
 366 0085 03       		.uleb128 0x3
 367 0086 01       		.byte	0x1
 368 0087 02       		.byte	0x2
 369 0088 F1010000 		.4byte	.LASF11
 370 008c 05       		.uleb128 0x5
 371 008d 65000000 		.4byte	0x65
 372 0091 05       		.uleb128 0x5
 373 0092 70000000 		.4byte	0x70
 374 0096 06       		.uleb128 0x6
 375 0097 10       		.byte	0x10
 376 0098 03       		.byte	0x3
 377 0099 F1       		.byte	0xf1
 378 009a D7000000 		.4byte	0xd7
 379 009e 07       		.uleb128 0x7
 380 009f DF000000 		.4byte	.LASF12
 381 00a3 03       		.byte	0x3
 382 00a4 F2       		.byte	0xf2
 383 00a5 91000000 		.4byte	0x91
 384 00a9 02       		.byte	0x2
 385 00aa 23       		.byte	0x23
 386 00ab 00       		.uleb128 0
 387 00ac 07       		.uleb128 0x7
 388 00ad 85000000 		.4byte	.LASF13
 389 00b1 03       		.byte	0x3
 390 00b2 F3       		.byte	0xf3
 391 00b3 91000000 		.4byte	0x91
 392 00b7 02       		.byte	0x2
 393 00b8 23       		.byte	0x23
 394 00b9 04       		.uleb128 0x4
 395 00ba 07       		.uleb128 0x7
 396 00bb A6000000 		.4byte	.LASF14
 397 00bf 03       		.byte	0x3
ARM GAS  /tmp/ccAabWNY.s 			page 8


 398 00c0 F4       		.byte	0xf4
 399 00c1 91000000 		.4byte	0x91
 400 00c5 02       		.byte	0x2
 401 00c6 23       		.byte	0x23
 402 00c7 08       		.uleb128 0x8
 403 00c8 07       		.uleb128 0x7
 404 00c9 1B000000 		.4byte	.LASF15
 405 00cd 03       		.byte	0x3
 406 00ce F5       		.byte	0xf5
 407 00cf 91000000 		.4byte	0x91
 408 00d3 02       		.byte	0x2
 409 00d4 23       		.byte	0x23
 410 00d5 0C       		.uleb128 0xc
 411 00d6 00       		.byte	0
 412 00d7 04       		.uleb128 0x4
 413 00d8 D5010000 		.4byte	.LASF16
 414 00dc 03       		.byte	0x3
 415 00dd F6       		.byte	0xf6
 416 00de 96000000 		.4byte	0x96
 417 00e2 08       		.uleb128 0x8
 418 00e3 20       		.byte	0x20
 419 00e4 03       		.byte	0x3
 420 00e5 0601     		.2byte	0x106
 421 00e7 64010000 		.4byte	0x164
 422 00eb 09       		.uleb128 0x9
 423 00ec 62000000 		.4byte	.LASF17
 424 00f0 03       		.byte	0x3
 425 00f1 0701     		.2byte	0x107
 426 00f3 91000000 		.4byte	0x91
 427 00f7 02       		.byte	0x2
 428 00f8 23       		.byte	0x23
 429 00f9 00       		.uleb128 0
 430 00fa 09       		.uleb128 0x9
 431 00fb D2000000 		.4byte	.LASF18
 432 00ff 03       		.byte	0x3
 433 0100 0801     		.2byte	0x108
 434 0102 91000000 		.4byte	0x91
 435 0106 02       		.byte	0x2
 436 0107 23       		.byte	0x23
 437 0108 04       		.uleb128 0x4
 438 0109 09       		.uleb128 0x9
 439 010a 76000000 		.4byte	.LASF19
 440 010e 03       		.byte	0x3
 441 010f 0901     		.2byte	0x109
 442 0111 91000000 		.4byte	0x91
 443 0115 02       		.byte	0x2
 444 0116 23       		.byte	0x23
 445 0117 08       		.uleb128 0x8
 446 0118 09       		.uleb128 0x9
 447 0119 20010000 		.4byte	.LASF20
 448 011d 03       		.byte	0x3
 449 011e 0A01     		.2byte	0x10a
 450 0120 91000000 		.4byte	0x91
 451 0124 02       		.byte	0x2
 452 0125 23       		.byte	0x23
 453 0126 0C       		.uleb128 0xc
 454 0127 09       		.uleb128 0x9
ARM GAS  /tmp/ccAabWNY.s 			page 9


 455 0128 4F020000 		.4byte	.LASF21
 456 012c 03       		.byte	0x3
 457 012d 0B01     		.2byte	0x10b
 458 012f 91000000 		.4byte	0x91
 459 0133 02       		.byte	0x2
 460 0134 23       		.byte	0x23
 461 0135 10       		.uleb128 0x10
 462 0136 09       		.uleb128 0x9
 463 0137 83020000 		.4byte	.LASF22
 464 013b 03       		.byte	0x3
 465 013c 0C01     		.2byte	0x10c
 466 013e 91000000 		.4byte	0x91
 467 0142 02       		.byte	0x2
 468 0143 23       		.byte	0x23
 469 0144 14       		.uleb128 0x14
 470 0145 09       		.uleb128 0x9
 471 0146 35000000 		.4byte	.LASF23
 472 014a 03       		.byte	0x3
 473 014b 0D01     		.2byte	0x10d
 474 014d 91000000 		.4byte	0x91
 475 0151 02       		.byte	0x2
 476 0152 23       		.byte	0x23
 477 0153 18       		.uleb128 0x18
 478 0154 09       		.uleb128 0x9
 479 0155 30000000 		.4byte	.LASF24
 480 0159 03       		.byte	0x3
 481 015a 0E01     		.2byte	0x10e
 482 015c 91000000 		.4byte	0x91
 483 0160 02       		.byte	0x2
 484 0161 23       		.byte	0x23
 485 0162 1C       		.uleb128 0x1c
 486 0163 00       		.byte	0
 487 0164 0A       		.uleb128 0xa
 488 0165 01020000 		.4byte	.LASF25
 489 0169 03       		.byte	0x3
 490 016a 0F01     		.2byte	0x10f
 491 016c E2000000 		.4byte	0xe2
 492 0170 03       		.uleb128 0x3
 493 0171 01       		.byte	0x1
 494 0172 08       		.byte	0x8
 495 0173 D0010000 		.4byte	.LASF26
 496 0177 0B       		.uleb128 0xb
 497 0178 8C000000 		.4byte	0x8c
 498 017c 0C       		.uleb128 0xc
 499 017d 65000000 		.4byte	0x65
 500 0181 8C010000 		.4byte	0x18c
 501 0185 0D       		.uleb128 0xd
 502 0186 30000000 		.4byte	0x30
 503 018a 01       		.byte	0x1
 504 018b 00       		.byte	0
 505 018c 08       		.uleb128 0x8
 506 018d 10       		.byte	0x10
 507 018e 04       		.byte	0x4
 508 018f 6002     		.2byte	0x260
 509 0191 D2010000 		.4byte	0x1d2
 510 0195 09       		.uleb128 0x9
 511 0196 62000000 		.4byte	.LASF17
ARM GAS  /tmp/ccAabWNY.s 			page 10


 512 019a 04       		.byte	0x4
 513 019b 6202     		.2byte	0x262
 514 019d 8C000000 		.4byte	0x8c
 515 01a1 02       		.byte	0x2
 516 01a2 23       		.byte	0x23
 517 01a3 00       		.uleb128 0
 518 01a4 09       		.uleb128 0x9
 519 01a5 8A020000 		.4byte	.LASF27
 520 01a9 04       		.byte	0x4
 521 01aa 6302     		.2byte	0x263
 522 01ac 8C000000 		.4byte	0x8c
 523 01b0 02       		.byte	0x2
 524 01b1 23       		.byte	0x23
 525 01b2 04       		.uleb128 0x4
 526 01b3 0E       		.uleb128 0xe
 527 01b4 56414C00 		.ascii	"VAL\000"
 528 01b8 04       		.byte	0x4
 529 01b9 6402     		.2byte	0x264
 530 01bb 8C000000 		.4byte	0x8c
 531 01bf 02       		.byte	0x2
 532 01c0 23       		.byte	0x23
 533 01c1 08       		.uleb128 0x8
 534 01c2 09       		.uleb128 0x9
 535 01c3 D9000000 		.4byte	.LASF28
 536 01c7 04       		.byte	0x4
 537 01c8 6502     		.2byte	0x265
 538 01ca 77010000 		.4byte	0x177
 539 01ce 02       		.byte	0x2
 540 01cf 23       		.byte	0x23
 541 01d0 0C       		.uleb128 0xc
 542 01d1 00       		.byte	0
 543 01d2 0A       		.uleb128 0xa
 544 01d3 A6010000 		.4byte	.LASF29
 545 01d7 04       		.byte	0x4
 546 01d8 6602     		.2byte	0x266
 547 01da 8C010000 		.4byte	0x18c
 548 01de 05       		.uleb128 0x5
 549 01df 53000000 		.4byte	0x53
 550 01e3 08       		.uleb128 0x8
 551 01e4 1C       		.byte	0x1c
 552 01e5 05       		.byte	0x5
 553 01e6 3E03     		.2byte	0x33e
 554 01e8 54020000 		.4byte	0x254
 555 01ec 0E       		.uleb128 0xe
 556 01ed 41435200 		.ascii	"ACR\000"
 557 01f1 05       		.byte	0x5
 558 01f2 4003     		.2byte	0x340
 559 01f4 8C000000 		.4byte	0x8c
 560 01f8 02       		.byte	0x2
 561 01f9 23       		.byte	0x23
 562 01fa 00       		.uleb128 0
 563 01fb 09       		.uleb128 0x9
 564 01fc 1B010000 		.4byte	.LASF30
 565 0200 05       		.byte	0x5
 566 0201 4103     		.2byte	0x341
 567 0203 8C000000 		.4byte	0x8c
 568 0207 02       		.byte	0x2
ARM GAS  /tmp/ccAabWNY.s 			page 11


 569 0208 23       		.byte	0x23
 570 0209 04       		.uleb128 0x4
 571 020a 09       		.uleb128 0x9
 572 020b BC000000 		.4byte	.LASF31
 573 020f 05       		.byte	0x5
 574 0210 4203     		.2byte	0x342
 575 0212 8C000000 		.4byte	0x8c
 576 0216 02       		.byte	0x2
 577 0217 23       		.byte	0x23
 578 0218 08       		.uleb128 0x8
 579 0219 0E       		.uleb128 0xe
 580 021a 535200   		.ascii	"SR\000"
 581 021d 05       		.byte	0x5
 582 021e 4303     		.2byte	0x343
 583 0220 8C000000 		.4byte	0x8c
 584 0224 02       		.byte	0x2
 585 0225 23       		.byte	0x23
 586 0226 0C       		.uleb128 0xc
 587 0227 0E       		.uleb128 0xe
 588 0228 435200   		.ascii	"CR\000"
 589 022b 05       		.byte	0x5
 590 022c 4403     		.2byte	0x344
 591 022e 8C000000 		.4byte	0x8c
 592 0232 02       		.byte	0x2
 593 0233 23       		.byte	0x23
 594 0234 10       		.uleb128 0x10
 595 0235 09       		.uleb128 0x9
 596 0236 D1020000 		.4byte	.LASF32
 597 023a 05       		.byte	0x5
 598 023b 4503     		.2byte	0x345
 599 023d 8C000000 		.4byte	0x8c
 600 0241 02       		.byte	0x2
 601 0242 23       		.byte	0x23
 602 0243 14       		.uleb128 0x14
 603 0244 09       		.uleb128 0x9
 604 0245 14010000 		.4byte	.LASF33
 605 0249 05       		.byte	0x5
 606 024a 4603     		.2byte	0x346
 607 024c 8C000000 		.4byte	0x8c
 608 0250 02       		.byte	0x2
 609 0251 23       		.byte	0x23
 610 0252 18       		.uleb128 0x18
 611 0253 00       		.byte	0
 612 0254 0A       		.uleb128 0xa
 613 0255 A1020000 		.4byte	.LASF34
 614 0259 05       		.byte	0x5
 615 025a 4703     		.2byte	0x347
 616 025c E3010000 		.4byte	0x1e3
 617 0260 08       		.uleb128 0x8
 618 0261 08       		.byte	0x8
 619 0262 05       		.byte	0x5
 620 0263 4E04     		.2byte	0x44e
 621 0265 87020000 		.4byte	0x287
 622 0269 0E       		.uleb128 0xe
 623 026a 435200   		.ascii	"CR\000"
 624 026d 05       		.byte	0x5
 625 026e 5004     		.2byte	0x450
ARM GAS  /tmp/ccAabWNY.s 			page 12


 626 0270 8C000000 		.4byte	0x8c
 627 0274 02       		.byte	0x2
 628 0275 23       		.byte	0x23
 629 0276 00       		.uleb128 0
 630 0277 0E       		.uleb128 0xe
 631 0278 43535200 		.ascii	"CSR\000"
 632 027c 05       		.byte	0x5
 633 027d 5104     		.2byte	0x451
 634 027f 8C000000 		.4byte	0x8c
 635 0283 02       		.byte	0x2
 636 0284 23       		.byte	0x23
 637 0285 04       		.uleb128 0x4
 638 0286 00       		.byte	0
 639 0287 0A       		.uleb128 0xa
 640 0288 48000000 		.4byte	.LASF35
 641 028c 05       		.byte	0x5
 642 028d 5204     		.2byte	0x452
 643 028f 60020000 		.4byte	0x260
 644 0293 08       		.uleb128 0x8
 645 0294 90       		.byte	0x90
 646 0295 05       		.byte	0x5
 647 0296 5804     		.2byte	0x458
 648 0298 80040000 		.4byte	0x480
 649 029c 0E       		.uleb128 0xe
 650 029d 435200   		.ascii	"CR\000"
 651 02a0 05       		.byte	0x5
 652 02a1 5A04     		.2byte	0x45a
 653 02a3 8C000000 		.4byte	0x8c
 654 02a7 02       		.byte	0x2
 655 02a8 23       		.byte	0x23
 656 02a9 00       		.uleb128 0
 657 02aa 09       		.uleb128 0x9
 658 02ab 9E010000 		.4byte	.LASF36
 659 02af 05       		.byte	0x5
 660 02b0 5B04     		.2byte	0x45b
 661 02b2 8C000000 		.4byte	0x8c
 662 02b6 02       		.byte	0x2
 663 02b7 23       		.byte	0x23
 664 02b8 04       		.uleb128 0x4
 665 02b9 09       		.uleb128 0x9
 666 02ba 71000000 		.4byte	.LASF37
 667 02be 05       		.byte	0x5
 668 02bf 5C04     		.2byte	0x45c
 669 02c1 8C000000 		.4byte	0x8c
 670 02c5 02       		.byte	0x2
 671 02c6 23       		.byte	0x23
 672 02c7 08       		.uleb128 0x8
 673 02c8 0E       		.uleb128 0xe
 674 02c9 43495200 		.ascii	"CIR\000"
 675 02cd 05       		.byte	0x5
 676 02ce 5D04     		.2byte	0x45d
 677 02d0 8C000000 		.4byte	0x8c
 678 02d4 02       		.byte	0x2
 679 02d5 23       		.byte	0x23
 680 02d6 0C       		.uleb128 0xc
 681 02d7 09       		.uleb128 0x9
 682 02d8 8F020000 		.4byte	.LASF38
ARM GAS  /tmp/ccAabWNY.s 			page 13


 683 02dc 05       		.byte	0x5
 684 02dd 5E04     		.2byte	0x45e
 685 02df 8C000000 		.4byte	0x8c
 686 02e3 02       		.byte	0x2
 687 02e4 23       		.byte	0x23
 688 02e5 10       		.uleb128 0x10
 689 02e6 09       		.uleb128 0x9
 690 02e7 76010000 		.4byte	.LASF39
 691 02eb 05       		.byte	0x5
 692 02ec 5F04     		.2byte	0x45f
 693 02ee 8C000000 		.4byte	0x8c
 694 02f2 02       		.byte	0x2
 695 02f3 23       		.byte	0x23
 696 02f4 14       		.uleb128 0x14
 697 02f5 09       		.uleb128 0x9
 698 02f6 98020000 		.4byte	.LASF40
 699 02fa 05       		.byte	0x5
 700 02fb 6004     		.2byte	0x460
 701 02fd 8C000000 		.4byte	0x8c
 702 0301 02       		.byte	0x2
 703 0302 23       		.byte	0x23
 704 0303 18       		.uleb128 0x18
 705 0304 09       		.uleb128 0x9
 706 0305 09020000 		.4byte	.LASF41
 707 0309 05       		.byte	0x5
 708 030a 6104     		.2byte	0x461
 709 030c 65000000 		.4byte	0x65
 710 0310 02       		.byte	0x2
 711 0311 23       		.byte	0x23
 712 0312 1C       		.uleb128 0x1c
 713 0313 09       		.uleb128 0x9
 714 0314 0A000000 		.4byte	.LASF42
 715 0318 05       		.byte	0x5
 716 0319 6204     		.2byte	0x462
 717 031b 8C000000 		.4byte	0x8c
 718 031f 02       		.byte	0x2
 719 0320 23       		.byte	0x23
 720 0321 20       		.uleb128 0x20
 721 0322 09       		.uleb128 0x9
 722 0323 FA000000 		.4byte	.LASF43
 723 0327 05       		.byte	0x5
 724 0328 6304     		.2byte	0x463
 725 032a 8C000000 		.4byte	0x8c
 726 032e 02       		.byte	0x2
 727 032f 23       		.byte	0x23
 728 0330 24       		.uleb128 0x24
 729 0331 09       		.uleb128 0x9
 730 0332 13020000 		.4byte	.LASF44
 731 0336 05       		.byte	0x5
 732 0337 6404     		.2byte	0x464
 733 0339 7C010000 		.4byte	0x17c
 734 033d 02       		.byte	0x2
 735 033e 23       		.byte	0x23
 736 033f 28       		.uleb128 0x28
 737 0340 09       		.uleb128 0x9
 738 0341 54000000 		.4byte	.LASF45
 739 0345 05       		.byte	0x5
ARM GAS  /tmp/ccAabWNY.s 			page 14


 740 0346 6504     		.2byte	0x465
 741 0348 8C000000 		.4byte	0x8c
 742 034c 02       		.byte	0x2
 743 034d 23       		.byte	0x23
 744 034e 30       		.uleb128 0x30
 745 034f 09       		.uleb128 0x9
 746 0350 13000000 		.4byte	.LASF46
 747 0354 05       		.byte	0x5
 748 0355 6604     		.2byte	0x466
 749 0357 8C000000 		.4byte	0x8c
 750 035b 02       		.byte	0x2
 751 035c 23       		.byte	0x23
 752 035d 34       		.uleb128 0x34
 753 035e 09       		.uleb128 0x9
 754 035f B4000000 		.4byte	.LASF47
 755 0363 05       		.byte	0x5
 756 0364 6704     		.2byte	0x467
 757 0366 8C000000 		.4byte	0x8c
 758 036a 02       		.byte	0x2
 759 036b 23       		.byte	0x23
 760 036c 38       		.uleb128 0x38
 761 036d 09       		.uleb128 0x9
 762 036e 1D020000 		.4byte	.LASF48
 763 0372 05       		.byte	0x5
 764 0373 6804     		.2byte	0x468
 765 0375 65000000 		.4byte	0x65
 766 0379 02       		.byte	0x2
 767 037a 23       		.byte	0x23
 768 037b 3C       		.uleb128 0x3c
 769 037c 09       		.uleb128 0x9
 770 037d 7D000000 		.4byte	.LASF49
 771 0381 05       		.byte	0x5
 772 0382 6904     		.2byte	0x469
 773 0384 8C000000 		.4byte	0x8c
 774 0388 02       		.byte	0x2
 775 0389 23       		.byte	0x23
 776 038a 40       		.uleb128 0x40
 777 038b 09       		.uleb128 0x9
 778 038c 35010000 		.4byte	.LASF50
 779 0390 05       		.byte	0x5
 780 0391 6A04     		.2byte	0x46a
 781 0393 8C000000 		.4byte	0x8c
 782 0397 02       		.byte	0x2
 783 0398 23       		.byte	0x23
 784 0399 44       		.uleb128 0x44
 785 039a 09       		.uleb128 0x9
 786 039b 27020000 		.4byte	.LASF51
 787 039f 05       		.byte	0x5
 788 03a0 6B04     		.2byte	0x46b
 789 03a2 7C010000 		.4byte	0x17c
 790 03a6 02       		.byte	0x2
 791 03a7 23       		.byte	0x23
 792 03a8 48       		.uleb128 0x48
 793 03a9 09       		.uleb128 0x9
 794 03aa 00000000 		.4byte	.LASF52
 795 03ae 05       		.byte	0x5
 796 03af 6C04     		.2byte	0x46c
ARM GAS  /tmp/ccAabWNY.s 			page 15


 797 03b1 8C000000 		.4byte	0x8c
 798 03b5 02       		.byte	0x2
 799 03b6 23       		.byte	0x23
 800 03b7 50       		.uleb128 0x50
 801 03b8 09       		.uleb128 0x9
 802 03b9 F7010000 		.4byte	.LASF53
 803 03bd 05       		.byte	0x5
 804 03be 6D04     		.2byte	0x46d
 805 03c0 8C000000 		.4byte	0x8c
 806 03c4 02       		.byte	0x2
 807 03c5 23       		.byte	0x23
 808 03c6 54       		.uleb128 0x54
 809 03c7 09       		.uleb128 0x9
 810 03c8 67000000 		.4byte	.LASF54
 811 03cc 05       		.byte	0x5
 812 03cd 6E04     		.2byte	0x46e
 813 03cf 8C000000 		.4byte	0x8c
 814 03d3 02       		.byte	0x2
 815 03d4 23       		.byte	0x23
 816 03d5 58       		.uleb128 0x58
 817 03d6 09       		.uleb128 0x9
 818 03d7 31020000 		.4byte	.LASF55
 819 03db 05       		.byte	0x5
 820 03dc 6F04     		.2byte	0x46f
 821 03de 65000000 		.4byte	0x65
 822 03e2 02       		.byte	0x2
 823 03e3 23       		.byte	0x23
 824 03e4 5C       		.uleb128 0x5c
 825 03e5 09       		.uleb128 0x9
 826 03e6 C6010000 		.4byte	.LASF56
 827 03ea 05       		.byte	0x5
 828 03eb 7004     		.2byte	0x470
 829 03ed 8C000000 		.4byte	0x8c
 830 03f1 02       		.byte	0x2
 831 03f2 23       		.byte	0x23
 832 03f3 60       		.uleb128 0x60
 833 03f4 09       		.uleb128 0x9
 834 03f5 C7020000 		.4byte	.LASF57
 835 03f9 05       		.byte	0x5
 836 03fa 7104     		.2byte	0x471
 837 03fc 8C000000 		.4byte	0x8c
 838 0400 02       		.byte	0x2
 839 0401 23       		.byte	0x23
 840 0402 64       		.uleb128 0x64
 841 0403 09       		.uleb128 0x9
 842 0404 3B020000 		.4byte	.LASF58
 843 0408 05       		.byte	0x5
 844 0409 7204     		.2byte	0x472
 845 040b 7C010000 		.4byte	0x17c
 846 040f 02       		.byte	0x2
 847 0410 23       		.byte	0x23
 848 0411 68       		.uleb128 0x68
 849 0412 09       		.uleb128 0x9
 850 0413 2B000000 		.4byte	.LASF59
 851 0417 05       		.byte	0x5
 852 0418 7304     		.2byte	0x473
 853 041a 8C000000 		.4byte	0x8c
ARM GAS  /tmp/ccAabWNY.s 			page 16


 854 041e 02       		.byte	0x2
 855 041f 23       		.byte	0x23
 856 0420 70       		.uleb128 0x70
 857 0421 0E       		.uleb128 0xe
 858 0422 43535200 		.ascii	"CSR\000"
 859 0426 05       		.byte	0x5
 860 0427 7404     		.2byte	0x474
 861 0429 8C000000 		.4byte	0x8c
 862 042d 02       		.byte	0x2
 863 042e 23       		.byte	0x23
 864 042f 74       		.uleb128 0x74
 865 0430 09       		.uleb128 0x9
 866 0431 45020000 		.4byte	.LASF60
 867 0435 05       		.byte	0x5
 868 0436 7504     		.2byte	0x475
 869 0438 7C010000 		.4byte	0x17c
 870 043c 02       		.byte	0x2
 871 043d 23       		.byte	0x23
 872 043e 78       		.uleb128 0x78
 873 043f 09       		.uleb128 0x9
 874 0440 5C000000 		.4byte	.LASF61
 875 0444 05       		.byte	0x5
 876 0445 7604     		.2byte	0x476
 877 0447 8C000000 		.4byte	0x8c
 878 044b 03       		.byte	0x3
 879 044c 23       		.byte	0x23
 880 044d 8001     		.uleb128 0x80
 881 044f 09       		.uleb128 0x9
 882 0450 3D000000 		.4byte	.LASF62
 883 0454 05       		.byte	0x5
 884 0455 7704     		.2byte	0x477
 885 0457 8C000000 		.4byte	0x8c
 886 045b 03       		.byte	0x3
 887 045c 23       		.byte	0x23
 888 045d 8401     		.uleb128 0x84
 889 045f 09       		.uleb128 0x9
 890 0460 BC020000 		.4byte	.LASF63
 891 0464 05       		.byte	0x5
 892 0465 7804     		.2byte	0x478
 893 0467 8C000000 		.4byte	0x8c
 894 046b 03       		.byte	0x3
 895 046c 23       		.byte	0x23
 896 046d 8801     		.uleb128 0x88
 897 046f 09       		.uleb128 0x9
 898 0470 AC000000 		.4byte	.LASF64
 899 0474 05       		.byte	0x5
 900 0475 7904     		.2byte	0x479
 901 0477 8C000000 		.4byte	0x8c
 902 047b 03       		.byte	0x3
 903 047c 23       		.byte	0x23
 904 047d 8C01     		.uleb128 0x8c
 905 047f 00       		.byte	0
 906 0480 0A       		.uleb128 0xa
 907 0481 EE000000 		.4byte	.LASF65
 908 0485 05       		.byte	0x5
 909 0486 7B04     		.2byte	0x47b
 910 0488 93020000 		.4byte	0x293
ARM GAS  /tmp/ccAabWNY.s 			page 17


 911 048c 0F       		.uleb128 0xf
 912 048d 8B000000 		.4byte	.LASF70
 913 0491 01       		.byte	0x1
 914 0492 33       		.byte	0x33
 915 0493 01       		.byte	0x1
 916 0494 01       		.byte	0x1
 917 0495 10       		.uleb128 0x10
 918 0496 01       		.byte	0x1
 919 0497 91010000 		.4byte	.LASF71
 920 049b 01       		.byte	0x1
 921 049c 6F       		.byte	0x6f
 922 049d 01       		.byte	0x1
 923 049e 00000000 		.4byte	.LFB119
 924 04a2 C8000000 		.4byte	.LFE119
 925 04a6 00000000 		.4byte	.LLST0
 926 04aa BE040000 		.4byte	0x4be
 927 04ae 11       		.uleb128 0x11
 928 04af 8C040000 		.4byte	0x48c
 929 04b3 80000000 		.4byte	.LBB4
 930 04b7 00000000 		.4byte	.Ldebug_ranges0+0
 931 04bb 01       		.byte	0x1
 932 04bc 87       		.byte	0x87
 933 04bd 00       		.byte	0
 934 04be 12       		.uleb128 0x12
 935 04bf 01       		.byte	0x1
 936 04c0 03010000 		.4byte	.LASF72
 937 04c4 01       		.byte	0x1
 938 04c5 9A       		.byte	0x9a
 939 04c6 01       		.byte	0x1
 940 04c7 00000000 		.4byte	.LFB120
 941 04cb 08010000 		.4byte	.LFE120
 942 04cf 02       		.byte	0x2
 943 04d0 7D       		.byte	0x7d
 944 04d1 00       		.sleb128 0
 945 04d2 13       		.uleb128 0x13
 946 04d3 AF020000 		.4byte	.LASF66
 947 04d7 04       		.byte	0x4
 948 04d8 9806     		.2byte	0x698
 949 04da DE010000 		.4byte	0x1de
 950 04de 01       		.byte	0x1
 951 04df 01       		.byte	0x1
 952 04e0 13       		.uleb128 0x13
 953 04e1 AF020000 		.4byte	.LASF66
 954 04e5 04       		.byte	0x4
 955 04e6 9806     		.2byte	0x698
 956 04e8 DE010000 		.4byte	0x1de
 957 04ec 01       		.byte	0x1
 958 04ed 01       		.byte	0x1
 959 04ee 00       		.byte	0
 960              		.section	.debug_abbrev,"",%progbits
 961              	.Ldebug_abbrev0:
 962 0000 01       		.uleb128 0x1
 963 0001 11       		.uleb128 0x11
 964 0002 01       		.byte	0x1
 965 0003 25       		.uleb128 0x25
 966 0004 0E       		.uleb128 0xe
 967 0005 13       		.uleb128 0x13
ARM GAS  /tmp/ccAabWNY.s 			page 18


 968 0006 0B       		.uleb128 0xb
 969 0007 03       		.uleb128 0x3
 970 0008 0E       		.uleb128 0xe
 971 0009 1B       		.uleb128 0x1b
 972 000a 0E       		.uleb128 0xe
 973 000b 11       		.uleb128 0x11
 974 000c 01       		.uleb128 0x1
 975 000d 52       		.uleb128 0x52
 976 000e 01       		.uleb128 0x1
 977 000f 55       		.uleb128 0x55
 978 0010 06       		.uleb128 0x6
 979 0011 10       		.uleb128 0x10
 980 0012 06       		.uleb128 0x6
 981 0013 00       		.byte	0
 982 0014 00       		.byte	0
 983 0015 02       		.uleb128 0x2
 984 0016 24       		.uleb128 0x24
 985 0017 00       		.byte	0
 986 0018 0B       		.uleb128 0xb
 987 0019 0B       		.uleb128 0xb
 988 001a 3E       		.uleb128 0x3e
 989 001b 0B       		.uleb128 0xb
 990 001c 03       		.uleb128 0x3
 991 001d 08       		.uleb128 0x8
 992 001e 00       		.byte	0
 993 001f 00       		.byte	0
 994 0020 03       		.uleb128 0x3
 995 0021 24       		.uleb128 0x24
 996 0022 00       		.byte	0
 997 0023 0B       		.uleb128 0xb
 998 0024 0B       		.uleb128 0xb
 999 0025 3E       		.uleb128 0x3e
 1000 0026 0B       		.uleb128 0xb
 1001 0027 03       		.uleb128 0x3
 1002 0028 0E       		.uleb128 0xe
 1003 0029 00       		.byte	0
 1004 002a 00       		.byte	0
 1005 002b 04       		.uleb128 0x4
 1006 002c 16       		.uleb128 0x16
 1007 002d 00       		.byte	0
 1008 002e 03       		.uleb128 0x3
 1009 002f 0E       		.uleb128 0xe
 1010 0030 3A       		.uleb128 0x3a
 1011 0031 0B       		.uleb128 0xb
 1012 0032 3B       		.uleb128 0x3b
 1013 0033 0B       		.uleb128 0xb
 1014 0034 49       		.uleb128 0x49
 1015 0035 13       		.uleb128 0x13
 1016 0036 00       		.byte	0
 1017 0037 00       		.byte	0
 1018 0038 05       		.uleb128 0x5
 1019 0039 35       		.uleb128 0x35
 1020 003a 00       		.byte	0
 1021 003b 49       		.uleb128 0x49
 1022 003c 13       		.uleb128 0x13
 1023 003d 00       		.byte	0
 1024 003e 00       		.byte	0
ARM GAS  /tmp/ccAabWNY.s 			page 19


 1025 003f 06       		.uleb128 0x6
 1026 0040 13       		.uleb128 0x13
 1027 0041 01       		.byte	0x1
 1028 0042 0B       		.uleb128 0xb
 1029 0043 0B       		.uleb128 0xb
 1030 0044 3A       		.uleb128 0x3a
 1031 0045 0B       		.uleb128 0xb
 1032 0046 3B       		.uleb128 0x3b
 1033 0047 0B       		.uleb128 0xb
 1034 0048 01       		.uleb128 0x1
 1035 0049 13       		.uleb128 0x13
 1036 004a 00       		.byte	0
 1037 004b 00       		.byte	0
 1038 004c 07       		.uleb128 0x7
 1039 004d 0D       		.uleb128 0xd
 1040 004e 00       		.byte	0
 1041 004f 03       		.uleb128 0x3
 1042 0050 0E       		.uleb128 0xe
 1043 0051 3A       		.uleb128 0x3a
 1044 0052 0B       		.uleb128 0xb
 1045 0053 3B       		.uleb128 0x3b
 1046 0054 0B       		.uleb128 0xb
 1047 0055 49       		.uleb128 0x49
 1048 0056 13       		.uleb128 0x13
 1049 0057 38       		.uleb128 0x38
 1050 0058 0A       		.uleb128 0xa
 1051 0059 00       		.byte	0
 1052 005a 00       		.byte	0
 1053 005b 08       		.uleb128 0x8
 1054 005c 13       		.uleb128 0x13
 1055 005d 01       		.byte	0x1
 1056 005e 0B       		.uleb128 0xb
 1057 005f 0B       		.uleb128 0xb
 1058 0060 3A       		.uleb128 0x3a
 1059 0061 0B       		.uleb128 0xb
 1060 0062 3B       		.uleb128 0x3b
 1061 0063 05       		.uleb128 0x5
 1062 0064 01       		.uleb128 0x1
 1063 0065 13       		.uleb128 0x13
 1064 0066 00       		.byte	0
 1065 0067 00       		.byte	0
 1066 0068 09       		.uleb128 0x9
 1067 0069 0D       		.uleb128 0xd
 1068 006a 00       		.byte	0
 1069 006b 03       		.uleb128 0x3
 1070 006c 0E       		.uleb128 0xe
 1071 006d 3A       		.uleb128 0x3a
 1072 006e 0B       		.uleb128 0xb
 1073 006f 3B       		.uleb128 0x3b
 1074 0070 05       		.uleb128 0x5
 1075 0071 49       		.uleb128 0x49
 1076 0072 13       		.uleb128 0x13
 1077 0073 38       		.uleb128 0x38
 1078 0074 0A       		.uleb128 0xa
 1079 0075 00       		.byte	0
 1080 0076 00       		.byte	0
 1081 0077 0A       		.uleb128 0xa
ARM GAS  /tmp/ccAabWNY.s 			page 20


 1082 0078 16       		.uleb128 0x16
 1083 0079 00       		.byte	0
 1084 007a 03       		.uleb128 0x3
 1085 007b 0E       		.uleb128 0xe
 1086 007c 3A       		.uleb128 0x3a
 1087 007d 0B       		.uleb128 0xb
 1088 007e 3B       		.uleb128 0x3b
 1089 007f 05       		.uleb128 0x5
 1090 0080 49       		.uleb128 0x49
 1091 0081 13       		.uleb128 0x13
 1092 0082 00       		.byte	0
 1093 0083 00       		.byte	0
 1094 0084 0B       		.uleb128 0xb
 1095 0085 26       		.uleb128 0x26
 1096 0086 00       		.byte	0
 1097 0087 49       		.uleb128 0x49
 1098 0088 13       		.uleb128 0x13
 1099 0089 00       		.byte	0
 1100 008a 00       		.byte	0
 1101 008b 0C       		.uleb128 0xc
 1102 008c 01       		.uleb128 0x1
 1103 008d 01       		.byte	0x1
 1104 008e 49       		.uleb128 0x49
 1105 008f 13       		.uleb128 0x13
 1106 0090 01       		.uleb128 0x1
 1107 0091 13       		.uleb128 0x13
 1108 0092 00       		.byte	0
 1109 0093 00       		.byte	0
 1110 0094 0D       		.uleb128 0xd
 1111 0095 21       		.uleb128 0x21
 1112 0096 00       		.byte	0
 1113 0097 49       		.uleb128 0x49
 1114 0098 13       		.uleb128 0x13
 1115 0099 2F       		.uleb128 0x2f
 1116 009a 0B       		.uleb128 0xb
 1117 009b 00       		.byte	0
 1118 009c 00       		.byte	0
 1119 009d 0E       		.uleb128 0xe
 1120 009e 0D       		.uleb128 0xd
 1121 009f 00       		.byte	0
 1122 00a0 03       		.uleb128 0x3
 1123 00a1 08       		.uleb128 0x8
 1124 00a2 3A       		.uleb128 0x3a
 1125 00a3 0B       		.uleb128 0xb
 1126 00a4 3B       		.uleb128 0x3b
 1127 00a5 05       		.uleb128 0x5
 1128 00a6 49       		.uleb128 0x49
 1129 00a7 13       		.uleb128 0x13
 1130 00a8 38       		.uleb128 0x38
 1131 00a9 0A       		.uleb128 0xa
 1132 00aa 00       		.byte	0
 1133 00ab 00       		.byte	0
 1134 00ac 0F       		.uleb128 0xf
 1135 00ad 2E       		.uleb128 0x2e
 1136 00ae 00       		.byte	0
 1137 00af 03       		.uleb128 0x3
 1138 00b0 0E       		.uleb128 0xe
ARM GAS  /tmp/ccAabWNY.s 			page 21


 1139 00b1 3A       		.uleb128 0x3a
 1140 00b2 0B       		.uleb128 0xb
 1141 00b3 3B       		.uleb128 0x3b
 1142 00b4 0B       		.uleb128 0xb
 1143 00b5 27       		.uleb128 0x27
 1144 00b6 0C       		.uleb128 0xc
 1145 00b7 20       		.uleb128 0x20
 1146 00b8 0B       		.uleb128 0xb
 1147 00b9 00       		.byte	0
 1148 00ba 00       		.byte	0
 1149 00bb 10       		.uleb128 0x10
 1150 00bc 2E       		.uleb128 0x2e
 1151 00bd 01       		.byte	0x1
 1152 00be 3F       		.uleb128 0x3f
 1153 00bf 0C       		.uleb128 0xc
 1154 00c0 03       		.uleb128 0x3
 1155 00c1 0E       		.uleb128 0xe
 1156 00c2 3A       		.uleb128 0x3a
 1157 00c3 0B       		.uleb128 0xb
 1158 00c4 3B       		.uleb128 0x3b
 1159 00c5 0B       		.uleb128 0xb
 1160 00c6 27       		.uleb128 0x27
 1161 00c7 0C       		.uleb128 0xc
 1162 00c8 11       		.uleb128 0x11
 1163 00c9 01       		.uleb128 0x1
 1164 00ca 12       		.uleb128 0x12
 1165 00cb 01       		.uleb128 0x1
 1166 00cc 40       		.uleb128 0x40
 1167 00cd 06       		.uleb128 0x6
 1168 00ce 01       		.uleb128 0x1
 1169 00cf 13       		.uleb128 0x13
 1170 00d0 00       		.byte	0
 1171 00d1 00       		.byte	0
 1172 00d2 11       		.uleb128 0x11
 1173 00d3 1D       		.uleb128 0x1d
 1174 00d4 00       		.byte	0
 1175 00d5 31       		.uleb128 0x31
 1176 00d6 13       		.uleb128 0x13
 1177 00d7 52       		.uleb128 0x52
 1178 00d8 01       		.uleb128 0x1
 1179 00d9 55       		.uleb128 0x55
 1180 00da 06       		.uleb128 0x6
 1181 00db 58       		.uleb128 0x58
 1182 00dc 0B       		.uleb128 0xb
 1183 00dd 59       		.uleb128 0x59
 1184 00de 0B       		.uleb128 0xb
 1185 00df 00       		.byte	0
 1186 00e0 00       		.byte	0
 1187 00e1 12       		.uleb128 0x12
 1188 00e2 2E       		.uleb128 0x2e
 1189 00e3 00       		.byte	0
 1190 00e4 3F       		.uleb128 0x3f
 1191 00e5 0C       		.uleb128 0xc
 1192 00e6 03       		.uleb128 0x3
 1193 00e7 0E       		.uleb128 0xe
 1194 00e8 3A       		.uleb128 0x3a
 1195 00e9 0B       		.uleb128 0xb
ARM GAS  /tmp/ccAabWNY.s 			page 22


 1196 00ea 3B       		.uleb128 0x3b
 1197 00eb 0B       		.uleb128 0xb
 1198 00ec 27       		.uleb128 0x27
 1199 00ed 0C       		.uleb128 0xc
 1200 00ee 11       		.uleb128 0x11
 1201 00ef 01       		.uleb128 0x1
 1202 00f0 12       		.uleb128 0x12
 1203 00f1 01       		.uleb128 0x1
 1204 00f2 40       		.uleb128 0x40
 1205 00f3 0A       		.uleb128 0xa
 1206 00f4 00       		.byte	0
 1207 00f5 00       		.byte	0
 1208 00f6 13       		.uleb128 0x13
 1209 00f7 34       		.uleb128 0x34
 1210 00f8 00       		.byte	0
 1211 00f9 03       		.uleb128 0x3
 1212 00fa 0E       		.uleb128 0xe
 1213 00fb 3A       		.uleb128 0x3a
 1214 00fc 0B       		.uleb128 0xb
 1215 00fd 3B       		.uleb128 0x3b
 1216 00fe 05       		.uleb128 0x5
 1217 00ff 49       		.uleb128 0x49
 1218 0100 13       		.uleb128 0x13
 1219 0101 3F       		.uleb128 0x3f
 1220 0102 0C       		.uleb128 0xc
 1221 0103 3C       		.uleb128 0x3c
 1222 0104 0C       		.uleb128 0xc
 1223 0105 00       		.byte	0
 1224 0106 00       		.byte	0
 1225 0107 00       		.byte	0
 1226              		.section	.debug_loc,"",%progbits
 1227              	.Ldebug_loc0:
 1228              	.LLST0:
 1229 0000 00000000 		.4byte	.LFB119
 1230 0004 0A000000 		.4byte	.LCFI0
 1231 0008 0200     		.2byte	0x2
 1232 000a 7D       		.byte	0x7d
 1233 000b 00       		.sleb128 0
 1234 000c 0A000000 		.4byte	.LCFI0
 1235 0010 C8000000 		.4byte	.LFE119
 1236 0014 0200     		.2byte	0x2
 1237 0016 7D       		.byte	0x7d
 1238 0017 0C       		.sleb128 12
 1239 0018 00000000 		.4byte	0
 1240 001c 00000000 		.4byte	0
 1241              		.section	.debug_aranges,"",%progbits
 1242 0000 24000000 		.4byte	0x24
 1243 0004 0200     		.2byte	0x2
 1244 0006 00000000 		.4byte	.Ldebug_info0
 1245 000a 04       		.byte	0x4
 1246 000b 00       		.byte	0
 1247 000c 0000     		.2byte	0
 1248 000e 0000     		.2byte	0
 1249 0010 00000000 		.4byte	.LFB119
 1250 0014 C8000000 		.4byte	.LFE119-.LFB119
 1251 0018 00000000 		.4byte	.LFB120
 1252 001c 08010000 		.4byte	.LFE120-.LFB120
ARM GAS  /tmp/ccAabWNY.s 			page 23


 1253 0020 00000000 		.4byte	0
 1254 0024 00000000 		.4byte	0
 1255              		.section	.debug_ranges,"",%progbits
 1256              	.Ldebug_ranges0:
 1257 0000 80000000 		.4byte	.LBB4
 1258 0004 88000000 		.4byte	.LBE4
 1259 0008 90000000 		.4byte	.LBB7
 1260 000c C2000000 		.4byte	.LBE7
 1261 0010 00000000 		.4byte	0
 1262 0014 00000000 		.4byte	0
 1263 0018 00000000 		.4byte	.LFB119
 1264 001c C8000000 		.4byte	.LFE119
 1265 0020 00000000 		.4byte	.LFB120
 1266 0024 08010000 		.4byte	.LFE120
 1267 0028 00000000 		.4byte	0
 1268 002c 00000000 		.4byte	0
 1269              		.section	.debug_line,"",%progbits
 1270              	.Ldebug_line0:
 1271 0000 E3010000 		.section	.debug_str,"MS",%progbits,1
 1271      02002401 
 1271      00000201 
 1271      FB0E0D00 
 1271      01010101 
 1272              	.LASF52:
 1273 0000 41484231 		.ascii	"AHB1LPENR\000"
 1273      4C50454E 
 1273      5200
 1274              	.LASF42:
 1275 000a 41504231 		.ascii	"APB1RSTR\000"
 1275      52535452 
 1275      00
 1276              	.LASF46:
 1277 0013 41484232 		.ascii	"AHB2ENR\000"
 1277      454E5200 
 1278              	.LASF15:
 1279 001b 44454D43 		.ascii	"DEMCR\000"
 1279      5200
 1280              	.LASF3:
 1281 0021 73686F72 		.ascii	"short int\000"
 1281      7420696E 
 1281      7400
 1282              	.LASF59:
 1283 002b 42444352 		.ascii	"BDCR\000"
 1283      00
 1284              	.LASF24:
 1285 0030 50435352 		.ascii	"PCSR\000"
 1285      00
 1286              	.LASF23:
 1287 0035 464F4C44 		.ascii	"FOLDCNT\000"
 1287      434E5400 
 1288              	.LASF62:
 1289 003d 504C4C49 		.ascii	"PLLI2SCFGR\000"
 1289      32534346 
 1289      475200
 1290              	.LASF35:
 1291 0048 5057525F 		.ascii	"PWR_TypeDef\000"
 1291      54797065 
ARM GAS  /tmp/ccAabWNY.s 			page 24


 1291      44656600 
 1292              	.LASF45:
 1293 0054 41484231 		.ascii	"AHB1ENR\000"
 1293      454E5200 
 1294              	.LASF61:
 1295 005c 53534347 		.ascii	"SSCGR\000"
 1295      5200
 1296              	.LASF17:
 1297 0062 4354524C 		.ascii	"CTRL\000"
 1297      00
 1298              	.LASF54:
 1299 0067 41484233 		.ascii	"AHB3LPENR\000"
 1299      4C50454E 
 1299      5200
 1300              	.LASF37:
 1301 0071 43464752 		.ascii	"CFGR\000"
 1301      00
 1302              	.LASF19:
 1303 0076 43504943 		.ascii	"CPICNT\000"
 1303      4E5400
 1304              	.LASF49:
 1305 007d 41504231 		.ascii	"APB1ENR\000"
 1305      454E5200 
 1306              	.LASF13:
 1307 0085 44435253 		.ascii	"DCRSR\000"
 1307      5200
 1308              	.LASF70:
 1309 008b 68616C5F 		.ascii	"hal_lld_backup_domain_init\000"
 1309      6C6C645F 
 1309      6261636B 
 1309      75705F64 
 1309      6F6D6169 
 1310              	.LASF14:
 1311 00a6 44435244 		.ascii	"DCRDR\000"
 1311      5200
 1312              	.LASF64:
 1313 00ac 44434B43 		.ascii	"DCKCFGR\000"
 1313      46475200 
 1314              	.LASF47:
 1315 00b4 41484233 		.ascii	"AHB3ENR\000"
 1315      454E5200 
 1316              	.LASF31:
 1317 00bc 4F50544B 		.ascii	"OPTKEYR\000"
 1317      45595200 
 1318              	.LASF9:
 1319 00c4 6C6F6E67 		.ascii	"long long int\000"
 1319      206C6F6E 
 1319      6720696E 
 1319      7400
 1320              	.LASF18:
 1321 00d2 43594343 		.ascii	"CYCCNT\000"
 1321      4E5400
 1322              	.LASF28:
 1323 00d9 43414C49 		.ascii	"CALIB\000"
 1323      4200
 1324              	.LASF12:
 1325 00df 44484353 		.ascii	"DHCSR\000"
ARM GAS  /tmp/ccAabWNY.s 			page 25


 1325      5200
 1326              	.LASF5:
 1327 00e5 6C6F6E67 		.ascii	"long int\000"
 1327      20696E74 
 1327      00
 1328              	.LASF65:
 1329 00ee 5243435F 		.ascii	"RCC_TypeDef\000"
 1329      54797065 
 1329      44656600 
 1330              	.LASF43:
 1331 00fa 41504232 		.ascii	"APB2RSTR\000"
 1331      52535452 
 1331      00
 1332              	.LASF72:
 1333 0103 73746D33 		.ascii	"stm32_clock_init\000"
 1333      325F636C 
 1333      6F636B5F 
 1333      696E6974 
 1333      00
 1334              	.LASF33:
 1335 0114 4F505443 		.ascii	"OPTCR1\000"
 1335      523100
 1336              	.LASF30:
 1337 011b 4B455952 		.ascii	"KEYR\000"
 1337      00
 1338              	.LASF20:
 1339 0120 45584343 		.ascii	"EXCCNT\000"
 1339      4E5400
 1340              	.LASF2:
 1341 0127 756E7369 		.ascii	"unsigned char\000"
 1341      676E6564 
 1341      20636861 
 1341      7200
 1342              	.LASF50:
 1343 0135 41504232 		.ascii	"APB2ENR\000"
 1343      454E5200 
 1344              	.LASF1:
 1345 013d 7369676E 		.ascii	"signed char\000"
 1345      65642063 
 1345      68617200 
 1346              	.LASF10:
 1347 0149 6C6F6E67 		.ascii	"long long unsigned int\000"
 1347      206C6F6E 
 1347      6720756E 
 1347      7369676E 
 1347      65642069 
 1348              	.LASF7:
 1349 0160 75696E74 		.ascii	"uint32_t\000"
 1349      33325F74 
 1349      00
 1350              	.LASF0:
 1351 0169 756E7369 		.ascii	"unsigned int\000"
 1351      676E6564 
 1351      20696E74 
 1351      00
 1352              	.LASF39:
 1353 0176 41484232 		.ascii	"AHB2RSTR\000"
ARM GAS  /tmp/ccAabWNY.s 			page 26


 1353      52535452 
 1353      00
 1354              	.LASF8:
 1355 017f 6C6F6E67 		.ascii	"long unsigned int\000"
 1355      20756E73 
 1355      69676E65 
 1355      6420696E 
 1355      7400
 1356              	.LASF71:
 1357 0191 68616C5F 		.ascii	"hal_lld_init\000"
 1357      6C6C645F 
 1357      696E6974 
 1357      00
 1358              	.LASF36:
 1359 019e 504C4C43 		.ascii	"PLLCFGR\000"
 1359      46475200 
 1360              	.LASF29:
 1361 01a6 53797354 		.ascii	"SysTick_Type\000"
 1361      69636B5F 
 1361      54797065 
 1361      00
 1362              	.LASF4:
 1363 01b3 73686F72 		.ascii	"short unsigned int\000"
 1363      7420756E 
 1363      7369676E 
 1363      65642069 
 1363      6E7400
 1364              	.LASF56:
 1365 01c6 41504231 		.ascii	"APB1LPENR\000"
 1365      4C50454E 
 1365      5200
 1366              	.LASF26:
 1367 01d0 63686172 		.ascii	"char\000"
 1367      00
 1368              	.LASF16:
 1369 01d5 434D785F 		.ascii	"CMx_SCS\000"
 1369      53435300 
 1370              	.LASF6:
 1371 01dd 696E7433 		.ascii	"int32_t\000"
 1371      325F7400 
 1372              	.LASF67:
 1373 01e5 474E5520 		.ascii	"GNU C 4.6.1\000"
 1373      4320342E 
 1373      362E3100 
 1374              	.LASF11:
 1375 01f1 5F426F6F 		.ascii	"_Bool\000"
 1375      6C00
 1376              	.LASF53:
 1377 01f7 41484232 		.ascii	"AHB2LPENR\000"
 1377      4C50454E 
 1377      5200
 1378              	.LASF25:
 1379 0201 434D785F 		.ascii	"CMx_DWT\000"
 1379      44575400 
 1380              	.LASF41:
 1381 0209 52455345 		.ascii	"RESERVED0\000"
 1381      52564544 
ARM GAS  /tmp/ccAabWNY.s 			page 27


 1381      3000
 1382              	.LASF44:
 1383 0213 52455345 		.ascii	"RESERVED1\000"
 1383      52564544 
 1383      3100
 1384              	.LASF48:
 1385 021d 52455345 		.ascii	"RESERVED2\000"
 1385      52564544 
 1385      3200
 1386              	.LASF51:
 1387 0227 52455345 		.ascii	"RESERVED3\000"
 1387      52564544 
 1387      3300
 1388              	.LASF55:
 1389 0231 52455345 		.ascii	"RESERVED4\000"
 1389      52564544 
 1389      3400
 1390              	.LASF58:
 1391 023b 52455345 		.ascii	"RESERVED5\000"
 1391      52564544 
 1391      3500
 1392              	.LASF60:
 1393 0245 52455345 		.ascii	"RESERVED6\000"
 1393      52564544 
 1393      3600
 1394              	.LASF21:
 1395 024f 534C4545 		.ascii	"SLEEPCNT\000"
 1395      50434E54 
 1395      00
 1396              	.LASF68:
 1397 0258 2E2E2F2E 		.ascii	"../../os/hal/platforms/STM32F4xx/hal_lld.c\000"
 1397      2E2F6F73 
 1397      2F68616C 
 1397      2F706C61 
 1397      74666F72 
 1398              	.LASF22:
 1399 0283 4C535543 		.ascii	"LSUCNT\000"
 1399      4E5400
 1400              	.LASF27:
 1401 028a 4C4F4144 		.ascii	"LOAD\000"
 1401      00
 1402              	.LASF38:
 1403 028f 41484231 		.ascii	"AHB1RSTR\000"
 1403      52535452 
 1403      00
 1404              	.LASF40:
 1405 0298 41484233 		.ascii	"AHB3RSTR\000"
 1405      52535452 
 1405      00
 1406              	.LASF34:
 1407 02a1 464C4153 		.ascii	"FLASH_TypeDef\000"
 1407      485F5479 
 1407      70654465 
 1407      6600
 1408              	.LASF66:
 1409 02af 49544D5F 		.ascii	"ITM_RxBuffer\000"
 1409      52784275 
ARM GAS  /tmp/ccAabWNY.s 			page 28


 1409      66666572 
 1409      00
 1410              	.LASF63:
 1411 02bc 504C4C53 		.ascii	"PLLSAICFGR\000"
 1411      41494346 
 1411      475200
 1412              	.LASF57:
 1413 02c7 41504232 		.ascii	"APB2LPENR\000"
 1413      4C50454E 
 1413      5200
 1414              	.LASF32:
 1415 02d1 4F505443 		.ascii	"OPTCR\000"
 1415      5200
 1416              	.LASF69:
 1417 02d7 2F686F6D 		.ascii	"/home/lithium/Downloads/ChibiOS_2.6.8_PodioVirtual/"
 1417      652F6C69 
 1417      74686975 
 1417      6D2F446F 
 1417      776E6C6F 
 1418 030a 506F6469 		.ascii	"PodioVirtual/src\000"
 1418      6F566972 
 1418      7475616C 
 1418      2F737263 
 1418      00
 1419              		.ident	"GCC: (Sourcery CodeBench Lite 2011.09-69) 4.6.1"
ARM GAS  /tmp/ccAabWNY.s 			page 29


DEFINED SYMBOLS
                            *ABS*:00000000 hal_lld.c
     /tmp/ccAabWNY.s:19     .text.hal_lld_init:00000000 $t
     /tmp/ccAabWNY.s:25     .text.hal_lld_init:00000000 hal_lld_init
     /tmp/ccAabWNY.s:141    .text.stm32_clock_init:00000000 $t
     /tmp/ccAabWNY.s:147    .text.stm32_clock_init:00000000 stm32_clock_init
                     .debug_frame:00000010 $d

UNDEFINED SYMBOLS
dmaInit
