ARM GAS  /tmp/cc7xkf8l.s 			page 1


   1              		.syntax unified
   2              		.cpu cortex-m4
   3              		.fpu softvfp
   4              		.eabi_attribute 20, 1
   5              		.eabi_attribute 21, 1
   6              		.eabi_attribute 23, 3
   7              		.eabi_attribute 24, 1
   8              		.eabi_attribute 25, 1
   9              		.eabi_attribute 26, 1
  10              		.eabi_attribute 30, 2
  11              		.eabi_attribute 34, 1
  12              		.eabi_attribute 18, 4
  13              		.thumb
  14              		.file	"pal_lld.c"
  15              		.text
  16              	.Ltext0:
  17              		.cfi_sections	.debug_frame
  18              		.section	.text._pal_lld_init,"ax",%progbits
  19              		.align	2
  20              		.p2align 4,,15
  21              		.global	_pal_lld_init
  22              		.thumb
  23              		.thumb_func
  24              		.type	_pal_lld_init, %function
  25              	_pal_lld_init:
  26              	.LFB119:
  27              		.file 1 "../../os/hal/platforms/STM32/GPIOv2/pal_lld.c"
  28              		.loc 1 119 0
  29              		.cfi_startproc
  30              		@ args = 0, pretend = 0, frame = 0
  31              		@ frame_needed = 0, uses_anonymous_args = 0
  32              		@ link register save eliminated.
  33              	.LVL0:
  34              		.loc 1 132 0
  35 0000 4FF4605C 		mov	ip, #14336
  36 0004 C4F2020C 		movt	ip, 16386
  37 0008 DCF83020 		ldr	r2, [ip, #48]
  38 000c 6FEA5223 		mvn	r3, r2, lsr #9
  39 0010 6FEA4321 		mvn	r1, r3, lsl #9
  40 0014 CCF83010 		str	r1, [ip, #48]
  41              		.loc 1 133 0
  42 0018 DCF85020 		ldr	r2, [ip, #80]
  43 001c 6FEA5223 		mvn	r3, r2, lsr #9
  44 0020 6FEA4321 		mvn	r1, r3, lsl #9
  45 0024 CCF85010 		str	r1, [ip, #80]
  46              	.LVL1:
  47              	.LBB20:
  48              	.LBB21:
  49              		.loc 1 94 0
  50 0028 0023     		movs	r3, #0
  51 002a 4268     		ldr	r2, [r0, #4]
  52 002c C4F20203 		movt	r3, 16386
  53              	.LBE21:
  54              	.LBE20:
  55              	.LBB23:
  56              	.LBB24:
  57 0030 4FF4806C 		mov	ip, #1024
ARM GAS  /tmp/cc7xkf8l.s 			page 2


  58              	.LBE24:
  59              	.LBE23:
  60              	.LBB27:
  61              	.LBB22:
  62 0034 5A60     		str	r2, [r3, #4]
  63              		.loc 1 95 0
  64 0036 8168     		ldr	r1, [r0, #8]
  65 0038 9960     		str	r1, [r3, #8]
  66              		.loc 1 96 0
  67 003a C268     		ldr	r2, [r0, #12]
  68 003c DA60     		str	r2, [r3, #12]
  69              		.loc 1 97 0
  70 003e 0169     		ldr	r1, [r0, #16]
  71 0040 5961     		str	r1, [r3, #20]
  72              		.loc 1 98 0
  73 0042 4269     		ldr	r2, [r0, #20]
  74 0044 1A62     		str	r2, [r3, #32]
  75              		.loc 1 99 0
  76 0046 8169     		ldr	r1, [r0, #24]
  77 0048 5962     		str	r1, [r3, #36]
  78              		.loc 1 100 0
  79 004a 0268     		ldr	r2, [r0, #0]
  80 004c 1A60     		str	r2, [r3, #0]
  81              	.LVL2:
  82              	.LBE22:
  83              	.LBE27:
  84              	.LBB28:
  85              	.LBB25:
  86              		.loc 1 94 0
  87 004e 016A     		ldr	r1, [r0, #32]
  88 0050 C4F2020C 		movt	ip, 16386
  89              	.LBE25:
  90              	.LBE28:
  91              	.LBB29:
  92              	.LBB30:
  93 0054 4FF40063 		mov	r3, #2048
  94              	.LBE30:
  95              	.LBE29:
  96              	.LBB33:
  97              	.LBB26:
  98 0058 CCF80410 		str	r1, [ip, #4]
  99              		.loc 1 95 0
 100 005c 426A     		ldr	r2, [r0, #36]
 101 005e CCF80820 		str	r2, [ip, #8]
 102              		.loc 1 96 0
 103 0062 816A     		ldr	r1, [r0, #40]
 104 0064 CCF80C10 		str	r1, [ip, #12]
 105              		.loc 1 97 0
 106 0068 C26A     		ldr	r2, [r0, #44]
 107 006a CCF81420 		str	r2, [ip, #20]
 108              		.loc 1 98 0
 109 006e 016B     		ldr	r1, [r0, #48]
 110 0070 CCF82010 		str	r1, [ip, #32]
 111              		.loc 1 99 0
 112 0074 426B     		ldr	r2, [r0, #52]
 113 0076 CCF82420 		str	r2, [ip, #36]
 114              		.loc 1 100 0
ARM GAS  /tmp/cc7xkf8l.s 			page 3


 115 007a C169     		ldr	r1, [r0, #28]
 116 007c CCF80010 		str	r1, [ip, #0]
 117              	.LVL3:
 118              	.LBE26:
 119              	.LBE33:
 120              	.LBB34:
 121              	.LBB31:
 122              		.loc 1 94 0
 123 0080 C4F20203 		movt	r3, 16386
 124 0084 C26B     		ldr	r2, [r0, #60]
 125 0086 5A60     		str	r2, [r3, #4]
 126              		.loc 1 95 0
 127 0088 016C     		ldr	r1, [r0, #64]
 128 008a 9960     		str	r1, [r3, #8]
 129              		.loc 1 96 0
 130 008c 426C     		ldr	r2, [r0, #68]
 131 008e DA60     		str	r2, [r3, #12]
 132              		.loc 1 97 0
 133 0090 816C     		ldr	r1, [r0, #72]
 134 0092 5961     		str	r1, [r3, #20]
 135              		.loc 1 98 0
 136 0094 C26C     		ldr	r2, [r0, #76]
 137 0096 1A62     		str	r2, [r3, #32]
 138              		.loc 1 99 0
 139 0098 016D     		ldr	r1, [r0, #80]
 140 009a 5962     		str	r1, [r3, #36]
 141              		.loc 1 100 0
 142 009c 826B     		ldr	r2, [r0, #56]
 143              	.LBE31:
 144              	.LBE34:
 145              	.LBB35:
 146              	.LBB36:
 147              		.loc 1 94 0
 148 009e 4FF4406C 		mov	ip, #3072
 149              	.LBE36:
 150              	.LBE35:
 151              	.LBB39:
 152              	.LBB32:
 153              		.loc 1 100 0
 154 00a2 1A60     		str	r2, [r3, #0]
 155              	.LVL4:
 156              	.LBE32:
 157              	.LBE39:
 158              	.LBB40:
 159              	.LBB37:
 160              		.loc 1 94 0
 161 00a4 816D     		ldr	r1, [r0, #88]
 162 00a6 C4F2020C 		movt	ip, 16386
 163              	.LBE37:
 164              	.LBE40:
 165              	.LBB41:
 166              	.LBB42:
 167 00aa 4FF48053 		mov	r3, #4096
 168              	.LBE42:
 169              	.LBE41:
 170              	.LBB45:
 171              	.LBB38:
ARM GAS  /tmp/cc7xkf8l.s 			page 4


 172 00ae CCF80410 		str	r1, [ip, #4]
 173              		.loc 1 95 0
 174 00b2 C26D     		ldr	r2, [r0, #92]
 175 00b4 CCF80820 		str	r2, [ip, #8]
 176              		.loc 1 96 0
 177 00b8 016E     		ldr	r1, [r0, #96]
 178 00ba CCF80C10 		str	r1, [ip, #12]
 179              		.loc 1 97 0
 180 00be 426E     		ldr	r2, [r0, #100]
 181 00c0 CCF81420 		str	r2, [ip, #20]
 182              		.loc 1 98 0
 183 00c4 816E     		ldr	r1, [r0, #104]
 184 00c6 CCF82010 		str	r1, [ip, #32]
 185              		.loc 1 99 0
 186 00ca C26E     		ldr	r2, [r0, #108]
 187 00cc CCF82420 		str	r2, [ip, #36]
 188              		.loc 1 100 0
 189 00d0 416D     		ldr	r1, [r0, #84]
 190 00d2 CCF80010 		str	r1, [ip, #0]
 191              	.LVL5:
 192              	.LBE38:
 193              	.LBE45:
 194              	.LBB46:
 195              	.LBB43:
 196              		.loc 1 94 0
 197 00d6 C4F20203 		movt	r3, 16386
 198 00da 426F     		ldr	r2, [r0, #116]
 199 00dc 5A60     		str	r2, [r3, #4]
 200              		.loc 1 95 0
 201 00de 816F     		ldr	r1, [r0, #120]
 202 00e0 9960     		str	r1, [r3, #8]
 203              		.loc 1 96 0
 204 00e2 C26F     		ldr	r2, [r0, #124]
 205 00e4 DA60     		str	r2, [r3, #12]
 206              		.loc 1 97 0
 207 00e6 D0F88010 		ldr	r1, [r0, #128]
 208 00ea 5961     		str	r1, [r3, #20]
 209              		.loc 1 98 0
 210 00ec D0F88420 		ldr	r2, [r0, #132]
 211 00f0 1A62     		str	r2, [r3, #32]
 212              		.loc 1 99 0
 213 00f2 D0F88810 		ldr	r1, [r0, #136]
 214 00f6 5962     		str	r1, [r3, #36]
 215              		.loc 1 100 0
 216 00f8 026F     		ldr	r2, [r0, #112]
 217              	.LBE43:
 218              	.LBE46:
 219              	.LBB47:
 220              	.LBB48:
 221              		.loc 1 94 0
 222 00fa 4FF4A05C 		mov	ip, #5120
 223              	.LBE48:
 224              	.LBE47:
 225              	.LBB51:
 226              	.LBB44:
 227              		.loc 1 100 0
 228 00fe 1A60     		str	r2, [r3, #0]
ARM GAS  /tmp/cc7xkf8l.s 			page 5


 229              	.LVL6:
 230              	.LBE44:
 231              	.LBE51:
 232              	.LBB52:
 233              	.LBB49:
 234              		.loc 1 94 0
 235 0100 D0F89010 		ldr	r1, [r0, #144]
 236 0104 C4F2020C 		movt	ip, 16386
 237              	.LBE49:
 238              	.LBE52:
 239              	.LBB53:
 240              	.LBB54:
 241 0108 4FF4C053 		mov	r3, #6144
 242              	.LBE54:
 243              	.LBE53:
 244              	.LBB58:
 245              	.LBB50:
 246 010c CCF80410 		str	r1, [ip, #4]
 247              		.loc 1 95 0
 248 0110 D0F89420 		ldr	r2, [r0, #148]
 249 0114 CCF80820 		str	r2, [ip, #8]
 250              		.loc 1 96 0
 251 0118 D0F89810 		ldr	r1, [r0, #152]
 252 011c CCF80C10 		str	r1, [ip, #12]
 253              		.loc 1 97 0
 254 0120 D0F89C20 		ldr	r2, [r0, #156]
 255 0124 CCF81420 		str	r2, [ip, #20]
 256              		.loc 1 98 0
 257 0128 D0F8A010 		ldr	r1, [r0, #160]
 258 012c CCF82010 		str	r1, [ip, #32]
 259              		.loc 1 99 0
 260 0130 D0F8A420 		ldr	r2, [r0, #164]
 261 0134 CCF82420 		str	r2, [ip, #36]
 262              		.loc 1 100 0
 263 0138 D0F88C10 		ldr	r1, [r0, #140]
 264 013c CCF80010 		str	r1, [ip, #0]
 265              	.LVL7:
 266              	.LBE50:
 267              	.LBE58:
 268              	.LBB59:
 269              	.LBB55:
 270              		.loc 1 94 0
 271 0140 D0F8AC20 		ldr	r2, [r0, #172]
 272 0144 C4F20203 		movt	r3, 16386
 273              	.LBE55:
 274              	.LBE59:
 275              	.LBB60:
 276              	.LBB61:
 277 0148 4FF4E05C 		mov	ip, #7168
 278              	.LBE61:
 279              	.LBE60:
 280              	.LBB65:
 281              	.LBB56:
 282 014c 5A60     		str	r2, [r3, #4]
 283              		.loc 1 95 0
 284 014e D0F8B010 		ldr	r1, [r0, #176]
 285 0152 9960     		str	r1, [r3, #8]
ARM GAS  /tmp/cc7xkf8l.s 			page 6


 286              		.loc 1 96 0
 287 0154 D0F8B420 		ldr	r2, [r0, #180]
 288 0158 DA60     		str	r2, [r3, #12]
 289              		.loc 1 97 0
 290 015a D0F8B810 		ldr	r1, [r0, #184]
 291 015e 5961     		str	r1, [r3, #20]
 292              		.loc 1 98 0
 293 0160 D0F8BC20 		ldr	r2, [r0, #188]
 294 0164 1A62     		str	r2, [r3, #32]
 295              		.loc 1 99 0
 296 0166 D0F8C010 		ldr	r1, [r0, #192]
 297 016a 5962     		str	r1, [r3, #36]
 298              		.loc 1 100 0
 299 016c D0F8A820 		ldr	r2, [r0, #168]
 300              	.LBE56:
 301              	.LBE65:
 302              	.LBB66:
 303              	.LBB62:
 304              		.loc 1 94 0
 305 0170 C4F2020C 		movt	ip, 16386
 306              	.LBE62:
 307              	.LBE66:
 308              	.LBB67:
 309              	.LBB57:
 310              		.loc 1 100 0
 311 0174 1A60     		str	r2, [r3, #0]
 312              	.LVL8:
 313              	.LBE57:
 314              	.LBE67:
 315              	.LBB68:
 316              	.LBB63:
 317              		.loc 1 94 0
 318 0176 D0F8C810 		ldr	r1, [r0, #200]
 319 017a CCF80410 		str	r1, [ip, #4]
 320              		.loc 1 95 0
 321 017e D0F8CC20 		ldr	r2, [r0, #204]
 322 0182 CCF80820 		str	r2, [ip, #8]
 323              		.loc 1 96 0
 324 0186 D0F8D030 		ldr	r3, [r0, #208]
 325 018a CCF80C30 		str	r3, [ip, #12]
 326              		.loc 1 97 0
 327 018e D0F8D410 		ldr	r1, [r0, #212]
 328 0192 CCF81410 		str	r1, [ip, #20]
 329              		.loc 1 98 0
 330 0196 D0F8D820 		ldr	r2, [r0, #216]
 331 019a CCF82020 		str	r2, [ip, #32]
 332              		.loc 1 99 0
 333 019e D0F8DC30 		ldr	r3, [r0, #220]
 334 01a2 CCF82430 		str	r3, [ip, #36]
 335              		.loc 1 100 0
 336 01a6 D0F8C410 		ldr	r1, [r0, #196]
 337              	.LBE63:
 338              	.LBE68:
 339              	.LBB69:
 340              	.LBB70:
 341              		.loc 1 94 0
 342 01aa 4FF40053 		mov	r3, #8192
ARM GAS  /tmp/cc7xkf8l.s 			page 7


 343              	.LBE70:
 344              	.LBE69:
 345              	.LBB72:
 346              	.LBB64:
 347              		.loc 1 100 0
 348 01ae CCF80010 		str	r1, [ip, #0]
 349              	.LVL9:
 350              	.LBE64:
 351              	.LBE72:
 352              	.LBB73:
 353              	.LBB71:
 354              		.loc 1 94 0
 355 01b2 D0F8E420 		ldr	r2, [r0, #228]
 356 01b6 C4F20203 		movt	r3, 16386
 357 01ba 5A60     		str	r2, [r3, #4]
 358              		.loc 1 95 0
 359 01bc D0F8E810 		ldr	r1, [r0, #232]
 360 01c0 9960     		str	r1, [r3, #8]
 361              		.loc 1 96 0
 362 01c2 D0F8EC20 		ldr	r2, [r0, #236]
 363 01c6 DA60     		str	r2, [r3, #12]
 364              		.loc 1 97 0
 365 01c8 D0F8F010 		ldr	r1, [r0, #240]
 366 01cc 5961     		str	r1, [r3, #20]
 367              		.loc 1 98 0
 368 01ce D0F8F420 		ldr	r2, [r0, #244]
 369 01d2 1A62     		str	r2, [r3, #32]
 370              		.loc 1 99 0
 371 01d4 D0F8F810 		ldr	r1, [r0, #248]
 372 01d8 5962     		str	r1, [r3, #36]
 373              		.loc 1 100 0
 374 01da D0F8E020 		ldr	r2, [r0, #224]
 375 01de 1A60     		str	r2, [r3, #0]
 376              	.LBE71:
 377              	.LBE73:
 378              		.loc 1 166 0
 379 01e0 7047     		bx	lr
 380              		.cfi_endproc
 381              	.LFE119:
 382              		.size	_pal_lld_init, .-_pal_lld_init
 383 01e2 00BFAFF3 		.section	.text._pal_lld_setgroupmode,"ax",%progbits
 383      0080AFF3 
 383      0080AFF3 
 383      0080
 384              		.align	2
 385              		.p2align 4,,15
 386              		.global	_pal_lld_setgroupmode
 387              		.thumb
 388              		.thumb_func
 389              		.type	_pal_lld_setgroupmode, %function
 390              	_pal_lld_setgroupmode:
 391              	.LFB120:
 392              		.loc 1 184 0
 393              		.cfi_startproc
 394              		@ args = 0, pretend = 0, frame = 0
 395              		@ frame_needed = 0, uses_anonymous_args = 0
 396              		@ link register save eliminated.
ARM GAS  /tmp/cc7xkf8l.s 			page 8


 397              	.LVL10:
 398 0000 2DE9F00F 		push	{r4, r5, r6, r7, r8, r9, sl, fp}
 399              	.LCFI0:
 400              		.cfi_def_cfa_offset 32
 401              		.cfi_offset 11, -4
 402              		.cfi_offset 10, -8
 403              		.cfi_offset 9, -12
 404              		.cfi_offset 8, -16
 405              		.cfi_offset 7, -20
 406              		.cfi_offset 6, -24
 407              		.cfi_offset 5, -28
 408              		.cfi_offset 4, -32
 409              		.loc 1 186 0
 410 0004 02F00307 		and	r7, r2, #3
 411              	.LVL11:
 412              		.loc 1 187 0
 413 0008 C2F38006 		ubfx	r6, r2, #2, #1
 414              	.LVL12:
 415              		.loc 1 188 0
 416 000c C2F3C105 		ubfx	r5, r2, #3, #2
 417              	.LVL13:
 418              		.loc 1 189 0
 419 0010 C2F34114 		ubfx	r4, r2, #5, #2
 420              	.LVL14:
 421              		.loc 1 190 0
 422 0014 C2F3C312 		ubfx	r2, r2, #7, #4
 423              	.LVL15:
 424              		.loc 1 191 0
 425 0018 0023     		movs	r3, #0
 426              	.LBB74:
 427              		.loc 1 197 0
 428 001a 4FF00F09 		mov	r9, #15
 429              		.loc 1 202 0
 430 001e 4FF0010B 		mov	fp, #1
 431              		.loc 1 204 0
 432 0022 9246     		mov	sl, r2
 433 0024 04E0     		b	.L7
 434              	.LVL16:
 435              	.L9:
 436              	.LBE74:
 437              		.loc 1 212 0
 438 0026 7600     		lsls	r6, r6, #1
 439              	.LVL17:
 440              		.loc 1 213 0
 441 0028 AD00     		lsls	r5, r5, #2
 442              	.LVL18:
 443              		.loc 1 214 0
 444 002a A400     		lsls	r4, r4, #2
 445              	.LVL19:
 446              		.loc 1 215 0
 447 002c BF00     		lsls	r7, r7, #2
 448              	.LVL20:
 449              		.loc 1 216 0
 450 002e 0133     		adds	r3, r3, #1
 451              	.LVL21:
 452              	.L7:
 453              		.loc 1 193 0
ARM GAS  /tmp/cc7xkf8l.s 			page 9


 454 0030 CA07     		lsls	r2, r1, #31
 455 0032 3ED5     		bpl	.L3
 456              	.LBB75:
 457              		.loc 1 198 0
 458 0034 072B     		cmp	r3, #7
 459              		.loc 1 196 0
 460 0036 03F00702 		and	r2, r3, #7
 461              		.loc 1 199 0
 462 003a 94BF     		ite	ls
 463 003c D0F82080 		ldrls	r8, [r0, #32]
 464              		.loc 1 201 0
 465 0040 D0F82480 		ldrhi	r8, [r0, #36]
 466              		.loc 1 196 0
 467 0044 4FEA820C 		lsl	ip, r2, #2
 468 0048 0AFA0CF2 		lsl	r2, sl, ip
 469              	.LVL22:
 470              		.loc 1 197 0
 471 004c 09FA0CFC 		lsl	ip, r9, ip
 472              	.LVL23:
 473              		.loc 1 199 0
 474 0050 95BF     		itete	ls
 475 0052 28EA0C0C 		bicls	ip, r8, ip
 476              	.LVL24:
 477              		.loc 1 201 0
 478 0056 28EA0C0C 		bichi	ip, r8, ip
 479              		.loc 1 199 0
 480 005a 4CEA0202 		orrls	r2, ip, r2
 481              	.LVL25:
 482              		.loc 1 201 0
 483 005e 4CEA0202 		orrhi	r2, ip, r2
 484              		.loc 1 199 0
 485 0062 94BF     		ite	ls
 486 0064 0262     		strls	r2, [r0, #32]
 487              		.loc 1 201 0
 488 0066 4262     		strhi	r2, [r0, #36]
 489              		.loc 1 203 0
 490 0068 4268     		ldr	r2, [r0, #4]
 491              		.loc 1 202 0
 492 006a 0BFA03FC 		lsl	ip, fp, r3
 493              		.loc 1 203 0
 494 006e 22EA0C08 		bic	r8, r2, ip
 495 0072 48EA0602 		orr	r2, r8, r6
 496 0076 4260     		str	r2, [r0, #4]
 497              	.LVL26:
 498              		.loc 1 204 0
 499 0078 4FF00308 		mov	r8, #3
 500              		.loc 1 182 0
 501 007c 5A00     		lsls	r2, r3, #1
 502              		.loc 1 205 0
 503 007e D0F808C0 		ldr	ip, [r0, #8]
 504              		.loc 1 204 0
 505 0082 08FA02F2 		lsl	r2, r8, r2
 506              		.loc 1 205 0
 507 0086 D243     		mvns	r2, r2
 508 0088 02EA0C0C 		and	ip, r2, ip
 509 008c 4CEA050C 		orr	ip, ip, r5
 510 0090 C0F808C0 		str	ip, [r0, #8]
ARM GAS  /tmp/cc7xkf8l.s 			page 10


 511              		.loc 1 206 0
 512 0094 D0F80CC0 		ldr	ip, [r0, #12]
 513 0098 02EA0C0C 		and	ip, r2, ip
 514 009c 4CEA040C 		orr	ip, ip, r4
 515 00a0 C0F80CC0 		str	ip, [r0, #12]
 516              		.loc 1 207 0
 517 00a4 D0F800C0 		ldr	ip, [r0, #0]
 518 00a8 02EA0C0C 		and	ip, r2, ip
 519 00ac 4CEA0702 		orr	r2, ip, r7
 520 00b0 0260     		str	r2, [r0, #0]
 521              	.LVL27:
 522              	.L3:
 523              	.LBE75:
 524              		.loc 1 210 0
 525 00b2 4908     		lsrs	r1, r1, #1
 526              	.LVL28:
 527 00b4 B7D1     		bne	.L9
 528              		.loc 1 218 0
 529 00b6 BDE8F00F 		pop	{r4, r5, r6, r7, r8, r9, sl, fp}
 530 00ba 7047     		bx	lr
 531              		.cfi_endproc
 532              	.LFE120:
 533              		.size	_pal_lld_setgroupmode, .-_pal_lld_setgroupmode
 534 00bc AFF30080 		.text
 535              	.Letext0:
 536              		.file 2 "/home/lithium/Documents/arm-2011q3/bin/../lib/gcc/arm-none-eabi/4.6.1/../../../../arm-non
 537              		.file 3 "../../os/hal/platforms/STM32F4xx/stm32f4xx.h"
 538              		.file 4 "../../os/hal/platforms/STM32/GPIOv2/pal_lld.h"
 539              		.file 5 "../../os/ports/common/ARMCMx/CMSIS/include/core_cm4.h"
 540              		.section	.debug_info,"",%progbits
 541              	.Ldebug_info0:
 542 0000 6E070000 		.4byte	0x76e
 543 0004 0200     		.2byte	0x2
 544 0006 00000000 		.4byte	.Ldebug_abbrev0
 545 000a 04       		.byte	0x4
 546 000b 01       		.uleb128 0x1
 547 000c 76020000 		.4byte	.LASF84
 548 0010 01       		.byte	0x1
 549 0011 36020000 		.4byte	.LASF85
 550 0015 A3010000 		.4byte	.LASF86
 551 0019 00000000 		.4byte	0
 552 001d 00000000 		.4byte	0
 553 0021 38010000 		.4byte	.Ldebug_ranges0+0x138
 554 0025 00000000 		.4byte	.Ldebug_line0
 555 0029 02       		.uleb128 0x2
 556 002a 04       		.byte	0x4
 557 002b 05       		.byte	0x5
 558 002c 696E7400 		.ascii	"int\000"
 559 0030 03       		.uleb128 0x3
 560 0031 04       		.byte	0x4
 561 0032 07       		.byte	0x7
 562 0033 4D030000 		.4byte	.LASF0
 563 0037 03       		.uleb128 0x3
 564 0038 01       		.byte	0x1
 565 0039 06       		.byte	0x6
 566 003a 70010000 		.4byte	.LASF1
 567 003e 03       		.uleb128 0x3
ARM GAS  /tmp/cc7xkf8l.s 			page 11


 568 003f 01       		.byte	0x1
 569 0040 08       		.byte	0x8
 570 0041 5A010000 		.4byte	.LASF2
 571 0045 03       		.uleb128 0x3
 572 0046 02       		.byte	0x2
 573 0047 05       		.byte	0x5
 574 0048 60000000 		.4byte	.LASF3
 575 004c 04       		.uleb128 0x4
 576 004d E7010000 		.4byte	.LASF5
 577 0051 02       		.byte	0x2
 578 0052 36       		.byte	0x36
 579 0053 57000000 		.4byte	0x57
 580 0057 03       		.uleb128 0x3
 581 0058 02       		.byte	0x2
 582 0059 07       		.byte	0x7
 583 005a 14020000 		.4byte	.LASF4
 584 005e 04       		.uleb128 0x4
 585 005f 64020000 		.4byte	.LASF6
 586 0063 02       		.byte	0x2
 587 0064 4F       		.byte	0x4f
 588 0065 69000000 		.4byte	0x69
 589 0069 03       		.uleb128 0x3
 590 006a 04       		.byte	0x4
 591 006b 05       		.byte	0x5
 592 006c 07010000 		.4byte	.LASF7
 593 0070 04       		.uleb128 0x4
 594 0071 93010000 		.4byte	.LASF8
 595 0075 02       		.byte	0x2
 596 0076 50       		.byte	0x50
 597 0077 7B000000 		.4byte	0x7b
 598 007b 03       		.uleb128 0x3
 599 007c 04       		.byte	0x4
 600 007d 07       		.byte	0x7
 601 007e F0010000 		.4byte	.LASF9
 602 0082 03       		.uleb128 0x3
 603 0083 08       		.byte	0x8
 604 0084 05       		.byte	0x5
 605 0085 EB000000 		.4byte	.LASF10
 606 0089 03       		.uleb128 0x3
 607 008a 08       		.byte	0x8
 608 008b 07       		.byte	0x7
 609 008c 7C010000 		.4byte	.LASF11
 610 0090 03       		.uleb128 0x3
 611 0091 01       		.byte	0x1
 612 0092 02       		.byte	0x2
 613 0093 82020000 		.4byte	.LASF12
 614 0097 05       		.uleb128 0x5
 615 0098 70000000 		.4byte	0x70
 616 009c 03       		.uleb128 0x3
 617 009d 01       		.byte	0x1
 618 009e 08       		.byte	0x8
 619 009f 31020000 		.4byte	.LASF13
 620 00a3 06       		.uleb128 0x6
 621 00a4 70000000 		.4byte	0x70
 622 00a8 B3000000 		.4byte	0xb3
 623 00ac 07       		.uleb128 0x7
 624 00ad 30000000 		.4byte	0x30
ARM GAS  /tmp/cc7xkf8l.s 			page 12


 625 00b1 01       		.byte	0x1
 626 00b2 00       		.byte	0
 627 00b3 05       		.uleb128 0x5
 628 00b4 5E000000 		.4byte	0x5e
 629 00b8 08       		.uleb128 0x8
 630 00b9 90       		.byte	0x90
 631 00ba 03       		.byte	0x3
 632 00bb 5804     		.2byte	0x458
 633 00bd A5020000 		.4byte	0x2a5
 634 00c1 09       		.uleb128 0x9
 635 00c2 435200   		.ascii	"CR\000"
 636 00c5 03       		.byte	0x3
 637 00c6 5A04     		.2byte	0x45a
 638 00c8 97000000 		.4byte	0x97
 639 00cc 02       		.byte	0x2
 640 00cd 23       		.byte	0x23
 641 00ce 00       		.uleb128 0
 642 00cf 0A       		.uleb128 0xa
 643 00d0 07020000 		.4byte	.LASF14
 644 00d4 03       		.byte	0x3
 645 00d5 5B04     		.2byte	0x45b
 646 00d7 97000000 		.4byte	0x97
 647 00db 02       		.byte	0x2
 648 00dc 23       		.byte	0x23
 649 00dd 04       		.uleb128 0x4
 650 00de 0A       		.uleb128 0xa
 651 00df 5A030000 		.4byte	.LASF15
 652 00e3 03       		.byte	0x3
 653 00e4 5C04     		.2byte	0x45c
 654 00e6 97000000 		.4byte	0x97
 655 00ea 02       		.byte	0x2
 656 00eb 23       		.byte	0x23
 657 00ec 08       		.uleb128 0x8
 658 00ed 09       		.uleb128 0x9
 659 00ee 43495200 		.ascii	"CIR\000"
 660 00f2 03       		.byte	0x3
 661 00f3 5D04     		.2byte	0x45d
 662 00f5 97000000 		.4byte	0x97
 663 00f9 02       		.byte	0x2
 664 00fa 23       		.byte	0x23
 665 00fb 0C       		.uleb128 0xc
 666 00fc 0A       		.uleb128 0xa
 667 00fd 13030000 		.4byte	.LASF16
 668 0101 03       		.byte	0x3
 669 0102 5E04     		.2byte	0x45e
 670 0104 97000000 		.4byte	0x97
 671 0108 02       		.byte	0x2
 672 0109 23       		.byte	0x23
 673 010a 10       		.uleb128 0x10
 674 010b 0A       		.uleb128 0xa
 675 010c 3F010000 		.4byte	.LASF17
 676 0110 03       		.byte	0x3
 677 0111 5F04     		.2byte	0x45f
 678 0113 97000000 		.4byte	0x97
 679 0117 02       		.byte	0x2
 680 0118 23       		.byte	0x23
 681 0119 14       		.uleb128 0x14
ARM GAS  /tmp/cc7xkf8l.s 			page 13


 682 011a 0A       		.uleb128 0xa
 683 011b 29030000 		.4byte	.LASF18
 684 011f 03       		.byte	0x3
 685 0120 6004     		.2byte	0x460
 686 0122 97000000 		.4byte	0x97
 687 0126 02       		.byte	0x2
 688 0127 23       		.byte	0x23
 689 0128 18       		.uleb128 0x18
 690 0129 0A       		.uleb128 0xa
 691 012a A3020000 		.4byte	.LASF19
 692 012e 03       		.byte	0x3
 693 012f 6104     		.2byte	0x461
 694 0131 70000000 		.4byte	0x70
 695 0135 02       		.byte	0x2
 696 0136 23       		.byte	0x23
 697 0137 1C       		.uleb128 0x1c
 698 0138 0A       		.uleb128 0xa
 699 0139 27000000 		.4byte	.LASF20
 700 013d 03       		.byte	0x3
 701 013e 6204     		.2byte	0x462
 702 0140 97000000 		.4byte	0x97
 703 0144 02       		.byte	0x2
 704 0145 23       		.byte	0x23
 705 0146 20       		.uleb128 0x20
 706 0147 0A       		.uleb128 0xa
 707 0148 29010000 		.4byte	.LASF21
 708 014c 03       		.byte	0x3
 709 014d 6304     		.2byte	0x463
 710 014f 97000000 		.4byte	0x97
 711 0153 02       		.byte	0x2
 712 0154 23       		.byte	0x23
 713 0155 24       		.uleb128 0x24
 714 0156 0A       		.uleb128 0xa
 715 0157 AD020000 		.4byte	.LASF22
 716 015b 03       		.byte	0x3
 717 015c 6404     		.2byte	0x464
 718 015e A3000000 		.4byte	0xa3
 719 0162 02       		.byte	0x2
 720 0163 23       		.byte	0x23
 721 0164 28       		.uleb128 0x28
 722 0165 0A       		.uleb128 0xa
 723 0166 F0020000 		.4byte	.LASF23
 724 016a 03       		.byte	0x3
 725 016b 6504     		.2byte	0x465
 726 016d 97000000 		.4byte	0x97
 727 0171 02       		.byte	0x2
 728 0172 23       		.byte	0x23
 729 0173 30       		.uleb128 0x30
 730 0174 0A       		.uleb128 0xa
 731 0175 30000000 		.4byte	.LASF24
 732 0179 03       		.byte	0x3
 733 017a 6604     		.2byte	0x466
 734 017c 97000000 		.4byte	0x97
 735 0180 02       		.byte	0x2
 736 0181 23       		.byte	0x23
 737 0182 34       		.uleb128 0x34
 738 0183 0A       		.uleb128 0xa
ARM GAS  /tmp/cc7xkf8l.s 			page 14


 739 0184 DB000000 		.4byte	.LASF25
 740 0188 03       		.byte	0x3
 741 0189 6704     		.2byte	0x467
 742 018b 97000000 		.4byte	0x97
 743 018f 02       		.byte	0x2
 744 0190 23       		.byte	0x23
 745 0191 38       		.uleb128 0x38
 746 0192 0A       		.uleb128 0xa
 747 0193 B7020000 		.4byte	.LASF26
 748 0197 03       		.byte	0x3
 749 0198 6804     		.2byte	0x468
 750 019a 70000000 		.4byte	0x70
 751 019e 02       		.byte	0x2
 752 019f 23       		.byte	0x23
 753 01a0 3C       		.uleb128 0x3c
 754 01a1 0A       		.uleb128 0xa
 755 01a2 B7000000 		.4byte	.LASF27
 756 01a6 03       		.byte	0x3
 757 01a7 6904     		.2byte	0x469
 758 01a9 97000000 		.4byte	0x97
 759 01ad 02       		.byte	0x2
 760 01ae 23       		.byte	0x23
 761 01af 40       		.uleb128 0x40
 762 01b0 0A       		.uleb128 0xa
 763 01b1 68010000 		.4byte	.LASF28
 764 01b5 03       		.byte	0x3
 765 01b6 6A04     		.2byte	0x46a
 766 01b8 97000000 		.4byte	0x97
 767 01bc 02       		.byte	0x2
 768 01bd 23       		.byte	0x23
 769 01be 44       		.uleb128 0x44
 770 01bf 0A       		.uleb128 0xa
 771 01c0 C1020000 		.4byte	.LASF29
 772 01c4 03       		.byte	0x3
 773 01c5 6B04     		.2byte	0x46b
 774 01c7 A3000000 		.4byte	0xa3
 775 01cb 02       		.byte	0x2
 776 01cc 23       		.byte	0x23
 777 01cd 48       		.uleb128 0x48
 778 01ce 0A       		.uleb128 0xa
 779 01cf 00000000 		.4byte	.LASF30
 780 01d3 03       		.byte	0x3
 781 01d4 6C04     		.2byte	0x46c
 782 01d6 97000000 		.4byte	0x97
 783 01da 02       		.byte	0x2
 784 01db 23       		.byte	0x23
 785 01dc 50       		.uleb128 0x50
 786 01dd 0A       		.uleb128 0xa
 787 01de 8D020000 		.4byte	.LASF31
 788 01e2 03       		.byte	0x3
 789 01e3 6D04     		.2byte	0x46d
 790 01e5 97000000 		.4byte	0x97
 791 01e9 02       		.byte	0x2
 792 01ea 23       		.byte	0x23
 793 01eb 54       		.uleb128 0x54
 794 01ec 0A       		.uleb128 0xa
 795 01ed 9D000000 		.4byte	.LASF32
ARM GAS  /tmp/cc7xkf8l.s 			page 15


 796 01f1 03       		.byte	0x3
 797 01f2 6E04     		.2byte	0x46e
 798 01f4 97000000 		.4byte	0x97
 799 01f8 02       		.byte	0x2
 800 01f9 23       		.byte	0x23
 801 01fa 58       		.uleb128 0x58
 802 01fb 0A       		.uleb128 0xa
 803 01fc CB020000 		.4byte	.LASF33
 804 0200 03       		.byte	0x3
 805 0201 6F04     		.2byte	0x46f
 806 0203 70000000 		.4byte	0x70
 807 0207 02       		.byte	0x2
 808 0208 23       		.byte	0x23
 809 0209 5C       		.uleb128 0x5c
 810 020a 0A       		.uleb128 0xa
 811 020b 27020000 		.4byte	.LASF34
 812 020f 03       		.byte	0x3
 813 0210 7004     		.2byte	0x470
 814 0212 97000000 		.4byte	0x97
 815 0216 02       		.byte	0x2
 816 0217 23       		.byte	0x23
 817 0218 60       		.uleb128 0x60
 818 0219 0A       		.uleb128 0xa
 819 021a 6F030000 		.4byte	.LASF35
 820 021e 03       		.byte	0x3
 821 021f 7104     		.2byte	0x471
 822 0221 97000000 		.4byte	0x97
 823 0225 02       		.byte	0x2
 824 0226 23       		.byte	0x23
 825 0227 64       		.uleb128 0x64
 826 0228 0A       		.uleb128 0xa
 827 0229 D5020000 		.4byte	.LASF36
 828 022d 03       		.byte	0x3
 829 022e 7204     		.2byte	0x472
 830 0230 A3000000 		.4byte	0xa3
 831 0234 02       		.byte	0x2
 832 0235 23       		.byte	0x23
 833 0236 68       		.uleb128 0x68
 834 0237 0A       		.uleb128 0xa
 835 0238 79000000 		.4byte	.LASF37
 836 023c 03       		.byte	0x3
 837 023d 7304     		.2byte	0x473
 838 023f 97000000 		.4byte	0x97
 839 0243 02       		.byte	0x2
 840 0244 23       		.byte	0x23
 841 0245 70       		.uleb128 0x70
 842 0246 09       		.uleb128 0x9
 843 0247 43535200 		.ascii	"CSR\000"
 844 024b 03       		.byte	0x3
 845 024c 7404     		.2byte	0x474
 846 024e 97000000 		.4byte	0x97
 847 0252 02       		.byte	0x2
 848 0253 23       		.byte	0x23
 849 0254 74       		.uleb128 0x74
 850 0255 0A       		.uleb128 0xa
 851 0256 DF020000 		.4byte	.LASF38
 852 025a 03       		.byte	0x3
ARM GAS  /tmp/cc7xkf8l.s 			page 16


 853 025b 7504     		.2byte	0x475
 854 025d A3000000 		.4byte	0xa3
 855 0261 02       		.byte	0x2
 856 0262 23       		.byte	0x23
 857 0263 78       		.uleb128 0x78
 858 0264 0A       		.uleb128 0xa
 859 0265 90000000 		.4byte	.LASF39
 860 0269 03       		.byte	0x3
 861 026a 7604     		.2byte	0x476
 862 026c 97000000 		.4byte	0x97
 863 0270 03       		.byte	0x3
 864 0271 23       		.byte	0x23
 865 0272 8001     		.uleb128 0x80
 866 0274 0A       		.uleb128 0xa
 867 0275 85000000 		.4byte	.LASF40
 868 0279 03       		.byte	0x3
 869 027a 7704     		.2byte	0x477
 870 027c 97000000 		.4byte	0x97
 871 0280 03       		.byte	0x3
 872 0281 23       		.byte	0x23
 873 0282 8401     		.uleb128 0x84
 874 0284 0A       		.uleb128 0xa
 875 0285 5F030000 		.4byte	.LASF41
 876 0289 03       		.byte	0x3
 877 028a 7804     		.2byte	0x478
 878 028c 97000000 		.4byte	0x97
 879 0290 03       		.byte	0x3
 880 0291 23       		.byte	0x23
 881 0292 8801     		.uleb128 0x88
 882 0294 0A       		.uleb128 0xa
 883 0295 D3000000 		.4byte	.LASF42
 884 0299 03       		.byte	0x3
 885 029a 7904     		.2byte	0x479
 886 029c 97000000 		.4byte	0x97
 887 02a0 03       		.byte	0x3
 888 02a1 23       		.byte	0x23
 889 02a2 8C01     		.uleb128 0x8c
 890 02a4 00       		.byte	0
 891 02a5 0B       		.uleb128 0xb
 892 02a6 17010000 		.4byte	.LASF43
 893 02aa 03       		.byte	0x3
 894 02ab 7B04     		.2byte	0x47b
 895 02ad B8000000 		.4byte	0xb8
 896 02b1 0C       		.uleb128 0xc
 897 02b2 04       		.byte	0x4
 898 02b3 04       		.byte	0x4
 899 02b4 96       		.byte	0x96
 900 02b5 D6020000 		.4byte	0x2d6
 901 02b9 0D       		.uleb128 0xd
 902 02ba 73657400 		.ascii	"set\000"
 903 02be 04       		.byte	0x4
 904 02bf 97       		.byte	0x97
 905 02c0 4C000000 		.4byte	0x4c
 906 02c4 02       		.byte	0x2
 907 02c5 23       		.byte	0x23
 908 02c6 00       		.uleb128 0
 909 02c7 0E       		.uleb128 0xe
ARM GAS  /tmp/cc7xkf8l.s 			page 17


 910 02c8 32010000 		.4byte	.LASF44
 911 02cc 04       		.byte	0x4
 912 02cd 98       		.byte	0x98
 913 02ce 4C000000 		.4byte	0x4c
 914 02d2 02       		.byte	0x2
 915 02d3 23       		.byte	0x23
 916 02d4 02       		.uleb128 0x2
 917 02d5 00       		.byte	0
 918 02d6 0F       		.uleb128 0xf
 919 02d7 04       		.byte	0x4
 920 02d8 04       		.byte	0x4
 921 02d9 94       		.byte	0x94
 922 02da F1020000 		.4byte	0x2f1
 923 02de 10       		.uleb128 0x10
 924 02df 5700     		.ascii	"W\000"
 925 02e1 04       		.byte	0x4
 926 02e2 95       		.byte	0x95
 927 02e3 70000000 		.4byte	0x70
 928 02e7 10       		.uleb128 0x10
 929 02e8 4800     		.ascii	"H\000"
 930 02ea 04       		.byte	0x4
 931 02eb 99       		.byte	0x99
 932 02ec B1020000 		.4byte	0x2b1
 933 02f0 00       		.byte	0
 934 02f1 0C       		.uleb128 0xc
 935 02f2 28       		.byte	0x28
 936 02f3 04       		.byte	0x4
 937 02f4 8C       		.byte	0x8c
 938 02f5 86030000 		.4byte	0x386
 939 02f9 0E       		.uleb128 0xe
 940 02fa 23010000 		.4byte	.LASF45
 941 02fe 04       		.byte	0x4
 942 02ff 8E       		.byte	0x8e
 943 0300 97000000 		.4byte	0x97
 944 0304 02       		.byte	0x2
 945 0305 23       		.byte	0x23
 946 0306 00       		.uleb128 0
 947 0307 0E       		.uleb128 0xe
 948 0308 CC000000 		.4byte	.LASF46
 949 030c 04       		.byte	0x4
 950 030d 8F       		.byte	0x8f
 951 030e 97000000 		.4byte	0x97
 952 0312 02       		.byte	0x2
 953 0313 23       		.byte	0x23
 954 0314 04       		.uleb128 0x4
 955 0315 0E       		.uleb128 0xe
 956 0316 E3000000 		.4byte	.LASF47
 957 031a 04       		.byte	0x4
 958 031b 90       		.byte	0x90
 959 031c 97000000 		.4byte	0x97
 960 0320 02       		.byte	0x2
 961 0321 23       		.byte	0x23
 962 0322 08       		.uleb128 0x8
 963 0323 0E       		.uleb128 0xe
 964 0324 F9000000 		.4byte	.LASF48
 965 0328 04       		.byte	0x4
 966 0329 91       		.byte	0x91
ARM GAS  /tmp/cc7xkf8l.s 			page 18


 967 032a 97000000 		.4byte	0x97
 968 032e 02       		.byte	0x2
 969 032f 23       		.byte	0x23
 970 0330 0C       		.uleb128 0xc
 971 0331 0D       		.uleb128 0xd
 972 0332 49445200 		.ascii	"IDR\000"
 973 0336 04       		.byte	0x4
 974 0337 92       		.byte	0x92
 975 0338 97000000 		.4byte	0x97
 976 033c 02       		.byte	0x2
 977 033d 23       		.byte	0x23
 978 033e 10       		.uleb128 0x10
 979 033f 0D       		.uleb128 0xd
 980 0340 4F445200 		.ascii	"ODR\000"
 981 0344 04       		.byte	0x4
 982 0345 93       		.byte	0x93
 983 0346 97000000 		.4byte	0x97
 984 034a 02       		.byte	0x2
 985 034b 23       		.byte	0x23
 986 034c 14       		.uleb128 0x14
 987 034d 0E       		.uleb128 0xe
 988 034e 79030000 		.4byte	.LASF49
 989 0352 04       		.byte	0x4
 990 0353 9A       		.byte	0x9a
 991 0354 86030000 		.4byte	0x386
 992 0358 02       		.byte	0x2
 993 0359 23       		.byte	0x23
 994 035a 18       		.uleb128 0x18
 995 035b 0E       		.uleb128 0xe
 996 035c 6A030000 		.4byte	.LASF50
 997 0360 04       		.byte	0x4
 998 0361 9B       		.byte	0x9b
 999 0362 97000000 		.4byte	0x97
 1000 0366 02       		.byte	0x2
 1001 0367 23       		.byte	0x23
 1002 0368 1C       		.uleb128 0x1c
 1003 0369 0E       		.uleb128 0xe
 1004 036a 0F020000 		.4byte	.LASF51
 1005 036e 04       		.byte	0x4
 1006 036f 9C       		.byte	0x9c
 1007 0370 97000000 		.4byte	0x97
 1008 0374 02       		.byte	0x2
 1009 0375 23       		.byte	0x23
 1010 0376 20       		.uleb128 0x20
 1011 0377 0E       		.uleb128 0xe
 1012 0378 02020000 		.4byte	.LASF52
 1013 037c 04       		.byte	0x4
 1014 037d 9D       		.byte	0x9d
 1015 037e 97000000 		.4byte	0x97
 1016 0382 02       		.byte	0x2
 1017 0383 23       		.byte	0x23
 1018 0384 24       		.uleb128 0x24
 1019 0385 00       		.byte	0
 1020 0386 05       		.uleb128 0x5
 1021 0387 D6020000 		.4byte	0x2d6
 1022 038b 04       		.uleb128 0x4
 1023 038c 1C030000 		.4byte	.LASF53
ARM GAS  /tmp/cc7xkf8l.s 			page 19


 1024 0390 04       		.byte	0x4
 1025 0391 9E       		.byte	0x9e
 1026 0392 F1020000 		.4byte	0x2f1
 1027 0396 0C       		.uleb128 0xc
 1028 0397 1C       		.byte	0x1c
 1029 0398 04       		.byte	0x4
 1030 0399 A3       		.byte	0xa3
 1031 039a 01040000 		.4byte	0x401
 1032 039e 0E       		.uleb128 0xe
 1033 039f 0D030000 		.4byte	.LASF54
 1034 03a3 04       		.byte	0x4
 1035 03a4 A5       		.byte	0xa5
 1036 03a5 70000000 		.4byte	0x70
 1037 03a9 02       		.byte	0x2
 1038 03aa 23       		.byte	0x23
 1039 03ab 00       		.uleb128 0
 1040 03ac 0E       		.uleb128 0xe
 1041 03ad 9C010000 		.4byte	.LASF55
 1042 03b1 04       		.byte	0x4
 1043 03b2 A7       		.byte	0xa7
 1044 03b3 70000000 		.4byte	0x70
 1045 03b7 02       		.byte	0x2
 1046 03b8 23       		.byte	0x23
 1047 03b9 04       		.uleb128 0x4
 1048 03ba 0E       		.uleb128 0xe
 1049 03bb FF000000 		.4byte	.LASF56
 1050 03bf 04       		.byte	0x4
 1051 03c0 A9       		.byte	0xa9
 1052 03c1 70000000 		.4byte	0x70
 1053 03c5 02       		.byte	0x2
 1054 03c6 23       		.byte	0x23
 1055 03c7 08       		.uleb128 0x8
 1056 03c8 0E       		.uleb128 0xe
 1057 03c9 FD020000 		.4byte	.LASF57
 1058 03cd 04       		.byte	0x4
 1059 03ce AB       		.byte	0xab
 1060 03cf 70000000 		.4byte	0x70
 1061 03d3 02       		.byte	0x2
 1062 03d4 23       		.byte	0x23
 1063 03d5 0C       		.uleb128 0xc
 1064 03d6 0D       		.uleb128 0xd
 1065 03d7 6F647200 		.ascii	"odr\000"
 1066 03db 04       		.byte	0x4
 1067 03dc AD       		.byte	0xad
 1068 03dd 70000000 		.4byte	0x70
 1069 03e1 02       		.byte	0x2
 1070 03e2 23       		.byte	0x23
 1071 03e3 10       		.uleb128 0x10
 1072 03e4 0E       		.uleb128 0xe
 1073 03e5 08030000 		.4byte	.LASF58
 1074 03e9 04       		.byte	0x4
 1075 03ea AF       		.byte	0xaf
 1076 03eb 70000000 		.4byte	0x70
 1077 03ef 02       		.byte	0x2
 1078 03f0 23       		.byte	0x23
 1079 03f1 14       		.uleb128 0x14
 1080 03f2 0E       		.uleb128 0xe
ARM GAS  /tmp/cc7xkf8l.s 			page 20


 1081 03f3 03030000 		.4byte	.LASF59
 1082 03f7 04       		.byte	0x4
 1083 03f8 B1       		.byte	0xb1
 1084 03f9 70000000 		.4byte	0x70
 1085 03fd 02       		.byte	0x2
 1086 03fe 23       		.byte	0x23
 1087 03ff 18       		.uleb128 0x18
 1088 0400 00       		.byte	0
 1089 0401 04       		.uleb128 0x4
 1090 0402 38000000 		.4byte	.LASF60
 1091 0406 04       		.byte	0x4
 1092 0407 B2       		.byte	0xb2
 1093 0408 96030000 		.4byte	0x396
 1094 040c 0C       		.uleb128 0xc
 1095 040d FC       		.byte	0xfc
 1096 040e 04       		.byte	0x4
 1097 040f BB       		.byte	0xbb
 1098 0410 97040000 		.4byte	0x497
 1099 0414 0E       		.uleb128 0xe
 1100 0415 48010000 		.4byte	.LASF61
 1101 0419 04       		.byte	0x4
 1102 041a BE       		.byte	0xbe
 1103 041b 01040000 		.4byte	0x401
 1104 041f 02       		.byte	0x2
 1105 0420 23       		.byte	0x23
 1106 0421 00       		.uleb128 0
 1107 0422 0E       		.uleb128 0xe
 1108 0423 96000000 		.4byte	.LASF62
 1109 0427 04       		.byte	0x4
 1110 0428 C2       		.byte	0xc2
 1111 0429 01040000 		.4byte	0x401
 1112 042d 02       		.byte	0x2
 1113 042e 23       		.byte	0x23
 1114 042f 1C       		.uleb128 0x1c
 1115 0430 0E       		.uleb128 0xe
 1116 0431 0A000000 		.4byte	.LASF63
 1117 0435 04       		.byte	0x4
 1118 0436 C6       		.byte	0xc6
 1119 0437 01040000 		.4byte	0x401
 1120 043b 02       		.byte	0x2
 1121 043c 23       		.byte	0x23
 1122 043d 38       		.uleb128 0x38
 1123 043e 0E       		.uleb128 0xe
 1124 043f 10010000 		.4byte	.LASF64
 1125 0443 04       		.byte	0x4
 1126 0444 CA       		.byte	0xca
 1127 0445 01040000 		.4byte	0x401
 1128 0449 02       		.byte	0x2
 1129 044a 23       		.byte	0x23
 1130 044b 54       		.uleb128 0x54
 1131 044c 0E       		.uleb128 0xe
 1132 044d 9C020000 		.4byte	.LASF65
 1133 0451 04       		.byte	0x4
 1134 0452 CE       		.byte	0xce
 1135 0453 01040000 		.4byte	0x401
 1136 0457 02       		.byte	0x2
 1137 0458 23       		.byte	0x23
ARM GAS  /tmp/cc7xkf8l.s 			page 21


 1138 0459 70       		.uleb128 0x70
 1139 045a 0E       		.uleb128 0xe
 1140 045b 4B000000 		.4byte	.LASF66
 1141 045f 04       		.byte	0x4
 1142 0460 D2       		.byte	0xd2
 1143 0461 01040000 		.4byte	0x401
 1144 0465 03       		.byte	0x3
 1145 0466 23       		.byte	0x23
 1146 0467 8C01     		.uleb128 0x8c
 1147 0469 0E       		.uleb128 0xe
 1148 046a 38010000 		.4byte	.LASF67
 1149 046e 04       		.byte	0x4
 1150 046f D6       		.byte	0xd6
 1151 0470 01040000 		.4byte	0x401
 1152 0474 03       		.byte	0x3
 1153 0475 23       		.byte	0x23
 1154 0476 A801     		.uleb128 0xa8
 1155 0478 0E       		.uleb128 0xe
 1156 0479 E9020000 		.4byte	.LASF68
 1157 047d 04       		.byte	0x4
 1158 047e DA       		.byte	0xda
 1159 047f 01040000 		.4byte	0x401
 1160 0483 03       		.byte	0x3
 1161 0484 23       		.byte	0x23
 1162 0485 C401     		.uleb128 0xc4
 1163 0487 0E       		.uleb128 0xe
 1164 0488 7E000000 		.4byte	.LASF69
 1165 048c 04       		.byte	0x4
 1166 048d DE       		.byte	0xde
 1167 048e 01040000 		.4byte	0x401
 1168 0492 03       		.byte	0x3
 1169 0493 23       		.byte	0x23
 1170 0494 E001     		.uleb128 0xe0
 1171 0496 00       		.byte	0
 1172 0497 04       		.uleb128 0x4
 1173 0498 6C020000 		.4byte	.LASF70
 1174 049c 04       		.byte	0x4
 1175 049d E0       		.byte	0xe0
 1176 049e 0C040000 		.4byte	0x40c
 1177 04a2 04       		.uleb128 0x4
 1178 04a3 BF000000 		.4byte	.LASF71
 1179 04a7 04       		.byte	0x4
 1180 04a8 F0       		.byte	0xf0
 1181 04a9 70000000 		.4byte	0x70
 1182 04ad 04       		.uleb128 0x4
 1183 04ae AE000000 		.4byte	.LASF72
 1184 04b2 04       		.byte	0x4
 1185 04b3 F5       		.byte	0xf5
 1186 04b4 70000000 		.4byte	0x70
 1187 04b8 04       		.uleb128 0x4
 1188 04b9 4F010000 		.4byte	.LASF73
 1189 04bd 04       		.byte	0x4
 1190 04be FD       		.byte	0xfd
 1191 04bf C3040000 		.4byte	0x4c3
 1192 04c3 11       		.uleb128 0x11
 1193 04c4 04       		.byte	0x4
 1194 04c5 8B030000 		.4byte	0x38b
ARM GAS  /tmp/cc7xkf8l.s 			page 22


 1195 04c9 12       		.uleb128 0x12
 1196 04ca 6A000000 		.4byte	.LASF87
 1197 04ce 01       		.byte	0x1
 1198 04cf 5C       		.byte	0x5c
 1199 04d0 01       		.byte	0x1
 1200 04d1 01       		.byte	0x1
 1201 04d2 ED040000 		.4byte	0x4ed
 1202 04d6 13       		.uleb128 0x13
 1203 04d7 73000000 		.4byte	.LASF74
 1204 04db 01       		.byte	0x1
 1205 04dc 5C       		.byte	0x5c
 1206 04dd C3040000 		.4byte	0x4c3
 1207 04e1 13       		.uleb128 0x13
 1208 04e2 A7000000 		.4byte	.LASF75
 1209 04e6 01       		.byte	0x1
 1210 04e7 5C       		.byte	0x5c
 1211 04e8 ED040000 		.4byte	0x4ed
 1212 04ec 00       		.byte	0
 1213 04ed 11       		.uleb128 0x11
 1214 04ee 04       		.byte	0x4
 1215 04ef F3040000 		.4byte	0x4f3
 1216 04f3 14       		.uleb128 0x14
 1217 04f4 01040000 		.4byte	0x401
 1218 04f8 15       		.uleb128 0x15
 1219 04f9 01       		.byte	0x1
 1220 04fa 52000000 		.4byte	.LASF76
 1221 04fe 01       		.byte	0x1
 1222 04ff 77       		.byte	0x77
 1223 0500 01       		.byte	0x1
 1224 0501 00000000 		.4byte	.LFB119
 1225 0505 E2010000 		.4byte	.LFE119
 1226 0509 02       		.byte	0x2
 1227 050a 7D       		.byte	0x7d
 1228 050b 00       		.sleb128 0
 1229 050c 74060000 		.4byte	0x674
 1230 0510 16       		.uleb128 0x16
 1231 0511 A7000000 		.4byte	.LASF75
 1232 0515 01       		.byte	0x1
 1233 0516 77       		.byte	0x77
 1234 0517 74060000 		.4byte	0x674
 1235 051b 01       		.byte	0x1
 1236 051c 50       		.byte	0x50
 1237 051d 17       		.uleb128 0x17
 1238 051e C9040000 		.4byte	0x4c9
 1239 0522 28000000 		.4byte	.LBB20
 1240 0526 00000000 		.4byte	.Ldebug_ranges0+0
 1241 052a 01       		.byte	0x1
 1242 052b 8C       		.byte	0x8c
 1243 052c 41050000 		.4byte	0x541
 1244 0530 18       		.uleb128 0x18
 1245 0531 E1040000 		.4byte	0x4e1
 1246 0535 01       		.byte	0x1
 1247 0536 50       		.byte	0x50
 1248 0537 19       		.uleb128 0x19
 1249 0538 D6040000 		.4byte	0x4d6
 1250 053c 00000240 		.4byte	0x40020000
 1251 0540 00       		.byte	0
ARM GAS  /tmp/cc7xkf8l.s 			page 23


 1252 0541 17       		.uleb128 0x17
 1253 0542 C9040000 		.4byte	0x4c9
 1254 0546 30000000 		.4byte	.LBB23
 1255 054a 18000000 		.4byte	.Ldebug_ranges0+0x18
 1256 054e 01       		.byte	0x1
 1257 054f 8F       		.byte	0x8f
 1258 0550 67050000 		.4byte	0x567
 1259 0554 18       		.uleb128 0x18
 1260 0555 E1040000 		.4byte	0x4e1
 1261 0559 03       		.byte	0x3
 1262 055a 70       		.byte	0x70
 1263 055b 1C       		.sleb128 28
 1264 055c 9F       		.byte	0x9f
 1265 055d 19       		.uleb128 0x19
 1266 055e D6040000 		.4byte	0x4d6
 1267 0562 00040240 		.4byte	0x40020400
 1268 0566 00       		.byte	0
 1269 0567 17       		.uleb128 0x17
 1270 0568 C9040000 		.4byte	0x4c9
 1271 056c 54000000 		.4byte	.LBB29
 1272 0570 38000000 		.4byte	.Ldebug_ranges0+0x38
 1273 0574 01       		.byte	0x1
 1274 0575 92       		.byte	0x92
 1275 0576 8D050000 		.4byte	0x58d
 1276 057a 18       		.uleb128 0x18
 1277 057b E1040000 		.4byte	0x4e1
 1278 057f 03       		.byte	0x3
 1279 0580 70       		.byte	0x70
 1280 0581 38       		.sleb128 56
 1281 0582 9F       		.byte	0x9f
 1282 0583 19       		.uleb128 0x19
 1283 0584 D6040000 		.4byte	0x4d6
 1284 0588 00080240 		.4byte	0x40020800
 1285 058c 00       		.byte	0
 1286 058d 17       		.uleb128 0x17
 1287 058e C9040000 		.4byte	0x4c9
 1288 0592 9E000000 		.4byte	.LBB35
 1289 0596 58000000 		.4byte	.Ldebug_ranges0+0x58
 1290 059a 01       		.byte	0x1
 1291 059b 95       		.byte	0x95
 1292 059c B4050000 		.4byte	0x5b4
 1293 05a0 18       		.uleb128 0x18
 1294 05a1 E1040000 		.4byte	0x4e1
 1295 05a5 04       		.byte	0x4
 1296 05a6 70       		.byte	0x70
 1297 05a7 D400     		.sleb128 84
 1298 05a9 9F       		.byte	0x9f
 1299 05aa 19       		.uleb128 0x19
 1300 05ab D6040000 		.4byte	0x4d6
 1301 05af 000C0240 		.4byte	0x40020c00
 1302 05b3 00       		.byte	0
 1303 05b4 17       		.uleb128 0x17
 1304 05b5 C9040000 		.4byte	0x4c9
 1305 05b9 AA000000 		.4byte	.LBB41
 1306 05bd 78000000 		.4byte	.Ldebug_ranges0+0x78
 1307 05c1 01       		.byte	0x1
 1308 05c2 98       		.byte	0x98
ARM GAS  /tmp/cc7xkf8l.s 			page 24


 1309 05c3 DB050000 		.4byte	0x5db
 1310 05c7 18       		.uleb128 0x18
 1311 05c8 E1040000 		.4byte	0x4e1
 1312 05cc 04       		.byte	0x4
 1313 05cd 70       		.byte	0x70
 1314 05ce F000     		.sleb128 112
 1315 05d0 9F       		.byte	0x9f
 1316 05d1 19       		.uleb128 0x19
 1317 05d2 D6040000 		.4byte	0x4d6
 1318 05d6 00100240 		.4byte	0x40021000
 1319 05da 00       		.byte	0
 1320 05db 17       		.uleb128 0x17
 1321 05dc C9040000 		.4byte	0x4c9
 1322 05e0 FA000000 		.4byte	.LBB47
 1323 05e4 98000000 		.4byte	.Ldebug_ranges0+0x98
 1324 05e8 01       		.byte	0x1
 1325 05e9 9B       		.byte	0x9b
 1326 05ea 02060000 		.4byte	0x602
 1327 05ee 18       		.uleb128 0x18
 1328 05ef E1040000 		.4byte	0x4e1
 1329 05f3 04       		.byte	0x4
 1330 05f4 70       		.byte	0x70
 1331 05f5 8C01     		.sleb128 140
 1332 05f7 9F       		.byte	0x9f
 1333 05f8 19       		.uleb128 0x19
 1334 05f9 D6040000 		.4byte	0x4d6
 1335 05fd 00140240 		.4byte	0x40021400
 1336 0601 00       		.byte	0
 1337 0602 17       		.uleb128 0x17
 1338 0603 C9040000 		.4byte	0x4c9
 1339 0607 08010000 		.4byte	.LBB53
 1340 060b B8000000 		.4byte	.Ldebug_ranges0+0xb8
 1341 060f 01       		.byte	0x1
 1342 0610 9E       		.byte	0x9e
 1343 0611 29060000 		.4byte	0x629
 1344 0615 18       		.uleb128 0x18
 1345 0616 E1040000 		.4byte	0x4e1
 1346 061a 04       		.byte	0x4
 1347 061b 70       		.byte	0x70
 1348 061c A801     		.sleb128 168
 1349 061e 9F       		.byte	0x9f
 1350 061f 19       		.uleb128 0x19
 1351 0620 D6040000 		.4byte	0x4d6
 1352 0624 00180240 		.4byte	0x40021800
 1353 0628 00       		.byte	0
 1354 0629 17       		.uleb128 0x17
 1355 062a C9040000 		.4byte	0x4c9
 1356 062e 48010000 		.4byte	.LBB60
 1357 0632 E0000000 		.4byte	.Ldebug_ranges0+0xe0
 1358 0636 01       		.byte	0x1
 1359 0637 A1       		.byte	0xa1
 1360 0638 50060000 		.4byte	0x650
 1361 063c 18       		.uleb128 0x18
 1362 063d E1040000 		.4byte	0x4e1
 1363 0641 04       		.byte	0x4
 1364 0642 70       		.byte	0x70
 1365 0643 C401     		.sleb128 196
ARM GAS  /tmp/cc7xkf8l.s 			page 25


 1366 0645 9F       		.byte	0x9f
 1367 0646 19       		.uleb128 0x19
 1368 0647 D6040000 		.4byte	0x4d6
 1369 064b 001C0240 		.4byte	0x40021c00
 1370 064f 00       		.byte	0
 1371 0650 1A       		.uleb128 0x1a
 1372 0651 C9040000 		.4byte	0x4c9
 1373 0655 AA010000 		.4byte	.LBB69
 1374 0659 08010000 		.4byte	.Ldebug_ranges0+0x108
 1375 065d 01       		.byte	0x1
 1376 065e A4       		.byte	0xa4
 1377 065f 18       		.uleb128 0x18
 1378 0660 E1040000 		.4byte	0x4e1
 1379 0664 04       		.byte	0x4
 1380 0665 70       		.byte	0x70
 1381 0666 E001     		.sleb128 224
 1382 0668 9F       		.byte	0x9f
 1383 0669 19       		.uleb128 0x19
 1384 066a D6040000 		.4byte	0x4d6
 1385 066e 00200240 		.4byte	0x40022000
 1386 0672 00       		.byte	0
 1387 0673 00       		.byte	0
 1388 0674 11       		.uleb128 0x11
 1389 0675 04       		.byte	0x4
 1390 0676 7A060000 		.4byte	0x67a
 1391 067a 14       		.uleb128 0x14
 1392 067b 97040000 		.4byte	0x497
 1393 067f 1B       		.uleb128 0x1b
 1394 0680 01       		.byte	0x1
 1395 0681 11000000 		.4byte	.LASF77
 1396 0685 01       		.byte	0x1
 1397 0686 B6       		.byte	0xb6
 1398 0687 01       		.byte	0x1
 1399 0688 00000000 		.4byte	.LFB120
 1400 068c BC000000 		.4byte	.LFE120
 1401 0690 00000000 		.4byte	.LLST0
 1402 0694 55070000 		.4byte	0x755
 1403 0698 16       		.uleb128 0x16
 1404 0699 97020000 		.4byte	.LASF78
 1405 069d 01       		.byte	0x1
 1406 069e B6       		.byte	0xb6
 1407 069f B8040000 		.4byte	0x4b8
 1408 06a3 01       		.byte	0x1
 1409 06a4 50       		.byte	0x50
 1410 06a5 1C       		.uleb128 0x1c
 1411 06a6 F8020000 		.4byte	.LASF79
 1412 06aa 01       		.byte	0x1
 1413 06ab B7       		.byte	0xb7
 1414 06ac A2040000 		.4byte	0x4a2
 1415 06b0 20000000 		.4byte	.LLST1
 1416 06b4 1C       		.uleb128 0x1c
 1417 06b5 88020000 		.4byte	.LASF80
 1418 06b9 01       		.byte	0x1
 1419 06ba B8       		.byte	0xb8
 1420 06bb AD040000 		.4byte	0x4ad
 1421 06bf 4D000000 		.4byte	.LLST2
 1422 06c3 1D       		.uleb128 0x1d
ARM GAS  /tmp/cc7xkf8l.s 			page 26


 1423 06c4 0D030000 		.4byte	.LASF54
 1424 06c8 01       		.byte	0x1
 1425 06c9 BA       		.byte	0xba
 1426 06ca 70000000 		.4byte	0x70
 1427 06ce 01       		.byte	0x1
 1428 06cf 57       		.byte	0x57
 1429 06d0 1D       		.uleb128 0x1d
 1430 06d1 9C010000 		.4byte	.LASF55
 1431 06d5 01       		.byte	0x1
 1432 06d6 BB       		.byte	0xbb
 1433 06d7 70000000 		.4byte	0x70
 1434 06db 01       		.byte	0x1
 1435 06dc 56       		.byte	0x56
 1436 06dd 1D       		.uleb128 0x1d
 1437 06de FF000000 		.4byte	.LASF56
 1438 06e2 01       		.byte	0x1
 1439 06e3 BC       		.byte	0xbc
 1440 06e4 70000000 		.4byte	0x70
 1441 06e8 01       		.byte	0x1
 1442 06e9 55       		.byte	0x55
 1443 06ea 1D       		.uleb128 0x1d
 1444 06eb FD020000 		.4byte	.LASF57
 1445 06ef 01       		.byte	0x1
 1446 06f0 BD       		.byte	0xbd
 1447 06f1 70000000 		.4byte	0x70
 1448 06f5 01       		.byte	0x1
 1449 06f6 54       		.byte	0x54
 1450 06f7 1E       		.uleb128 0x1e
 1451 06f8 32030000 		.4byte	.LASF81
 1452 06fc 01       		.byte	0x1
 1453 06fd BE       		.byte	0xbe
 1454 06fe 70000000 		.4byte	0x70
 1455 0702 60000000 		.4byte	.LLST3
 1456 0706 1F       		.uleb128 0x1f
 1457 0707 62697400 		.ascii	"bit\000"
 1458 070b 01       		.byte	0x1
 1459 070c BF       		.byte	0xbf
 1460 070d 70000000 		.4byte	0x70
 1461 0711 7E000000 		.4byte	.LLST4
 1462 0715 20       		.uleb128 0x20
 1463 0716 20010000 		.4byte	.Ldebug_ranges0+0x120
 1464 071a 1E       		.uleb128 0x1e
 1465 071b 44030000 		.4byte	.LASF82
 1466 071f 01       		.byte	0x1
 1467 0720 C2       		.byte	0xc2
 1468 0721 70000000 		.4byte	0x70
 1469 0725 9D000000 		.4byte	.LLST5
 1470 0729 1F       		.uleb128 0x1f
 1471 072a 6D3100   		.ascii	"m1\000"
 1472 072d 01       		.byte	0x1
 1473 072e C2       		.byte	0xc2
 1474 072f 70000000 		.4byte	0x70
 1475 0733 B0000000 		.4byte	.LLST6
 1476 0737 1F       		.uleb128 0x1f
 1477 0738 6D3200   		.ascii	"m2\000"
 1478 073b 01       		.byte	0x1
 1479 073c C2       		.byte	0xc2
ARM GAS  /tmp/cc7xkf8l.s 			page 27


 1480 073d 70000000 		.4byte	0x70
 1481 0741 C7000000 		.4byte	.LLST7
 1482 0745 1F       		.uleb128 0x1f
 1483 0746 6D3400   		.ascii	"m4\000"
 1484 0749 01       		.byte	0x1
 1485 074a C2       		.byte	0xc2
 1486 074b 70000000 		.4byte	0x70
 1487 074f E0000000 		.4byte	.LLST8
 1488 0753 00       		.byte	0
 1489 0754 00       		.byte	0
 1490 0755 21       		.uleb128 0x21
 1491 0756 37030000 		.4byte	.LASF83
 1492 075a 05       		.byte	0x5
 1493 075b 9806     		.2byte	0x698
 1494 075d B3000000 		.4byte	0xb3
 1495 0761 01       		.byte	0x1
 1496 0762 01       		.byte	0x1
 1497 0763 21       		.uleb128 0x21
 1498 0764 37030000 		.4byte	.LASF83
 1499 0768 05       		.byte	0x5
 1500 0769 9806     		.2byte	0x698
 1501 076b B3000000 		.4byte	0xb3
 1502 076f 01       		.byte	0x1
 1503 0770 01       		.byte	0x1
 1504 0771 00       		.byte	0
 1505              		.section	.debug_abbrev,"",%progbits
 1506              	.Ldebug_abbrev0:
 1507 0000 01       		.uleb128 0x1
 1508 0001 11       		.uleb128 0x11
 1509 0002 01       		.byte	0x1
 1510 0003 25       		.uleb128 0x25
 1511 0004 0E       		.uleb128 0xe
 1512 0005 13       		.uleb128 0x13
 1513 0006 0B       		.uleb128 0xb
 1514 0007 03       		.uleb128 0x3
 1515 0008 0E       		.uleb128 0xe
 1516 0009 1B       		.uleb128 0x1b
 1517 000a 0E       		.uleb128 0xe
 1518 000b 11       		.uleb128 0x11
 1519 000c 01       		.uleb128 0x1
 1520 000d 52       		.uleb128 0x52
 1521 000e 01       		.uleb128 0x1
 1522 000f 55       		.uleb128 0x55
 1523 0010 06       		.uleb128 0x6
 1524 0011 10       		.uleb128 0x10
 1525 0012 06       		.uleb128 0x6
 1526 0013 00       		.byte	0
 1527 0014 00       		.byte	0
 1528 0015 02       		.uleb128 0x2
 1529 0016 24       		.uleb128 0x24
 1530 0017 00       		.byte	0
 1531 0018 0B       		.uleb128 0xb
 1532 0019 0B       		.uleb128 0xb
 1533 001a 3E       		.uleb128 0x3e
 1534 001b 0B       		.uleb128 0xb
 1535 001c 03       		.uleb128 0x3
 1536 001d 08       		.uleb128 0x8
ARM GAS  /tmp/cc7xkf8l.s 			page 28


 1537 001e 00       		.byte	0
 1538 001f 00       		.byte	0
 1539 0020 03       		.uleb128 0x3
 1540 0021 24       		.uleb128 0x24
 1541 0022 00       		.byte	0
 1542 0023 0B       		.uleb128 0xb
 1543 0024 0B       		.uleb128 0xb
 1544 0025 3E       		.uleb128 0x3e
 1545 0026 0B       		.uleb128 0xb
 1546 0027 03       		.uleb128 0x3
 1547 0028 0E       		.uleb128 0xe
 1548 0029 00       		.byte	0
 1549 002a 00       		.byte	0
 1550 002b 04       		.uleb128 0x4
 1551 002c 16       		.uleb128 0x16
 1552 002d 00       		.byte	0
 1553 002e 03       		.uleb128 0x3
 1554 002f 0E       		.uleb128 0xe
 1555 0030 3A       		.uleb128 0x3a
 1556 0031 0B       		.uleb128 0xb
 1557 0032 3B       		.uleb128 0x3b
 1558 0033 0B       		.uleb128 0xb
 1559 0034 49       		.uleb128 0x49
 1560 0035 13       		.uleb128 0x13
 1561 0036 00       		.byte	0
 1562 0037 00       		.byte	0
 1563 0038 05       		.uleb128 0x5
 1564 0039 35       		.uleb128 0x35
 1565 003a 00       		.byte	0
 1566 003b 49       		.uleb128 0x49
 1567 003c 13       		.uleb128 0x13
 1568 003d 00       		.byte	0
 1569 003e 00       		.byte	0
 1570 003f 06       		.uleb128 0x6
 1571 0040 01       		.uleb128 0x1
 1572 0041 01       		.byte	0x1
 1573 0042 49       		.uleb128 0x49
 1574 0043 13       		.uleb128 0x13
 1575 0044 01       		.uleb128 0x1
 1576 0045 13       		.uleb128 0x13
 1577 0046 00       		.byte	0
 1578 0047 00       		.byte	0
 1579 0048 07       		.uleb128 0x7
 1580 0049 21       		.uleb128 0x21
 1581 004a 00       		.byte	0
 1582 004b 49       		.uleb128 0x49
 1583 004c 13       		.uleb128 0x13
 1584 004d 2F       		.uleb128 0x2f
 1585 004e 0B       		.uleb128 0xb
 1586 004f 00       		.byte	0
 1587 0050 00       		.byte	0
 1588 0051 08       		.uleb128 0x8
 1589 0052 13       		.uleb128 0x13
 1590 0053 01       		.byte	0x1
 1591 0054 0B       		.uleb128 0xb
 1592 0055 0B       		.uleb128 0xb
 1593 0056 3A       		.uleb128 0x3a
ARM GAS  /tmp/cc7xkf8l.s 			page 29


 1594 0057 0B       		.uleb128 0xb
 1595 0058 3B       		.uleb128 0x3b
 1596 0059 05       		.uleb128 0x5
 1597 005a 01       		.uleb128 0x1
 1598 005b 13       		.uleb128 0x13
 1599 005c 00       		.byte	0
 1600 005d 00       		.byte	0
 1601 005e 09       		.uleb128 0x9
 1602 005f 0D       		.uleb128 0xd
 1603 0060 00       		.byte	0
 1604 0061 03       		.uleb128 0x3
 1605 0062 08       		.uleb128 0x8
 1606 0063 3A       		.uleb128 0x3a
 1607 0064 0B       		.uleb128 0xb
 1608 0065 3B       		.uleb128 0x3b
 1609 0066 05       		.uleb128 0x5
 1610 0067 49       		.uleb128 0x49
 1611 0068 13       		.uleb128 0x13
 1612 0069 38       		.uleb128 0x38
 1613 006a 0A       		.uleb128 0xa
 1614 006b 00       		.byte	0
 1615 006c 00       		.byte	0
 1616 006d 0A       		.uleb128 0xa
 1617 006e 0D       		.uleb128 0xd
 1618 006f 00       		.byte	0
 1619 0070 03       		.uleb128 0x3
 1620 0071 0E       		.uleb128 0xe
 1621 0072 3A       		.uleb128 0x3a
 1622 0073 0B       		.uleb128 0xb
 1623 0074 3B       		.uleb128 0x3b
 1624 0075 05       		.uleb128 0x5
 1625 0076 49       		.uleb128 0x49
 1626 0077 13       		.uleb128 0x13
 1627 0078 38       		.uleb128 0x38
 1628 0079 0A       		.uleb128 0xa
 1629 007a 00       		.byte	0
 1630 007b 00       		.byte	0
 1631 007c 0B       		.uleb128 0xb
 1632 007d 16       		.uleb128 0x16
 1633 007e 00       		.byte	0
 1634 007f 03       		.uleb128 0x3
 1635 0080 0E       		.uleb128 0xe
 1636 0081 3A       		.uleb128 0x3a
 1637 0082 0B       		.uleb128 0xb
 1638 0083 3B       		.uleb128 0x3b
 1639 0084 05       		.uleb128 0x5
 1640 0085 49       		.uleb128 0x49
 1641 0086 13       		.uleb128 0x13
 1642 0087 00       		.byte	0
 1643 0088 00       		.byte	0
 1644 0089 0C       		.uleb128 0xc
 1645 008a 13       		.uleb128 0x13
 1646 008b 01       		.byte	0x1
 1647 008c 0B       		.uleb128 0xb
 1648 008d 0B       		.uleb128 0xb
 1649 008e 3A       		.uleb128 0x3a
 1650 008f 0B       		.uleb128 0xb
ARM GAS  /tmp/cc7xkf8l.s 			page 30


 1651 0090 3B       		.uleb128 0x3b
 1652 0091 0B       		.uleb128 0xb
 1653 0092 01       		.uleb128 0x1
 1654 0093 13       		.uleb128 0x13
 1655 0094 00       		.byte	0
 1656 0095 00       		.byte	0
 1657 0096 0D       		.uleb128 0xd
 1658 0097 0D       		.uleb128 0xd
 1659 0098 00       		.byte	0
 1660 0099 03       		.uleb128 0x3
 1661 009a 08       		.uleb128 0x8
 1662 009b 3A       		.uleb128 0x3a
 1663 009c 0B       		.uleb128 0xb
 1664 009d 3B       		.uleb128 0x3b
 1665 009e 0B       		.uleb128 0xb
 1666 009f 49       		.uleb128 0x49
 1667 00a0 13       		.uleb128 0x13
 1668 00a1 38       		.uleb128 0x38
 1669 00a2 0A       		.uleb128 0xa
 1670 00a3 00       		.byte	0
 1671 00a4 00       		.byte	0
 1672 00a5 0E       		.uleb128 0xe
 1673 00a6 0D       		.uleb128 0xd
 1674 00a7 00       		.byte	0
 1675 00a8 03       		.uleb128 0x3
 1676 00a9 0E       		.uleb128 0xe
 1677 00aa 3A       		.uleb128 0x3a
 1678 00ab 0B       		.uleb128 0xb
 1679 00ac 3B       		.uleb128 0x3b
 1680 00ad 0B       		.uleb128 0xb
 1681 00ae 49       		.uleb128 0x49
 1682 00af 13       		.uleb128 0x13
 1683 00b0 38       		.uleb128 0x38
 1684 00b1 0A       		.uleb128 0xa
 1685 00b2 00       		.byte	0
 1686 00b3 00       		.byte	0
 1687 00b4 0F       		.uleb128 0xf
 1688 00b5 17       		.uleb128 0x17
 1689 00b6 01       		.byte	0x1
 1690 00b7 0B       		.uleb128 0xb
 1691 00b8 0B       		.uleb128 0xb
 1692 00b9 3A       		.uleb128 0x3a
 1693 00ba 0B       		.uleb128 0xb
 1694 00bb 3B       		.uleb128 0x3b
 1695 00bc 0B       		.uleb128 0xb
 1696 00bd 01       		.uleb128 0x1
 1697 00be 13       		.uleb128 0x13
 1698 00bf 00       		.byte	0
 1699 00c0 00       		.byte	0
 1700 00c1 10       		.uleb128 0x10
 1701 00c2 0D       		.uleb128 0xd
 1702 00c3 00       		.byte	0
 1703 00c4 03       		.uleb128 0x3
 1704 00c5 08       		.uleb128 0x8
 1705 00c6 3A       		.uleb128 0x3a
 1706 00c7 0B       		.uleb128 0xb
 1707 00c8 3B       		.uleb128 0x3b
ARM GAS  /tmp/cc7xkf8l.s 			page 31


 1708 00c9 0B       		.uleb128 0xb
 1709 00ca 49       		.uleb128 0x49
 1710 00cb 13       		.uleb128 0x13
 1711 00cc 00       		.byte	0
 1712 00cd 00       		.byte	0
 1713 00ce 11       		.uleb128 0x11
 1714 00cf 0F       		.uleb128 0xf
 1715 00d0 00       		.byte	0
 1716 00d1 0B       		.uleb128 0xb
 1717 00d2 0B       		.uleb128 0xb
 1718 00d3 49       		.uleb128 0x49
 1719 00d4 13       		.uleb128 0x13
 1720 00d5 00       		.byte	0
 1721 00d6 00       		.byte	0
 1722 00d7 12       		.uleb128 0x12
 1723 00d8 2E       		.uleb128 0x2e
 1724 00d9 01       		.byte	0x1
 1725 00da 03       		.uleb128 0x3
 1726 00db 0E       		.uleb128 0xe
 1727 00dc 3A       		.uleb128 0x3a
 1728 00dd 0B       		.uleb128 0xb
 1729 00de 3B       		.uleb128 0x3b
 1730 00df 0B       		.uleb128 0xb
 1731 00e0 27       		.uleb128 0x27
 1732 00e1 0C       		.uleb128 0xc
 1733 00e2 20       		.uleb128 0x20
 1734 00e3 0B       		.uleb128 0xb
 1735 00e4 01       		.uleb128 0x1
 1736 00e5 13       		.uleb128 0x13
 1737 00e6 00       		.byte	0
 1738 00e7 00       		.byte	0
 1739 00e8 13       		.uleb128 0x13
 1740 00e9 05       		.uleb128 0x5
 1741 00ea 00       		.byte	0
 1742 00eb 03       		.uleb128 0x3
 1743 00ec 0E       		.uleb128 0xe
 1744 00ed 3A       		.uleb128 0x3a
 1745 00ee 0B       		.uleb128 0xb
 1746 00ef 3B       		.uleb128 0x3b
 1747 00f0 0B       		.uleb128 0xb
 1748 00f1 49       		.uleb128 0x49
 1749 00f2 13       		.uleb128 0x13
 1750 00f3 00       		.byte	0
 1751 00f4 00       		.byte	0
 1752 00f5 14       		.uleb128 0x14
 1753 00f6 26       		.uleb128 0x26
 1754 00f7 00       		.byte	0
 1755 00f8 49       		.uleb128 0x49
 1756 00f9 13       		.uleb128 0x13
 1757 00fa 00       		.byte	0
 1758 00fb 00       		.byte	0
 1759 00fc 15       		.uleb128 0x15
 1760 00fd 2E       		.uleb128 0x2e
 1761 00fe 01       		.byte	0x1
 1762 00ff 3F       		.uleb128 0x3f
 1763 0100 0C       		.uleb128 0xc
 1764 0101 03       		.uleb128 0x3
ARM GAS  /tmp/cc7xkf8l.s 			page 32


 1765 0102 0E       		.uleb128 0xe
 1766 0103 3A       		.uleb128 0x3a
 1767 0104 0B       		.uleb128 0xb
 1768 0105 3B       		.uleb128 0x3b
 1769 0106 0B       		.uleb128 0xb
 1770 0107 27       		.uleb128 0x27
 1771 0108 0C       		.uleb128 0xc
 1772 0109 11       		.uleb128 0x11
 1773 010a 01       		.uleb128 0x1
 1774 010b 12       		.uleb128 0x12
 1775 010c 01       		.uleb128 0x1
 1776 010d 40       		.uleb128 0x40
 1777 010e 0A       		.uleb128 0xa
 1778 010f 01       		.uleb128 0x1
 1779 0110 13       		.uleb128 0x13
 1780 0111 00       		.byte	0
 1781 0112 00       		.byte	0
 1782 0113 16       		.uleb128 0x16
 1783 0114 05       		.uleb128 0x5
 1784 0115 00       		.byte	0
 1785 0116 03       		.uleb128 0x3
 1786 0117 0E       		.uleb128 0xe
 1787 0118 3A       		.uleb128 0x3a
 1788 0119 0B       		.uleb128 0xb
 1789 011a 3B       		.uleb128 0x3b
 1790 011b 0B       		.uleb128 0xb
 1791 011c 49       		.uleb128 0x49
 1792 011d 13       		.uleb128 0x13
 1793 011e 02       		.uleb128 0x2
 1794 011f 0A       		.uleb128 0xa
 1795 0120 00       		.byte	0
 1796 0121 00       		.byte	0
 1797 0122 17       		.uleb128 0x17
 1798 0123 1D       		.uleb128 0x1d
 1799 0124 01       		.byte	0x1
 1800 0125 31       		.uleb128 0x31
 1801 0126 13       		.uleb128 0x13
 1802 0127 52       		.uleb128 0x52
 1803 0128 01       		.uleb128 0x1
 1804 0129 55       		.uleb128 0x55
 1805 012a 06       		.uleb128 0x6
 1806 012b 58       		.uleb128 0x58
 1807 012c 0B       		.uleb128 0xb
 1808 012d 59       		.uleb128 0x59
 1809 012e 0B       		.uleb128 0xb
 1810 012f 01       		.uleb128 0x1
 1811 0130 13       		.uleb128 0x13
 1812 0131 00       		.byte	0
 1813 0132 00       		.byte	0
 1814 0133 18       		.uleb128 0x18
 1815 0134 05       		.uleb128 0x5
 1816 0135 00       		.byte	0
 1817 0136 31       		.uleb128 0x31
 1818 0137 13       		.uleb128 0x13
 1819 0138 02       		.uleb128 0x2
 1820 0139 0A       		.uleb128 0xa
 1821 013a 00       		.byte	0
ARM GAS  /tmp/cc7xkf8l.s 			page 33


 1822 013b 00       		.byte	0
 1823 013c 19       		.uleb128 0x19
 1824 013d 05       		.uleb128 0x5
 1825 013e 00       		.byte	0
 1826 013f 31       		.uleb128 0x31
 1827 0140 13       		.uleb128 0x13
 1828 0141 1C       		.uleb128 0x1c
 1829 0142 06       		.uleb128 0x6
 1830 0143 00       		.byte	0
 1831 0144 00       		.byte	0
 1832 0145 1A       		.uleb128 0x1a
 1833 0146 1D       		.uleb128 0x1d
 1834 0147 01       		.byte	0x1
 1835 0148 31       		.uleb128 0x31
 1836 0149 13       		.uleb128 0x13
 1837 014a 52       		.uleb128 0x52
 1838 014b 01       		.uleb128 0x1
 1839 014c 55       		.uleb128 0x55
 1840 014d 06       		.uleb128 0x6
 1841 014e 58       		.uleb128 0x58
 1842 014f 0B       		.uleb128 0xb
 1843 0150 59       		.uleb128 0x59
 1844 0151 0B       		.uleb128 0xb
 1845 0152 00       		.byte	0
 1846 0153 00       		.byte	0
 1847 0154 1B       		.uleb128 0x1b
 1848 0155 2E       		.uleb128 0x2e
 1849 0156 01       		.byte	0x1
 1850 0157 3F       		.uleb128 0x3f
 1851 0158 0C       		.uleb128 0xc
 1852 0159 03       		.uleb128 0x3
 1853 015a 0E       		.uleb128 0xe
 1854 015b 3A       		.uleb128 0x3a
 1855 015c 0B       		.uleb128 0xb
 1856 015d 3B       		.uleb128 0x3b
 1857 015e 0B       		.uleb128 0xb
 1858 015f 27       		.uleb128 0x27
 1859 0160 0C       		.uleb128 0xc
 1860 0161 11       		.uleb128 0x11
 1861 0162 01       		.uleb128 0x1
 1862 0163 12       		.uleb128 0x12
 1863 0164 01       		.uleb128 0x1
 1864 0165 40       		.uleb128 0x40
 1865 0166 06       		.uleb128 0x6
 1866 0167 01       		.uleb128 0x1
 1867 0168 13       		.uleb128 0x13
 1868 0169 00       		.byte	0
 1869 016a 00       		.byte	0
 1870 016b 1C       		.uleb128 0x1c
 1871 016c 05       		.uleb128 0x5
 1872 016d 00       		.byte	0
 1873 016e 03       		.uleb128 0x3
 1874 016f 0E       		.uleb128 0xe
 1875 0170 3A       		.uleb128 0x3a
 1876 0171 0B       		.uleb128 0xb
 1877 0172 3B       		.uleb128 0x3b
 1878 0173 0B       		.uleb128 0xb
ARM GAS  /tmp/cc7xkf8l.s 			page 34


 1879 0174 49       		.uleb128 0x49
 1880 0175 13       		.uleb128 0x13
 1881 0176 02       		.uleb128 0x2
 1882 0177 06       		.uleb128 0x6
 1883 0178 00       		.byte	0
 1884 0179 00       		.byte	0
 1885 017a 1D       		.uleb128 0x1d
 1886 017b 34       		.uleb128 0x34
 1887 017c 00       		.byte	0
 1888 017d 03       		.uleb128 0x3
 1889 017e 0E       		.uleb128 0xe
 1890 017f 3A       		.uleb128 0x3a
 1891 0180 0B       		.uleb128 0xb
 1892 0181 3B       		.uleb128 0x3b
 1893 0182 0B       		.uleb128 0xb
 1894 0183 49       		.uleb128 0x49
 1895 0184 13       		.uleb128 0x13
 1896 0185 02       		.uleb128 0x2
 1897 0186 0A       		.uleb128 0xa
 1898 0187 00       		.byte	0
 1899 0188 00       		.byte	0
 1900 0189 1E       		.uleb128 0x1e
 1901 018a 34       		.uleb128 0x34
 1902 018b 00       		.byte	0
 1903 018c 03       		.uleb128 0x3
 1904 018d 0E       		.uleb128 0xe
 1905 018e 3A       		.uleb128 0x3a
 1906 018f 0B       		.uleb128 0xb
 1907 0190 3B       		.uleb128 0x3b
 1908 0191 0B       		.uleb128 0xb
 1909 0192 49       		.uleb128 0x49
 1910 0193 13       		.uleb128 0x13
 1911 0194 02       		.uleb128 0x2
 1912 0195 06       		.uleb128 0x6
 1913 0196 00       		.byte	0
 1914 0197 00       		.byte	0
 1915 0198 1F       		.uleb128 0x1f
 1916 0199 34       		.uleb128 0x34
 1917 019a 00       		.byte	0
 1918 019b 03       		.uleb128 0x3
 1919 019c 08       		.uleb128 0x8
 1920 019d 3A       		.uleb128 0x3a
 1921 019e 0B       		.uleb128 0xb
 1922 019f 3B       		.uleb128 0x3b
 1923 01a0 0B       		.uleb128 0xb
 1924 01a1 49       		.uleb128 0x49
 1925 01a2 13       		.uleb128 0x13
 1926 01a3 02       		.uleb128 0x2
 1927 01a4 06       		.uleb128 0x6
 1928 01a5 00       		.byte	0
 1929 01a6 00       		.byte	0
 1930 01a7 20       		.uleb128 0x20
 1931 01a8 0B       		.uleb128 0xb
 1932 01a9 01       		.byte	0x1
 1933 01aa 55       		.uleb128 0x55
 1934 01ab 06       		.uleb128 0x6
 1935 01ac 00       		.byte	0
ARM GAS  /tmp/cc7xkf8l.s 			page 35


 1936 01ad 00       		.byte	0
 1937 01ae 21       		.uleb128 0x21
 1938 01af 34       		.uleb128 0x34
 1939 01b0 00       		.byte	0
 1940 01b1 03       		.uleb128 0x3
 1941 01b2 0E       		.uleb128 0xe
 1942 01b3 3A       		.uleb128 0x3a
 1943 01b4 0B       		.uleb128 0xb
 1944 01b5 3B       		.uleb128 0x3b
 1945 01b6 05       		.uleb128 0x5
 1946 01b7 49       		.uleb128 0x49
 1947 01b8 13       		.uleb128 0x13
 1948 01b9 3F       		.uleb128 0x3f
 1949 01ba 0C       		.uleb128 0xc
 1950 01bb 3C       		.uleb128 0x3c
 1951 01bc 0C       		.uleb128 0xc
 1952 01bd 00       		.byte	0
 1953 01be 00       		.byte	0
 1954 01bf 00       		.byte	0
 1955              		.section	.debug_loc,"",%progbits
 1956              	.Ldebug_loc0:
 1957              	.LLST0:
 1958 0000 00000000 		.4byte	.LFB120
 1959 0004 04000000 		.4byte	.LCFI0
 1960 0008 0200     		.2byte	0x2
 1961 000a 7D       		.byte	0x7d
 1962 000b 00       		.sleb128 0
 1963 000c 04000000 		.4byte	.LCFI0
 1964 0010 BC000000 		.4byte	.LFE120
 1965 0014 0200     		.2byte	0x2
 1966 0016 7D       		.byte	0x7d
 1967 0017 20       		.sleb128 32
 1968 0018 00000000 		.4byte	0
 1969 001c 00000000 		.4byte	0
 1970              	.LLST1:
 1971 0020 00000000 		.4byte	.LVL10
 1972 0024 B2000000 		.4byte	.LVL27
 1973 0028 0100     		.2byte	0x1
 1974 002a 51       		.byte	0x51
 1975 002b B2000000 		.4byte	.LVL27
 1976 002f B4000000 		.4byte	.LVL28
 1977 0033 0500     		.2byte	0x5
 1978 0035 71       		.byte	0x71
 1979 0036 00       		.sleb128 0
 1980 0037 31       		.byte	0x31
 1981 0038 25       		.byte	0x25
 1982 0039 9F       		.byte	0x9f
 1983 003a B4000000 		.4byte	.LVL28
 1984 003e BC000000 		.4byte	.LFE120
 1985 0042 0100     		.2byte	0x1
 1986 0044 51       		.byte	0x51
 1987 0045 00000000 		.4byte	0
 1988 0049 00000000 		.4byte	0
 1989              	.LLST2:
 1990 004d 00000000 		.4byte	.LVL10
 1991 0051 18000000 		.4byte	.LVL15
 1992 0055 0100     		.2byte	0x1
ARM GAS  /tmp/cc7xkf8l.s 			page 36


 1993 0057 52       		.byte	0x52
 1994 0058 00000000 		.4byte	0
 1995 005c 00000000 		.4byte	0
 1996              	.LLST3:
 1997 0060 18000000 		.4byte	.LVL15
 1998 0064 26000000 		.4byte	.LVL16
 1999 0068 0100     		.2byte	0x1
 2000 006a 52       		.byte	0x52
 2001 006b 26000000 		.4byte	.LVL16
 2002 006f BC000000 		.4byte	.LFE120
 2003 0073 0100     		.2byte	0x1
 2004 0075 5A       		.byte	0x5a
 2005 0076 00000000 		.4byte	0
 2006 007a 00000000 		.4byte	0
 2007              	.LLST4:
 2008 007e 18000000 		.4byte	.LVL15
 2009 0082 26000000 		.4byte	.LVL16
 2010 0086 0200     		.2byte	0x2
 2011 0088 30       		.byte	0x30
 2012 0089 9F       		.byte	0x9f
 2013 008a 26000000 		.4byte	.LVL16
 2014 008e BC000000 		.4byte	.LFE120
 2015 0092 0100     		.2byte	0x1
 2016 0094 53       		.byte	0x53
 2017 0095 00000000 		.4byte	0
 2018 0099 00000000 		.4byte	0
 2019              	.LLST5:
 2020 009d 4C000000 		.4byte	.LVL22
 2021 00a1 5E000000 		.4byte	.LVL25
 2022 00a5 0100     		.2byte	0x1
 2023 00a7 52       		.byte	0x52
 2024 00a8 00000000 		.4byte	0
 2025 00ac 00000000 		.4byte	0
 2026              	.LLST6:
 2027 00b0 50000000 		.4byte	.LVL23
 2028 00b4 B2000000 		.4byte	.LVL27
 2029 00b8 0500     		.2byte	0x5
 2030 00ba 31       		.byte	0x31
 2031 00bb 73       		.byte	0x73
 2032 00bc 00       		.sleb128 0
 2033 00bd 24       		.byte	0x24
 2034 00be 9F       		.byte	0x9f
 2035 00bf 00000000 		.4byte	0
 2036 00c3 00000000 		.4byte	0
 2037              	.LLST7:
 2038 00c7 78000000 		.4byte	.LVL26
 2039 00cb B2000000 		.4byte	.LVL27
 2040 00cf 0700     		.2byte	0x7
 2041 00d1 33       		.byte	0x33
 2042 00d2 73       		.byte	0x73
 2043 00d3 00       		.sleb128 0
 2044 00d4 31       		.byte	0x31
 2045 00d5 24       		.byte	0x24
 2046 00d6 24       		.byte	0x24
 2047 00d7 9F       		.byte	0x9f
 2048 00d8 00000000 		.4byte	0
 2049 00dc 00000000 		.4byte	0
ARM GAS  /tmp/cc7xkf8l.s 			page 37


 2050              	.LLST8:
 2051 00e0 50000000 		.4byte	.LVL23
 2052 00e4 56000000 		.4byte	.LVL24
 2053 00e8 0100     		.2byte	0x1
 2054 00ea 5C       		.byte	0x5c
 2055 00eb 00000000 		.4byte	0
 2056 00ef 00000000 		.4byte	0
 2057              		.section	.debug_aranges,"",%progbits
 2058 0000 24000000 		.4byte	0x24
 2059 0004 0200     		.2byte	0x2
 2060 0006 00000000 		.4byte	.Ldebug_info0
 2061 000a 04       		.byte	0x4
 2062 000b 00       		.byte	0
 2063 000c 0000     		.2byte	0
 2064 000e 0000     		.2byte	0
 2065 0010 00000000 		.4byte	.LFB119
 2066 0014 E2010000 		.4byte	.LFE119-.LFB119
 2067 0018 00000000 		.4byte	.LFB120
 2068 001c BC000000 		.4byte	.LFE120-.LFB120
 2069 0020 00000000 		.4byte	0
 2070 0024 00000000 		.4byte	0
 2071              		.section	.debug_ranges,"",%progbits
 2072              	.Ldebug_ranges0:
 2073 0000 28000000 		.4byte	.LBB20
 2074 0004 30000000 		.4byte	.LBE20
 2075 0008 34000000 		.4byte	.LBB27
 2076 000c 4E000000 		.4byte	.LBE27
 2077 0010 00000000 		.4byte	0
 2078 0014 00000000 		.4byte	0
 2079 0018 30000000 		.4byte	.LBB23
 2080 001c 34000000 		.4byte	.LBE23
 2081 0020 4E000000 		.4byte	.LBB28
 2082 0024 54000000 		.4byte	.LBE28
 2083 0028 58000000 		.4byte	.LBB33
 2084 002c 80000000 		.4byte	.LBE33
 2085 0030 00000000 		.4byte	0
 2086 0034 00000000 		.4byte	0
 2087 0038 54000000 		.4byte	.LBB29
 2088 003c 58000000 		.4byte	.LBE29
 2089 0040 80000000 		.4byte	.LBB34
 2090 0044 9E000000 		.4byte	.LBE34
 2091 0048 A2000000 		.4byte	.LBB39
 2092 004c A4000000 		.4byte	.LBE39
 2093 0050 00000000 		.4byte	0
 2094 0054 00000000 		.4byte	0
 2095 0058 9E000000 		.4byte	.LBB35
 2096 005c A2000000 		.4byte	.LBE35
 2097 0060 A4000000 		.4byte	.LBB40
 2098 0064 AA000000 		.4byte	.LBE40
 2099 0068 AE000000 		.4byte	.LBB45
 2100 006c D6000000 		.4byte	.LBE45
 2101 0070 00000000 		.4byte	0
 2102 0074 00000000 		.4byte	0
 2103 0078 AA000000 		.4byte	.LBB41
 2104 007c AE000000 		.4byte	.LBE41
 2105 0080 D6000000 		.4byte	.LBB46
 2106 0084 FA000000 		.4byte	.LBE46
ARM GAS  /tmp/cc7xkf8l.s 			page 38


 2107 0088 FE000000 		.4byte	.LBB51
 2108 008c 00010000 		.4byte	.LBE51
 2109 0090 00000000 		.4byte	0
 2110 0094 00000000 		.4byte	0
 2111 0098 FA000000 		.4byte	.LBB47
 2112 009c FE000000 		.4byte	.LBE47
 2113 00a0 00010000 		.4byte	.LBB52
 2114 00a4 08010000 		.4byte	.LBE52
 2115 00a8 0C010000 		.4byte	.LBB58
 2116 00ac 40010000 		.4byte	.LBE58
 2117 00b0 00000000 		.4byte	0
 2118 00b4 00000000 		.4byte	0
 2119 00b8 08010000 		.4byte	.LBB53
 2120 00bc 0C010000 		.4byte	.LBE53
 2121 00c0 40010000 		.4byte	.LBB59
 2122 00c4 48010000 		.4byte	.LBE59
 2123 00c8 4C010000 		.4byte	.LBB65
 2124 00cc 70010000 		.4byte	.LBE65
 2125 00d0 74010000 		.4byte	.LBB67
 2126 00d4 76010000 		.4byte	.LBE67
 2127 00d8 00000000 		.4byte	0
 2128 00dc 00000000 		.4byte	0
 2129 00e0 48010000 		.4byte	.LBB60
 2130 00e4 4C010000 		.4byte	.LBE60
 2131 00e8 70010000 		.4byte	.LBB66
 2132 00ec 74010000 		.4byte	.LBE66
 2133 00f0 76010000 		.4byte	.LBB68
 2134 00f4 AA010000 		.4byte	.LBE68
 2135 00f8 AE010000 		.4byte	.LBB72
 2136 00fc B2010000 		.4byte	.LBE72
 2137 0100 00000000 		.4byte	0
 2138 0104 00000000 		.4byte	0
 2139 0108 AA010000 		.4byte	.LBB69
 2140 010c AE010000 		.4byte	.LBE69
 2141 0110 B2010000 		.4byte	.LBB73
 2142 0114 E0010000 		.4byte	.LBE73
 2143 0118 00000000 		.4byte	0
 2144 011c 00000000 		.4byte	0
 2145 0120 1A000000 		.4byte	.LBB74
 2146 0124 26000000 		.4byte	.LBE74
 2147 0128 34000000 		.4byte	.LBB75
 2148 012c B2000000 		.4byte	.LBE75
 2149 0130 00000000 		.4byte	0
 2150 0134 00000000 		.4byte	0
 2151 0138 00000000 		.4byte	.LFB119
 2152 013c E2010000 		.4byte	.LFE119
 2153 0140 00000000 		.4byte	.LFB120
 2154 0144 BC000000 		.4byte	.LFE120
 2155 0148 00000000 		.4byte	0
 2156 014c 00000000 		.4byte	0
 2157              		.section	.debug_line,"",%progbits
 2158              	.Ldebug_line0:
 2159 0000 EA010000 		.section	.debug_str,"MS",%progbits,1
 2159      02002E01 
 2159      00000201 
 2159      FB0E0D00 
 2159      01010101 
ARM GAS  /tmp/cc7xkf8l.s 			page 39


 2160              	.LASF30:
 2161 0000 41484231 		.ascii	"AHB1LPENR\000"
 2161      4C50454E 
 2161      5200
 2162              	.LASF63:
 2163 000a 50434461 		.ascii	"PCData\000"
 2163      746100
 2164              	.LASF77:
 2165 0011 5F70616C 		.ascii	"_pal_lld_setgroupmode\000"
 2165      5F6C6C64 
 2165      5F736574 
 2165      67726F75 
 2165      706D6F64 
 2166              	.LASF20:
 2167 0027 41504231 		.ascii	"APB1RSTR\000"
 2167      52535452 
 2167      00
 2168              	.LASF24:
 2169 0030 41484232 		.ascii	"AHB2ENR\000"
 2169      454E5200 
 2170              	.LASF60:
 2171 0038 73746D33 		.ascii	"stm32_gpio_setup_t\000"
 2171      325F6770 
 2171      696F5F73 
 2171      65747570 
 2171      5F7400
 2172              	.LASF66:
 2173 004b 50464461 		.ascii	"PFData\000"
 2173      746100
 2174              	.LASF76:
 2175 0052 5F70616C 		.ascii	"_pal_lld_init\000"
 2175      5F6C6C64 
 2175      5F696E69 
 2175      7400
 2176              	.LASF3:
 2177 0060 73686F72 		.ascii	"short int\000"
 2177      7420696E 
 2177      7400
 2178              	.LASF87:
 2179 006a 696E6974 		.ascii	"initgpio\000"
 2179      6770696F 
 2179      00
 2180              	.LASF74:
 2181 0073 6770696F 		.ascii	"gpiop\000"
 2181      7000
 2182              	.LASF37:
 2183 0079 42444352 		.ascii	"BDCR\000"
 2183      00
 2184              	.LASF69:
 2185 007e 50494461 		.ascii	"PIData\000"
 2185      746100
 2186              	.LASF40:
 2187 0085 504C4C49 		.ascii	"PLLI2SCFGR\000"
 2187      32534346 
 2187      475200
 2188              	.LASF39:
 2189 0090 53534347 		.ascii	"SSCGR\000"
ARM GAS  /tmp/cc7xkf8l.s 			page 40


 2189      5200
 2190              	.LASF62:
 2191 0096 50424461 		.ascii	"PBData\000"
 2191      746100
 2192              	.LASF32:
 2193 009d 41484233 		.ascii	"AHB3LPENR\000"
 2193      4C50454E 
 2193      5200
 2194              	.LASF75:
 2195 00a7 636F6E66 		.ascii	"config\000"
 2195      696700
 2196              	.LASF72:
 2197 00ae 696F6D6F 		.ascii	"iomode_t\000"
 2197      64655F74 
 2197      00
 2198              	.LASF27:
 2199 00b7 41504231 		.ascii	"APB1ENR\000"
 2199      454E5200 
 2200              	.LASF71:
 2201 00bf 696F706F 		.ascii	"ioportmask_t\000"
 2201      72746D61 
 2201      736B5F74 
 2201      00
 2202              	.LASF46:
 2203 00cc 4F545950 		.ascii	"OTYPER\000"
 2203      455200
 2204              	.LASF42:
 2205 00d3 44434B43 		.ascii	"DCKCFGR\000"
 2205      46475200 
 2206              	.LASF25:
 2207 00db 41484233 		.ascii	"AHB3ENR\000"
 2207      454E5200 
 2208              	.LASF47:
 2209 00e3 4F535045 		.ascii	"OSPEEDR\000"
 2209      45445200 
 2210              	.LASF10:
 2211 00eb 6C6F6E67 		.ascii	"long long int\000"
 2211      206C6F6E 
 2211      6720696E 
 2211      7400
 2212              	.LASF48:
 2213 00f9 50555044 		.ascii	"PUPDR\000"
 2213      5200
 2214              	.LASF56:
 2215 00ff 6F737065 		.ascii	"ospeedr\000"
 2215      65647200 
 2216              	.LASF7:
 2217 0107 6C6F6E67 		.ascii	"long int\000"
 2217      20696E74 
 2217      00
 2218              	.LASF64:
 2219 0110 50444461 		.ascii	"PDData\000"
 2219      746100
 2220              	.LASF43:
 2221 0117 5243435F 		.ascii	"RCC_TypeDef\000"
 2221      54797065 
 2221      44656600 
ARM GAS  /tmp/cc7xkf8l.s 			page 41


 2222              	.LASF45:
 2223 0123 4D4F4445 		.ascii	"MODER\000"
 2223      5200
 2224              	.LASF21:
 2225 0129 41504232 		.ascii	"APB2RSTR\000"
 2225      52535452 
 2225      00
 2226              	.LASF44:
 2227 0132 636C6561 		.ascii	"clear\000"
 2227      7200
 2228              	.LASF67:
 2229 0138 50474461 		.ascii	"PGData\000"
 2229      746100
 2230              	.LASF17:
 2231 013f 41484232 		.ascii	"AHB2RSTR\000"
 2231      52535452 
 2231      00
 2232              	.LASF61:
 2233 0148 50414461 		.ascii	"PAData\000"
 2233      746100
 2234              	.LASF73:
 2235 014f 696F706F 		.ascii	"ioportid_t\000"
 2235      72746964 
 2235      5F7400
 2236              	.LASF2:
 2237 015a 756E7369 		.ascii	"unsigned char\000"
 2237      676E6564 
 2237      20636861 
 2237      7200
 2238              	.LASF28:
 2239 0168 41504232 		.ascii	"APB2ENR\000"
 2239      454E5200 
 2240              	.LASF1:
 2241 0170 7369676E 		.ascii	"signed char\000"
 2241      65642063 
 2241      68617200 
 2242              	.LASF11:
 2243 017c 6C6F6E67 		.ascii	"long long unsigned int\000"
 2243      206C6F6E 
 2243      6720756E 
 2243      7369676E 
 2243      65642069 
 2244              	.LASF8:
 2245 0193 75696E74 		.ascii	"uint32_t\000"
 2245      33325F74 
 2245      00
 2246              	.LASF55:
 2247 019c 6F747970 		.ascii	"otyper\000"
 2247      657200
 2248              	.LASF86:
 2249 01a3 2F686F6D 		.ascii	"/home/lithium/Downloads/ChibiOS_2.6.8_PodioVirtual/"
 2249      652F6C69 
 2249      74686975 
 2249      6D2F446F 
 2249      776E6C6F 
 2250 01d6 506F6469 		.ascii	"PodioVirtual/src\000"
 2250      6F566972 
ARM GAS  /tmp/cc7xkf8l.s 			page 42


 2250      7475616C 
 2250      2F737263 
 2250      00
 2251              	.LASF5:
 2252 01e7 75696E74 		.ascii	"uint16_t\000"
 2252      31365F74 
 2252      00
 2253              	.LASF9:
 2254 01f0 6C6F6E67 		.ascii	"long unsigned int\000"
 2254      20756E73 
 2254      69676E65 
 2254      6420696E 
 2254      7400
 2255              	.LASF52:
 2256 0202 41465248 		.ascii	"AFRH\000"
 2256      00
 2257              	.LASF14:
 2258 0207 504C4C43 		.ascii	"PLLCFGR\000"
 2258      46475200 
 2259              	.LASF51:
 2260 020f 4146524C 		.ascii	"AFRL\000"
 2260      00
 2261              	.LASF4:
 2262 0214 73686F72 		.ascii	"short unsigned int\000"
 2262      7420756E 
 2262      7369676E 
 2262      65642069 
 2262      6E7400
 2263              	.LASF34:
 2264 0227 41504231 		.ascii	"APB1LPENR\000"
 2264      4C50454E 
 2264      5200
 2265              	.LASF13:
 2266 0231 63686172 		.ascii	"char\000"
 2266      00
 2267              	.LASF85:
 2268 0236 2E2E2F2E 		.ascii	"../../os/hal/platforms/STM32/GPIOv2/pal_lld.c\000"
 2268      2E2F6F73 
 2268      2F68616C 
 2268      2F706C61 
 2268      74666F72 
 2269              	.LASF6:
 2270 0264 696E7433 		.ascii	"int32_t\000"
 2270      325F7400 
 2271              	.LASF70:
 2272 026c 50414C43 		.ascii	"PALConfig\000"
 2272      6F6E6669 
 2272      6700
 2273              	.LASF84:
 2274 0276 474E5520 		.ascii	"GNU C 4.6.1\000"
 2274      4320342E 
 2274      362E3100 
 2275              	.LASF12:
 2276 0282 5F426F6F 		.ascii	"_Bool\000"
 2276      6C00
 2277              	.LASF80:
 2278 0288 6D6F6465 		.ascii	"mode\000"
ARM GAS  /tmp/cc7xkf8l.s 			page 43


 2278      00
 2279              	.LASF31:
 2280 028d 41484232 		.ascii	"AHB2LPENR\000"
 2280      4C50454E 
 2280      5200
 2281              	.LASF78:
 2282 0297 706F7274 		.ascii	"port\000"
 2282      00
 2283              	.LASF65:
 2284 029c 50454461 		.ascii	"PEData\000"
 2284      746100
 2285              	.LASF19:
 2286 02a3 52455345 		.ascii	"RESERVED0\000"
 2286      52564544 
 2286      3000
 2287              	.LASF22:
 2288 02ad 52455345 		.ascii	"RESERVED1\000"
 2288      52564544 
 2288      3100
 2289              	.LASF26:
 2290 02b7 52455345 		.ascii	"RESERVED2\000"
 2290      52564544 
 2290      3200
 2291              	.LASF29:
 2292 02c1 52455345 		.ascii	"RESERVED3\000"
 2292      52564544 
 2292      3300
 2293              	.LASF33:
 2294 02cb 52455345 		.ascii	"RESERVED4\000"
 2294      52564544 
 2294      3400
 2295              	.LASF36:
 2296 02d5 52455345 		.ascii	"RESERVED5\000"
 2296      52564544 
 2296      3500
 2297              	.LASF38:
 2298 02df 52455345 		.ascii	"RESERVED6\000"
 2298      52564544 
 2298      3600
 2299              	.LASF68:
 2300 02e9 50484461 		.ascii	"PHData\000"
 2300      746100
 2301              	.LASF23:
 2302 02f0 41484231 		.ascii	"AHB1ENR\000"
 2302      454E5200 
 2303              	.LASF79:
 2304 02f8 6D61736B 		.ascii	"mask\000"
 2304      00
 2305              	.LASF57:
 2306 02fd 70757064 		.ascii	"pupdr\000"
 2306      7200
 2307              	.LASF59:
 2308 0303 61667268 		.ascii	"afrh\000"
 2308      00
 2309              	.LASF58:
 2310 0308 6166726C 		.ascii	"afrl\000"
 2310      00
ARM GAS  /tmp/cc7xkf8l.s 			page 44


 2311              	.LASF54:
 2312 030d 6D6F6465 		.ascii	"moder\000"
 2312      7200
 2313              	.LASF16:
 2314 0313 41484231 		.ascii	"AHB1RSTR\000"
 2314      52535452 
 2314      00
 2315              	.LASF53:
 2316 031c 4750494F 		.ascii	"GPIO_TypeDef\000"
 2316      5F547970 
 2316      65446566 
 2316      00
 2317              	.LASF18:
 2318 0329 41484233 		.ascii	"AHB3RSTR\000"
 2318      52535452 
 2318      00
 2319              	.LASF81:
 2320 0332 616C7472 		.ascii	"altr\000"
 2320      00
 2321              	.LASF83:
 2322 0337 49544D5F 		.ascii	"ITM_RxBuffer\000"
 2322      52784275 
 2322      66666572 
 2322      00
 2323              	.LASF82:
 2324 0344 616C7472 		.ascii	"altrmask\000"
 2324      6D61736B 
 2324      00
 2325              	.LASF0:
 2326 034d 756E7369 		.ascii	"unsigned int\000"
 2326      676E6564 
 2326      20696E74 
 2326      00
 2327              	.LASF15:
 2328 035a 43464752 		.ascii	"CFGR\000"
 2328      00
 2329              	.LASF41:
 2330 035f 504C4C53 		.ascii	"PLLSAICFGR\000"
 2330      41494346 
 2330      475200
 2331              	.LASF50:
 2332 036a 4C434B52 		.ascii	"LCKR\000"
 2332      00
 2333              	.LASF35:
 2334 036f 41504232 		.ascii	"APB2LPENR\000"
 2334      4C50454E 
 2334      5200
 2335              	.LASF49:
 2336 0379 42535252 		.ascii	"BSRR\000"
 2336      00
 2337              		.ident	"GCC: (Sourcery CodeBench Lite 2011.09-69) 4.6.1"
ARM GAS  /tmp/cc7xkf8l.s 			page 45


DEFINED SYMBOLS
                            *ABS*:00000000 pal_lld.c
     /tmp/cc7xkf8l.s:19     .text._pal_lld_init:00000000 $t
     /tmp/cc7xkf8l.s:25     .text._pal_lld_init:00000000 _pal_lld_init
     /tmp/cc7xkf8l.s:384    .text._pal_lld_setgroupmode:00000000 $t
     /tmp/cc7xkf8l.s:390    .text._pal_lld_setgroupmode:00000000 _pal_lld_setgroupmode
                     .debug_frame:00000010 $d

NO UNDEFINED SYMBOLS
