ARM GAS  /tmp/ccF99BEb.s 			page 1


   1              		.syntax unified
   2              		.cpu cortex-m4
   3              		.fpu softvfp
   4              		.eabi_attribute 20, 1
   5              		.eabi_attribute 21, 1
   6              		.eabi_attribute 23, 3
   7              		.eabi_attribute 24, 1
   8              		.eabi_attribute 25, 1
   9              		.eabi_attribute 26, 1
  10              		.eabi_attribute 30, 2
  11              		.eabi_attribute 34, 1
  12              		.eabi_attribute 18, 4
  13              		.thumb
  14              		.file	"pwm_lld.c"
  15              		.text
  16              	.Ltext0:
  17              		.cfi_sections	.debug_frame
  18              		.section	.text.VectorA4,"ax",%progbits
  19              		.align	2
  20              		.p2align 4,,15
  21              		.global	VectorA4
  22              		.thumb
  23              		.thumb_func
  24              		.type	VectorA4, %function
  25              	VectorA4:
  26              	.LFB118:
  27              		.file 1 "../../os/hal/platforms/STM32/TIMv1/pwm_lld.c"
  28              		.loc 1 147 0
  29              		.cfi_startproc
  30              		@ args = 0, pretend = 0, frame = 0
  31              		@ frame_needed = 0, uses_anonymous_args = 0
  32              		.loc 1 152 0
  33 0000 40F20000 		movw	r0, #:lower16:.LANCHOR0
  34 0004 C0F20000 		movt	r0, #:upper16:.LANCHOR0
  35              		.loc 1 147 0
  36 0008 08B5     		push	{r3, lr}
  37              	.LCFI0:
  38              		.cfi_def_cfa_offset 8
  39              		.cfi_offset 14, -4
  40              		.cfi_offset 3, -8
  41              		.loc 1 151 0
  42 000a 0023     		movs	r3, #0
  43              		.loc 1 152 0
  44 000c 4268     		ldr	r2, [r0, #4]
  45              		.loc 1 151 0
  46 000e C4F20103 		movt	r3, 16385
  47 0012 6FF00101 		mvn	r1, #1
  48 0016 1961     		str	r1, [r3, #16]
  49              		.loc 1 152 0
  50 0018 9368     		ldr	r3, [r2, #8]
  51 001a 9847     		blx	r3
  52              		.loc 1 155 0
  53 001c BDE80840 		pop	{r3, lr}
  54              		.loc 1 154 0
  55 0020 FFF7FEBF 		b	_port_irq_epilogue
  56              		.cfi_endproc
  57              	.LFE118:
ARM GAS  /tmp/ccF99BEb.s 			page 2


  58              		.size	VectorA4, .-VectorA4
  59 0024 AFF30080 		.section	.text.VectorAC,"ax",%progbits
  59      AFF30080 
  59      AFF30080 
  60              		.align	2
  61              		.p2align 4,,15
  62              		.global	VectorAC
  63              		.thumb
  64              		.thumb_func
  65              		.type	VectorAC, %function
  66              	VectorAC:
  67              	.LFB119:
  68              		.loc 1 168 0
  69              		.cfi_startproc
  70              		@ args = 0, pretend = 0, frame = 0
  71              		@ frame_needed = 0, uses_anonymous_args = 0
  72              		.loc 1 173 0
  73 0000 0023     		movs	r3, #0
  74 0002 C4F20103 		movt	r3, 16385
  75              		.loc 1 168 0
  76 0006 10B5     		push	{r4, lr}
  77              	.LCFI1:
  78              		.cfi_def_cfa_offset 8
  79              		.cfi_offset 14, -4
  80              		.cfi_offset 4, -8
  81              		.loc 1 173 0
  82 0008 1869     		ldr	r0, [r3, #16]
  83 000a D968     		ldr	r1, [r3, #12]
  84 000c 00EA0104 		and	r4, r0, r1
  85 0010 E4B2     		uxtb	r4, r4
  86              	.LVL0:
  87              		.loc 1 174 0
  88 0012 E243     		mvns	r2, r4
  89              		.loc 1 175 0
  90 0014 A007     		lsls	r0, r4, #30
  91              		.loc 1 174 0
  92 0016 1A61     		str	r2, [r3, #16]
  93              		.loc 1 175 0
  94 0018 26D4     		bmi	.L8
  95              	.L3:
  96              		.loc 1 177 0
  97 001a 6107     		lsls	r1, r4, #29
  98 001c 1AD4     		bmi	.L9
  99              	.L4:
 100              		.loc 1 179 0
 101 001e 2207     		lsls	r2, r4, #28
 102 0020 0ED4     		bmi	.L10
 103              	.L5:
 104              		.loc 1 181 0
 105 0022 E306     		lsls	r3, r4, #27
 106 0024 08D5     		bpl	.L6
 107              		.loc 1 182 0
 108 0026 40F2000E 		movw	lr, #:lower16:.LANCHOR0
 109 002a C0F2000E 		movt	lr, #:upper16:.LANCHOR0
 110 002e 7046     		mov	r0, lr
 111 0030 DEF80430 		ldr	r3, [lr, #4]
 112 0034 9A6A     		ldr	r2, [r3, #40]
ARM GAS  /tmp/ccF99BEb.s 			page 3


 113 0036 9047     		blx	r2
 114              	.L6:
 115              		.loc 1 185 0
 116 0038 BDE81040 		pop	{r4, lr}
 117              		.loc 1 184 0
 118 003c FFF7FEBF 		b	_port_irq_epilogue
 119              	.L10:
 120              		.loc 1 180 0
 121 0040 40F2000C 		movw	ip, #:lower16:.LANCHOR0
 122 0044 C0F2000C 		movt	ip, #:upper16:.LANCHOR0
 123 0048 6046     		mov	r0, ip
 124 004a DCF80410 		ldr	r1, [ip, #4]
 125 004e 0B6A     		ldr	r3, [r1, #32]
 126 0050 9847     		blx	r3
 127 0052 E6E7     		b	.L5
 128              	.L9:
 129              		.loc 1 178 0
 130 0054 40F2000E 		movw	lr, #:lower16:.LANCHOR0
 131 0058 C0F2000E 		movt	lr, #:upper16:.LANCHOR0
 132 005c 7046     		mov	r0, lr
 133 005e DEF80420 		ldr	r2, [lr, #4]
 134 0062 9169     		ldr	r1, [r2, #24]
 135 0064 8847     		blx	r1
 136 0066 DAE7     		b	.L4
 137              	.L8:
 138              		.loc 1 176 0
 139 0068 40F2000C 		movw	ip, #:lower16:.LANCHOR0
 140 006c C0F2000C 		movt	ip, #:upper16:.LANCHOR0
 141 0070 6046     		mov	r0, ip
 142 0072 DCF80430 		ldr	r3, [ip, #4]
 143 0076 1A69     		ldr	r2, [r3, #16]
 144 0078 9047     		blx	r2
 145 007a CEE7     		b	.L3
 146              		.cfi_endproc
 147              	.LFE119:
 148              		.size	VectorAC, .-VectorAC
 149 007c AFF30080 		.section	.text.pwm_lld_init,"ax",%progbits
 150              		.align	2
 151              		.p2align 4,,15
 152              		.global	pwm_lld_init
 153              		.thumb
 154              		.thumb_func
 155              		.type	pwm_lld_init, %function
 156              	pwm_lld_init:
 157              	.LFB120:
 158              		.loc 1 345 0
 159              		.cfi_startproc
 160              		@ args = 0, pretend = 0, frame = 0
 161              		@ frame_needed = 0, uses_anonymous_args = 0
 162 0000 10B5     		push	{r4, lr}
 163              	.LCFI2:
 164              		.cfi_def_cfa_offset 8
 165              		.cfi_offset 14, -4
 166              		.cfi_offset 4, -8
 167              		.loc 1 349 0
 168 0002 40F20004 		movw	r4, #:lower16:.LANCHOR0
 169 0006 C0F20004 		movt	r4, #:upper16:.LANCHOR0
ARM GAS  /tmp/ccF99BEb.s 			page 4


 170 000a 2046     		mov	r0, r4
 171 000c FFF7FEFF 		bl	pwmObjectInit
 172              		.loc 1 350 0
 173 0010 0023     		movs	r3, #0
 174 0012 C4F20103 		movt	r3, 16385
 175 0016 2361     		str	r3, [r4, #16]
 176              		.loc 1 388 0
 177 0018 10BD     		pop	{r4, pc}
 178              		.cfi_endproc
 179              	.LFE120:
 180              		.size	pwm_lld_init, .-pwm_lld_init
 181 001a 00BFAFF3 		.section	.text.pwm_lld_start,"ax",%progbits
 181      0080
 182              		.align	2
 183              		.p2align 4,,15
 184              		.global	pwm_lld_start
 185              		.thumb
 186              		.thumb_func
 187              		.type	pwm_lld_start, %function
 188              	pwm_lld_start:
 189              	.LFB121:
 190              		.loc 1 399 0
 191              		.cfi_startproc
 192              		@ args = 0, pretend = 0, frame = 0
 193              		@ frame_needed = 0, uses_anonymous_args = 0
 194              	.LVL1:
 195              		.loc 1 403 0
 196 0000 0378     		ldrb	r3, [r0, #0]	@ zero_extendqisi2
 197 0002 012B     		cmp	r3, #1
 198              		.loc 1 399 0
 199 0004 70B5     		push	{r4, r5, r6, lr}
 200              	.LCFI3:
 201              		.cfi_def_cfa_offset 16
 202              		.cfi_offset 14, -4
 203              		.cfi_offset 6, -8
 204              		.cfi_offset 5, -12
 205              		.cfi_offset 4, -16
 206              		.loc 1 399 0
 207 0006 0446     		mov	r4, r0
 208              		.loc 1 403 0
 209 0008 64D0     		beq	.L30
 210              		.loc 1 491 0
 211 000a 0369     		ldr	r3, [r0, #16]
 212 000c 0025     		movs	r5, #0
 213 000e 1D60     		str	r5, [r3, #0]
 214              		.loc 1 492 0
 215 0010 5D63     		str	r5, [r3, #52]
 216              		.loc 1 493 0
 217 0012 9D63     		str	r5, [r3, #56]
 218              		.loc 1 494 0
 219 0014 DD63     		str	r5, [r3, #60]
 220              		.loc 1 495 0
 221 0016 1D64     		str	r5, [r3, #64]
 222              		.loc 1 496 0
 223 0018 5D62     		str	r5, [r3, #36]
 224              	.LVL2:
 225              	.L15:
ARM GAS  /tmp/ccF99BEb.s 			page 5


 226              		.loc 1 500 0
 227 001a 6268     		ldr	r2, [r4, #4]
 228              	.LVL3:
 229 001c E668     		ldr	r6, [r4, #12]
 230 001e 1568     		ldr	r5, [r2, #0]
 231              		.loc 1 505 0
 232 0020 2489     		ldrh	r4, [r4, #8]
 233              	.LVL4:
 234              		.loc 1 510 0
 235 0022 D168     		ldr	r1, [r2, #12]
 236              		.loc 1 506 0
 237 0024 D06A     		ldr	r0, [r2, #44]
 238              		.loc 1 500 0
 239 0026 B6FBF5F5 		udiv	r5, r6, r5
 240 002a 013D     		subs	r5, r5, #1
 241              		.loc 1 505 0
 242 002c 013C     		subs	r4, r4, #1
 243              		.loc 1 510 0
 244 002e 01F00F01 		and	r1, r1, #15
 245              		.loc 1 504 0
 246 0032 ADB2     		uxth	r5, r5
 247              		.loc 1 505 0
 248 0034 A4B2     		uxth	r4, r4
 249              		.loc 1 510 0
 250 0036 0129     		cmp	r1, #1
 251              		.loc 1 504 0
 252 0038 9D62     		str	r5, [r3, #40]
 253              		.loc 1 505 0
 254 003a DC62     		str	r4, [r3, #44]
 255              		.loc 1 506 0
 256 003c 5860     		str	r0, [r3, #4]
 257              	.LVL5:
 258              		.loc 1 510 0
 259 003e 03D0     		beq	.L16
 260              		.loc 1 509 0
 261 0040 0229     		cmp	r1, #2
 262 0042 0CBF     		ite	eq
 263 0044 0321     		moveq	r1, #3
 264 0046 0021     		movne	r1, #0
 265              	.L16:
 266              	.LVL6:
 267              		.loc 1 518 0
 268 0048 5069     		ldr	r0, [r2, #20]
 269 004a 00F00F00 		and	r0, r0, #15
 270 004e 0128     		cmp	r0, #1
 271 0050 25D0     		beq	.L20
 272 0052 0228     		cmp	r0, #2
 273 0054 21D0     		beq	.L31
 274              		.loc 1 526 0
 275 0056 D469     		ldr	r4, [r2, #28]
 276 0058 04F00F00 		and	r0, r4, #15
 277 005c 0128     		cmp	r0, #1
 278 005e 25D0     		beq	.L23
 279              	.L34:
 280 0060 0228     		cmp	r0, #2
 281 0062 32D0     		beq	.L32
 282              		.loc 1 534 0
ARM GAS  /tmp/ccF99BEb.s 			page 6


 283 0064 506A     		ldr	r0, [r2, #36]
 284 0066 00F00F00 		and	r0, r0, #15
 285 006a 0128     		cmp	r0, #1
 286 006c 25D0     		beq	.L26
 287              	.L35:
 288 006e 0228     		cmp	r0, #2
 289 0070 26D0     		beq	.L33
 290              	.L25:
 291              		.loc 1 583 0
 292 0072 146B     		ldr	r4, [r2, #48]
 293              		.loc 1 582 0
 294 0074 9068     		ldr	r0, [r2, #8]
 295              		.loc 1 579 0
 296 0076 1962     		str	r1, [r3, #32]
 297              		.loc 1 583 0
 298 0078 24F0FF02 		bic	r2, r4, #255
 299              	.LVL7:
 300              		.loc 1 582 0
 301 007c 0028     		cmp	r0, #0
 302 007e 18BF     		it	ne
 303 0080 42F00102 		orrne	r2, r2, #1
 304              		.loc 1 580 0
 305 0084 0121     		movs	r1, #1
 306              	.LVL8:
 307              		.loc 1 581 0
 308 0086 0020     		movs	r0, #0
 309              		.loc 1 580 0
 310 0088 5961     		str	r1, [r3, #20]
 311              		.loc 1 581 0
 312 008a 1861     		str	r0, [r3, #16]
 313              		.loc 1 588 0
 314 008c 4FF40041 		mov	r1, #32768
 315              		.loc 1 582 0
 316 0090 DA60     		str	r2, [r3, #12]
 317              		.loc 1 592 0
 318 0092 8522     		movs	r2, #133
 319              		.loc 1 588 0
 320 0094 5964     		str	r1, [r3, #68]
 321              		.loc 1 592 0
 322 0096 1A60     		str	r2, [r3, #0]
 323              		.loc 1 594 0
 324 0098 70BD     		pop	{r4, r5, r6, pc}
 325              	.LVL9:
 326              	.L31:
 327              		.loc 1 520 0
 328 009a 41F02001 		orr	r1, r1, #32
 329              	.LVL10:
 330              	.L20:
 331              		.loc 1 526 0
 332 009e D469     		ldr	r4, [r2, #28]
 333 00a0 04F00F00 		and	r0, r4, #15
 334 00a4 0128     		cmp	r0, #1
 335              		.loc 1 522 0
 336 00a6 41F01001 		orr	r1, r1, #16
 337              	.LVL11:
 338              		.loc 1 526 0
 339 00aa D9D1     		bne	.L34
ARM GAS  /tmp/ccF99BEb.s 			page 7


 340              	.L23:
 341              		.loc 1 530 0
 342 00ac 41F48071 		orr	r1, r1, #256
 343              	.LVL12:
 344              	.L36:
 345              		.loc 1 534 0
 346 00b0 506A     		ldr	r0, [r2, #36]
 347 00b2 00F00F00 		and	r0, r0, #15
 348 00b6 0128     		cmp	r0, #1
 349 00b8 D9D1     		bne	.L35
 350              	.L26:
 351              		.loc 1 538 0
 352 00ba 41F48051 		orr	r1, r1, #4096
 353              	.LVL13:
 354 00be D8E7     		b	.L25
 355              	.L33:
 356              		.loc 1 536 0
 357 00c0 41F40051 		orr	r1, r1, #8192
 358              	.LVL14:
 359              		.loc 1 538 0
 360 00c4 41F48051 		orr	r1, r1, #4096
 361              	.LVL15:
 362 00c8 D3E7     		b	.L25
 363              	.L32:
 364              		.loc 1 528 0
 365 00ca 41F40071 		orr	r1, r1, #512
 366              	.LVL16:
 367              		.loc 1 530 0
 368 00ce 41F48071 		orr	r1, r1, #256
 369              	.LVL17:
 370 00d2 EDE7     		b	.L36
 371              	.LVL18:
 372              	.L30:
 373              		.loc 1 406 0
 374 00d4 40F20001 		movw	r1, #:lower16:.LANCHOR0
 375 00d8 C0F20001 		movt	r1, #:upper16:.LANCHOR0
 376 00dc 8842     		cmp	r0, r1
 377 00de 05D0     		beq	.L37
 378              	.LVL19:
 379              	.L14:
 380              		.loc 1 484 0
 381 00e0 2369     		ldr	r3, [r4, #16]
 382 00e2 46F66802 		movw	r2, #26728
 383 00e6 9A61     		str	r2, [r3, #24]
 384              		.loc 1 486 0
 385 00e8 DA61     		str	r2, [r3, #28]
 386 00ea 96E7     		b	.L15
 387              	.L37:
 388              		.loc 1 407 0
 389 00ec 4FF46055 		mov	r5, #14336
 390 00f0 C4F20205 		movt	r5, 16386
 391              		.loc 1 408 0
 392 00f4 0022     		movs	r2, #0
 393              		.loc 1 407 0
 394 00f6 686C     		ldr	r0, [r5, #68]
 395 00f8 40F00101 		orr	r1, r0, #1
 396 00fc 6964     		str	r1, [r5, #68]
ARM GAS  /tmp/ccF99BEb.s 			page 8


 397              		.loc 1 408 0
 398 00fe 6B6A     		ldr	r3, [r5, #36]
 399 0100 43F00106 		orr	r6, r3, #1
 400 0104 6E62     		str	r6, [r5, #36]
 401              		.loc 1 409 0
 402 0106 1920     		movs	r0, #25
 403 0108 7021     		movs	r1, #112
 404              		.loc 1 408 0
 405 010a 6A62     		str	r2, [r5, #36]
 406              		.loc 1 409 0
 407 010c FFF7FEFF 		bl	nvicEnableVector
 408              		.loc 1 411 0
 409 0110 1B20     		movs	r0, #27
 410 0112 7021     		movs	r1, #112
 411 0114 FFF7FEFF 		bl	nvicEnableVector
 412              		.loc 1 416 0
 413 0118 4FF4F440 		mov	r0, #31232
 414 011c C0F60320 		movt	r0, 2563
 415 0120 E060     		str	r0, [r4, #12]
 416 0122 DDE7     		b	.L14
 417              		.cfi_endproc
 418              	.LFE121:
 419              		.size	pwm_lld_start, .-pwm_lld_start
 420 0124 AFF30080 		.section	.text.pwm_lld_stop,"ax",%progbits
 420      AFF30080 
 420      AFF30080 
 421              		.align	2
 422              		.p2align 4,,15
 423              		.global	pwm_lld_stop
 424              		.thumb
 425              		.thumb_func
 426              		.type	pwm_lld_stop, %function
 427              	pwm_lld_stop:
 428              	.LFB122:
 429              		.loc 1 603 0
 430              		.cfi_startproc
 431              		@ args = 0, pretend = 0, frame = 0
 432              		@ frame_needed = 0, uses_anonymous_args = 0
 433              	.LVL20:
 434 0000 08B5     		push	{r3, lr}
 435              	.LCFI4:
 436              		.cfi_def_cfa_offset 8
 437              		.cfi_offset 14, -4
 438              		.cfi_offset 3, -8
 439              		.loc 1 606 0
 440 0002 0378     		ldrb	r3, [r0, #0]	@ zero_extendqisi2
 441 0004 022B     		cmp	r3, #2
 442 0006 00D0     		beq	.L40
 443              	.LVL21:
 444              	.L38:
 445 0008 08BD     		pop	{r3, pc}
 446              	.LVL22:
 447              	.L40:
 448              		.loc 1 615 0
 449 000a 40F20001 		movw	r1, #:lower16:.LANCHOR0
 450              		.loc 1 607 0
 451 000e 0369     		ldr	r3, [r0, #16]
ARM GAS  /tmp/ccF99BEb.s 			page 9


 452              		.loc 1 615 0
 453 0010 C0F20001 		movt	r1, #:upper16:.LANCHOR0
 454              		.loc 1 607 0
 455 0014 0022     		movs	r2, #0
 456              		.loc 1 615 0
 457 0016 8842     		cmp	r0, r1
 458              		.loc 1 607 0
 459 0018 1A60     		str	r2, [r3, #0]
 460              		.loc 1 608 0
 461 001a DA60     		str	r2, [r3, #12]
 462              		.loc 1 609 0
 463 001c 1A61     		str	r2, [r3, #16]
 464              		.loc 1 611 0
 465 001e 5A64     		str	r2, [r3, #68]
 466              		.loc 1 615 0
 467 0020 F2D1     		bne	.L38
 468              		.loc 1 616 0
 469 0022 1920     		movs	r0, #25
 470              	.LVL23:
 471 0024 FFF7FEFF 		bl	nvicDisableVector
 472              		.loc 1 617 0
 473 0028 1B20     		movs	r0, #27
 474 002a FFF7FEFF 		bl	nvicDisableVector
 475              		.loc 1 618 0
 476 002e 4FF4605C 		mov	ip, #14336
 477 0032 C4F2020C 		movt	ip, 16386
 478 0036 DCF84410 		ldr	r1, [ip, #68]
 479 003a 21F00100 		bic	r0, r1, #1
 480 003e CCF84400 		str	r0, [ip, #68]
 481 0042 E1E7     		b	.L38
 482              		.cfi_endproc
 483              	.LFE122:
 484              		.size	pwm_lld_stop, .-pwm_lld_stop
 485 0044 AFF30080 		.section	.text.pwm_lld_enable_channel,"ax",%progbits
 485      AFF30080 
 485      AFF30080 
 486              		.align	2
 487              		.p2align 4,,15
 488              		.global	pwm_lld_enable_channel
 489              		.thumb
 490              		.thumb_func
 491              		.type	pwm_lld_enable_channel, %function
 492              	pwm_lld_enable_channel:
 493              	.LFB123:
 494              		.loc 1 675 0
 495              		.cfi_startproc
 496              		@ args = 0, pretend = 0, frame = 0
 497              		@ frame_needed = 0, uses_anonymous_args = 0
 498              		@ link register save eliminated.
 499              	.LVL24:
 500 0000 10B4     		push	{r4}
 501              	.LCFI5:
 502              		.cfi_def_cfa_offset 4
 503              		.cfi_offset 4, -4
 504              		.loc 1 680 0
 505 0002 4468     		ldr	r4, [r0, #4]
 506              		.loc 1 677 0
ARM GAS  /tmp/ccF99BEb.s 			page 10


 507 0004 0369     		ldr	r3, [r0, #16]
 508              		.loc 1 680 0
 509 0006 04EBC10C 		add	ip, r4, r1, lsl #3
 510              		.loc 1 677 0
 511 000a 01F10C04 		add	r4, r1, #12
 512 000e 03EB8404 		add	r4, r3, r4, lsl #2
 513              		.loc 1 680 0
 514 0012 DCF81000 		ldr	r0, [ip, #16]
 515              	.LVL25:
 516              		.loc 1 677 0
 517 0016 6260     		str	r2, [r4, #4]
 518              		.loc 1 680 0
 519 0018 48B1     		cbz	r0, .L41
 520              	.LBB2:
 521              		.loc 1 684 0
 522 001a 0220     		movs	r0, #2
 523              		.loc 1 681 0
 524 001c DA68     		ldr	r2, [r3, #12]
 525              	.LVL26:
 526              		.loc 1 684 0
 527 001e 10FA01F1 		lsls	r1, r0, r1
 528              	.LVL27:
 529 0022 1142     		tst	r1, r2
 530 0024 03D1     		bne	.L41
 531              		.loc 1 685 0
 532 0026 0A43     		orrs	r2, r2, r1
 533              	.LVL28:
 534              		.loc 1 686 0
 535 0028 C943     		mvns	r1, r1
 536              		.loc 1 685 0
 537 002a DA60     		str	r2, [r3, #12]
 538              		.loc 1 686 0
 539 002c 1961     		str	r1, [r3, #16]
 540              	.L41:
 541              	.LBE2:
 542              		.loc 1 689 0
 543 002e 10BC     		pop	{r4}
 544 0030 7047     		bx	lr
 545              		.cfi_endproc
 546              	.LFE123:
 547              		.size	pwm_lld_enable_channel, .-pwm_lld_enable_channel
 548 0032 00BFAFF3 		.section	.text.pwm_lld_disable_channel,"ax",%progbits
 548      0080AFF3 
 548      0080AFF3 
 548      0080
 549              		.align	2
 550              		.p2align 4,,15
 551              		.global	pwm_lld_disable_channel
 552              		.thumb
 553              		.thumb_func
 554              		.type	pwm_lld_disable_channel, %function
 555              	pwm_lld_disable_channel:
 556              	.LFB124:
 557              		.loc 1 703 0
 558              		.cfi_startproc
 559              		@ args = 0, pretend = 0, frame = 0
 560              		@ frame_needed = 0, uses_anonymous_args = 0
ARM GAS  /tmp/ccF99BEb.s 			page 11


 561              		@ link register save eliminated.
 562              	.LVL29:
 563              		.loc 1 705 0
 564 0000 0369     		ldr	r3, [r0, #16]
 565 0002 01F10C02 		add	r2, r1, #12
 566 0006 03EB820C 		add	ip, r3, r2, lsl #2
 567 000a 0020     		movs	r0, #0
 568              	.LVL30:
 569 000c CCF80400 		str	r0, [ip, #4]
 570              		.loc 1 706 0
 571 0010 DA68     		ldr	r2, [r3, #12]
 572 0012 0220     		movs	r0, #2
 573 0014 8840     		lsls	r0, r0, r1
 574 0016 22EA0001 		bic	r1, r2, r0
 575              	.LVL31:
 576 001a D960     		str	r1, [r3, #12]
 577              		.loc 1 707 0
 578 001c 7047     		bx	lr
 579              		.cfi_endproc
 580              	.LFE124:
 581              		.size	pwm_lld_disable_channel, .-pwm_lld_disable_channel
 582              		.global	PWMD1
 583 001e 00BF     		.section	.bss.PWMD1,"aw",%nobits
 584              		.align	2
 585              		.set	.LANCHOR0,. + 0
 586              		.type	PWMD1, %object
 587              		.size	PWMD1, 20
 588              	PWMD1:
 589 0000 00000000 		.space	20
 589      00000000 
 589      00000000 
 589      00000000 
 589      00000000 
 590              		.text
 591              	.Letext0:
 592              		.file 2 "/home/lithium/Documents/arm-2011q3/bin/../lib/gcc/arm-none-eabi/4.6.1/../../../../arm-non
 593              		.file 3 "../../os/hal/platforms/STM32F4xx/stm32f4xx.h"
 594              		.file 4 "../../os/hal/include/pwm.h"
 595              		.file 5 "../../os/hal/platforms/STM32/TIMv1/pwm_lld.h"
 596              		.file 6 "../../os/hal/platforms/STM32/TIMv1/stm32_tim.h"
 597              		.file 7 "../../os/ports/common/ARMCMx/CMSIS/include/core_cm4.h"
 598              		.section	.debug_info,"",%progbits
 599              	.Ldebug_info0:
 600 0000 51070000 		.4byte	0x751
 601 0004 0200     		.2byte	0x2
 602 0006 00000000 		.4byte	.Ldebug_abbrev0
 603 000a 04       		.byte	0x4
 604 000b 01       		.uleb128 0x1
 605 000c 61020000 		.4byte	.LASF89
 606 0010 01       		.byte	0x1
 607 0011 81000000 		.4byte	.LASF90
 608 0015 81030000 		.4byte	.LASF91
 609 0019 00000000 		.4byte	0
 610 001d 00000000 		.4byte	0
 611 0021 00000000 		.4byte	.Ldebug_ranges0+0
 612 0025 00000000 		.4byte	.Ldebug_line0
 613 0029 02       		.uleb128 0x2
ARM GAS  /tmp/ccF99BEb.s 			page 12


 614 002a 04       		.byte	0x4
 615 002b 05       		.byte	0x5
 616 002c 696E7400 		.ascii	"int\000"
 617 0030 03       		.uleb128 0x3
 618 0031 04       		.byte	0x4
 619 0032 07       		.byte	0x7
 620 0033 D6010000 		.4byte	.LASF0
 621 0037 03       		.uleb128 0x3
 622 0038 01       		.byte	0x1
 623 0039 06       		.byte	0x6
 624 003a B3010000 		.4byte	.LASF1
 625 003e 04       		.uleb128 0x4
 626 003f CD000000 		.4byte	.LASF4
 627 0043 02       		.byte	0x2
 628 0044 2A       		.byte	0x2a
 629 0045 49000000 		.4byte	0x49
 630 0049 03       		.uleb128 0x3
 631 004a 01       		.byte	0x1
 632 004b 08       		.byte	0x8
 633 004c 86010000 		.4byte	.LASF2
 634 0050 03       		.uleb128 0x3
 635 0051 02       		.byte	0x2
 636 0052 05       		.byte	0x5
 637 0053 3D000000 		.4byte	.LASF3
 638 0057 04       		.uleb128 0x4
 639 0058 EC010000 		.4byte	.LASF5
 640 005c 02       		.byte	0x2
 641 005d 36       		.byte	0x36
 642 005e 62000000 		.4byte	0x62
 643 0062 03       		.uleb128 0x3
 644 0063 02       		.byte	0x2
 645 0064 07       		.byte	0x7
 646 0065 14020000 		.4byte	.LASF6
 647 0069 04       		.uleb128 0x4
 648 006a 59020000 		.4byte	.LASF7
 649 006e 02       		.byte	0x2
 650 006f 4F       		.byte	0x4f
 651 0070 74000000 		.4byte	0x74
 652 0074 03       		.uleb128 0x3
 653 0075 04       		.byte	0x4
 654 0076 05       		.byte	0x5
 655 0077 18010000 		.4byte	.LASF8
 656 007b 04       		.uleb128 0x4
 657 007c E6000000 		.4byte	.LASF9
 658 0080 02       		.byte	0x2
 659 0081 50       		.byte	0x50
 660 0082 86000000 		.4byte	0x86
 661 0086 03       		.uleb128 0x3
 662 0087 04       		.byte	0x4
 663 0088 07       		.byte	0x7
 664 0089 2B010000 		.4byte	.LASF10
 665 008d 03       		.uleb128 0x3
 666 008e 08       		.byte	0x8
 667 008f 05       		.byte	0x5
 668 0090 0A010000 		.4byte	.LASF11
 669 0094 03       		.uleb128 0x3
 670 0095 08       		.byte	0x8
ARM GAS  /tmp/ccF99BEb.s 			page 13


 671 0096 07       		.byte	0x7
 672 0097 BF010000 		.4byte	.LASF12
 673 009b 03       		.uleb128 0x3
 674 009c 01       		.byte	0x1
 675 009d 02       		.byte	0x2
 676 009e 6D020000 		.4byte	.LASF13
 677 00a2 05       		.uleb128 0x5
 678 00a3 7B000000 		.4byte	0x7b
 679 00a7 03       		.uleb128 0x3
 680 00a8 01       		.byte	0x1
 681 00a9 08       		.byte	0x8
 682 00aa 3E020000 		.4byte	.LASF14
 683 00ae 06       		.uleb128 0x6
 684 00af 7B000000 		.4byte	0x7b
 685 00b3 BE000000 		.4byte	0xbe
 686 00b7 07       		.uleb128 0x7
 687 00b8 30000000 		.4byte	0x30
 688 00bc 01       		.byte	0x1
 689 00bd 00       		.byte	0
 690 00be 06       		.uleb128 0x6
 691 00bf 7B000000 		.4byte	0x7b
 692 00c3 CE000000 		.4byte	0xce
 693 00c7 07       		.uleb128 0x7
 694 00c8 30000000 		.4byte	0x30
 695 00cc 03       		.byte	0x3
 696 00cd 00       		.byte	0
 697 00ce 05       		.uleb128 0x5
 698 00cf 69000000 		.4byte	0x69
 699 00d3 08       		.uleb128 0x8
 700 00d4 90       		.byte	0x90
 701 00d5 03       		.byte	0x3
 702 00d6 5804     		.2byte	0x458
 703 00d8 C0020000 		.4byte	0x2c0
 704 00dc 09       		.uleb128 0x9
 705 00dd 435200   		.ascii	"CR\000"
 706 00e0 03       		.byte	0x3
 707 00e1 5A04     		.2byte	0x45a
 708 00e3 A2000000 		.4byte	0xa2
 709 00e7 02       		.byte	0x2
 710 00e8 23       		.byte	0x23
 711 00e9 00       		.uleb128 0
 712 00ea 0A       		.uleb128 0xa
 713 00eb 0C020000 		.4byte	.LASF15
 714 00ef 03       		.byte	0x3
 715 00f0 5B04     		.2byte	0x45b
 716 00f2 A2000000 		.4byte	0xa2
 717 00f6 02       		.byte	0x2
 718 00f7 23       		.byte	0x23
 719 00f8 04       		.uleb128 0x4
 720 00f9 0A       		.uleb128 0xa
 721 00fa BF000000 		.4byte	.LASF16
 722 00fe 03       		.byte	0x3
 723 00ff 5C04     		.2byte	0x45c
 724 0101 A2000000 		.4byte	0xa2
 725 0105 02       		.byte	0x2
 726 0106 23       		.byte	0x23
 727 0107 08       		.uleb128 0x8
ARM GAS  /tmp/ccF99BEb.s 			page 14


 728 0108 09       		.uleb128 0x9
 729 0109 43495200 		.ascii	"CIR\000"
 730 010d 03       		.byte	0x3
 731 010e 5D04     		.2byte	0x45d
 732 0110 A2000000 		.4byte	0xa2
 733 0114 02       		.byte	0x2
 734 0115 23       		.byte	0x23
 735 0116 0C       		.uleb128 0xc
 736 0117 0A       		.uleb128 0xa
 737 0118 DD000000 		.4byte	.LASF17
 738 011c 03       		.byte	0x3
 739 011d 5E04     		.2byte	0x45e
 740 011f A2000000 		.4byte	0xa2
 741 0123 02       		.byte	0x2
 742 0124 23       		.byte	0x23
 743 0125 10       		.uleb128 0x10
 744 0126 0A       		.uleb128 0xa
 745 0127 E3010000 		.4byte	.LASF18
 746 012b 03       		.byte	0x3
 747 012c 5F04     		.2byte	0x45f
 748 012e A2000000 		.4byte	0xa2
 749 0132 02       		.byte	0x2
 750 0133 23       		.byte	0x23
 751 0134 14       		.uleb128 0x14
 752 0135 0A       		.uleb128 0xa
 753 0136 33030000 		.4byte	.LASF19
 754 013a 03       		.byte	0x3
 755 013b 6004     		.2byte	0x460
 756 013d A2000000 		.4byte	0xa2
 757 0141 02       		.byte	0x2
 758 0142 23       		.byte	0x23
 759 0143 18       		.uleb128 0x18
 760 0144 0A       		.uleb128 0xa
 761 0145 85020000 		.4byte	.LASF20
 762 0149 03       		.byte	0x3
 763 014a 6104     		.2byte	0x461
 764 014c 7B000000 		.4byte	0x7b
 765 0150 02       		.byte	0x2
 766 0151 23       		.byte	0x23
 767 0152 1C       		.uleb128 0x1c
 768 0153 0A       		.uleb128 0xa
 769 0154 1B000000 		.4byte	.LASF21
 770 0158 03       		.byte	0x3
 771 0159 6204     		.2byte	0x462
 772 015b A2000000 		.4byte	0xa2
 773 015f 02       		.byte	0x2
 774 0160 23       		.byte	0x23
 775 0161 20       		.uleb128 0x20
 776 0162 0A       		.uleb128 0xa
 777 0163 44010000 		.4byte	.LASF22
 778 0167 03       		.byte	0x3
 779 0168 6304     		.2byte	0x463
 780 016a A2000000 		.4byte	0xa2
 781 016e 02       		.byte	0x2
 782 016f 23       		.byte	0x23
 783 0170 24       		.uleb128 0x24
 784 0171 0A       		.uleb128 0xa
ARM GAS  /tmp/ccF99BEb.s 			page 15


 785 0172 8F020000 		.4byte	.LASF23
 786 0176 03       		.byte	0x3
 787 0177 6404     		.2byte	0x464
 788 0179 AE000000 		.4byte	0xae
 789 017d 02       		.byte	0x2
 790 017e 23       		.byte	0x23
 791 017f 28       		.uleb128 0x28
 792 0180 0A       		.uleb128 0xa
 793 0181 D1020000 		.4byte	.LASF24
 794 0185 03       		.byte	0x3
 795 0186 6504     		.2byte	0x465
 796 0188 A2000000 		.4byte	0xa2
 797 018c 02       		.byte	0x2
 798 018d 23       		.byte	0x23
 799 018e 30       		.uleb128 0x30
 800 018f 0A       		.uleb128 0xa
 801 0190 24000000 		.4byte	.LASF25
 802 0194 03       		.byte	0x3
 803 0195 6604     		.2byte	0x466
 804 0197 A2000000 		.4byte	0xa2
 805 019b 02       		.byte	0x2
 806 019c 23       		.byte	0x23
 807 019d 34       		.uleb128 0x34
 808 019e 0A       		.uleb128 0xa
 809 019f 02010000 		.4byte	.LASF26
 810 01a3 03       		.byte	0x3
 811 01a4 6704     		.2byte	0x467
 812 01a6 A2000000 		.4byte	0xa2
 813 01aa 02       		.byte	0x2
 814 01ab 23       		.byte	0x23
 815 01ac 38       		.uleb128 0x38
 816 01ad 0A       		.uleb128 0xa
 817 01ae 99020000 		.4byte	.LASF27
 818 01b2 03       		.byte	0x3
 819 01b3 6804     		.2byte	0x468
 820 01b5 7B000000 		.4byte	0x7b
 821 01b9 02       		.byte	0x2
 822 01ba 23       		.byte	0x23
 823 01bb 3C       		.uleb128 0x3c
 824 01bc 0A       		.uleb128 0xa
 825 01bd D5000000 		.4byte	.LASF28
 826 01c1 03       		.byte	0x3
 827 01c2 6904     		.2byte	0x469
 828 01c4 A2000000 		.4byte	0xa2
 829 01c8 02       		.byte	0x2
 830 01c9 23       		.byte	0x23
 831 01ca 40       		.uleb128 0x40
 832 01cb 0A       		.uleb128 0xa
 833 01cc AB010000 		.4byte	.LASF29
 834 01d0 03       		.byte	0x3
 835 01d1 6A04     		.2byte	0x46a
 836 01d3 A2000000 		.4byte	0xa2
 837 01d7 02       		.byte	0x2
 838 01d8 23       		.byte	0x23
 839 01d9 44       		.uleb128 0x44
 840 01da 0A       		.uleb128 0xa
 841 01db A3020000 		.4byte	.LASF30
ARM GAS  /tmp/ccF99BEb.s 			page 16


 842 01df 03       		.byte	0x3
 843 01e0 6B04     		.2byte	0x46b
 844 01e2 AE000000 		.4byte	0xae
 845 01e6 02       		.byte	0x2
 846 01e7 23       		.byte	0x23
 847 01e8 48       		.uleb128 0x48
 848 01e9 0A       		.uleb128 0xa
 849 01ea 00000000 		.4byte	.LASF31
 850 01ee 03       		.byte	0x3
 851 01ef 6C04     		.2byte	0x46c
 852 01f1 A2000000 		.4byte	0xa2
 853 01f5 02       		.byte	0x2
 854 01f6 23       		.byte	0x23
 855 01f7 50       		.uleb128 0x50
 856 01f8 0A       		.uleb128 0xa
 857 01f9 7B020000 		.4byte	.LASF32
 858 01fd 03       		.byte	0x3
 859 01fe 6D04     		.2byte	0x46d
 860 0200 A2000000 		.4byte	0xa2
 861 0204 02       		.byte	0x2
 862 0205 23       		.byte	0x23
 863 0206 54       		.uleb128 0x54
 864 0207 0A       		.uleb128 0xa
 865 0208 AE000000 		.4byte	.LASF33
 866 020c 03       		.byte	0x3
 867 020d 6E04     		.2byte	0x46e
 868 020f A2000000 		.4byte	0xa2
 869 0213 02       		.byte	0x2
 870 0214 23       		.byte	0x23
 871 0215 58       		.uleb128 0x58
 872 0216 0A       		.uleb128 0xa
 873 0217 AD020000 		.4byte	.LASF34
 874 021b 03       		.byte	0x3
 875 021c 6F04     		.2byte	0x46f
 876 021e 7B000000 		.4byte	0x7b
 877 0222 02       		.byte	0x2
 878 0223 23       		.byte	0x23
 879 0224 5C       		.uleb128 0x5c
 880 0225 0A       		.uleb128 0xa
 881 0226 27020000 		.4byte	.LASF35
 882 022a 03       		.byte	0x3
 883 022b 7004     		.2byte	0x470
 884 022d A2000000 		.4byte	0xa2
 885 0231 02       		.byte	0x2
 886 0232 23       		.byte	0x23
 887 0233 60       		.uleb128 0x60
 888 0234 0A       		.uleb128 0xa
 889 0235 77030000 		.4byte	.LASF36
 890 0239 03       		.byte	0x3
 891 023a 7104     		.2byte	0x471
 892 023c A2000000 		.4byte	0xa2
 893 0240 02       		.byte	0x2
 894 0241 23       		.byte	0x23
 895 0242 64       		.uleb128 0x64
 896 0243 0A       		.uleb128 0xa
 897 0244 B7020000 		.4byte	.LASF37
 898 0248 03       		.byte	0x3
ARM GAS  /tmp/ccF99BEb.s 			page 17


 899 0249 7204     		.2byte	0x472
 900 024b AE000000 		.4byte	0xae
 901 024f 02       		.byte	0x2
 902 0250 23       		.byte	0x23
 903 0251 68       		.uleb128 0x68
 904 0252 0A       		.uleb128 0xa
 905 0253 50000000 		.4byte	.LASF38
 906 0257 03       		.byte	0x3
 907 0258 7304     		.2byte	0x473
 908 025a A2000000 		.4byte	0xa2
 909 025e 02       		.byte	0x2
 910 025f 23       		.byte	0x23
 911 0260 70       		.uleb128 0x70
 912 0261 09       		.uleb128 0x9
 913 0262 43535200 		.ascii	"CSR\000"
 914 0266 03       		.byte	0x3
 915 0267 7404     		.2byte	0x474
 916 0269 A2000000 		.4byte	0xa2
 917 026d 02       		.byte	0x2
 918 026e 23       		.byte	0x23
 919 026f 74       		.uleb128 0x74
 920 0270 0A       		.uleb128 0xa
 921 0271 C1020000 		.4byte	.LASF39
 922 0275 03       		.byte	0x3
 923 0276 7504     		.2byte	0x475
 924 0278 AE000000 		.4byte	0xae
 925 027c 02       		.byte	0x2
 926 027d 23       		.byte	0x23
 927 027e 78       		.uleb128 0x78
 928 027f 0A       		.uleb128 0xa
 929 0280 7B000000 		.4byte	.LASF40
 930 0284 03       		.byte	0x3
 931 0285 7604     		.2byte	0x476
 932 0287 A2000000 		.4byte	0xa2
 933 028b 03       		.byte	0x3
 934 028c 23       		.byte	0x23
 935 028d 8001     		.uleb128 0x80
 936 028f 0A       		.uleb128 0xa
 937 0290 55000000 		.4byte	.LASF41
 938 0294 03       		.byte	0x3
 939 0295 7704     		.2byte	0x477
 940 0297 A2000000 		.4byte	0xa2
 941 029b 03       		.byte	0x3
 942 029c 23       		.byte	0x23
 943 029d 8401     		.uleb128 0x84
 944 029f 0A       		.uleb128 0xa
 945 02a0 53030000 		.4byte	.LASF42
 946 02a4 03       		.byte	0x3
 947 02a5 7804     		.2byte	0x478
 948 02a7 A2000000 		.4byte	0xa2
 949 02ab 03       		.byte	0x3
 950 02ac 23       		.byte	0x23
 951 02ad 8801     		.uleb128 0x88
 952 02af 0A       		.uleb128 0xa
 953 02b0 F4000000 		.4byte	.LASF43
 954 02b4 03       		.byte	0x3
 955 02b5 7904     		.2byte	0x479
ARM GAS  /tmp/ccF99BEb.s 			page 18


 956 02b7 A2000000 		.4byte	0xa2
 957 02bb 03       		.byte	0x3
 958 02bc 23       		.byte	0x23
 959 02bd 8C01     		.uleb128 0x8c
 960 02bf 00       		.byte	0
 961 02c0 0B       		.uleb128 0xb
 962 02c1 0F000000 		.4byte	.LASF44
 963 02c5 03       		.byte	0x3
 964 02c6 7B04     		.2byte	0x47b
 965 02c8 D3000000 		.4byte	0xd3
 966 02cc 0C       		.uleb128 0xc
 967 02cd 01       		.byte	0x1
 968 02ce 04       		.byte	0x4
 969 02cf 55       		.byte	0x55
 970 02d0 E7020000 		.4byte	0x2e7
 971 02d4 0D       		.uleb128 0xd
 972 02d5 7B010000 		.4byte	.LASF45
 973 02d9 00       		.sleb128 0
 974 02da 0D       		.uleb128 0xd
 975 02db 04030000 		.4byte	.LASF46
 976 02df 01       		.sleb128 1
 977 02e0 0D       		.uleb128 0xd
 978 02e1 FA020000 		.4byte	.LASF47
 979 02e5 02       		.sleb128 2
 980 02e6 00       		.byte	0
 981 02e7 04       		.uleb128 0x4
 982 02e8 5E030000 		.4byte	.LASF48
 983 02ec 04       		.byte	0x4
 984 02ed 59       		.byte	0x59
 985 02ee CC020000 		.4byte	0x2cc
 986 02f2 04       		.uleb128 0x4
 987 02f3 4F020000 		.4byte	.LASF49
 988 02f7 04       		.byte	0x4
 989 02f8 5E       		.byte	0x5e
 990 02f9 FD020000 		.4byte	0x2fd
 991 02fd 0E       		.uleb128 0xe
 992 02fe 4F020000 		.4byte	.LASF49
 993 0302 14       		.byte	0x14
 994 0303 05       		.byte	0x5
 995 0304 6F01     		.2byte	0x16f
 996 0306 56030000 		.4byte	0x356
 997 030a 0A       		.uleb128 0xa
 998 030b 31000000 		.4byte	.LASF50
 999 030f 05       		.byte	0x5
 1000 0310 7301     		.2byte	0x173
 1001 0312 E7020000 		.4byte	0x2e7
 1002 0316 02       		.byte	0x2
 1003 0317 23       		.byte	0x23
 1004 0318 00       		.uleb128 0
 1005 0319 0A       		.uleb128 0xa
 1006 031a B8000000 		.4byte	.LASF51
 1007 031e 05       		.byte	0x5
 1008 031f 7701     		.2byte	0x177
 1009 0321 A5050000 		.4byte	0x5a5
 1010 0325 02       		.byte	0x2
 1011 0326 23       		.byte	0x23
 1012 0327 04       		.uleb128 0x4
ARM GAS  /tmp/ccF99BEb.s 			page 19


 1013 0328 0A       		.uleb128 0xa
 1014 0329 3D010000 		.4byte	.LASF52
 1015 032d 05       		.byte	0x5
 1016 032e 7B01     		.2byte	0x17b
 1017 0330 E5040000 		.4byte	0x4e5
 1018 0334 02       		.byte	0x2
 1019 0335 23       		.byte	0x23
 1020 0336 08       		.uleb128 0x8
 1021 0337 0A       		.uleb128 0xa
 1022 0338 CB020000 		.4byte	.LASF53
 1023 033c 05       		.byte	0x5
 1024 033d 8301     		.2byte	0x183
 1025 033f 7B000000 		.4byte	0x7b
 1026 0343 02       		.byte	0x2
 1027 0344 23       		.byte	0x23
 1028 0345 0C       		.uleb128 0xc
 1029 0346 09       		.uleb128 0x9
 1030 0347 74696D00 		.ascii	"tim\000"
 1031 034b 05       		.byte	0x5
 1032 034c 8701     		.2byte	0x187
 1033 034e B0050000 		.4byte	0x5b0
 1034 0352 02       		.byte	0x2
 1035 0353 23       		.byte	0x23
 1036 0354 10       		.uleb128 0x10
 1037 0355 00       		.byte	0
 1038 0356 04       		.uleb128 0x4
 1039 0357 69030000 		.4byte	.LASF54
 1040 035b 04       		.byte	0x4
 1041 035c 65       		.byte	0x65
 1042 035d 61030000 		.4byte	0x361
 1043 0361 0F       		.uleb128 0xf
 1044 0362 04       		.byte	0x4
 1045 0363 67030000 		.4byte	0x367
 1046 0367 10       		.uleb128 0x10
 1047 0368 01       		.byte	0x1
 1048 0369 73030000 		.4byte	0x373
 1049 036d 11       		.uleb128 0x11
 1050 036e 73030000 		.4byte	0x373
 1051 0372 00       		.byte	0
 1052 0373 0F       		.uleb128 0xf
 1053 0374 04       		.byte	0x4
 1054 0375 F2020000 		.4byte	0x2f2
 1055 0379 08       		.uleb128 0x8
 1056 037a 60       		.byte	0x60
 1057 037b 06       		.byte	0x6
 1058 037c 9E01     		.2byte	0x19e
 1059 037e BC040000 		.4byte	0x4bc
 1060 0382 09       		.uleb128 0x9
 1061 0383 43523100 		.ascii	"CR1\000"
 1062 0387 06       		.byte	0x6
 1063 0388 9F01     		.2byte	0x19f
 1064 038a A2000000 		.4byte	0xa2
 1065 038e 02       		.byte	0x2
 1066 038f 23       		.byte	0x23
 1067 0390 00       		.uleb128 0
 1068 0391 09       		.uleb128 0x9
 1069 0392 43523200 		.ascii	"CR2\000"
ARM GAS  /tmp/ccF99BEb.s 			page 20


 1070 0396 06       		.byte	0x6
 1071 0397 A001     		.2byte	0x1a0
 1072 0399 A2000000 		.4byte	0xa2
 1073 039d 02       		.byte	0x2
 1074 039e 23       		.byte	0x23
 1075 039f 04       		.uleb128 0x4
 1076 03a0 0A       		.uleb128 0xa
 1077 03a1 76010000 		.4byte	.LASF55
 1078 03a5 06       		.byte	0x6
 1079 03a6 A101     		.2byte	0x1a1
 1080 03a8 A2000000 		.4byte	0xa2
 1081 03ac 02       		.byte	0x2
 1082 03ad 23       		.byte	0x23
 1083 03ae 08       		.uleb128 0x8
 1084 03af 0A       		.uleb128 0xa
 1085 03b0 07020000 		.4byte	.LASF56
 1086 03b4 06       		.byte	0x6
 1087 03b5 A201     		.2byte	0x1a2
 1088 03b7 A2000000 		.4byte	0xa2
 1089 03bb 02       		.byte	0x2
 1090 03bc 23       		.byte	0x23
 1091 03bd 0C       		.uleb128 0xc
 1092 03be 09       		.uleb128 0x9
 1093 03bf 535200   		.ascii	"SR\000"
 1094 03c2 06       		.byte	0x6
 1095 03c3 A301     		.2byte	0x1a3
 1096 03c5 A2000000 		.4byte	0xa2
 1097 03c9 02       		.byte	0x2
 1098 03ca 23       		.byte	0x23
 1099 03cb 10       		.uleb128 0x10
 1100 03cc 09       		.uleb128 0x9
 1101 03cd 45475200 		.ascii	"EGR\000"
 1102 03d1 06       		.byte	0x6
 1103 03d2 A401     		.2byte	0x1a4
 1104 03d4 A2000000 		.4byte	0xa2
 1105 03d8 02       		.byte	0x2
 1106 03d9 23       		.byte	0x23
 1107 03da 14       		.uleb128 0x14
 1108 03db 0A       		.uleb128 0xa
 1109 03dc 4D010000 		.4byte	.LASF57
 1110 03e0 06       		.byte	0x6
 1111 03e1 A501     		.2byte	0x1a5
 1112 03e3 A2000000 		.4byte	0xa2
 1113 03e7 02       		.byte	0x2
 1114 03e8 23       		.byte	0x23
 1115 03e9 18       		.uleb128 0x18
 1116 03ea 0A       		.uleb128 0xa
 1117 03eb 37000000 		.4byte	.LASF58
 1118 03ef 06       		.byte	0x6
 1119 03f0 A601     		.2byte	0x1a6
 1120 03f2 A2000000 		.4byte	0xa2
 1121 03f6 02       		.byte	0x2
 1122 03f7 23       		.byte	0x23
 1123 03f8 1C       		.uleb128 0x1c
 1124 03f9 0A       		.uleb128 0xa
 1125 03fa 0A000000 		.4byte	.LASF59
 1126 03fe 06       		.byte	0x6
ARM GAS  /tmp/ccF99BEb.s 			page 21


 1127 03ff A701     		.2byte	0x1a7
 1128 0401 A2000000 		.4byte	0xa2
 1129 0405 02       		.byte	0x2
 1130 0406 23       		.byte	0x23
 1131 0407 20       		.uleb128 0x20
 1132 0408 09       		.uleb128 0x9
 1133 0409 434E5400 		.ascii	"CNT\000"
 1134 040d 06       		.byte	0x6
 1135 040e A801     		.2byte	0x1a8
 1136 0410 A2000000 		.4byte	0xa2
 1137 0414 02       		.byte	0x2
 1138 0415 23       		.byte	0x23
 1139 0416 24       		.uleb128 0x24
 1140 0417 09       		.uleb128 0x9
 1141 0418 50534300 		.ascii	"PSC\000"
 1142 041c 06       		.byte	0x6
 1143 041d A901     		.2byte	0x1a9
 1144 041f A2000000 		.4byte	0xa2
 1145 0423 02       		.byte	0x2
 1146 0424 23       		.byte	0x23
 1147 0425 28       		.uleb128 0x28
 1148 0426 09       		.uleb128 0x9
 1149 0427 41525200 		.ascii	"ARR\000"
 1150 042b 06       		.byte	0x6
 1151 042c AA01     		.2byte	0x1aa
 1152 042e A2000000 		.4byte	0xa2
 1153 0432 02       		.byte	0x2
 1154 0433 23       		.byte	0x23
 1155 0434 2C       		.uleb128 0x2c
 1156 0435 09       		.uleb128 0x9
 1157 0436 52435200 		.ascii	"RCR\000"
 1158 043a 06       		.byte	0x6
 1159 043b AB01     		.2byte	0x1ab
 1160 043d A2000000 		.4byte	0xa2
 1161 0441 02       		.byte	0x2
 1162 0442 23       		.byte	0x23
 1163 0443 30       		.uleb128 0x30
 1164 0444 09       		.uleb128 0x9
 1165 0445 43435200 		.ascii	"CCR\000"
 1166 0449 06       		.byte	0x6
 1167 044a AC01     		.2byte	0x1ac
 1168 044c BC040000 		.4byte	0x4bc
 1169 0450 02       		.byte	0x2
 1170 0451 23       		.byte	0x23
 1171 0452 34       		.uleb128 0x34
 1172 0453 0A       		.uleb128 0xa
 1173 0454 02020000 		.4byte	.LASF60
 1174 0458 06       		.byte	0x6
 1175 0459 AD01     		.2byte	0x1ad
 1176 045b A2000000 		.4byte	0xa2
 1177 045f 02       		.byte	0x2
 1178 0460 23       		.byte	0x23
 1179 0461 44       		.uleb128 0x44
 1180 0462 09       		.uleb128 0x9
 1181 0463 44435200 		.ascii	"DCR\000"
 1182 0467 06       		.byte	0x6
 1183 0468 AE01     		.2byte	0x1ae
ARM GAS  /tmp/ccF99BEb.s 			page 22


 1184 046a A2000000 		.4byte	0xa2
 1185 046e 02       		.byte	0x2
 1186 046f 23       		.byte	0x23
 1187 0470 48       		.uleb128 0x48
 1188 0471 0A       		.uleb128 0xa
 1189 0472 2C000000 		.4byte	.LASF61
 1190 0476 06       		.byte	0x6
 1191 0477 AF01     		.2byte	0x1af
 1192 0479 A2000000 		.4byte	0xa2
 1193 047d 02       		.byte	0x2
 1194 047e 23       		.byte	0x23
 1195 047f 4C       		.uleb128 0x4c
 1196 0480 09       		.uleb128 0x9
 1197 0481 4F5200   		.ascii	"OR\000"
 1198 0484 06       		.byte	0x6
 1199 0485 B001     		.2byte	0x1b0
 1200 0487 A2000000 		.4byte	0xa2
 1201 048b 02       		.byte	0x2
 1202 048c 23       		.byte	0x23
 1203 048d 50       		.uleb128 0x50
 1204 048e 0A       		.uleb128 0xa
 1205 048f 6B010000 		.4byte	.LASF62
 1206 0493 06       		.byte	0x6
 1207 0494 B101     		.2byte	0x1b1
 1208 0496 A2000000 		.4byte	0xa2
 1209 049a 02       		.byte	0x2
 1210 049b 23       		.byte	0x23
 1211 049c 54       		.uleb128 0x54
 1212 049d 0A       		.uleb128 0xa
 1213 049e 21010000 		.4byte	.LASF63
 1214 04a2 06       		.byte	0x6
 1215 04a3 B201     		.2byte	0x1b2
 1216 04a5 A2000000 		.4byte	0xa2
 1217 04a9 02       		.byte	0x2
 1218 04aa 23       		.byte	0x23
 1219 04ab 58       		.uleb128 0x58
 1220 04ac 0A       		.uleb128 0xa
 1221 04ad 26010000 		.4byte	.LASF64
 1222 04b1 06       		.byte	0x6
 1223 04b2 B301     		.2byte	0x1b3
 1224 04b4 A2000000 		.4byte	0xa2
 1225 04b8 02       		.byte	0x2
 1226 04b9 23       		.byte	0x23
 1227 04ba 5C       		.uleb128 0x5c
 1228 04bb 00       		.byte	0
 1229 04bc 05       		.uleb128 0x5
 1230 04bd BE000000 		.4byte	0xbe
 1231 04c1 0B       		.uleb128 0xb
 1232 04c2 43020000 		.4byte	.LASF65
 1233 04c6 06       		.byte	0x6
 1234 04c7 B401     		.2byte	0x1b4
 1235 04c9 79030000 		.4byte	0x379
 1236 04cd 0B       		.uleb128 0xb
 1237 04ce 3C030000 		.4byte	.LASF66
 1238 04d2 05       		.byte	0x5
 1239 04d3 2001     		.2byte	0x120
 1240 04d5 7B000000 		.4byte	0x7b
ARM GAS  /tmp/ccF99BEb.s 			page 23


 1241 04d9 0B       		.uleb128 0xb
 1242 04da 60000000 		.4byte	.LASF67
 1243 04de 05       		.byte	0x5
 1244 04df 2501     		.2byte	0x125
 1245 04e1 3E000000 		.4byte	0x3e
 1246 04e5 0B       		.uleb128 0xb
 1247 04e6 47000000 		.4byte	.LASF68
 1248 04ea 05       		.byte	0x5
 1249 04eb 2A01     		.2byte	0x12a
 1250 04ed 57000000 		.4byte	0x57
 1251 04f1 08       		.uleb128 0x8
 1252 04f2 08       		.byte	0x8
 1253 04f3 05       		.byte	0x5
 1254 04f4 2F01     		.2byte	0x12f
 1255 04f6 19050000 		.4byte	0x519
 1256 04fa 0A       		.uleb128 0xa
 1257 04fb 76000000 		.4byte	.LASF69
 1258 04ff 05       		.byte	0x5
 1259 0500 3301     		.2byte	0x133
 1260 0502 CD040000 		.4byte	0x4cd
 1261 0506 02       		.byte	0x2
 1262 0507 23       		.byte	0x23
 1263 0508 00       		.uleb128 0
 1264 0509 0A       		.uleb128 0xa
 1265 050a C5030000 		.4byte	.LASF70
 1266 050e 05       		.byte	0x5
 1267 050f 3901     		.2byte	0x139
 1268 0511 56030000 		.4byte	0x356
 1269 0515 02       		.byte	0x2
 1270 0516 23       		.byte	0x23
 1271 0517 04       		.uleb128 0x4
 1272 0518 00       		.byte	0
 1273 0519 0B       		.uleb128 0xb
 1274 051a 22030000 		.4byte	.LASF71
 1275 051e 05       		.byte	0x5
 1276 051f 3B01     		.2byte	0x13b
 1277 0521 F1040000 		.4byte	0x4f1
 1278 0525 08       		.uleb128 0x8
 1279 0526 34       		.byte	0x34
 1280 0527 05       		.byte	0x5
 1281 0528 4001     		.2byte	0x140
 1282 052a 89050000 		.4byte	0x589
 1283 052e 0A       		.uleb128 0xa
 1284 052f 12030000 		.4byte	.LASF72
 1285 0533 05       		.byte	0x5
 1286 0534 4601     		.2byte	0x146
 1287 0536 7B000000 		.4byte	0x7b
 1288 053a 02       		.byte	0x2
 1289 053b 23       		.byte	0x23
 1290 053c 00       		.uleb128 0
 1291 053d 0A       		.uleb128 0xa
 1292 053e 3D010000 		.4byte	.LASF52
 1293 0542 05       		.byte	0x5
 1294 0543 4C01     		.2byte	0x14c
 1295 0545 E5040000 		.4byte	0x4e5
 1296 0549 02       		.byte	0x2
 1297 054a 23       		.byte	0x23
ARM GAS  /tmp/ccF99BEb.s 			page 24


 1298 054b 04       		.uleb128 0x4
 1299 054c 0A       		.uleb128 0xa
 1300 054d C5030000 		.4byte	.LASF70
 1301 0551 05       		.byte	0x5
 1302 0552 5201     		.2byte	0x152
 1303 0554 56030000 		.4byte	0x356
 1304 0558 02       		.byte	0x2
 1305 0559 23       		.byte	0x23
 1306 055a 08       		.uleb128 0x8
 1307 055b 0A       		.uleb128 0xa
 1308 055c F1020000 		.4byte	.LASF73
 1309 0560 05       		.byte	0x5
 1310 0561 5601     		.2byte	0x156
 1311 0563 89050000 		.4byte	0x589
 1312 0567 02       		.byte	0x2
 1313 0568 23       		.byte	0x23
 1314 0569 0C       		.uleb128 0xc
 1315 056a 09       		.uleb128 0x9
 1316 056b 63723200 		.ascii	"cr2\000"
 1317 056f 05       		.byte	0x5
 1318 0570 5C01     		.2byte	0x15c
 1319 0572 7B000000 		.4byte	0x7b
 1320 0576 02       		.byte	0x2
 1321 0577 23       		.byte	0x23
 1322 0578 2C       		.uleb128 0x2c
 1323 0579 0A       		.uleb128 0xa
 1324 057a 0D030000 		.4byte	.LASF74
 1325 057e 05       		.byte	0x5
 1326 057f 6901     		.2byte	0x169
 1327 0581 7B000000 		.4byte	0x7b
 1328 0585 02       		.byte	0x2
 1329 0586 23       		.byte	0x23
 1330 0587 30       		.uleb128 0x30
 1331 0588 00       		.byte	0
 1332 0589 06       		.uleb128 0x6
 1333 058a 19050000 		.4byte	0x519
 1334 058e 99050000 		.4byte	0x599
 1335 0592 07       		.uleb128 0x7
 1336 0593 30000000 		.4byte	0x30
 1337 0597 03       		.byte	0x3
 1338 0598 00       		.byte	0
 1339 0599 0B       		.uleb128 0xb
 1340 059a 61010000 		.4byte	.LASF75
 1341 059e 05       		.byte	0x5
 1342 059f 6A01     		.2byte	0x16a
 1343 05a1 25050000 		.4byte	0x525
 1344 05a5 0F       		.uleb128 0xf
 1345 05a6 04       		.byte	0x4
 1346 05a7 AB050000 		.4byte	0x5ab
 1347 05ab 12       		.uleb128 0x12
 1348 05ac 99050000 		.4byte	0x599
 1349 05b0 0F       		.uleb128 0xf
 1350 05b1 04       		.byte	0x4
 1351 05b2 C1040000 		.4byte	0x4c1
 1352 05b6 13       		.uleb128 0x13
 1353 05b7 01       		.byte	0x1
 1354 05b8 6D000000 		.4byte	.LASF76
ARM GAS  /tmp/ccF99BEb.s 			page 25


 1355 05bc 01       		.byte	0x1
 1356 05bd 93       		.byte	0x93
 1357 05be 01       		.byte	0x1
 1358 05bf 00000000 		.4byte	.LFB118
 1359 05c3 24000000 		.4byte	.LFE118
 1360 05c7 00000000 		.4byte	.LLST0
 1361 05cb 14       		.uleb128 0x14
 1362 05cc 01       		.byte	0x1
 1363 05cd C4000000 		.4byte	.LASF78
 1364 05d1 01       		.byte	0x1
 1365 05d2 A8       		.byte	0xa8
 1366 05d3 01       		.byte	0x1
 1367 05d4 00000000 		.4byte	.LFB119
 1368 05d8 7C000000 		.4byte	.LFE119
 1369 05dc 20000000 		.4byte	.LLST1
 1370 05e0 F1050000 		.4byte	0x5f1
 1371 05e4 15       		.uleb128 0x15
 1372 05e5 737200   		.ascii	"sr\000"
 1373 05e8 01       		.byte	0x1
 1374 05e9 A9       		.byte	0xa9
 1375 05ea 57000000 		.4byte	0x57
 1376 05ee 01       		.byte	0x1
 1377 05ef 54       		.byte	0x54
 1378 05f0 00       		.byte	0
 1379 05f1 16       		.uleb128 0x16
 1380 05f2 01       		.byte	0x1
 1381 05f3 31020000 		.4byte	.LASF77
 1382 05f7 01       		.byte	0x1
 1383 05f8 5901     		.2byte	0x159
 1384 05fa 01       		.byte	0x1
 1385 05fb 00000000 		.4byte	.LFB120
 1386 05ff 1A000000 		.4byte	.LFE120
 1387 0603 40000000 		.4byte	.LLST2
 1388 0607 17       		.uleb128 0x17
 1389 0608 01       		.byte	0x1
 1390 0609 53010000 		.4byte	.LASF79
 1391 060d 01       		.byte	0x1
 1392 060e 8F01     		.2byte	0x18f
 1393 0610 01       		.byte	0x1
 1394 0611 00000000 		.4byte	.LFB121
 1395 0615 24010000 		.4byte	.LFE121
 1396 0619 60000000 		.4byte	.LLST3
 1397 061d 4E060000 		.4byte	0x64e
 1398 0621 18       		.uleb128 0x18
 1399 0622 71010000 		.4byte	.LASF82
 1400 0626 01       		.byte	0x1
 1401 0627 8F01     		.2byte	0x18f
 1402 0629 73030000 		.4byte	0x373
 1403 062d 80000000 		.4byte	.LLST4
 1404 0631 19       		.uleb128 0x19
 1405 0632 70736300 		.ascii	"psc\000"
 1406 0636 01       		.byte	0x1
 1407 0637 9001     		.2byte	0x190
 1408 0639 7B000000 		.4byte	0x7b
 1409 063d 1A       		.uleb128 0x1a
 1410 063e EF000000 		.4byte	.LASF80
 1411 0642 01       		.byte	0x1
ARM GAS  /tmp/ccF99BEb.s 			page 26


 1412 0643 9101     		.2byte	0x191
 1413 0645 7B000000 		.4byte	0x7b
 1414 0649 B4000000 		.4byte	.LLST5
 1415 064d 00       		.byte	0
 1416 064e 17       		.uleb128 0x17
 1417 064f 01       		.byte	0x1
 1418 0650 F5010000 		.4byte	.LASF81
 1419 0654 01       		.byte	0x1
 1420 0655 5B02     		.2byte	0x25b
 1421 0657 01       		.byte	0x1
 1422 0658 00000000 		.4byte	.LFB122
 1423 065c 44000000 		.4byte	.LFE122
 1424 0660 EA000000 		.4byte	.LLST6
 1425 0664 79060000 		.4byte	0x679
 1426 0668 18       		.uleb128 0x18
 1427 0669 71010000 		.4byte	.LASF82
 1428 066d 01       		.byte	0x1
 1429 066e 5B02     		.2byte	0x25b
 1430 0670 73030000 		.4byte	0x373
 1431 0674 0A010000 		.4byte	.LLST7
 1432 0678 00       		.byte	0
 1433 0679 17       		.uleb128 0x17
 1434 067a 01       		.byte	0x1
 1435 067b 94010000 		.4byte	.LASF83
 1436 067f 01       		.byte	0x1
 1437 0680 A102     		.2byte	0x2a1
 1438 0682 01       		.byte	0x1
 1439 0683 00000000 		.4byte	.LFB123
 1440 0687 32000000 		.4byte	.LFE123
 1441 068b 28010000 		.4byte	.LLST8
 1442 068f DE060000 		.4byte	0x6de
 1443 0693 18       		.uleb128 0x18
 1444 0694 71010000 		.4byte	.LASF82
 1445 0698 01       		.byte	0x1
 1446 0699 A102     		.2byte	0x2a1
 1447 069b 73030000 		.4byte	0x373
 1448 069f 48010000 		.4byte	.LLST9
 1449 06a3 18       		.uleb128 0x18
 1450 06a4 73020000 		.4byte	.LASF84
 1451 06a8 01       		.byte	0x1
 1452 06a9 A202     		.2byte	0x2a2
 1453 06ab D9040000 		.4byte	0x4d9
 1454 06af 5B010000 		.4byte	.LLST10
 1455 06b3 18       		.uleb128 0x18
 1456 06b4 FC000000 		.4byte	.LASF85
 1457 06b8 01       		.byte	0x1
 1458 06b9 A302     		.2byte	0x2a3
 1459 06bb E5040000 		.4byte	0x4e5
 1460 06bf 6E010000 		.4byte	.LLST11
 1461 06c3 1B       		.uleb128 0x1b
 1462 06c4 1A000000 		.4byte	.LBB2
 1463 06c8 2E000000 		.4byte	.LBE2
 1464 06cc 1A       		.uleb128 0x1a
 1465 06cd 0D030000 		.4byte	.LASF74
 1466 06d1 01       		.byte	0x1
 1467 06d2 A902     		.2byte	0x2a9
 1468 06d4 7B000000 		.4byte	0x7b
ARM GAS  /tmp/ccF99BEb.s 			page 27


 1469 06d8 81010000 		.4byte	.LLST12
 1470 06dc 00       		.byte	0
 1471 06dd 00       		.byte	0
 1472 06de 1C       		.uleb128 0x1c
 1473 06df 01       		.byte	0x1
 1474 06e0 D9020000 		.4byte	.LASF86
 1475 06e4 01       		.byte	0x1
 1476 06e5 BF02     		.2byte	0x2bf
 1477 06e7 01       		.byte	0x1
 1478 06e8 00000000 		.4byte	.LFB124
 1479 06ec 1E000000 		.4byte	.LFE124
 1480 06f0 02       		.byte	0x2
 1481 06f1 7D       		.byte	0x7d
 1482 06f2 00       		.sleb128 0
 1483 06f3 18070000 		.4byte	0x718
 1484 06f7 18       		.uleb128 0x18
 1485 06f8 71010000 		.4byte	.LASF82
 1486 06fc 01       		.byte	0x1
 1487 06fd BF02     		.2byte	0x2bf
 1488 06ff 73030000 		.4byte	0x373
 1489 0703 94010000 		.4byte	.LLST13
 1490 0707 18       		.uleb128 0x18
 1491 0708 73020000 		.4byte	.LASF84
 1492 070c 01       		.byte	0x1
 1493 070d BF02     		.2byte	0x2bf
 1494 070f D9040000 		.4byte	0x4d9
 1495 0713 A7010000 		.4byte	.LLST14
 1496 0717 00       		.byte	0
 1497 0718 1D       		.uleb128 0x1d
 1498 0719 46030000 		.4byte	.LASF87
 1499 071d 07       		.byte	0x7
 1500 071e 9806     		.2byte	0x698
 1501 0720 CE000000 		.4byte	0xce
 1502 0724 01       		.byte	0x1
 1503 0725 01       		.byte	0x1
 1504 0726 1D       		.uleb128 0x1d
 1505 0727 1C030000 		.4byte	.LASF88
 1506 072b 05       		.byte	0x5
 1507 072c B301     		.2byte	0x1b3
 1508 072e F2020000 		.4byte	0x2f2
 1509 0732 01       		.byte	0x1
 1510 0733 01       		.byte	0x1
 1511 0734 1D       		.uleb128 0x1d
 1512 0735 46030000 		.4byte	.LASF87
 1513 0739 07       		.byte	0x7
 1514 073a 9806     		.2byte	0x698
 1515 073c CE000000 		.4byte	0xce
 1516 0740 01       		.byte	0x1
 1517 0741 01       		.byte	0x1
 1518 0742 1E       		.uleb128 0x1e
 1519 0743 1C030000 		.4byte	.LASF88
 1520 0747 01       		.byte	0x1
 1521 0748 2B       		.byte	0x2b
 1522 0749 F2020000 		.4byte	0x2f2
 1523 074d 01       		.byte	0x1
 1524 074e 05       		.byte	0x5
 1525 074f 03       		.byte	0x3
ARM GAS  /tmp/ccF99BEb.s 			page 28


 1526 0750 00000000 		.4byte	PWMD1
 1527 0754 00       		.byte	0
 1528              		.section	.debug_abbrev,"",%progbits
 1529              	.Ldebug_abbrev0:
 1530 0000 01       		.uleb128 0x1
 1531 0001 11       		.uleb128 0x11
 1532 0002 01       		.byte	0x1
 1533 0003 25       		.uleb128 0x25
 1534 0004 0E       		.uleb128 0xe
 1535 0005 13       		.uleb128 0x13
 1536 0006 0B       		.uleb128 0xb
 1537 0007 03       		.uleb128 0x3
 1538 0008 0E       		.uleb128 0xe
 1539 0009 1B       		.uleb128 0x1b
 1540 000a 0E       		.uleb128 0xe
 1541 000b 11       		.uleb128 0x11
 1542 000c 01       		.uleb128 0x1
 1543 000d 52       		.uleb128 0x52
 1544 000e 01       		.uleb128 0x1
 1545 000f 55       		.uleb128 0x55
 1546 0010 06       		.uleb128 0x6
 1547 0011 10       		.uleb128 0x10
 1548 0012 06       		.uleb128 0x6
 1549 0013 00       		.byte	0
 1550 0014 00       		.byte	0
 1551 0015 02       		.uleb128 0x2
 1552 0016 24       		.uleb128 0x24
 1553 0017 00       		.byte	0
 1554 0018 0B       		.uleb128 0xb
 1555 0019 0B       		.uleb128 0xb
 1556 001a 3E       		.uleb128 0x3e
 1557 001b 0B       		.uleb128 0xb
 1558 001c 03       		.uleb128 0x3
 1559 001d 08       		.uleb128 0x8
 1560 001e 00       		.byte	0
 1561 001f 00       		.byte	0
 1562 0020 03       		.uleb128 0x3
 1563 0021 24       		.uleb128 0x24
 1564 0022 00       		.byte	0
 1565 0023 0B       		.uleb128 0xb
 1566 0024 0B       		.uleb128 0xb
 1567 0025 3E       		.uleb128 0x3e
 1568 0026 0B       		.uleb128 0xb
 1569 0027 03       		.uleb128 0x3
 1570 0028 0E       		.uleb128 0xe
 1571 0029 00       		.byte	0
 1572 002a 00       		.byte	0
 1573 002b 04       		.uleb128 0x4
 1574 002c 16       		.uleb128 0x16
 1575 002d 00       		.byte	0
 1576 002e 03       		.uleb128 0x3
 1577 002f 0E       		.uleb128 0xe
 1578 0030 3A       		.uleb128 0x3a
 1579 0031 0B       		.uleb128 0xb
 1580 0032 3B       		.uleb128 0x3b
 1581 0033 0B       		.uleb128 0xb
 1582 0034 49       		.uleb128 0x49
ARM GAS  /tmp/ccF99BEb.s 			page 29


 1583 0035 13       		.uleb128 0x13
 1584 0036 00       		.byte	0
 1585 0037 00       		.byte	0
 1586 0038 05       		.uleb128 0x5
 1587 0039 35       		.uleb128 0x35
 1588 003a 00       		.byte	0
 1589 003b 49       		.uleb128 0x49
 1590 003c 13       		.uleb128 0x13
 1591 003d 00       		.byte	0
 1592 003e 00       		.byte	0
 1593 003f 06       		.uleb128 0x6
 1594 0040 01       		.uleb128 0x1
 1595 0041 01       		.byte	0x1
 1596 0042 49       		.uleb128 0x49
 1597 0043 13       		.uleb128 0x13
 1598 0044 01       		.uleb128 0x1
 1599 0045 13       		.uleb128 0x13
 1600 0046 00       		.byte	0
 1601 0047 00       		.byte	0
 1602 0048 07       		.uleb128 0x7
 1603 0049 21       		.uleb128 0x21
 1604 004a 00       		.byte	0
 1605 004b 49       		.uleb128 0x49
 1606 004c 13       		.uleb128 0x13
 1607 004d 2F       		.uleb128 0x2f
 1608 004e 0B       		.uleb128 0xb
 1609 004f 00       		.byte	0
 1610 0050 00       		.byte	0
 1611 0051 08       		.uleb128 0x8
 1612 0052 13       		.uleb128 0x13
 1613 0053 01       		.byte	0x1
 1614 0054 0B       		.uleb128 0xb
 1615 0055 0B       		.uleb128 0xb
 1616 0056 3A       		.uleb128 0x3a
 1617 0057 0B       		.uleb128 0xb
 1618 0058 3B       		.uleb128 0x3b
 1619 0059 05       		.uleb128 0x5
 1620 005a 01       		.uleb128 0x1
 1621 005b 13       		.uleb128 0x13
 1622 005c 00       		.byte	0
 1623 005d 00       		.byte	0
 1624 005e 09       		.uleb128 0x9
 1625 005f 0D       		.uleb128 0xd
 1626 0060 00       		.byte	0
 1627 0061 03       		.uleb128 0x3
 1628 0062 08       		.uleb128 0x8
 1629 0063 3A       		.uleb128 0x3a
 1630 0064 0B       		.uleb128 0xb
 1631 0065 3B       		.uleb128 0x3b
 1632 0066 05       		.uleb128 0x5
 1633 0067 49       		.uleb128 0x49
 1634 0068 13       		.uleb128 0x13
 1635 0069 38       		.uleb128 0x38
 1636 006a 0A       		.uleb128 0xa
 1637 006b 00       		.byte	0
 1638 006c 00       		.byte	0
 1639 006d 0A       		.uleb128 0xa
ARM GAS  /tmp/ccF99BEb.s 			page 30


 1640 006e 0D       		.uleb128 0xd
 1641 006f 00       		.byte	0
 1642 0070 03       		.uleb128 0x3
 1643 0071 0E       		.uleb128 0xe
 1644 0072 3A       		.uleb128 0x3a
 1645 0073 0B       		.uleb128 0xb
 1646 0074 3B       		.uleb128 0x3b
 1647 0075 05       		.uleb128 0x5
 1648 0076 49       		.uleb128 0x49
 1649 0077 13       		.uleb128 0x13
 1650 0078 38       		.uleb128 0x38
 1651 0079 0A       		.uleb128 0xa
 1652 007a 00       		.byte	0
 1653 007b 00       		.byte	0
 1654 007c 0B       		.uleb128 0xb
 1655 007d 16       		.uleb128 0x16
 1656 007e 00       		.byte	0
 1657 007f 03       		.uleb128 0x3
 1658 0080 0E       		.uleb128 0xe
 1659 0081 3A       		.uleb128 0x3a
 1660 0082 0B       		.uleb128 0xb
 1661 0083 3B       		.uleb128 0x3b
 1662 0084 05       		.uleb128 0x5
 1663 0085 49       		.uleb128 0x49
 1664 0086 13       		.uleb128 0x13
 1665 0087 00       		.byte	0
 1666 0088 00       		.byte	0
 1667 0089 0C       		.uleb128 0xc
 1668 008a 04       		.uleb128 0x4
 1669 008b 01       		.byte	0x1
 1670 008c 0B       		.uleb128 0xb
 1671 008d 0B       		.uleb128 0xb
 1672 008e 3A       		.uleb128 0x3a
 1673 008f 0B       		.uleb128 0xb
 1674 0090 3B       		.uleb128 0x3b
 1675 0091 0B       		.uleb128 0xb
 1676 0092 01       		.uleb128 0x1
 1677 0093 13       		.uleb128 0x13
 1678 0094 00       		.byte	0
 1679 0095 00       		.byte	0
 1680 0096 0D       		.uleb128 0xd
 1681 0097 28       		.uleb128 0x28
 1682 0098 00       		.byte	0
 1683 0099 03       		.uleb128 0x3
 1684 009a 0E       		.uleb128 0xe
 1685 009b 1C       		.uleb128 0x1c
 1686 009c 0D       		.uleb128 0xd
 1687 009d 00       		.byte	0
 1688 009e 00       		.byte	0
 1689 009f 0E       		.uleb128 0xe
 1690 00a0 13       		.uleb128 0x13
 1691 00a1 01       		.byte	0x1
 1692 00a2 03       		.uleb128 0x3
 1693 00a3 0E       		.uleb128 0xe
 1694 00a4 0B       		.uleb128 0xb
 1695 00a5 0B       		.uleb128 0xb
 1696 00a6 3A       		.uleb128 0x3a
ARM GAS  /tmp/ccF99BEb.s 			page 31


 1697 00a7 0B       		.uleb128 0xb
 1698 00a8 3B       		.uleb128 0x3b
 1699 00a9 05       		.uleb128 0x5
 1700 00aa 01       		.uleb128 0x1
 1701 00ab 13       		.uleb128 0x13
 1702 00ac 00       		.byte	0
 1703 00ad 00       		.byte	0
 1704 00ae 0F       		.uleb128 0xf
 1705 00af 0F       		.uleb128 0xf
 1706 00b0 00       		.byte	0
 1707 00b1 0B       		.uleb128 0xb
 1708 00b2 0B       		.uleb128 0xb
 1709 00b3 49       		.uleb128 0x49
 1710 00b4 13       		.uleb128 0x13
 1711 00b5 00       		.byte	0
 1712 00b6 00       		.byte	0
 1713 00b7 10       		.uleb128 0x10
 1714 00b8 15       		.uleb128 0x15
 1715 00b9 01       		.byte	0x1
 1716 00ba 27       		.uleb128 0x27
 1717 00bb 0C       		.uleb128 0xc
 1718 00bc 01       		.uleb128 0x1
 1719 00bd 13       		.uleb128 0x13
 1720 00be 00       		.byte	0
 1721 00bf 00       		.byte	0
 1722 00c0 11       		.uleb128 0x11
 1723 00c1 05       		.uleb128 0x5
 1724 00c2 00       		.byte	0
 1725 00c3 49       		.uleb128 0x49
 1726 00c4 13       		.uleb128 0x13
 1727 00c5 00       		.byte	0
 1728 00c6 00       		.byte	0
 1729 00c7 12       		.uleb128 0x12
 1730 00c8 26       		.uleb128 0x26
 1731 00c9 00       		.byte	0
 1732 00ca 49       		.uleb128 0x49
 1733 00cb 13       		.uleb128 0x13
 1734 00cc 00       		.byte	0
 1735 00cd 00       		.byte	0
 1736 00ce 13       		.uleb128 0x13
 1737 00cf 2E       		.uleb128 0x2e
 1738 00d0 00       		.byte	0
 1739 00d1 3F       		.uleb128 0x3f
 1740 00d2 0C       		.uleb128 0xc
 1741 00d3 03       		.uleb128 0x3
 1742 00d4 0E       		.uleb128 0xe
 1743 00d5 3A       		.uleb128 0x3a
 1744 00d6 0B       		.uleb128 0xb
 1745 00d7 3B       		.uleb128 0x3b
 1746 00d8 0B       		.uleb128 0xb
 1747 00d9 27       		.uleb128 0x27
 1748 00da 0C       		.uleb128 0xc
 1749 00db 11       		.uleb128 0x11
 1750 00dc 01       		.uleb128 0x1
 1751 00dd 12       		.uleb128 0x12
 1752 00de 01       		.uleb128 0x1
 1753 00df 40       		.uleb128 0x40
ARM GAS  /tmp/ccF99BEb.s 			page 32


 1754 00e0 06       		.uleb128 0x6
 1755 00e1 00       		.byte	0
 1756 00e2 00       		.byte	0
 1757 00e3 14       		.uleb128 0x14
 1758 00e4 2E       		.uleb128 0x2e
 1759 00e5 01       		.byte	0x1
 1760 00e6 3F       		.uleb128 0x3f
 1761 00e7 0C       		.uleb128 0xc
 1762 00e8 03       		.uleb128 0x3
 1763 00e9 0E       		.uleb128 0xe
 1764 00ea 3A       		.uleb128 0x3a
 1765 00eb 0B       		.uleb128 0xb
 1766 00ec 3B       		.uleb128 0x3b
 1767 00ed 0B       		.uleb128 0xb
 1768 00ee 27       		.uleb128 0x27
 1769 00ef 0C       		.uleb128 0xc
 1770 00f0 11       		.uleb128 0x11
 1771 00f1 01       		.uleb128 0x1
 1772 00f2 12       		.uleb128 0x12
 1773 00f3 01       		.uleb128 0x1
 1774 00f4 40       		.uleb128 0x40
 1775 00f5 06       		.uleb128 0x6
 1776 00f6 01       		.uleb128 0x1
 1777 00f7 13       		.uleb128 0x13
 1778 00f8 00       		.byte	0
 1779 00f9 00       		.byte	0
 1780 00fa 15       		.uleb128 0x15
 1781 00fb 34       		.uleb128 0x34
 1782 00fc 00       		.byte	0
 1783 00fd 03       		.uleb128 0x3
 1784 00fe 08       		.uleb128 0x8
 1785 00ff 3A       		.uleb128 0x3a
 1786 0100 0B       		.uleb128 0xb
 1787 0101 3B       		.uleb128 0x3b
 1788 0102 0B       		.uleb128 0xb
 1789 0103 49       		.uleb128 0x49
 1790 0104 13       		.uleb128 0x13
 1791 0105 02       		.uleb128 0x2
 1792 0106 0A       		.uleb128 0xa
 1793 0107 00       		.byte	0
 1794 0108 00       		.byte	0
 1795 0109 16       		.uleb128 0x16
 1796 010a 2E       		.uleb128 0x2e
 1797 010b 00       		.byte	0
 1798 010c 3F       		.uleb128 0x3f
 1799 010d 0C       		.uleb128 0xc
 1800 010e 03       		.uleb128 0x3
 1801 010f 0E       		.uleb128 0xe
 1802 0110 3A       		.uleb128 0x3a
 1803 0111 0B       		.uleb128 0xb
 1804 0112 3B       		.uleb128 0x3b
 1805 0113 05       		.uleb128 0x5
 1806 0114 27       		.uleb128 0x27
 1807 0115 0C       		.uleb128 0xc
 1808 0116 11       		.uleb128 0x11
 1809 0117 01       		.uleb128 0x1
 1810 0118 12       		.uleb128 0x12
ARM GAS  /tmp/ccF99BEb.s 			page 33


 1811 0119 01       		.uleb128 0x1
 1812 011a 40       		.uleb128 0x40
 1813 011b 06       		.uleb128 0x6
 1814 011c 00       		.byte	0
 1815 011d 00       		.byte	0
 1816 011e 17       		.uleb128 0x17
 1817 011f 2E       		.uleb128 0x2e
 1818 0120 01       		.byte	0x1
 1819 0121 3F       		.uleb128 0x3f
 1820 0122 0C       		.uleb128 0xc
 1821 0123 03       		.uleb128 0x3
 1822 0124 0E       		.uleb128 0xe
 1823 0125 3A       		.uleb128 0x3a
 1824 0126 0B       		.uleb128 0xb
 1825 0127 3B       		.uleb128 0x3b
 1826 0128 05       		.uleb128 0x5
 1827 0129 27       		.uleb128 0x27
 1828 012a 0C       		.uleb128 0xc
 1829 012b 11       		.uleb128 0x11
 1830 012c 01       		.uleb128 0x1
 1831 012d 12       		.uleb128 0x12
 1832 012e 01       		.uleb128 0x1
 1833 012f 40       		.uleb128 0x40
 1834 0130 06       		.uleb128 0x6
 1835 0131 01       		.uleb128 0x1
 1836 0132 13       		.uleb128 0x13
 1837 0133 00       		.byte	0
 1838 0134 00       		.byte	0
 1839 0135 18       		.uleb128 0x18
 1840 0136 05       		.uleb128 0x5
 1841 0137 00       		.byte	0
 1842 0138 03       		.uleb128 0x3
 1843 0139 0E       		.uleb128 0xe
 1844 013a 3A       		.uleb128 0x3a
 1845 013b 0B       		.uleb128 0xb
 1846 013c 3B       		.uleb128 0x3b
 1847 013d 05       		.uleb128 0x5
 1848 013e 49       		.uleb128 0x49
 1849 013f 13       		.uleb128 0x13
 1850 0140 02       		.uleb128 0x2
 1851 0141 06       		.uleb128 0x6
 1852 0142 00       		.byte	0
 1853 0143 00       		.byte	0
 1854 0144 19       		.uleb128 0x19
 1855 0145 34       		.uleb128 0x34
 1856 0146 00       		.byte	0
 1857 0147 03       		.uleb128 0x3
 1858 0148 08       		.uleb128 0x8
 1859 0149 3A       		.uleb128 0x3a
 1860 014a 0B       		.uleb128 0xb
 1861 014b 3B       		.uleb128 0x3b
 1862 014c 05       		.uleb128 0x5
 1863 014d 49       		.uleb128 0x49
 1864 014e 13       		.uleb128 0x13
 1865 014f 00       		.byte	0
 1866 0150 00       		.byte	0
 1867 0151 1A       		.uleb128 0x1a
ARM GAS  /tmp/ccF99BEb.s 			page 34


 1868 0152 34       		.uleb128 0x34
 1869 0153 00       		.byte	0
 1870 0154 03       		.uleb128 0x3
 1871 0155 0E       		.uleb128 0xe
 1872 0156 3A       		.uleb128 0x3a
 1873 0157 0B       		.uleb128 0xb
 1874 0158 3B       		.uleb128 0x3b
 1875 0159 05       		.uleb128 0x5
 1876 015a 49       		.uleb128 0x49
 1877 015b 13       		.uleb128 0x13
 1878 015c 02       		.uleb128 0x2
 1879 015d 06       		.uleb128 0x6
 1880 015e 00       		.byte	0
 1881 015f 00       		.byte	0
 1882 0160 1B       		.uleb128 0x1b
 1883 0161 0B       		.uleb128 0xb
 1884 0162 01       		.byte	0x1
 1885 0163 11       		.uleb128 0x11
 1886 0164 01       		.uleb128 0x1
 1887 0165 12       		.uleb128 0x12
 1888 0166 01       		.uleb128 0x1
 1889 0167 00       		.byte	0
 1890 0168 00       		.byte	0
 1891 0169 1C       		.uleb128 0x1c
 1892 016a 2E       		.uleb128 0x2e
 1893 016b 01       		.byte	0x1
 1894 016c 3F       		.uleb128 0x3f
 1895 016d 0C       		.uleb128 0xc
 1896 016e 03       		.uleb128 0x3
 1897 016f 0E       		.uleb128 0xe
 1898 0170 3A       		.uleb128 0x3a
 1899 0171 0B       		.uleb128 0xb
 1900 0172 3B       		.uleb128 0x3b
 1901 0173 05       		.uleb128 0x5
 1902 0174 27       		.uleb128 0x27
 1903 0175 0C       		.uleb128 0xc
 1904 0176 11       		.uleb128 0x11
 1905 0177 01       		.uleb128 0x1
 1906 0178 12       		.uleb128 0x12
 1907 0179 01       		.uleb128 0x1
 1908 017a 40       		.uleb128 0x40
 1909 017b 0A       		.uleb128 0xa
 1910 017c 01       		.uleb128 0x1
 1911 017d 13       		.uleb128 0x13
 1912 017e 00       		.byte	0
 1913 017f 00       		.byte	0
 1914 0180 1D       		.uleb128 0x1d
 1915 0181 34       		.uleb128 0x34
 1916 0182 00       		.byte	0
 1917 0183 03       		.uleb128 0x3
 1918 0184 0E       		.uleb128 0xe
 1919 0185 3A       		.uleb128 0x3a
 1920 0186 0B       		.uleb128 0xb
 1921 0187 3B       		.uleb128 0x3b
 1922 0188 05       		.uleb128 0x5
 1923 0189 49       		.uleb128 0x49
 1924 018a 13       		.uleb128 0x13
ARM GAS  /tmp/ccF99BEb.s 			page 35


 1925 018b 3F       		.uleb128 0x3f
 1926 018c 0C       		.uleb128 0xc
 1927 018d 3C       		.uleb128 0x3c
 1928 018e 0C       		.uleb128 0xc
 1929 018f 00       		.byte	0
 1930 0190 00       		.byte	0
 1931 0191 1E       		.uleb128 0x1e
 1932 0192 34       		.uleb128 0x34
 1933 0193 00       		.byte	0
 1934 0194 03       		.uleb128 0x3
 1935 0195 0E       		.uleb128 0xe
 1936 0196 3A       		.uleb128 0x3a
 1937 0197 0B       		.uleb128 0xb
 1938 0198 3B       		.uleb128 0x3b
 1939 0199 0B       		.uleb128 0xb
 1940 019a 49       		.uleb128 0x49
 1941 019b 13       		.uleb128 0x13
 1942 019c 3F       		.uleb128 0x3f
 1943 019d 0C       		.uleb128 0xc
 1944 019e 02       		.uleb128 0x2
 1945 019f 0A       		.uleb128 0xa
 1946 01a0 00       		.byte	0
 1947 01a1 00       		.byte	0
 1948 01a2 00       		.byte	0
 1949              		.section	.debug_loc,"",%progbits
 1950              	.Ldebug_loc0:
 1951              	.LLST0:
 1952 0000 00000000 		.4byte	.LFB118
 1953 0004 0A000000 		.4byte	.LCFI0
 1954 0008 0200     		.2byte	0x2
 1955 000a 7D       		.byte	0x7d
 1956 000b 00       		.sleb128 0
 1957 000c 0A000000 		.4byte	.LCFI0
 1958 0010 24000000 		.4byte	.LFE118
 1959 0014 0200     		.2byte	0x2
 1960 0016 7D       		.byte	0x7d
 1961 0017 08       		.sleb128 8
 1962 0018 00000000 		.4byte	0
 1963 001c 00000000 		.4byte	0
 1964              	.LLST1:
 1965 0020 00000000 		.4byte	.LFB119
 1966 0024 08000000 		.4byte	.LCFI1
 1967 0028 0200     		.2byte	0x2
 1968 002a 7D       		.byte	0x7d
 1969 002b 00       		.sleb128 0
 1970 002c 08000000 		.4byte	.LCFI1
 1971 0030 7C000000 		.4byte	.LFE119
 1972 0034 0200     		.2byte	0x2
 1973 0036 7D       		.byte	0x7d
 1974 0037 08       		.sleb128 8
 1975 0038 00000000 		.4byte	0
 1976 003c 00000000 		.4byte	0
 1977              	.LLST2:
 1978 0040 00000000 		.4byte	.LFB120
 1979 0044 02000000 		.4byte	.LCFI2
 1980 0048 0200     		.2byte	0x2
 1981 004a 7D       		.byte	0x7d
ARM GAS  /tmp/ccF99BEb.s 			page 36


 1982 004b 00       		.sleb128 0
 1983 004c 02000000 		.4byte	.LCFI2
 1984 0050 1A000000 		.4byte	.LFE120
 1985 0054 0200     		.2byte	0x2
 1986 0056 7D       		.byte	0x7d
 1987 0057 08       		.sleb128 8
 1988 0058 00000000 		.4byte	0
 1989 005c 00000000 		.4byte	0
 1990              	.LLST3:
 1991 0060 00000000 		.4byte	.LFB121
 1992 0064 06000000 		.4byte	.LCFI3
 1993 0068 0200     		.2byte	0x2
 1994 006a 7D       		.byte	0x7d
 1995 006b 00       		.sleb128 0
 1996 006c 06000000 		.4byte	.LCFI3
 1997 0070 24010000 		.4byte	.LFE121
 1998 0074 0200     		.2byte	0x2
 1999 0076 7D       		.byte	0x7d
 2000 0077 10       		.sleb128 16
 2001 0078 00000000 		.4byte	0
 2002 007c 00000000 		.4byte	0
 2003              	.LLST4:
 2004 0080 00000000 		.4byte	.LVL1
 2005 0084 1A000000 		.4byte	.LVL2
 2006 0088 0100     		.2byte	0x1
 2007 008a 50       		.byte	0x50
 2008 008b 1A000000 		.4byte	.LVL2
 2009 008f 22000000 		.4byte	.LVL4
 2010 0093 0100     		.2byte	0x1
 2011 0095 54       		.byte	0x54
 2012 0096 D4000000 		.4byte	.LVL18
 2013 009a E0000000 		.4byte	.LVL19
 2014 009e 0100     		.2byte	0x1
 2015 00a0 50       		.byte	0x50
 2016 00a1 E0000000 		.4byte	.LVL19
 2017 00a5 24010000 		.4byte	.LFE121
 2018 00a9 0100     		.2byte	0x1
 2019 00ab 54       		.byte	0x54
 2020 00ac 00000000 		.4byte	0
 2021 00b0 00000000 		.4byte	0
 2022              	.LLST5:
 2023 00b4 3E000000 		.4byte	.LVL5
 2024 00b8 48000000 		.4byte	.LVL6
 2025 00bc 0200     		.2byte	0x2
 2026 00be 30       		.byte	0x30
 2027 00bf 9F       		.byte	0x9f
 2028 00c0 48000000 		.4byte	.LVL6
 2029 00c4 86000000 		.4byte	.LVL8
 2030 00c8 0100     		.2byte	0x1
 2031 00ca 51       		.byte	0x51
 2032 00cb 86000000 		.4byte	.LVL8
 2033 00cf 9A000000 		.4byte	.LVL9
 2034 00d3 0200     		.2byte	0x2
 2035 00d5 73       		.byte	0x73
 2036 00d6 20       		.sleb128 32
 2037 00d7 9A000000 		.4byte	.LVL9
 2038 00db D4000000 		.4byte	.LVL18
ARM GAS  /tmp/ccF99BEb.s 			page 37


 2039 00df 0100     		.2byte	0x1
 2040 00e1 51       		.byte	0x51
 2041 00e2 00000000 		.4byte	0
 2042 00e6 00000000 		.4byte	0
 2043              	.LLST6:
 2044 00ea 00000000 		.4byte	.LFB122
 2045 00ee 02000000 		.4byte	.LCFI4
 2046 00f2 0200     		.2byte	0x2
 2047 00f4 7D       		.byte	0x7d
 2048 00f5 00       		.sleb128 0
 2049 00f6 02000000 		.4byte	.LCFI4
 2050 00fa 44000000 		.4byte	.LFE122
 2051 00fe 0200     		.2byte	0x2
 2052 0100 7D       		.byte	0x7d
 2053 0101 08       		.sleb128 8
 2054 0102 00000000 		.4byte	0
 2055 0106 00000000 		.4byte	0
 2056              	.LLST7:
 2057 010a 00000000 		.4byte	.LVL20
 2058 010e 08000000 		.4byte	.LVL21
 2059 0112 0100     		.2byte	0x1
 2060 0114 50       		.byte	0x50
 2061 0115 0A000000 		.4byte	.LVL22
 2062 0119 24000000 		.4byte	.LVL23
 2063 011d 0100     		.2byte	0x1
 2064 011f 50       		.byte	0x50
 2065 0120 00000000 		.4byte	0
 2066 0124 00000000 		.4byte	0
 2067              	.LLST8:
 2068 0128 00000000 		.4byte	.LFB123
 2069 012c 02000000 		.4byte	.LCFI5
 2070 0130 0200     		.2byte	0x2
 2071 0132 7D       		.byte	0x7d
 2072 0133 00       		.sleb128 0
 2073 0134 02000000 		.4byte	.LCFI5
 2074 0138 32000000 		.4byte	.LFE123
 2075 013c 0200     		.2byte	0x2
 2076 013e 7D       		.byte	0x7d
 2077 013f 04       		.sleb128 4
 2078 0140 00000000 		.4byte	0
 2079 0144 00000000 		.4byte	0
 2080              	.LLST9:
 2081 0148 00000000 		.4byte	.LVL24
 2082 014c 16000000 		.4byte	.LVL25
 2083 0150 0100     		.2byte	0x1
 2084 0152 50       		.byte	0x50
 2085 0153 00000000 		.4byte	0
 2086 0157 00000000 		.4byte	0
 2087              	.LLST10:
 2088 015b 00000000 		.4byte	.LVL24
 2089 015f 22000000 		.4byte	.LVL27
 2090 0163 0100     		.2byte	0x1
 2091 0165 51       		.byte	0x51
 2092 0166 00000000 		.4byte	0
 2093 016a 00000000 		.4byte	0
 2094              	.LLST11:
 2095 016e 00000000 		.4byte	.LVL24
ARM GAS  /tmp/ccF99BEb.s 			page 38


 2096 0172 1E000000 		.4byte	.LVL26
 2097 0176 0100     		.2byte	0x1
 2098 0178 52       		.byte	0x52
 2099 0179 00000000 		.4byte	0
 2100 017d 00000000 		.4byte	0
 2101              	.LLST12:
 2102 0181 1E000000 		.4byte	.LVL26
 2103 0185 28000000 		.4byte	.LVL28
 2104 0189 0100     		.2byte	0x1
 2105 018b 52       		.byte	0x52
 2106 018c 00000000 		.4byte	0
 2107 0190 00000000 		.4byte	0
 2108              	.LLST13:
 2109 0194 00000000 		.4byte	.LVL29
 2110 0198 0C000000 		.4byte	.LVL30
 2111 019c 0100     		.2byte	0x1
 2112 019e 50       		.byte	0x50
 2113 019f 00000000 		.4byte	0
 2114 01a3 00000000 		.4byte	0
 2115              	.LLST14:
 2116 01a7 00000000 		.4byte	.LVL29
 2117 01ab 1A000000 		.4byte	.LVL31
 2118 01af 0100     		.2byte	0x1
 2119 01b1 51       		.byte	0x51
 2120 01b2 00000000 		.4byte	0
 2121 01b6 00000000 		.4byte	0
 2122              		.section	.debug_aranges,"",%progbits
 2123 0000 4C000000 		.4byte	0x4c
 2124 0004 0200     		.2byte	0x2
 2125 0006 00000000 		.4byte	.Ldebug_info0
 2126 000a 04       		.byte	0x4
 2127 000b 00       		.byte	0
 2128 000c 0000     		.2byte	0
 2129 000e 0000     		.2byte	0
 2130 0010 00000000 		.4byte	.LFB118
 2131 0014 24000000 		.4byte	.LFE118-.LFB118
 2132 0018 00000000 		.4byte	.LFB119
 2133 001c 7C000000 		.4byte	.LFE119-.LFB119
 2134 0020 00000000 		.4byte	.LFB120
 2135 0024 1A000000 		.4byte	.LFE120-.LFB120
 2136 0028 00000000 		.4byte	.LFB121
 2137 002c 24010000 		.4byte	.LFE121-.LFB121
 2138 0030 00000000 		.4byte	.LFB122
 2139 0034 44000000 		.4byte	.LFE122-.LFB122
 2140 0038 00000000 		.4byte	.LFB123
 2141 003c 32000000 		.4byte	.LFE123-.LFB123
 2142 0040 00000000 		.4byte	.LFB124
 2143 0044 1E000000 		.4byte	.LFE124-.LFB124
 2144 0048 00000000 		.4byte	0
 2145 004c 00000000 		.4byte	0
 2146              		.section	.debug_ranges,"",%progbits
 2147              	.Ldebug_ranges0:
 2148 0000 00000000 		.4byte	.LFB118
 2149 0004 24000000 		.4byte	.LFE118
 2150 0008 00000000 		.4byte	.LFB119
 2151 000c 7C000000 		.4byte	.LFE119
 2152 0010 00000000 		.4byte	.LFB120
ARM GAS  /tmp/ccF99BEb.s 			page 39


 2153 0014 1A000000 		.4byte	.LFE120
 2154 0018 00000000 		.4byte	.LFB121
 2155 001c 24010000 		.4byte	.LFE121
 2156 0020 00000000 		.4byte	.LFB122
 2157 0024 44000000 		.4byte	.LFE122
 2158 0028 00000000 		.4byte	.LFB123
 2159 002c 32000000 		.4byte	.LFE123
 2160 0030 00000000 		.4byte	.LFB124
 2161 0034 1E000000 		.4byte	.LFE124
 2162 0038 00000000 		.4byte	0
 2163 003c 00000000 		.4byte	0
 2164              		.section	.debug_line,"",%progbits
 2165              	.Ldebug_line0:
 2166 0000 76020000 		.section	.debug_str,"MS",%progbits,1
 2166      02005A01 
 2166      00000201 
 2166      FB0E0D00 
 2166      01010101 
 2167              	.LASF31:
 2168 0000 41484231 		.ascii	"AHB1LPENR\000"
 2168      4C50454E 
 2168      5200
 2169              	.LASF59:
 2170 000a 43434552 		.ascii	"CCER\000"
 2170      00
 2171              	.LASF44:
 2172 000f 5243435F 		.ascii	"RCC_TypeDef\000"
 2172      54797065 
 2172      44656600 
 2173              	.LASF21:
 2174 001b 41504231 		.ascii	"APB1RSTR\000"
 2174      52535452 
 2174      00
 2175              	.LASF25:
 2176 0024 41484232 		.ascii	"AHB2ENR\000"
 2176      454E5200 
 2177              	.LASF61:
 2178 002c 444D4152 		.ascii	"DMAR\000"
 2178      00
 2179              	.LASF50:
 2180 0031 73746174 		.ascii	"state\000"
 2180      6500
 2181              	.LASF58:
 2182 0037 43434D52 		.ascii	"CCMR2\000"
 2182      3200
 2183              	.LASF3:
 2184 003d 73686F72 		.ascii	"short int\000"
 2184      7420696E 
 2184      7400
 2185              	.LASF68:
 2186 0047 70776D63 		.ascii	"pwmcnt_t\000"
 2186      6E745F74 
 2186      00
 2187              	.LASF38:
 2188 0050 42444352 		.ascii	"BDCR\000"
 2188      00
 2189              	.LASF41:
ARM GAS  /tmp/ccF99BEb.s 			page 40


 2190 0055 504C4C49 		.ascii	"PLLI2SCFGR\000"
 2190      32534346 
 2190      475200
 2191              	.LASF67:
 2192 0060 70776D63 		.ascii	"pwmchannel_t\000"
 2192      68616E6E 
 2192      656C5F74 
 2192      00
 2193              	.LASF76:
 2194 006d 56656374 		.ascii	"VectorA4\000"
 2194      6F724134 
 2194      00
 2195              	.LASF69:
 2196 0076 6D6F6465 		.ascii	"mode\000"
 2196      00
 2197              	.LASF40:
 2198 007b 53534347 		.ascii	"SSCGR\000"
 2198      5200
 2199              	.LASF90:
 2200 0081 2E2E2F2E 		.ascii	"../../os/hal/platforms/STM32/TIMv1/pwm_lld.c\000"
 2200      2E2F6F73 
 2200      2F68616C 
 2200      2F706C61 
 2200      74666F72 
 2201              	.LASF33:
 2202 00ae 41484233 		.ascii	"AHB3LPENR\000"
 2202      4C50454E 
 2202      5200
 2203              	.LASF51:
 2204 00b8 636F6E66 		.ascii	"config\000"
 2204      696700
 2205              	.LASF16:
 2206 00bf 43464752 		.ascii	"CFGR\000"
 2206      00
 2207              	.LASF78:
 2208 00c4 56656374 		.ascii	"VectorAC\000"
 2208      6F724143 
 2208      00
 2209              	.LASF4:
 2210 00cd 75696E74 		.ascii	"uint8_t\000"
 2210      385F7400 
 2211              	.LASF28:
 2212 00d5 41504231 		.ascii	"APB1ENR\000"
 2212      454E5200 
 2213              	.LASF17:
 2214 00dd 41484231 		.ascii	"AHB1RSTR\000"
 2214      52535452 
 2214      00
 2215              	.LASF9:
 2216 00e6 75696E74 		.ascii	"uint32_t\000"
 2216      33325F74 
 2216      00
 2217              	.LASF80:
 2218 00ef 63636572 		.ascii	"ccer\000"
 2218      00
 2219              	.LASF43:
 2220 00f4 44434B43 		.ascii	"DCKCFGR\000"
ARM GAS  /tmp/ccF99BEb.s 			page 41


 2220      46475200 
 2221              	.LASF85:
 2222 00fc 77696474 		.ascii	"width\000"
 2222      6800
 2223              	.LASF26:
 2224 0102 41484233 		.ascii	"AHB3ENR\000"
 2224      454E5200 
 2225              	.LASF11:
 2226 010a 6C6F6E67 		.ascii	"long long int\000"
 2226      206C6F6E 
 2226      6720696E 
 2226      7400
 2227              	.LASF8:
 2228 0118 6C6F6E67 		.ascii	"long int\000"
 2228      20696E74 
 2228      00
 2229              	.LASF63:
 2230 0121 43435235 		.ascii	"CCR5\000"
 2230      00
 2231              	.LASF64:
 2232 0126 43435236 		.ascii	"CCR6\000"
 2232      00
 2233              	.LASF10:
 2234 012b 6C6F6E67 		.ascii	"long unsigned int\000"
 2234      20756E73 
 2234      69676E65 
 2234      6420696E 
 2234      7400
 2235              	.LASF52:
 2236 013d 70657269 		.ascii	"period\000"
 2236      6F6400
 2237              	.LASF22:
 2238 0144 41504232 		.ascii	"APB2RSTR\000"
 2238      52535452 
 2238      00
 2239              	.LASF57:
 2240 014d 43434D52 		.ascii	"CCMR1\000"
 2240      3100
 2241              	.LASF79:
 2242 0153 70776D5F 		.ascii	"pwm_lld_start\000"
 2242      6C6C645F 
 2242      73746172 
 2242      7400
 2243              	.LASF75:
 2244 0161 50574D43 		.ascii	"PWMConfig\000"
 2244      6F6E6669 
 2244      6700
 2245              	.LASF62:
 2246 016b 43434D52 		.ascii	"CCMR3\000"
 2246      3300
 2247              	.LASF82:
 2248 0171 70776D70 		.ascii	"pwmp\000"
 2248      00
 2249              	.LASF55:
 2250 0176 534D4352 		.ascii	"SMCR\000"
 2250      00
 2251              	.LASF45:
ARM GAS  /tmp/ccF99BEb.s 			page 42


 2252 017b 50574D5F 		.ascii	"PWM_UNINIT\000"
 2252      554E494E 
 2252      495400
 2253              	.LASF2:
 2254 0186 756E7369 		.ascii	"unsigned char\000"
 2254      676E6564 
 2254      20636861 
 2254      7200
 2255              	.LASF83:
 2256 0194 70776D5F 		.ascii	"pwm_lld_enable_channel\000"
 2256      6C6C645F 
 2256      656E6162 
 2256      6C655F63 
 2256      68616E6E 
 2257              	.LASF29:
 2258 01ab 41504232 		.ascii	"APB2ENR\000"
 2258      454E5200 
 2259              	.LASF1:
 2260 01b3 7369676E 		.ascii	"signed char\000"
 2260      65642063 
 2260      68617200 
 2261              	.LASF12:
 2262 01bf 6C6F6E67 		.ascii	"long long unsigned int\000"
 2262      206C6F6E 
 2262      6720756E 
 2262      7369676E 
 2262      65642069 
 2263              	.LASF0:
 2264 01d6 756E7369 		.ascii	"unsigned int\000"
 2264      676E6564 
 2264      20696E74 
 2264      00
 2265              	.LASF18:
 2266 01e3 41484232 		.ascii	"AHB2RSTR\000"
 2266      52535452 
 2266      00
 2267              	.LASF5:
 2268 01ec 75696E74 		.ascii	"uint16_t\000"
 2268      31365F74 
 2268      00
 2269              	.LASF81:
 2270 01f5 70776D5F 		.ascii	"pwm_lld_stop\000"
 2270      6C6C645F 
 2270      73746F70 
 2270      00
 2271              	.LASF60:
 2272 0202 42445452 		.ascii	"BDTR\000"
 2272      00
 2273              	.LASF56:
 2274 0207 44494552 		.ascii	"DIER\000"
 2274      00
 2275              	.LASF15:
 2276 020c 504C4C43 		.ascii	"PLLCFGR\000"
 2276      46475200 
 2277              	.LASF6:
 2278 0214 73686F72 		.ascii	"short unsigned int\000"
 2278      7420756E 
ARM GAS  /tmp/ccF99BEb.s 			page 43


 2278      7369676E 
 2278      65642069 
 2278      6E7400
 2279              	.LASF35:
 2280 0227 41504231 		.ascii	"APB1LPENR\000"
 2280      4C50454E 
 2280      5200
 2281              	.LASF77:
 2282 0231 70776D5F 		.ascii	"pwm_lld_init\000"
 2282      6C6C645F 
 2282      696E6974 
 2282      00
 2283              	.LASF14:
 2284 023e 63686172 		.ascii	"char\000"
 2284      00
 2285              	.LASF65:
 2286 0243 73746D33 		.ascii	"stm32_tim_t\000"
 2286      325F7469 
 2286      6D5F7400 
 2287              	.LASF49:
 2288 024f 50574D44 		.ascii	"PWMDriver\000"
 2288      72697665 
 2288      7200
 2289              	.LASF7:
 2290 0259 696E7433 		.ascii	"int32_t\000"
 2290      325F7400 
 2291              	.LASF89:
 2292 0261 474E5520 		.ascii	"GNU C 4.6.1\000"
 2292      4320342E 
 2292      362E3100 
 2293              	.LASF13:
 2294 026d 5F426F6F 		.ascii	"_Bool\000"
 2294      6C00
 2295              	.LASF84:
 2296 0273 6368616E 		.ascii	"channel\000"
 2296      6E656C00 
 2297              	.LASF32:
 2298 027b 41484232 		.ascii	"AHB2LPENR\000"
 2298      4C50454E 
 2298      5200
 2299              	.LASF20:
 2300 0285 52455345 		.ascii	"RESERVED0\000"
 2300      52564544 
 2300      3000
 2301              	.LASF23:
 2302 028f 52455345 		.ascii	"RESERVED1\000"
 2302      52564544 
 2302      3100
 2303              	.LASF27:
 2304 0299 52455345 		.ascii	"RESERVED2\000"
 2304      52564544 
 2304      3200
 2305              	.LASF30:
 2306 02a3 52455345 		.ascii	"RESERVED3\000"
 2306      52564544 
 2306      3300
 2307              	.LASF34:
ARM GAS  /tmp/ccF99BEb.s 			page 44


 2308 02ad 52455345 		.ascii	"RESERVED4\000"
 2308      52564544 
 2308      3400
 2309              	.LASF37:
 2310 02b7 52455345 		.ascii	"RESERVED5\000"
 2310      52564544 
 2310      3500
 2311              	.LASF39:
 2312 02c1 52455345 		.ascii	"RESERVED6\000"
 2312      52564544 
 2312      3600
 2313              	.LASF53:
 2314 02cb 636C6F63 		.ascii	"clock\000"
 2314      6B00
 2315              	.LASF24:
 2316 02d1 41484231 		.ascii	"AHB1ENR\000"
 2316      454E5200 
 2317              	.LASF86:
 2318 02d9 70776D5F 		.ascii	"pwm_lld_disable_channel\000"
 2318      6C6C645F 
 2318      64697361 
 2318      626C655F 
 2318      6368616E 
 2319              	.LASF73:
 2320 02f1 6368616E 		.ascii	"channels\000"
 2320      6E656C73 
 2320      00
 2321              	.LASF47:
 2322 02fa 50574D5F 		.ascii	"PWM_READY\000"
 2322      52454144 
 2322      5900
 2323              	.LASF46:
 2324 0304 50574D5F 		.ascii	"PWM_STOP\000"
 2324      53544F50 
 2324      00
 2325              	.LASF74:
 2326 030d 64696572 		.ascii	"dier\000"
 2326      00
 2327              	.LASF72:
 2328 0312 66726571 		.ascii	"frequency\000"
 2328      75656E63 
 2328      7900
 2329              	.LASF88:
 2330 031c 50574D44 		.ascii	"PWMD1\000"
 2330      3100
 2331              	.LASF71:
 2332 0322 50574D43 		.ascii	"PWMChannelConfig\000"
 2332      68616E6E 
 2332      656C436F 
 2332      6E666967 
 2332      00
 2333              	.LASF19:
 2334 0333 41484233 		.ascii	"AHB3RSTR\000"
 2334      52535452 
 2334      00
 2335              	.LASF66:
 2336 033c 70776D6D 		.ascii	"pwmmode_t\000"
ARM GAS  /tmp/ccF99BEb.s 			page 45


 2336      6F64655F 
 2336      7400
 2337              	.LASF87:
 2338 0346 49544D5F 		.ascii	"ITM_RxBuffer\000"
 2338      52784275 
 2338      66666572 
 2338      00
 2339              	.LASF42:
 2340 0353 504C4C53 		.ascii	"PLLSAICFGR\000"
 2340      41494346 
 2340      475200
 2341              	.LASF48:
 2342 035e 70776D73 		.ascii	"pwmstate_t\000"
 2342      74617465 
 2342      5F7400
 2343              	.LASF54:
 2344 0369 70776D63 		.ascii	"pwmcallback_t\000"
 2344      616C6C62 
 2344      61636B5F 
 2344      7400
 2345              	.LASF36:
 2346 0377 41504232 		.ascii	"APB2LPENR\000"
 2346      4C50454E 
 2346      5200
 2347              	.LASF91:
 2348 0381 2F686F6D 		.ascii	"/home/lithium/Downloads/ChibiOS_2.6.8_PodioVirtual/"
 2348      652F6C69 
 2348      74686975 
 2348      6D2F446F 
 2348      776E6C6F 
 2349 03b4 506F6469 		.ascii	"PodioVirtual/src\000"
 2349      6F566972 
 2349      7475616C 
 2349      2F737263 
 2349      00
 2350              	.LASF70:
 2351 03c5 63616C6C 		.ascii	"callback\000"
 2351      6261636B 
 2351      00
 2352              		.ident	"GCC: (Sourcery CodeBench Lite 2011.09-69) 4.6.1"
ARM GAS  /tmp/ccF99BEb.s 			page 46


DEFINED SYMBOLS
                            *ABS*:00000000 pwm_lld.c
     /tmp/ccF99BEb.s:19     .text.VectorA4:00000000 $t
     /tmp/ccF99BEb.s:25     .text.VectorA4:00000000 VectorA4
     /tmp/ccF99BEb.s:585    .bss.PWMD1:00000000 .LANCHOR0
     /tmp/ccF99BEb.s:60     .text.VectorAC:00000000 $t
     /tmp/ccF99BEb.s:66     .text.VectorAC:00000000 VectorAC
     /tmp/ccF99BEb.s:150    .text.pwm_lld_init:00000000 $t
     /tmp/ccF99BEb.s:156    .text.pwm_lld_init:00000000 pwm_lld_init
     /tmp/ccF99BEb.s:182    .text.pwm_lld_start:00000000 $t
     /tmp/ccF99BEb.s:188    .text.pwm_lld_start:00000000 pwm_lld_start
     /tmp/ccF99BEb.s:421    .text.pwm_lld_stop:00000000 $t
     /tmp/ccF99BEb.s:427    .text.pwm_lld_stop:00000000 pwm_lld_stop
     /tmp/ccF99BEb.s:486    .text.pwm_lld_enable_channel:00000000 $t
     /tmp/ccF99BEb.s:492    .text.pwm_lld_enable_channel:00000000 pwm_lld_enable_channel
     /tmp/ccF99BEb.s:549    .text.pwm_lld_disable_channel:00000000 $t
     /tmp/ccF99BEb.s:555    .text.pwm_lld_disable_channel:00000000 pwm_lld_disable_channel
     /tmp/ccF99BEb.s:588    .bss.PWMD1:00000000 PWMD1
     /tmp/ccF99BEb.s:584    .bss.PWMD1:00000000 $d
                     .debug_frame:00000010 $d

UNDEFINED SYMBOLS
_port_irq_epilogue
pwmObjectInit
nvicEnableVector
nvicDisableVector
