ARM GAS  /tmp/cc2FI8SM.s 			page 1


   1              		.syntax unified
   2              		.cpu cortex-m4
   3              		.fpu softvfp
   4              		.eabi_attribute 20, 1
   5              		.eabi_attribute 21, 1
   6              		.eabi_attribute 23, 3
   7              		.eabi_attribute 24, 1
   8              		.eabi_attribute 25, 1
   9              		.eabi_attribute 26, 1
  10              		.eabi_attribute 30, 2
  11              		.eabi_attribute 34, 1
  12              		.eabi_attribute 18, 4
  13              		.thumb
  14              		.file	"vectors.c"
  15              		.text
  16              	.Ltext0:
  17              		.cfi_sections	.debug_frame
  18              		.section	.text._unhandled_exception,"ax",%progbits
  19              		.align	2
  20              		.p2align 4,,15
  21              		.global	_unhandled_exception
  22              		.thumb
  23              		.thumb_func
  24              		.type	_unhandled_exception, %function
  25              	_unhandled_exception:
  26              	.LFB7:
  27              		.file 1 "../../os/ports/GCC/ARMCMx/STM32F4xx/vectors.c"
  28              		.loc 1 226 0
  29              		.cfi_startproc
  30              		@ Naked Function: prologue and epilogue provided by programmer.
  31              		@ args = 0, pretend = 0, frame = 0
  32              		@ frame_needed = 0, uses_anonymous_args = 0
  33              	.L2:
  34 0000 FEE7     		b	.L2
  35              		.cfi_endproc
  36              	.LFE7:
  37              		.size	_unhandled_exception, .-_unhandled_exception
  38              		.global	_vectors
  39              		.weak	NMIVector
  40              		.thumb_set NMIVector,_unhandled_exception
  41              		.weak	HardFaultVector
  42              		.thumb_set HardFaultVector,_unhandled_exception
  43              		.weak	MemManageVector
  44              		.thumb_set MemManageVector,_unhandled_exception
  45              		.weak	BusFaultVector
  46              		.thumb_set BusFaultVector,_unhandled_exception
  47              		.weak	UsageFaultVector
  48              		.thumb_set UsageFaultVector,_unhandled_exception
  49              		.weak	Vector1C
  50              		.thumb_set Vector1C,_unhandled_exception
  51              		.weak	Vector20
  52              		.thumb_set Vector20,_unhandled_exception
  53              		.weak	Vector24
  54              		.thumb_set Vector24,_unhandled_exception
  55              		.weak	Vector28
  56              		.thumb_set Vector28,_unhandled_exception
  57              		.weak	SVCallVector
ARM GAS  /tmp/cc2FI8SM.s 			page 2


  58              		.thumb_set SVCallVector,_unhandled_exception
  59              		.weak	DebugMonitorVector
  60              		.thumb_set DebugMonitorVector,_unhandled_exception
  61              		.weak	Vector34
  62              		.thumb_set Vector34,_unhandled_exception
  63              		.weak	PendSVVector
  64              		.thumb_set PendSVVector,_unhandled_exception
  65              		.weak	SysTickVector
  66              		.thumb_set SysTickVector,_unhandled_exception
  67              		.weak	Vector40
  68              		.thumb_set Vector40,_unhandled_exception
  69              		.weak	Vector44
  70              		.thumb_set Vector44,_unhandled_exception
  71              		.weak	Vector48
  72              		.thumb_set Vector48,_unhandled_exception
  73              		.weak	Vector4C
  74              		.thumb_set Vector4C,_unhandled_exception
  75              		.weak	Vector50
  76              		.thumb_set Vector50,_unhandled_exception
  77              		.weak	Vector54
  78              		.thumb_set Vector54,_unhandled_exception
  79              		.weak	Vector58
  80              		.thumb_set Vector58,_unhandled_exception
  81              		.weak	Vector5C
  82              		.thumb_set Vector5C,_unhandled_exception
  83              		.weak	Vector60
  84              		.thumb_set Vector60,_unhandled_exception
  85              		.weak	Vector64
  86              		.thumb_set Vector64,_unhandled_exception
  87              		.weak	Vector68
  88              		.thumb_set Vector68,_unhandled_exception
  89              		.weak	Vector6C
  90              		.thumb_set Vector6C,_unhandled_exception
  91              		.weak	Vector70
  92              		.thumb_set Vector70,_unhandled_exception
  93              		.weak	Vector74
  94              		.thumb_set Vector74,_unhandled_exception
  95              		.weak	Vector78
  96              		.thumb_set Vector78,_unhandled_exception
  97              		.weak	Vector7C
  98              		.thumb_set Vector7C,_unhandled_exception
  99              		.weak	Vector80
 100              		.thumb_set Vector80,_unhandled_exception
 101              		.weak	Vector84
 102              		.thumb_set Vector84,_unhandled_exception
 103              		.weak	Vector88
 104              		.thumb_set Vector88,_unhandled_exception
 105              		.weak	Vector8C
 106              		.thumb_set Vector8C,_unhandled_exception
 107              		.weak	Vector90
 108              		.thumb_set Vector90,_unhandled_exception
 109              		.weak	Vector94
 110              		.thumb_set Vector94,_unhandled_exception
 111              		.weak	Vector98
 112              		.thumb_set Vector98,_unhandled_exception
 113              		.weak	Vector9C
 114              		.thumb_set Vector9C,_unhandled_exception
ARM GAS  /tmp/cc2FI8SM.s 			page 3


 115              		.weak	VectorA0
 116              		.thumb_set VectorA0,_unhandled_exception
 117              		.weak	VectorA4
 118              		.thumb_set VectorA4,_unhandled_exception
 119              		.weak	VectorA8
 120              		.thumb_set VectorA8,_unhandled_exception
 121              		.weak	VectorAC
 122              		.thumb_set VectorAC,_unhandled_exception
 123              		.weak	VectorB0
 124              		.thumb_set VectorB0,_unhandled_exception
 125              		.weak	VectorB4
 126              		.thumb_set VectorB4,_unhandled_exception
 127              		.weak	VectorB8
 128              		.thumb_set VectorB8,_unhandled_exception
 129              		.weak	VectorBC
 130              		.thumb_set VectorBC,_unhandled_exception
 131              		.weak	VectorC0
 132              		.thumb_set VectorC0,_unhandled_exception
 133              		.weak	VectorC4
 134              		.thumb_set VectorC4,_unhandled_exception
 135              		.weak	VectorC8
 136              		.thumb_set VectorC8,_unhandled_exception
 137              		.weak	VectorCC
 138              		.thumb_set VectorCC,_unhandled_exception
 139              		.weak	VectorD0
 140              		.thumb_set VectorD0,_unhandled_exception
 141              		.weak	VectorD4
 142              		.thumb_set VectorD4,_unhandled_exception
 143              		.weak	VectorD8
 144              		.thumb_set VectorD8,_unhandled_exception
 145              		.weak	VectorDC
 146              		.thumb_set VectorDC,_unhandled_exception
 147              		.weak	VectorE0
 148              		.thumb_set VectorE0,_unhandled_exception
 149              		.weak	VectorE4
 150              		.thumb_set VectorE4,_unhandled_exception
 151              		.weak	VectorE8
 152              		.thumb_set VectorE8,_unhandled_exception
 153              		.weak	VectorEC
 154              		.thumb_set VectorEC,_unhandled_exception
 155              		.weak	VectorF0
 156              		.thumb_set VectorF0,_unhandled_exception
 157              		.weak	VectorF4
 158              		.thumb_set VectorF4,_unhandled_exception
 159              		.weak	VectorF8
 160              		.thumb_set VectorF8,_unhandled_exception
 161              		.weak	VectorFC
 162              		.thumb_set VectorFC,_unhandled_exception
 163              		.weak	Vector100
 164              		.thumb_set Vector100,_unhandled_exception
 165              		.weak	Vector104
 166              		.thumb_set Vector104,_unhandled_exception
 167              		.weak	Vector108
 168              		.thumb_set Vector108,_unhandled_exception
 169              		.weak	Vector10C
 170              		.thumb_set Vector10C,_unhandled_exception
 171              		.weak	Vector110
ARM GAS  /tmp/cc2FI8SM.s 			page 4


 172              		.thumb_set Vector110,_unhandled_exception
 173              		.weak	Vector114
 174              		.thumb_set Vector114,_unhandled_exception
 175              		.weak	Vector118
 176              		.thumb_set Vector118,_unhandled_exception
 177              		.weak	Vector11C
 178              		.thumb_set Vector11C,_unhandled_exception
 179              		.weak	Vector120
 180              		.thumb_set Vector120,_unhandled_exception
 181              		.weak	Vector124
 182              		.thumb_set Vector124,_unhandled_exception
 183              		.weak	Vector128
 184              		.thumb_set Vector128,_unhandled_exception
 185              		.weak	Vector12C
 186              		.thumb_set Vector12C,_unhandled_exception
 187              		.weak	Vector130
 188              		.thumb_set Vector130,_unhandled_exception
 189              		.weak	Vector134
 190              		.thumb_set Vector134,_unhandled_exception
 191              		.weak	Vector138
 192              		.thumb_set Vector138,_unhandled_exception
 193              		.weak	Vector13C
 194              		.thumb_set Vector13C,_unhandled_exception
 195              		.weak	Vector140
 196              		.thumb_set Vector140,_unhandled_exception
 197              		.weak	Vector144
 198              		.thumb_set Vector144,_unhandled_exception
 199              		.weak	Vector148
 200              		.thumb_set Vector148,_unhandled_exception
 201              		.weak	Vector14C
 202              		.thumb_set Vector14C,_unhandled_exception
 203              		.weak	Vector150
 204              		.thumb_set Vector150,_unhandled_exception
 205              		.weak	Vector154
 206              		.thumb_set Vector154,_unhandled_exception
 207              		.weak	Vector158
 208              		.thumb_set Vector158,_unhandled_exception
 209              		.weak	Vector15C
 210              		.thumb_set Vector15C,_unhandled_exception
 211              		.weak	Vector160
 212              		.thumb_set Vector160,_unhandled_exception
 213              		.weak	Vector164
 214              		.thumb_set Vector164,_unhandled_exception
 215              		.weak	Vector168
 216              		.thumb_set Vector168,_unhandled_exception
 217              		.weak	Vector16C
 218              		.thumb_set Vector16C,_unhandled_exception
 219              		.weak	Vector170
 220              		.thumb_set Vector170,_unhandled_exception
 221              		.weak	Vector174
 222              		.thumb_set Vector174,_unhandled_exception
 223              		.weak	Vector178
 224              		.thumb_set Vector178,_unhandled_exception
 225              		.weak	Vector17C
 226              		.thumb_set Vector17C,_unhandled_exception
 227              		.weak	Vector180
 228              		.thumb_set Vector180,_unhandled_exception
ARM GAS  /tmp/cc2FI8SM.s 			page 5


 229              		.weak	Vector184
 230              		.thumb_set Vector184,_unhandled_exception
 231              		.weak	Vector188
 232              		.thumb_set Vector188,_unhandled_exception
 233              		.weak	Vector18C
 234              		.thumb_set Vector18C,_unhandled_exception
 235              		.weak	Vector190
 236              		.thumb_set Vector190,_unhandled_exception
 237              		.weak	Vector194
 238              		.thumb_set Vector194,_unhandled_exception
 239              		.weak	Vector198
 240              		.thumb_set Vector198,_unhandled_exception
 241              		.weak	Vector19C
 242              		.thumb_set Vector19C,_unhandled_exception
 243              		.weak	Vector1A0
 244              		.thumb_set Vector1A0,_unhandled_exception
 245              		.weak	Vector1A4
 246              		.thumb_set Vector1A4,_unhandled_exception
 247              		.weak	Vector1A8
 248              		.thumb_set Vector1A8,_unhandled_exception
 249 0002 00BFAFF3 		.section	vectors,"aw",%progbits
 249      0080AFF3 
 249      0080AFF3 
 249      0080
 250              		.align	2
 251              		.type	_vectors, %object
 252              		.size	_vectors, 428
 253              	_vectors:
 254 0000 00000000 		.word	__main_stack_end__
 255 0004 00000000 		.word	ResetHandler
 256 0008 00000000 		.word	NMIVector
 257 000c 00000000 		.word	HardFaultVector
 258 0010 00000000 		.word	MemManageVector
 259 0014 00000000 		.word	BusFaultVector
 260 0018 00000000 		.word	UsageFaultVector
 261 001c 00000000 		.word	Vector1C
 262 0020 00000000 		.word	Vector20
 263 0024 00000000 		.word	Vector24
 264 0028 00000000 		.word	Vector28
 265 002c 00000000 		.word	SVCallVector
 266 0030 00000000 		.word	DebugMonitorVector
 267 0034 00000000 		.word	Vector34
 268 0038 00000000 		.word	PendSVVector
 269 003c 00000000 		.word	SysTickVector
 270 0040 00000000 		.word	Vector40
 271 0044 00000000 		.word	Vector44
 272 0048 00000000 		.word	Vector48
 273 004c 00000000 		.word	Vector4C
 274 0050 00000000 		.word	Vector50
 275 0054 00000000 		.word	Vector54
 276 0058 00000000 		.word	Vector58
 277 005c 00000000 		.word	Vector5C
 278 0060 00000000 		.word	Vector60
 279 0064 00000000 		.word	Vector64
 280 0068 00000000 		.word	Vector68
 281 006c 00000000 		.word	Vector6C
 282 0070 00000000 		.word	Vector70
ARM GAS  /tmp/cc2FI8SM.s 			page 6


 283 0074 00000000 		.word	Vector74
 284 0078 00000000 		.word	Vector78
 285 007c 00000000 		.word	Vector7C
 286 0080 00000000 		.word	Vector80
 287 0084 00000000 		.word	Vector84
 288 0088 00000000 		.word	Vector88
 289 008c 00000000 		.word	Vector8C
 290 0090 00000000 		.word	Vector90
 291 0094 00000000 		.word	Vector94
 292 0098 00000000 		.word	Vector98
 293 009c 00000000 		.word	Vector9C
 294 00a0 00000000 		.word	VectorA0
 295 00a4 00000000 		.word	VectorA4
 296 00a8 00000000 		.word	VectorA8
 297 00ac 00000000 		.word	VectorAC
 298 00b0 00000000 		.word	VectorB0
 299 00b4 00000000 		.word	VectorB4
 300 00b8 00000000 		.word	VectorB8
 301 00bc 00000000 		.word	VectorBC
 302 00c0 00000000 		.word	VectorC0
 303 00c4 00000000 		.word	VectorC4
 304 00c8 00000000 		.word	VectorC8
 305 00cc 00000000 		.word	VectorCC
 306 00d0 00000000 		.word	VectorD0
 307 00d4 00000000 		.word	VectorD4
 308 00d8 00000000 		.word	VectorD8
 309 00dc 00000000 		.word	VectorDC
 310 00e0 00000000 		.word	VectorE0
 311 00e4 00000000 		.word	VectorE4
 312 00e8 00000000 		.word	VectorE8
 313 00ec 00000000 		.word	VectorEC
 314 00f0 00000000 		.word	VectorF0
 315 00f4 00000000 		.word	VectorF4
 316 00f8 00000000 		.word	VectorF8
 317 00fc 00000000 		.word	VectorFC
 318 0100 00000000 		.word	Vector100
 319 0104 00000000 		.word	Vector104
 320 0108 00000000 		.word	Vector108
 321 010c 00000000 		.word	Vector10C
 322 0110 00000000 		.word	Vector110
 323 0114 00000000 		.word	Vector114
 324 0118 00000000 		.word	Vector118
 325 011c 00000000 		.word	Vector11C
 326 0120 00000000 		.word	Vector120
 327 0124 00000000 		.word	Vector124
 328 0128 00000000 		.word	Vector128
 329 012c 00000000 		.word	Vector12C
 330 0130 00000000 		.word	Vector130
 331 0134 00000000 		.word	Vector134
 332 0138 00000000 		.word	Vector138
 333 013c 00000000 		.word	Vector13C
 334 0140 00000000 		.word	Vector140
 335 0144 00000000 		.word	Vector144
 336 0148 00000000 		.word	Vector148
 337 014c 00000000 		.word	Vector14C
 338 0150 00000000 		.word	Vector150
 339 0154 00000000 		.word	Vector154
ARM GAS  /tmp/cc2FI8SM.s 			page 7


 340 0158 00000000 		.word	Vector158
 341 015c 00000000 		.word	Vector15C
 342 0160 00000000 		.word	Vector160
 343 0164 00000000 		.word	Vector164
 344 0168 00000000 		.word	Vector168
 345 016c 00000000 		.word	Vector16C
 346 0170 00000000 		.word	Vector170
 347 0174 00000000 		.word	Vector174
 348 0178 00000000 		.word	Vector178
 349 017c 00000000 		.word	Vector17C
 350 0180 00000000 		.word	Vector180
 351 0184 00000000 		.word	Vector184
 352 0188 00000000 		.word	Vector188
 353 018c 00000000 		.word	Vector18C
 354 0190 00000000 		.word	Vector190
 355 0194 00000000 		.word	Vector194
 356 0198 00000000 		.word	Vector198
 357 019c 00000000 		.word	Vector19C
 358 01a0 00000000 		.word	Vector1A0
 359 01a4 00000000 		.word	Vector1A4
 360 01a8 00000000 		.word	Vector1A8
 361              		.text
 362              	.Letext0:
 363              		.file 2 "/home/lithium/Documents/arm-2011q3/bin/../lib/gcc/arm-none-eabi/4.6.1/../../../../arm-non
 364              		.section	.debug_info,"",%progbits
 365              	.Ldebug_info0:
 366 0000 F1010000 		.4byte	0x1f1
 367 0004 0200     		.2byte	0x2
 368 0006 00000000 		.4byte	.Ldebug_abbrev0
 369 000a 04       		.byte	0x4
 370 000b 01       		.uleb128 0x1
 371 000c B8000000 		.4byte	.LASF33
 372 0010 01       		.byte	0x1
 373 0011 DC000000 		.4byte	.LASF34
 374 0015 61000000 		.4byte	.LASF35
 375 0019 00000000 		.4byte	0
 376 001d 00000000 		.4byte	0
 377 0021 00000000 		.4byte	.Ldebug_ranges0+0
 378 0025 00000000 		.4byte	.Ldebug_line0
 379 0029 02       		.uleb128 0x2
 380 002a 04       		.byte	0x4
 381 002b 05       		.byte	0x5
 382 002c 696E7400 		.ascii	"int\000"
 383 0030 03       		.uleb128 0x3
 384 0031 04       		.byte	0x4
 385 0032 07       		.byte	0x7
 386 0033 0A010000 		.4byte	.LASF0
 387 0037 03       		.uleb128 0x3
 388 0038 01       		.byte	0x1
 389 0039 06       		.byte	0x6
 390 003a F7010000 		.4byte	.LASF1
 391 003e 03       		.uleb128 0x3
 392 003f 01       		.byte	0x1
 393 0040 08       		.byte	0x8
 394 0041 41000000 		.4byte	.LASF2
 395 0045 03       		.uleb128 0x3
 396 0046 02       		.byte	0x2
ARM GAS  /tmp/cc2FI8SM.s 			page 8


 397 0047 05       		.byte	0x5
 398 0048 CE010000 		.4byte	.LASF3
 399 004c 03       		.uleb128 0x3
 400 004d 02       		.byte	0x2
 401 004e 07       		.byte	0x7
 402 004f A5000000 		.4byte	.LASF4
 403 0053 03       		.uleb128 0x3
 404 0054 04       		.byte	0x4
 405 0055 05       		.byte	0x5
 406 0056 EE010000 		.4byte	.LASF5
 407 005a 04       		.uleb128 0x4
 408 005b E5010000 		.4byte	.LASF11
 409 005f 02       		.byte	0x2
 410 0060 50       		.byte	0x50
 411 0061 65000000 		.4byte	0x65
 412 0065 03       		.uleb128 0x3
 413 0066 04       		.byte	0x4
 414 0067 07       		.byte	0x7
 415 0068 4F000000 		.4byte	.LASF6
 416 006c 03       		.uleb128 0x3
 417 006d 08       		.byte	0x8
 418 006e 05       		.byte	0x5
 419 006f 8D010000 		.4byte	.LASF7
 420 0073 03       		.uleb128 0x3
 421 0074 08       		.byte	0x8
 422 0075 07       		.byte	0x7
 423 0076 22010000 		.4byte	.LASF8
 424 007a 03       		.uleb128 0x3
 425 007b 01       		.byte	0x1
 426 007c 02       		.byte	0x2
 427 007d 20020000 		.4byte	.LASF9
 428 0081 03       		.uleb128 0x3
 429 0082 01       		.byte	0x1
 430 0083 08       		.byte	0x8
 431 0084 9B010000 		.4byte	.LASF10
 432 0088 04       		.uleb128 0x4
 433 0089 09000000 		.4byte	.LASF12
 434 008d 01       		.byte	0x1
 435 008e 2B       		.byte	0x2b
 436 008f 93000000 		.4byte	0x93
 437 0093 05       		.uleb128 0x5
 438 0094 04       		.byte	0x4
 439 0095 99000000 		.4byte	0x99
 440 0099 06       		.uleb128 0x6
 441 009a 01       		.byte	0x1
 442 009b 07       		.uleb128 0x7
 443 009c AC01     		.2byte	0x1ac
 444 009e 01       		.byte	0x1
 445 009f 30       		.byte	0x30
 446 00a0 93010000 		.4byte	0x193
 447 00a4 08       		.uleb128 0x8
 448 00a5 28000000 		.4byte	.LASF13
 449 00a9 01       		.byte	0x1
 450 00aa 31       		.byte	0x31
 451 00ab 93010000 		.4byte	0x193
 452 00af 02       		.byte	0x2
 453 00b0 23       		.byte	0x23
ARM GAS  /tmp/cc2FI8SM.s 			page 9


 454 00b1 00       		.uleb128 0
 455 00b2 08       		.uleb128 0x8
 456 00b3 D8010000 		.4byte	.LASF14
 457 00b7 01       		.byte	0x1
 458 00b8 32       		.byte	0x32
 459 00b9 88000000 		.4byte	0x88
 460 00bd 02       		.byte	0x2
 461 00be 23       		.byte	0x23
 462 00bf 04       		.uleb128 0x4
 463 00c0 08       		.uleb128 0x8
 464 00c1 17010000 		.4byte	.LASF15
 465 00c5 01       		.byte	0x1
 466 00c6 33       		.byte	0x33
 467 00c7 88000000 		.4byte	0x88
 468 00cb 02       		.byte	0x2
 469 00cc 23       		.byte	0x23
 470 00cd 08       		.uleb128 0x8
 471 00ce 08       		.uleb128 0x8
 472 00cf 7C010000 		.4byte	.LASF16
 473 00d3 01       		.byte	0x1
 474 00d4 34       		.byte	0x34
 475 00d5 88000000 		.4byte	0x88
 476 00d9 02       		.byte	0x2
 477 00da 23       		.byte	0x23
 478 00db 0C       		.uleb128 0xc
 479 00dc 08       		.uleb128 0x8
 480 00dd A0010000 		.4byte	.LASF17
 481 00e1 01       		.byte	0x1
 482 00e2 35       		.byte	0x35
 483 00e3 88000000 		.4byte	0x88
 484 00e7 02       		.byte	0x2
 485 00e8 23       		.byte	0x23
 486 00e9 10       		.uleb128 0x10
 487 00ea 08       		.uleb128 0x8
 488 00eb 39010000 		.4byte	.LASF18
 489 00ef 01       		.byte	0x1
 490 00f0 36       		.byte	0x36
 491 00f1 88000000 		.4byte	0x88
 492 00f5 02       		.byte	0x2
 493 00f6 23       		.byte	0x23
 494 00f7 14       		.uleb128 0x14
 495 00f8 08       		.uleb128 0x8
 496 00f9 52010000 		.4byte	.LASF19
 497 00fd 01       		.byte	0x1
 498 00fe 37       		.byte	0x37
 499 00ff 88000000 		.4byte	0x88
 500 0103 02       		.byte	0x2
 501 0104 23       		.byte	0x23
 502 0105 18       		.uleb128 0x18
 503 0106 08       		.uleb128 0x8
 504 0107 C4000000 		.4byte	.LASF20
 505 010b 01       		.byte	0x1
 506 010c 38       		.byte	0x38
 507 010d 88000000 		.4byte	0x88
 508 0111 02       		.byte	0x2
 509 0112 23       		.byte	0x23
 510 0113 1C       		.uleb128 0x1c
ARM GAS  /tmp/cc2FI8SM.s 			page 10


 511 0114 08       		.uleb128 0x8
 512 0115 17020000 		.4byte	.LASF21
 513 0119 01       		.byte	0x1
 514 011a 39       		.byte	0x39
 515 011b 88000000 		.4byte	0x88
 516 011f 02       		.byte	0x2
 517 0120 23       		.byte	0x23
 518 0121 20       		.uleb128 0x20
 519 0122 08       		.uleb128 0x8
 520 0123 00000000 		.4byte	.LASF22
 521 0127 01       		.byte	0x1
 522 0128 3A       		.byte	0x3a
 523 0129 88000000 		.4byte	0x88
 524 012d 02       		.byte	0x2
 525 012e 23       		.byte	0x23
 526 012f 24       		.uleb128 0x24
 527 0130 08       		.uleb128 0x8
 528 0131 49010000 		.4byte	.LASF23
 529 0135 01       		.byte	0x1
 530 0136 3B       		.byte	0x3b
 531 0137 88000000 		.4byte	0x88
 532 013b 02       		.byte	0x2
 533 013c 23       		.byte	0x23
 534 013d 28       		.uleb128 0x28
 535 013e 08       		.uleb128 0x8
 536 013f 33000000 		.4byte	.LASF24
 537 0143 01       		.byte	0x1
 538 0144 3C       		.byte	0x3c
 539 0145 88000000 		.4byte	0x88
 540 0149 02       		.byte	0x2
 541 014a 23       		.byte	0x23
 542 014b 2C       		.uleb128 0x2c
 543 014c 08       		.uleb128 0x8
 544 014d 03020000 		.4byte	.LASF25
 545 0151 01       		.byte	0x1
 546 0152 3D       		.byte	0x3d
 547 0153 88000000 		.4byte	0x88
 548 0157 02       		.byte	0x2
 549 0158 23       		.byte	0x23
 550 0159 30       		.uleb128 0x30
 551 015a 08       		.uleb128 0x8
 552 015b 16000000 		.4byte	.LASF26
 553 015f 01       		.byte	0x1
 554 0160 3E       		.byte	0x3e
 555 0161 88000000 		.4byte	0x88
 556 0165 02       		.byte	0x2
 557 0166 23       		.byte	0x23
 558 0167 34       		.uleb128 0x34
 559 0168 08       		.uleb128 0x8
 560 0169 6E010000 		.4byte	.LASF27
 561 016d 01       		.byte	0x1
 562 016e 3F       		.byte	0x3f
 563 016f 88000000 		.4byte	0x88
 564 0173 02       		.byte	0x2
 565 0174 23       		.byte	0x23
 566 0175 38       		.uleb128 0x38
 567 0176 08       		.uleb128 0x8
ARM GAS  /tmp/cc2FI8SM.s 			page 11


 568 0177 CD000000 		.4byte	.LASF28
 569 017b 01       		.byte	0x1
 570 017c 40       		.byte	0x40
 571 017d 88000000 		.4byte	0x88
 572 0181 02       		.byte	0x2
 573 0182 23       		.byte	0x23
 574 0183 3C       		.uleb128 0x3c
 575 0184 08       		.uleb128 0x8
 576 0185 C6010000 		.4byte	.LASF29
 577 0189 01       		.byte	0x1
 578 018a 41       		.byte	0x41
 579 018b 99010000 		.4byte	0x199
 580 018f 02       		.byte	0x2
 581 0190 23       		.byte	0x23
 582 0191 40       		.uleb128 0x40
 583 0192 00       		.byte	0
 584 0193 05       		.uleb128 0x5
 585 0194 04       		.byte	0x4
 586 0195 5A000000 		.4byte	0x5a
 587 0199 09       		.uleb128 0x9
 588 019a 88000000 		.4byte	0x88
 589 019e A9010000 		.4byte	0x1a9
 590 01a2 0A       		.uleb128 0xa
 591 01a3 30000000 		.4byte	0x30
 592 01a7 5A       		.byte	0x5a
 593 01a8 00       		.byte	0
 594 01a9 04       		.uleb128 0x4
 595 01aa 64010000 		.4byte	.LASF30
 596 01ae 01       		.byte	0x1
 597 01af 42       		.byte	0x42
 598 01b0 9B000000 		.4byte	0x9b
 599 01b4 0B       		.uleb128 0xb
 600 01b5 01       		.byte	0x1
 601 01b6 B1010000 		.4byte	.LASF36
 602 01ba 01       		.byte	0x1
 603 01bb E2       		.byte	0xe2
 604 01bc 01       		.byte	0x1
 605 01bd 00000000 		.4byte	.LFB7
 606 01c1 02000000 		.4byte	.LFE7
 607 01c5 02       		.byte	0x2
 608 01c6 7D       		.byte	0x7d
 609 01c7 00       		.sleb128 0
 610 01c8 0C       		.uleb128 0xc
 611 01c9 26020000 		.4byte	.LASF31
 612 01cd 01       		.byte	0x1
 613 01ce 45       		.byte	0x45
 614 01cf 5A000000 		.4byte	0x5a
 615 01d3 01       		.byte	0x1
 616 01d4 01       		.byte	0x1
 617 01d5 0C       		.uleb128 0xc
 618 01d6 26020000 		.4byte	.LASF31
 619 01da 01       		.byte	0x1
 620 01db 45       		.byte	0x45
 621 01dc 5A000000 		.4byte	0x5a
 622 01e0 01       		.byte	0x1
 623 01e1 01       		.byte	0x1
 624 01e2 0D       		.uleb128 0xd
ARM GAS  /tmp/cc2FI8SM.s 			page 12


 625 01e3 1F000000 		.4byte	.LASF32
 626 01e7 01       		.byte	0x1
 627 01e8 B8       		.byte	0xb8
 628 01e9 A9010000 		.4byte	0x1a9
 629 01ed 01       		.byte	0x1
 630 01ee 05       		.byte	0x5
 631 01ef 03       		.byte	0x3
 632 01f0 00000000 		.4byte	_vectors
 633 01f4 00       		.byte	0
 634              		.section	.debug_abbrev,"",%progbits
 635              	.Ldebug_abbrev0:
 636 0000 01       		.uleb128 0x1
 637 0001 11       		.uleb128 0x11
 638 0002 01       		.byte	0x1
 639 0003 25       		.uleb128 0x25
 640 0004 0E       		.uleb128 0xe
 641 0005 13       		.uleb128 0x13
 642 0006 0B       		.uleb128 0xb
 643 0007 03       		.uleb128 0x3
 644 0008 0E       		.uleb128 0xe
 645 0009 1B       		.uleb128 0x1b
 646 000a 0E       		.uleb128 0xe
 647 000b 11       		.uleb128 0x11
 648 000c 01       		.uleb128 0x1
 649 000d 52       		.uleb128 0x52
 650 000e 01       		.uleb128 0x1
 651 000f 55       		.uleb128 0x55
 652 0010 06       		.uleb128 0x6
 653 0011 10       		.uleb128 0x10
 654 0012 06       		.uleb128 0x6
 655 0013 00       		.byte	0
 656 0014 00       		.byte	0
 657 0015 02       		.uleb128 0x2
 658 0016 24       		.uleb128 0x24
 659 0017 00       		.byte	0
 660 0018 0B       		.uleb128 0xb
 661 0019 0B       		.uleb128 0xb
 662 001a 3E       		.uleb128 0x3e
 663 001b 0B       		.uleb128 0xb
 664 001c 03       		.uleb128 0x3
 665 001d 08       		.uleb128 0x8
 666 001e 00       		.byte	0
 667 001f 00       		.byte	0
 668 0020 03       		.uleb128 0x3
 669 0021 24       		.uleb128 0x24
 670 0022 00       		.byte	0
 671 0023 0B       		.uleb128 0xb
 672 0024 0B       		.uleb128 0xb
 673 0025 3E       		.uleb128 0x3e
 674 0026 0B       		.uleb128 0xb
 675 0027 03       		.uleb128 0x3
 676 0028 0E       		.uleb128 0xe
 677 0029 00       		.byte	0
 678 002a 00       		.byte	0
 679 002b 04       		.uleb128 0x4
 680 002c 16       		.uleb128 0x16
 681 002d 00       		.byte	0
ARM GAS  /tmp/cc2FI8SM.s 			page 13


 682 002e 03       		.uleb128 0x3
 683 002f 0E       		.uleb128 0xe
 684 0030 3A       		.uleb128 0x3a
 685 0031 0B       		.uleb128 0xb
 686 0032 3B       		.uleb128 0x3b
 687 0033 0B       		.uleb128 0xb
 688 0034 49       		.uleb128 0x49
 689 0035 13       		.uleb128 0x13
 690 0036 00       		.byte	0
 691 0037 00       		.byte	0
 692 0038 05       		.uleb128 0x5
 693 0039 0F       		.uleb128 0xf
 694 003a 00       		.byte	0
 695 003b 0B       		.uleb128 0xb
 696 003c 0B       		.uleb128 0xb
 697 003d 49       		.uleb128 0x49
 698 003e 13       		.uleb128 0x13
 699 003f 00       		.byte	0
 700 0040 00       		.byte	0
 701 0041 06       		.uleb128 0x6
 702 0042 15       		.uleb128 0x15
 703 0043 00       		.byte	0
 704 0044 27       		.uleb128 0x27
 705 0045 0C       		.uleb128 0xc
 706 0046 00       		.byte	0
 707 0047 00       		.byte	0
 708 0048 07       		.uleb128 0x7
 709 0049 13       		.uleb128 0x13
 710 004a 01       		.byte	0x1
 711 004b 0B       		.uleb128 0xb
 712 004c 05       		.uleb128 0x5
 713 004d 3A       		.uleb128 0x3a
 714 004e 0B       		.uleb128 0xb
 715 004f 3B       		.uleb128 0x3b
 716 0050 0B       		.uleb128 0xb
 717 0051 01       		.uleb128 0x1
 718 0052 13       		.uleb128 0x13
 719 0053 00       		.byte	0
 720 0054 00       		.byte	0
 721 0055 08       		.uleb128 0x8
 722 0056 0D       		.uleb128 0xd
 723 0057 00       		.byte	0
 724 0058 03       		.uleb128 0x3
 725 0059 0E       		.uleb128 0xe
 726 005a 3A       		.uleb128 0x3a
 727 005b 0B       		.uleb128 0xb
 728 005c 3B       		.uleb128 0x3b
 729 005d 0B       		.uleb128 0xb
 730 005e 49       		.uleb128 0x49
 731 005f 13       		.uleb128 0x13
 732 0060 38       		.uleb128 0x38
 733 0061 0A       		.uleb128 0xa
 734 0062 00       		.byte	0
 735 0063 00       		.byte	0
 736 0064 09       		.uleb128 0x9
 737 0065 01       		.uleb128 0x1
 738 0066 01       		.byte	0x1
ARM GAS  /tmp/cc2FI8SM.s 			page 14


 739 0067 49       		.uleb128 0x49
 740 0068 13       		.uleb128 0x13
 741 0069 01       		.uleb128 0x1
 742 006a 13       		.uleb128 0x13
 743 006b 00       		.byte	0
 744 006c 00       		.byte	0
 745 006d 0A       		.uleb128 0xa
 746 006e 21       		.uleb128 0x21
 747 006f 00       		.byte	0
 748 0070 49       		.uleb128 0x49
 749 0071 13       		.uleb128 0x13
 750 0072 2F       		.uleb128 0x2f
 751 0073 0B       		.uleb128 0xb
 752 0074 00       		.byte	0
 753 0075 00       		.byte	0
 754 0076 0B       		.uleb128 0xb
 755 0077 2E       		.uleb128 0x2e
 756 0078 00       		.byte	0
 757 0079 3F       		.uleb128 0x3f
 758 007a 0C       		.uleb128 0xc
 759 007b 03       		.uleb128 0x3
 760 007c 0E       		.uleb128 0xe
 761 007d 3A       		.uleb128 0x3a
 762 007e 0B       		.uleb128 0xb
 763 007f 3B       		.uleb128 0x3b
 764 0080 0B       		.uleb128 0xb
 765 0081 27       		.uleb128 0x27
 766 0082 0C       		.uleb128 0xc
 767 0083 11       		.uleb128 0x11
 768 0084 01       		.uleb128 0x1
 769 0085 12       		.uleb128 0x12
 770 0086 01       		.uleb128 0x1
 771 0087 40       		.uleb128 0x40
 772 0088 0A       		.uleb128 0xa
 773 0089 00       		.byte	0
 774 008a 00       		.byte	0
 775 008b 0C       		.uleb128 0xc
 776 008c 34       		.uleb128 0x34
 777 008d 00       		.byte	0
 778 008e 03       		.uleb128 0x3
 779 008f 0E       		.uleb128 0xe
 780 0090 3A       		.uleb128 0x3a
 781 0091 0B       		.uleb128 0xb
 782 0092 3B       		.uleb128 0x3b
 783 0093 0B       		.uleb128 0xb
 784 0094 49       		.uleb128 0x49
 785 0095 13       		.uleb128 0x13
 786 0096 3F       		.uleb128 0x3f
 787 0097 0C       		.uleb128 0xc
 788 0098 3C       		.uleb128 0x3c
 789 0099 0C       		.uleb128 0xc
 790 009a 00       		.byte	0
 791 009b 00       		.byte	0
 792 009c 0D       		.uleb128 0xd
 793 009d 34       		.uleb128 0x34
 794 009e 00       		.byte	0
 795 009f 03       		.uleb128 0x3
ARM GAS  /tmp/cc2FI8SM.s 			page 15


 796 00a0 0E       		.uleb128 0xe
 797 00a1 3A       		.uleb128 0x3a
 798 00a2 0B       		.uleb128 0xb
 799 00a3 3B       		.uleb128 0x3b
 800 00a4 0B       		.uleb128 0xb
 801 00a5 49       		.uleb128 0x49
 802 00a6 13       		.uleb128 0x13
 803 00a7 3F       		.uleb128 0x3f
 804 00a8 0C       		.uleb128 0xc
 805 00a9 02       		.uleb128 0x2
 806 00aa 0A       		.uleb128 0xa
 807 00ab 00       		.byte	0
 808 00ac 00       		.byte	0
 809 00ad 00       		.byte	0
 810              		.section	.debug_aranges,"",%progbits
 811 0000 1C000000 		.4byte	0x1c
 812 0004 0200     		.2byte	0x2
 813 0006 00000000 		.4byte	.Ldebug_info0
 814 000a 04       		.byte	0x4
 815 000b 00       		.byte	0
 816 000c 0000     		.2byte	0
 817 000e 0000     		.2byte	0
 818 0010 00000000 		.4byte	.LFB7
 819 0014 02000000 		.4byte	.LFE7-.LFB7
 820 0018 00000000 		.4byte	0
 821 001c 00000000 		.4byte	0
 822              		.section	.debug_ranges,"",%progbits
 823              	.Ldebug_ranges0:
 824 0000 00000000 		.4byte	.LFB7
 825 0004 02000000 		.4byte	.LFE7
 826 0008 00000000 		.4byte	0
 827 000c 00000000 		.4byte	0
 828              		.section	.debug_line,"",%progbits
 829              	.Ldebug_line0:
 830 0000 CE000000 		.section	.debug_str,"MS",%progbits,1
 830      0200B800 
 830      00000201 
 830      FB0E0D00 
 830      01010101 
 831              	.LASF22:
 832 0000 76656374 		.ascii	"vector24\000"
 832      6F723234 
 832      00
 833              	.LASF12:
 834 0009 6972715F 		.ascii	"irq_vector_t\000"
 834      76656374 
 834      6F725F74 
 834      00
 835              	.LASF26:
 836 0016 76656374 		.ascii	"vector34\000"
 836      6F723334 
 836      00
 837              	.LASF32:
 838 001f 5F766563 		.ascii	"_vectors\000"
 838      746F7273 
 838      00
 839              	.LASF13:
ARM GAS  /tmp/cc2FI8SM.s 			page 16


 840 0028 696E6974 		.ascii	"init_stack\000"
 840      5F737461 
 840      636B00
 841              	.LASF24:
 842 0033 73766361 		.ascii	"svcall_vector\000"
 842      6C6C5F76 
 842      6563746F 
 842      7200
 843              	.LASF2:
 844 0041 756E7369 		.ascii	"unsigned char\000"
 844      676E6564 
 844      20636861 
 844      7200
 845              	.LASF6:
 846 004f 6C6F6E67 		.ascii	"long unsigned int\000"
 846      20756E73 
 846      69676E65 
 846      6420696E 
 846      7400
 847              	.LASF35:
 848 0061 2F686F6D 		.ascii	"/home/lithium/Downloads/ChibiOS_2.6.8_PodioVirtual/"
 848      652F6C69 
 848      74686975 
 848      6D2F446F 
 848      776E6C6F 
 849 0094 506F6469 		.ascii	"PodioVirtual/src\000"
 849      6F566972 
 849      7475616C 
 849      2F737263 
 849      00
 850              	.LASF4:
 851 00a5 73686F72 		.ascii	"short unsigned int\000"
 851      7420756E 
 851      7369676E 
 851      65642069 
 851      6E7400
 852              	.LASF33:
 853 00b8 474E5520 		.ascii	"GNU C 4.6.1\000"
 853      4320342E 
 853      362E3100 
 854              	.LASF20:
 855 00c4 76656374 		.ascii	"vector1c\000"
 855      6F723163 
 855      00
 856              	.LASF28:
 857 00cd 73797374 		.ascii	"systick_vector\000"
 857      69636B5F 
 857      76656374 
 857      6F7200
 858              	.LASF34:
 859 00dc 2E2E2F2E 		.ascii	"../../os/ports/GCC/ARMCMx/STM32F4xx/vectors.c\000"
 859      2E2F6F73 
 859      2F706F72 
 859      74732F47 
 859      43432F41 
 860              	.LASF0:
 861 010a 756E7369 		.ascii	"unsigned int\000"
ARM GAS  /tmp/cc2FI8SM.s 			page 17


 861      676E6564 
 861      20696E74 
 861      00
 862              	.LASF15:
 863 0117 6E6D695F 		.ascii	"nmi_vector\000"
 863      76656374 
 863      6F7200
 864              	.LASF8:
 865 0122 6C6F6E67 		.ascii	"long long unsigned int\000"
 865      206C6F6E 
 865      6720756E 
 865      7369676E 
 865      65642069 
 866              	.LASF18:
 867 0139 62757366 		.ascii	"busfault_vector\000"
 867      61756C74 
 867      5F766563 
 867      746F7200 
 868              	.LASF23:
 869 0149 76656374 		.ascii	"vector28\000"
 869      6F723238 
 869      00
 870              	.LASF19:
 871 0152 75736167 		.ascii	"usagefault_vector\000"
 871      65666175 
 871      6C745F76 
 871      6563746F 
 871      7200
 872              	.LASF30:
 873 0164 76656374 		.ascii	"vectors_t\000"
 873      6F72735F 
 873      7400
 874              	.LASF27:
 875 016e 70656E64 		.ascii	"pendsv_vector\000"
 875      73765F76 
 875      6563746F 
 875      7200
 876              	.LASF16:
 877 017c 68617264 		.ascii	"hardfault_vector\000"
 877      6661756C 
 877      745F7665 
 877      63746F72 
 877      00
 878              	.LASF7:
 879 018d 6C6F6E67 		.ascii	"long long int\000"
 879      206C6F6E 
 879      6720696E 
 879      7400
 880              	.LASF10:
 881 019b 63686172 		.ascii	"char\000"
 881      00
 882              	.LASF17:
 883 01a0 6D656D6D 		.ascii	"memmanage_vector\000"
 883      616E6167 
 883      655F7665 
 883      63746F72 
 883      00
ARM GAS  /tmp/cc2FI8SM.s 			page 18


 884              	.LASF36:
 885 01b1 5F756E68 		.ascii	"_unhandled_exception\000"
 885      616E646C 
 885      65645F65 
 885      78636570 
 885      74696F6E 
 886              	.LASF29:
 887 01c6 76656374 		.ascii	"vectors\000"
 887      6F727300 
 888              	.LASF3:
 889 01ce 73686F72 		.ascii	"short int\000"
 889      7420696E 
 889      7400
 890              	.LASF14:
 891 01d8 72657365 		.ascii	"reset_vector\000"
 891      745F7665 
 891      63746F72 
 891      00
 892              	.LASF11:
 893 01e5 75696E74 		.ascii	"uint32_t\000"
 893      33325F74 
 893      00
 894              	.LASF5:
 895 01ee 6C6F6E67 		.ascii	"long int\000"
 895      20696E74 
 895      00
 896              	.LASF1:
 897 01f7 7369676E 		.ascii	"signed char\000"
 897      65642063 
 897      68617200 
 898              	.LASF25:
 899 0203 64656275 		.ascii	"debugmonitor_vector\000"
 899      676D6F6E 
 899      69746F72 
 899      5F766563 
 899      746F7200 
 900              	.LASF21:
 901 0217 76656374 		.ascii	"vector20\000"
 901      6F723230 
 901      00
 902              	.LASF9:
 903 0220 5F426F6F 		.ascii	"_Bool\000"
 903      6C00
 904              	.LASF31:
 905 0226 5F5F6D61 		.ascii	"__main_stack_end__\000"
 905      696E5F73 
 905      7461636B 
 905      5F656E64 
 905      5F5F00
 906              		.ident	"GCC: (Sourcery CodeBench Lite 2011.09-69) 4.6.1"
ARM GAS  /tmp/cc2FI8SM.s 			page 19


DEFINED SYMBOLS
                            *ABS*:00000000 vectors.c
     /tmp/cc2FI8SM.s:19     .text._unhandled_exception:00000000 $t
     /tmp/cc2FI8SM.s:25     .text._unhandled_exception:00000000 _unhandled_exception
     /tmp/cc2FI8SM.s:253    vectors:00000000 _vectors
     /tmp/cc2FI8SM.s:25     .text._unhandled_exception:00000000 NMIVector
     /tmp/cc2FI8SM.s:25     .text._unhandled_exception:00000000 HardFaultVector
     /tmp/cc2FI8SM.s:25     .text._unhandled_exception:00000000 MemManageVector
     /tmp/cc2FI8SM.s:25     .text._unhandled_exception:00000000 BusFaultVector
     /tmp/cc2FI8SM.s:25     .text._unhandled_exception:00000000 UsageFaultVector
     /tmp/cc2FI8SM.s:25     .text._unhandled_exception:00000000 Vector1C
     /tmp/cc2FI8SM.s:25     .text._unhandled_exception:00000000 Vector20
     /tmp/cc2FI8SM.s:25     .text._unhandled_exception:00000000 Vector24
     /tmp/cc2FI8SM.s:25     .text._unhandled_exception:00000000 Vector28
     /tmp/cc2FI8SM.s:25     .text._unhandled_exception:00000000 SVCallVector
     /tmp/cc2FI8SM.s:25     .text._unhandled_exception:00000000 DebugMonitorVector
     /tmp/cc2FI8SM.s:25     .text._unhandled_exception:00000000 Vector34
     /tmp/cc2FI8SM.s:25     .text._unhandled_exception:00000000 PendSVVector
     /tmp/cc2FI8SM.s:25     .text._unhandled_exception:00000000 SysTickVector
     /tmp/cc2FI8SM.s:25     .text._unhandled_exception:00000000 Vector40
     /tmp/cc2FI8SM.s:25     .text._unhandled_exception:00000000 Vector44
     /tmp/cc2FI8SM.s:25     .text._unhandled_exception:00000000 Vector48
     /tmp/cc2FI8SM.s:25     .text._unhandled_exception:00000000 Vector4C
     /tmp/cc2FI8SM.s:25     .text._unhandled_exception:00000000 Vector50
     /tmp/cc2FI8SM.s:25     .text._unhandled_exception:00000000 Vector54
     /tmp/cc2FI8SM.s:25     .text._unhandled_exception:00000000 Vector58
     /tmp/cc2FI8SM.s:25     .text._unhandled_exception:00000000 Vector5C
     /tmp/cc2FI8SM.s:25     .text._unhandled_exception:00000000 Vector60
     /tmp/cc2FI8SM.s:25     .text._unhandled_exception:00000000 Vector64
     /tmp/cc2FI8SM.s:25     .text._unhandled_exception:00000000 Vector68
     /tmp/cc2FI8SM.s:25     .text._unhandled_exception:00000000 Vector6C
     /tmp/cc2FI8SM.s:25     .text._unhandled_exception:00000000 Vector70
     /tmp/cc2FI8SM.s:25     .text._unhandled_exception:00000000 Vector74
     /tmp/cc2FI8SM.s:25     .text._unhandled_exception:00000000 Vector78
     /tmp/cc2FI8SM.s:25     .text._unhandled_exception:00000000 Vector7C
     /tmp/cc2FI8SM.s:25     .text._unhandled_exception:00000000 Vector80
     /tmp/cc2FI8SM.s:25     .text._unhandled_exception:00000000 Vector84
     /tmp/cc2FI8SM.s:25     .text._unhandled_exception:00000000 Vector88
     /tmp/cc2FI8SM.s:25     .text._unhandled_exception:00000000 Vector8C
     /tmp/cc2FI8SM.s:25     .text._unhandled_exception:00000000 Vector90
     /tmp/cc2FI8SM.s:25     .text._unhandled_exception:00000000 Vector94
     /tmp/cc2FI8SM.s:25     .text._unhandled_exception:00000000 Vector98
     /tmp/cc2FI8SM.s:25     .text._unhandled_exception:00000000 Vector9C
     /tmp/cc2FI8SM.s:25     .text._unhandled_exception:00000000 VectorA0
     /tmp/cc2FI8SM.s:25     .text._unhandled_exception:00000000 VectorA4
     /tmp/cc2FI8SM.s:25     .text._unhandled_exception:00000000 VectorA8
     /tmp/cc2FI8SM.s:25     .text._unhandled_exception:00000000 VectorAC
     /tmp/cc2FI8SM.s:25     .text._unhandled_exception:00000000 VectorB0
     /tmp/cc2FI8SM.s:25     .text._unhandled_exception:00000000 VectorB4
     /tmp/cc2FI8SM.s:25     .text._unhandled_exception:00000000 VectorB8
     /tmp/cc2FI8SM.s:25     .text._unhandled_exception:00000000 VectorBC
     /tmp/cc2FI8SM.s:25     .text._unhandled_exception:00000000 VectorC0
     /tmp/cc2FI8SM.s:25     .text._unhandled_exception:00000000 VectorC4
     /tmp/cc2FI8SM.s:25     .text._unhandled_exception:00000000 VectorC8
     /tmp/cc2FI8SM.s:25     .text._unhandled_exception:00000000 VectorCC
     /tmp/cc2FI8SM.s:25     .text._unhandled_exception:00000000 VectorD0
     /tmp/cc2FI8SM.s:25     .text._unhandled_exception:00000000 VectorD4
ARM GAS  /tmp/cc2FI8SM.s 			page 20


     /tmp/cc2FI8SM.s:25     .text._unhandled_exception:00000000 VectorD8
     /tmp/cc2FI8SM.s:25     .text._unhandled_exception:00000000 VectorDC
     /tmp/cc2FI8SM.s:25     .text._unhandled_exception:00000000 VectorE0
     /tmp/cc2FI8SM.s:25     .text._unhandled_exception:00000000 VectorE4
     /tmp/cc2FI8SM.s:25     .text._unhandled_exception:00000000 VectorE8
     /tmp/cc2FI8SM.s:25     .text._unhandled_exception:00000000 VectorEC
     /tmp/cc2FI8SM.s:25     .text._unhandled_exception:00000000 VectorF0
     /tmp/cc2FI8SM.s:25     .text._unhandled_exception:00000000 VectorF4
     /tmp/cc2FI8SM.s:25     .text._unhandled_exception:00000000 VectorF8
     /tmp/cc2FI8SM.s:25     .text._unhandled_exception:00000000 VectorFC
     /tmp/cc2FI8SM.s:25     .text._unhandled_exception:00000000 Vector100
     /tmp/cc2FI8SM.s:25     .text._unhandled_exception:00000000 Vector104
     /tmp/cc2FI8SM.s:25     .text._unhandled_exception:00000000 Vector108
     /tmp/cc2FI8SM.s:25     .text._unhandled_exception:00000000 Vector10C
     /tmp/cc2FI8SM.s:25     .text._unhandled_exception:00000000 Vector110
     /tmp/cc2FI8SM.s:25     .text._unhandled_exception:00000000 Vector114
     /tmp/cc2FI8SM.s:25     .text._unhandled_exception:00000000 Vector118
     /tmp/cc2FI8SM.s:25     .text._unhandled_exception:00000000 Vector11C
     /tmp/cc2FI8SM.s:25     .text._unhandled_exception:00000000 Vector120
     /tmp/cc2FI8SM.s:25     .text._unhandled_exception:00000000 Vector124
     /tmp/cc2FI8SM.s:25     .text._unhandled_exception:00000000 Vector128
     /tmp/cc2FI8SM.s:25     .text._unhandled_exception:00000000 Vector12C
     /tmp/cc2FI8SM.s:25     .text._unhandled_exception:00000000 Vector130
     /tmp/cc2FI8SM.s:25     .text._unhandled_exception:00000000 Vector134
     /tmp/cc2FI8SM.s:25     .text._unhandled_exception:00000000 Vector138
     /tmp/cc2FI8SM.s:25     .text._unhandled_exception:00000000 Vector13C
     /tmp/cc2FI8SM.s:25     .text._unhandled_exception:00000000 Vector140
     /tmp/cc2FI8SM.s:25     .text._unhandled_exception:00000000 Vector144
     /tmp/cc2FI8SM.s:25     .text._unhandled_exception:00000000 Vector148
     /tmp/cc2FI8SM.s:25     .text._unhandled_exception:00000000 Vector14C
     /tmp/cc2FI8SM.s:25     .text._unhandled_exception:00000000 Vector150
     /tmp/cc2FI8SM.s:25     .text._unhandled_exception:00000000 Vector154
     /tmp/cc2FI8SM.s:25     .text._unhandled_exception:00000000 Vector158
     /tmp/cc2FI8SM.s:25     .text._unhandled_exception:00000000 Vector15C
     /tmp/cc2FI8SM.s:25     .text._unhandled_exception:00000000 Vector160
     /tmp/cc2FI8SM.s:25     .text._unhandled_exception:00000000 Vector164
     /tmp/cc2FI8SM.s:25     .text._unhandled_exception:00000000 Vector168
     /tmp/cc2FI8SM.s:25     .text._unhandled_exception:00000000 Vector16C
     /tmp/cc2FI8SM.s:25     .text._unhandled_exception:00000000 Vector170
     /tmp/cc2FI8SM.s:25     .text._unhandled_exception:00000000 Vector174
     /tmp/cc2FI8SM.s:25     .text._unhandled_exception:00000000 Vector178
     /tmp/cc2FI8SM.s:25     .text._unhandled_exception:00000000 Vector17C
     /tmp/cc2FI8SM.s:25     .text._unhandled_exception:00000000 Vector180
     /tmp/cc2FI8SM.s:25     .text._unhandled_exception:00000000 Vector184
     /tmp/cc2FI8SM.s:25     .text._unhandled_exception:00000000 Vector188
     /tmp/cc2FI8SM.s:25     .text._unhandled_exception:00000000 Vector18C
     /tmp/cc2FI8SM.s:25     .text._unhandled_exception:00000000 Vector190
     /tmp/cc2FI8SM.s:25     .text._unhandled_exception:00000000 Vector194
     /tmp/cc2FI8SM.s:25     .text._unhandled_exception:00000000 Vector198
     /tmp/cc2FI8SM.s:25     .text._unhandled_exception:00000000 Vector19C
     /tmp/cc2FI8SM.s:25     .text._unhandled_exception:00000000 Vector1A0
     /tmp/cc2FI8SM.s:25     .text._unhandled_exception:00000000 Vector1A4
     /tmp/cc2FI8SM.s:25     .text._unhandled_exception:00000000 Vector1A8
     /tmp/cc2FI8SM.s:250    vectors:00000000 $d
                     .debug_frame:00000010 $d

UNDEFINED SYMBOLS
ARM GAS  /tmp/cc2FI8SM.s 			page 21


__main_stack_end__
ResetHandler
